2025-05-13 00:00:08 - [Item]tessss update [1353523]500301 plus [0] s1[NoSocket]s2[NoSocket]
2025-05-13 00:00:15 - [Item]tessss update [1353523]500301 plus [0] s1[NoSocket]s2[NoSocket]
2025-05-13 00:00:16 - [Item]tessss update [1353523]500301 plus [0] s1[NoSocket]s2[NoSocket]
2025-05-13 00:00:17 - [Item]tessss update [1353523]500301 plus [0] s1[NoSocket]s2[NoSocket]
2025-05-13 00:00:22 - [Item]tessss update [1353523]500301 plus [0] s1[NoSocket]s2[NoSocket]
2025-05-13 00:00:25 - [Item]tessss update [1353523]500301 plus [0] s1[NoSocket]s2[NoSocket]
2025-05-13 00:00:28 - [Item]tessss update [1353523]500301 plus [0] s1[NoSocket]s2[NoSocket]
2025-05-13 00:00:34 - [Item]tessss update [1353523]500301 plus [0] s1[NoSocket]s2[NoSocket]
2025-05-13 00:00:42 - [Item]tessss update [1353523]500301 plus [0] s1[NoSocket]s2[NoSocket]
2025-05-13 00:00:44 - [Item]tessss update [1353523]500301 plus [0] s1[NoSocket]s2[NoSocket]
2025-05-13 00:00:49 - [Item]tessss update [1353523]500301 plus [0] s1[NoSocket]s2[NoSocket]
2025-05-13 00:00:57 - [Item]tessss update [1353523]500301 plus [0] s1[NoSocket]s2[NoSocket]
2025-05-13 00:00:58 - [Item]tessss update [1353523]500301 plus [0] s1[NoSocket]s2[NoSocket]
2025-05-13 00:01:10 - [Item]tessss update [1353523]500301 plus [0] s1[NoSocket]s2[NoSocket]
2025-05-13 00:01:12 - [Item]tessss update [1353523]500301 plus [0] s1[NoSocket]s2[NoSocket]
2025-05-13 00:01:20 - [Item]tessss update [1353523]500301 plus [0] s1[NoSocket]s2[NoSocket]
2025-05-13 00:01:20 - [Item]tessss update [1353523]500301 plus [0] s1[NoSocket]s2[NoSocket]
2025-05-13 00:01:22 - [Item]tessss update [1353523]500301 plus [0] s1[NoSocket]s2[NoSocket]
2025-05-13 00:01:32 - [Item]tessss update [1353523]500301 plus [0] s1[NoSocket]s2[NoSocket]
2025-05-13 00:01:33 - [Item]tessss update [1353523]500301 plus [0] s1[NoSocket]s2[NoSocket]
2025-05-13 00:01:34 - [Item]tessss update [1353523]500301 plus [0] s1[NoSocket]s2[NoSocket]
2025-05-13 00:01:40 - [Item]tessss update [1353523]500301 plus [0] s1[NoSocket]s2[NoSocket]
2025-05-13 00:01:43 - [Item]tessss update [1353523]500301 plus [0] s1[NoSocket]s2[NoSocket]
2025-05-13 00:01:43 - [Item]tessss update [1353523]500301 plus [0] s1[NoSocket]s2[NoSocket]
2025-05-13 00:01:59 - [Item]tessss update [1353523]500301 plus [0] s1[NoSocket]s2[NoSocket]
2025-05-13 00:02:12 - [Item]tessss update [1353523]500301 plus [0] s1[NoSocket]s2[NoSocket]
2025-05-13 00:02:32 - [Item]tessss update [1353523]500301 plus [0] s1[NoSocket]s2[NoSocket]
2025-05-13 00:02:33 - [Item]tessss update [1353523]500301 plus [0] s1[NoSocket]s2[NoSocket]
2025-05-13 00:02:35 - [Item]tessss update [1353523]500301 plus [0] s1[NoSocket]s2[NoSocket]
2025-05-13 00:02:38 - [Item]tessss update [1353523]500301 plus [0] s1[NoSocket]s2[NoSocket]
2025-05-13 00:02:43 - [Item]tessss update [1353523]500301 plus [0] s1[NoSocket]s2[NoSocket]
2025-05-13 00:02:43 - [Item]tessss update [1353523]500301 plus [0] s1[NoSocket]s2[NoSocket]
2025-05-13 00:02:46 - [Item]tessss update [1353523]500301 plus [0] s1[NoSocket]s2[NoSocket]
2025-05-13 00:02:50 - [Item]tessss update [1353523]500301 plus [0] s1[NoSocket]s2[NoSocket]
2025-05-13 00:02:57 - [Item]tessss update [1353523]500301 plus [0] s1[NoSocket]s2[NoSocket]
2025-05-13 00:03:09 - [Item]tessss update [1353523]500301 plus [0] s1[NoSocket]s2[NoSocket]
2025-05-13 00:03:15 - [Item]tessss update [1353523]500301 plus [0] s1[NoSocket]s2[NoSocket]
2025-05-13 00:03:29 - [Item]tessss update [1353523]500301 plus [0] s1[NoSocket]s2[NoSocket]
2025-05-13 00:03:51 - [Item]tessss update [1353523]500301 plus [0] s1[NoSocket]s2[NoSocket]
2025-05-13 00:03:57 - [Item]tessss update [1353523]500301 plus [0] s1[NoSocket]s2[NoSocket]
2025-05-13 00:04:07 - [Item]tessss update [1353523]500301 plus [0] s1[NoSocket]s2[NoSocket]
2025-05-13 00:04:11 - [Item]tessss update [1353523]500301 plus [0] s1[NoSocket]s2[NoSocket]
2025-05-13 00:04:15 - [Item]tessss update [1353523]500301 plus [0] s1[NoSocket]s2[NoSocket]
2025-05-13 00:04:27 - [Item]tessss update [1353523]500301 plus [0] s1[NoSocket]s2[NoSocket]
2025-05-13 00:04:27 - [Item]tessss update [1353523]500301 plus [0] s1[NoSocket]s2[NoSocket]
2025-05-13 00:04:30 - [Item]tessss update [1353523]500301 plus [0] s1[NoSocket]s2[NoSocket]
2025-05-13 00:04:33 - [Item]tessss update [1353523]500301 plus [0] s1[NoSocket]s2[NoSocket]
2025-05-13 00:04:44 - [Item]tessss update [1353523]500301 plus [0] s1[NoSocket]s2[NoSocket]
2025-05-13 00:04:58 - [Item]tessss update [1353523]500301 plus [0] s1[NoSocket]s2[NoSocket]
2025-05-13 00:05:04 - [Item]tessss update [1353523]500301 plus [0] s1[NoSocket]s2[NoSocket]
2025-05-13 00:05:06 - [Item]tessss update [1353523]500301 plus [0] s1[NoSocket]s2[NoSocket]
2025-05-13 00:05:21 - [Item]tessss update [1353523]500301 plus [0] s1[NoSocket]s2[NoSocket]
2025-05-13 00:05:25 - [Item]tessss update [1353523]500301 plus [0] s1[NoSocket]s2[NoSocket]
2025-05-13 00:05:39 - [Item]tessss update [1353523]500301 plus [0] s1[NoSocket]s2[NoSocket]
2025-05-13 00:05:52 - [Item]tessss update [1353523]500301 plus [0] s1[NoSocket]s2[NoSocket]
2025-05-13 00:06:07 - [Item]tessss update [1353523]500301 plus [0] s1[NoSocket]s2[NoSocket]
2025-05-13 00:06:15 - [Item]tessss update [1353523]500301 plus [0] s1[NoSocket]s2[NoSocket]
2025-05-13 00:06:16 - [Item]tessss update [1353523]500301 plus [0] s1[NoSocket]s2[NoSocket]
2025-05-13 00:06:21 - [Item]tessss update [1353523]500301 plus [0] s1[NoSocket]s2[NoSocket]
2025-05-13 00:06:28 - [Item]tessss update [1353523]500301 plus [0] s1[NoSocket]s2[NoSocket]
2025-05-13 00:06:30 - [Item]tessss update [1353523]500301 plus [0] s1[NoSocket]s2[NoSocket]
2025-05-13 00:06:32 - [Item]tessss update [1353523]500301 plus [0] s1[NoSocket]s2[NoSocket]
2025-05-13 00:06:36 - [Item]tessss update [1353523]500301 plus [0] s1[NoSocket]s2[NoSocket]
2025-05-13 00:06:36 - [Item]tessss update [1353523]500301 plus [0] s1[NoSocket]s2[NoSocket]
2025-05-13 00:06:37 - [Item]tessss update [1353523]500301 plus [0] s1[NoSocket]s2[NoSocket]
2025-05-13 00:06:49 - [Item]tessss update [1353523]500301 plus [0] s1[NoSocket]s2[NoSocket]
2025-05-13 00:06:54 - [Item]tessss update [1353523]500301 plus [0] s1[NoSocket]s2[NoSocket]
2025-05-13 00:07:01 - [Item]tessss update [1353523]500301 plus [0] s1[NoSocket]s2[NoSocket]
2025-05-13 00:07:11 - [Item]tessss update [1353523]500301 plus [0] s1[NoSocket]s2[NoSocket]
2025-05-13 00:07:13 - [Item]tessss update [1353523]500301 plus [0] s1[NoSocket]s2[NoSocket]
2025-05-13 00:07:15 - [Item]tessss update [1353523]500301 plus [0] s1[NoSocket]s2[NoSocket]
2025-05-13 00:07:16 - [Item]tessss update [1353523]500301 plus [0] s1[NoSocket]s2[NoSocket]
2025-05-13 00:07:18 - [Item]tessss update [1353523]500301 plus [0] s1[NoSocket]s2[NoSocket]
2025-05-13 00:07:22 - [Item]tessss update [1353523]500301 plus [0] s1[NoSocket]s2[NoSocket]
2025-05-13 00:07:37 - [Item]tessss update [1353523]500301 plus [0] s1[NoSocket]s2[NoSocket]
2025-05-13 00:07:39 - [Item]tessss update [1353523]500301 plus [0] s1[NoSocket]s2[NoSocket]
2025-05-13 00:07:46 - [Item]tessss update [1353523]500301 plus [0] s1[NoSocket]s2[NoSocket]
2025-05-13 00:07:48 - [Item]tessss update [1353523]500301 plus [0] s1[NoSocket]s2[NoSocket]
2025-05-13 00:07:52 - [Item]tessss update [1353523]500301 plus [0] s1[NoSocket]s2[NoSocket]
2025-05-13 00:07:53 - [Item]tessss update [1353523]500301 plus [0] s1[NoSocket]s2[NoSocket]
2025-05-13 00:07:57 - [Item]tessss update [1353523]500301 plus [0] s1[NoSocket]s2[NoSocket]
2025-05-13 00:08:03 - [Item]tessss update [1353523]500301 plus [0] s1[NoSocket]s2[NoSocket]
2025-05-13 00:08:05 - [Item]tessss update [1353523]500301 plus [0] s1[NoSocket]s2[NoSocket]
2025-05-13 00:08:08 - [Item]tessss update [1353523]500301 plus [0] s1[NoSocket]s2[NoSocket]
2025-05-13 00:08:08 - [Item]tessss update [1353523]500301 plus [0] s1[NoSocket]s2[NoSocket]
2025-05-13 00:08:14 - [Item]tessss update [1353523]500301 plus [0] s1[NoSocket]s2[NoSocket]
2025-05-13 00:08:23 - [Item]tessss update [1353523]500301 plus [0] s1[NoSocket]s2[NoSocket]
2025-05-13 00:08:24 - [Item]tessss update [1353523]500301 plus [0] s1[NoSocket]s2[NoSocket]
2025-05-13 00:08:25 - [Item]tessss update [1353523]500301 plus [0] s1[NoSocket]s2[NoSocket]
2025-05-13 00:08:27 - [Item]tessss update [1353523]500301 plus [0] s1[NoSocket]s2[NoSocket]
2025-05-13 00:08:27 - [Item]tessss update [1353523]500301 plus [0] s1[NoSocket]s2[NoSocket]
2025-05-13 00:08:36 - [Item]tessss update [1353523]500301 plus [0] s1[NoSocket]s2[NoSocket]
2025-05-13 00:08:39 - [Item]tessss update [1353523]500301 plus [0] s1[NoSocket]s2[NoSocket]
2025-05-13 00:08:40 - [Item]tessss update [1353523]500301 plus [0] s1[NoSocket]s2[NoSocket]
2025-05-13 00:08:44 - [Item]tessss update [1353523]500301 plus [0] s1[NoSocket]s2[NoSocket]
2025-05-13 00:08:46 - [Item]tessss update [1353523]500301 plus [0] s1[NoSocket]s2[NoSocket]
2025-05-13 00:08:59 - [Item]tessss update [1353523]500301 plus [0] s1[NoSocket]s2[NoSocket]
2025-05-13 00:09:09 - [Item]tessss update [1353523]500301 plus [0] s1[NoSocket]s2[NoSocket]
2025-05-13 00:09:15 - [Item]tessss update [1353523]500301 plus [0] s1[NoSocket]s2[NoSocket]
2025-05-13 00:09:18 - [Item]tessss update [1353523]500301 plus [0] s1[NoSocket]s2[NoSocket]
2025-05-13 00:09:20 - [Item]tessss update [1353523]500301 plus [0] s1[NoSocket]s2[NoSocket]
2025-05-13 00:09:24 - [Item]tessss update [1353523]500301 plus [0] s1[NoSocket]s2[NoSocket]
2025-05-13 00:09:26 - [Item]tessss update [1353523]500301 plus [0] s1[NoSocket]s2[NoSocket]
2025-05-13 00:09:38 - [Item]tessss update [1353523]500301 plus [0] s1[NoSocket]s2[NoSocket]
2025-05-13 00:09:39 - [Item]tessss update [1353523]500301 plus [0] s1[NoSocket]s2[NoSocket]
2025-05-13 00:09:43 - [Item]tessss update [1353523]500301 plus [0] s1[NoSocket]s2[NoSocket]
2025-05-13 00:10:13 - [Item]tessss update [1353523]500301 plus [0] s1[NoSocket]s2[NoSocket]
2025-05-13 00:10:20 - [Item]tessss update [1353523]500301 plus [0] s1[NoSocket]s2[NoSocket]
2025-05-13 00:10:20 - [Item]tessss update [1353523]500301 plus [0] s1[NoSocket]s2[NoSocket]
2025-05-13 00:19:45 - [Item]TaoTest update [1353550]1001000 plus [0] s1[NoSocket]s2[NoSocket]
2025-05-13 00:19:45 - [Item]TaoTest update [1353550]1001000 plus [0] s1[NoSocket]s2[NoSocket]
2025-05-13 00:19:45 - [Item]TaoTest update [1353550]1001000 plus [0] s1[NoSocket]s2[NoSocket]
2025-05-13 00:19:45 - [Item]TaoTest update [1353550]1001000 plus [0] s1[NoSocket]s2[NoSocket]
2025-05-13 00:19:46 - [Item]TaoTest update [1353550]1001000 plus [0] s1[NoSocket]s2[NoSocket]
2025-05-13 00:20:14 - [Item]TaoTest update [1353550]1001000 plus [0] s1[NoSocket]s2[NoSocket]
2025-05-13 00:22:55 - [Item]ttrrtrt update [1353564]500301 plus [0] s1[NoSocket]s2[NoSocket]
2025-05-13 00:22:56 - [Item]ttrrtrt update [1353558]1050000 plus [0] s1[NoSocket]s2[NoSocket]
2025-05-13 00:23:31 - [Item]ttrrtrt update [1353564]500301 plus [0] s1[NoSocket]s2[NoSocket]
2025-05-13 00:23:45 - [Item]ttrrtrt update [1353564]500301 plus [0] s1[NoSocket]s2[NoSocket]
2025-05-13 00:23:48 - [Item]ttrrtrt update [1353564]500301 plus [0] s1[NoSocket]s2[NoSocket]
2025-05-13 00:23:49 - [Item]ttrrtrt update [1353564]500301 plus [0] s1[NoSocket]s2[NoSocket]
2025-05-13 00:23:52 - [Item]ttrrtrt update [1353564]500301 plus [0] s1[NoSocket]s2[NoSocket]
2025-05-13 00:23:53 - [Item]ttrrtrt update [1353564]500301 plus [0] s1[NoSocket]s2[NoSocket]
2025-05-13 00:24:04 - [Item]ttrrtrt update [1353564]500301 plus [0] s1[NoSocket]s2[NoSocket]
2025-05-13 00:24:18 - [Item]ttrrtrt update [1353564]500301 plus [0] s1[NoSocket]s2[NoSocket]
2025-05-13 00:24:19 - [Item]ttrrtrt update [1353564]500301 plus [0] s1[NoSocket]s2[NoSocket]
2025-05-13 00:24:19 - [Item]ttrrtrt update [1353564]500301 plus [0] s1[NoSocket]s2[NoSocket]
2025-05-13 00:24:22 - [Item]ttrrtrt update [1353564]500301 plus [0] s1[NoSocket]s2[NoSocket]
2025-05-13 00:24:26 - [Item]ttrrtrt update [1353564]500301 plus [0] s1[NoSocket]s2[NoSocket]
2025-05-13 00:24:26 - [Item]ttrrtrt update [1353564]500301 plus [0] s1[NoSocket]s2[NoSocket]
2025-05-13 00:24:32 - [Item]ttrrtrt update [1353564]500301 plus [0] s1[NoSocket]s2[NoSocket]
2025-05-13 00:24:32 - [Item]ttrrtrt update [1353564]500301 plus [0] s1[NoSocket]s2[NoSocket]
2025-05-13 00:24:35 - [Item]ttrrtrt update [1353564]500301 plus [0] s1[NoSocket]s2[NoSocket]
2025-05-13 00:29:48 - [Item]ttrrtrt update [1353564]500301 plus [0] s1[NoSocket]s2[NoSocket]
2025-05-13 00:29:49 - [Item]ttrrtrt update [1353564]500301 plus [0] s1[NoSocket]s2[NoSocket]
2025-05-13 00:29:55 - [Item]ttrrtrt update [1353564]500301 plus [0] s1[NoSocket]s2[NoSocket]
2025-05-13 00:34:54 - [Item]asdasd222 update [1353606]500301 plus [0] s1[NoSocket]s2[NoSocket]
2025-05-13 00:34:56 - [Item]asdasd222 update [1353608]1050000 plus [0] s1[NoSocket]s2[NoSocket]
2025-05-13 00:35:13 - [Item]asdasd222 update [1353606]500301 plus [0] s1[NoSocket]s2[NoSocket]
2025-05-13 00:35:14 - [Item]asdasd222 update [1353606]500301 plus [0] s1[NoSocket]s2[NoSocket]
2025-05-13 00:35:28 - [Item]asdasd222 update [1353606]500301 plus [0] s1[NoSocket]s2[NoSocket]
2025-05-13 00:35:29 - [Item]asdasd222 update [1353606]500301 plus [0] s1[NoSocket]s2[NoSocket]
2025-05-13 00:35:59 - [Item]asdasd222 update [1353606]500301 plus [0] s1[NoSocket]s2[NoSocket]
2025-05-13 00:36:00 - [Item]asdasd222 update [1353606]500301 plus [0] s1[NoSocket]s2[NoSocket]
2025-05-13 00:36:02 - [Item]asdasd222 update [1353606]500301 plus [0] s1[NoSocket]s2[NoSocket]
2025-05-13 00:38:38 - [Item]asdfasdf22 update [1353623]500301 plus [0] s1[NoSocket]s2[NoSocket]
2025-05-13 00:38:38 - [Item]asdfasdf22 update [1353624]1050000 plus [0] s1[NoSocket]s2[NoSocket]
2025-05-13 00:38:51 - [Item]asdfasdf22 update [1353623]500301 plus [0] s1[NoSocket]s2[NoSocket]
2025-05-13 00:39:01 - [Item]asdfasdf22 update [1353623]500301 plus [0] s1[NoSocket]s2[NoSocket]
2025-05-13 00:39:42 - [Item]asdfasdf22 update [1353623]500301 plus [0] s1[NoSocket]s2[NoSocket]
2025-05-13 00:39:43 - [Item]asdfasdf22 update [1353623]500301 plus [0] s1[NoSocket]s2[NoSocket]
2025-05-13 00:39:56 - [Item]asdfasdf22 update [1353623]500301 plus [0] s1[NoSocket]s2[NoSocket]
2025-05-13 00:41:26 - [Item]asdfasdf22 update [1353623]500301 plus [0] s1[NoSocket]s2[NoSocket]
2025-05-13 18:19:23 - [Item]DSConquer[PM] update [1353791]150249 plus [0] s1[NoSocket]s2[NoSocket]
2025-05-13 18:19:24 - [Item]DSConquer[PM] update [1353792]160249 plus [0] s1[NoSocket]s2[NoSocket]
2025-05-13 18:19:27 - [Item]DSConquer[PM] update [1353790]120249 plus [0] s1[NoSocket]s2[NoSocket]
2025-05-13 18:19:42 - [Item]DSConquer[PM] update [1353794]133109 plus [0] s1[NoSocket]s2[NoSocket]
2025-05-13 18:19:43 - [Item]DSConquer[PM] update [1353795]113109 plus [0] s1[NoSocket]s2[NoSocket]
2025-05-13 18:20:02 - [Item]DSConquer[PM] update [1353796]1050001 plus [0] s1[NoSocket]s2[NoSocket]
2025-05-13 18:20:29 - [Item]DSConquer[PM] update [1353791]150249 plus [0] s1[NoSocket]s2[NoSocket]
2025-05-13 18:20:29 - [Item]DSConquer[PM] update [1353797]500005 plus [0] s1[NoSocket]s2[NoSocket]
2025-05-13 18:20:37 - [Item]DSConquer[PM] update [1353790]120249 plus [0] s1[NoSocket]s2[NoSocket]
2025-05-13 18:20:37 - [Item]DSConquer[PM] update [1353792]160249 plus [0] s1[NoSocket]s2[NoSocket]
2025-05-13 18:20:37 - [Item]DSConquer[PM] update [1353794]133109 plus [0] s1[NoSocket]s2[NoSocket]
2025-05-13 18:20:37 - [Item]DSConquer[PM] update [1353795]113109 plus [0] s1[NoSocket]s2[NoSocket]
2025-05-13 18:20:50 - [Item]DSConquer[PM] update [1353791]150249 plus [0] s1[NoSocket]s2[NoSocket]
2025-05-13 18:20:50 - [Item]DSConquer[PM] update [1353797]500005 plus [0] s1[NoSocket]s2[NoSocket]
2025-05-13 18:20:51 - [Item]DSConquer[PM] update [1353791]150249 plus [0] s1[NoSocket]s2[NoSocket]
2025-05-13 18:20:51 - [Item]DSConquer[PM] update [1353797]500005 plus [0] s1[NoSocket]s2[NoSocket]
2025-05-13 18:21:00 - [Item]DSConquer[PM] update [1353791]150249 plus [0] s1[NoSocket]s2[NoSocket]
2025-05-13 18:21:00 - [Item]DSConquer[PM] update [1353797]500005 plus [0] s1[NoSocket]s2[NoSocket]
2025-05-13 18:21:15 - [Item]DSConquer[PM] update [1353791]150249 plus [0] s1[NoSocket]s2[NoSocket]
2025-05-13 18:21:15 - [Item]DSConquer[PM] update [1353797]500005 plus [0] s1[NoSocket]s2[NoSocket]
2025-05-13 18:21:17 - [Item]DSConquer[PM] update [1353791]150249 plus [0] s1[NoSocket]s2[NoSocket]
2025-05-13 18:21:17 - [Item]DSConquer[PM] update [1353797]500005 plus [0] s1[NoSocket]s2[NoSocket]
2025-05-13 18:21:21 - [Item]DSConquer[PM] update [1353791]150249 plus [0] s1[NoSocket]s2[NoSocket]
2025-05-13 18:21:21 - [Item]DSConquer[PM] update [1353797]500005 plus [0] s1[NoSocket]s2[NoSocket]
2025-05-13 18:21:23 - [Item]DSConquer[PM] update [1353791]150249 plus [0] s1[NoSocket]s2[NoSocket]
2025-05-13 18:21:23 - [Item]DSConquer[PM] update [1353797]500005 plus [0] s1[NoSocket]s2[NoSocket]
2025-05-13 18:21:28 - [Item]DSConquer[PM] update [1353791]150249 plus [0] s1[NoSocket]s2[NoSocket]
2025-05-13 18:21:28 - [Item]DSConquer[PM] update [1353797]500005 plus [0] s1[NoSocket]s2[NoSocket]
2025-05-13 18:21:33 - [Item]DSConquer[PM] update [1353791]150249 plus [0] s1[NoSocket]s2[NoSocket]
2025-05-13 18:21:33 - [Item]DSConquer[PM] update [1353797]500005 plus [0] s1[NoSocket]s2[NoSocket]
2025-05-13 18:21:36 - [Item]DSConquer[PM] update [1353791]150249 plus [0] s1[NoSocket]s2[NoSocket]
2025-05-13 18:21:36 - [Item]DSConquer[PM] update [1353797]500005 plus [0] s1[NoSocket]s2[NoSocket]
2025-05-13 18:21:38 - [Item]DSConquer[PM] update [1353791]150249 plus [0] s1[NoSocket]s2[NoSocket]
2025-05-13 18:21:38 - [Item]DSConquer[PM] update [1353797]500005 plus [0] s1[NoSocket]s2[NoSocket]
2025-05-13 18:21:39 - [Item]DSConquer[PM] update [1353791]150249 plus [0] s1[NoSocket]s2[NoSocket]
2025-05-13 18:21:39 - [Item]DSConquer[PM] update [1353797]500005 plus [0] s1[NoSocket]s2[NoSocket]
2025-05-13 18:21:40 - [Item]DSConquer[PM] update [1353791]150249 plus [0] s1[NoSocket]s2[NoSocket]
2025-05-13 18:21:40 - [Item]DSConquer[PM] update [1353797]500005 plus [0] s1[NoSocket]s2[NoSocket]
2025-05-13 18:21:52 - [Item]DSConquer[PM] update [1353791]150249 plus [0] s1[NoSocket]s2[NoSocket]
2025-05-13 18:21:52 - [Item]DSConquer[PM] update [1353797]500005 plus [0] s1[NoSocket]s2[NoSocket]
2025-05-13 18:21:53 - [Item]DSConquer[PM] update [1353791]150249 plus [0] s1[NoSocket]s2[NoSocket]
2025-05-13 18:21:53 - [Item]DSConquer[PM] update [1353797]500005 plus [0] s1[NoSocket]s2[NoSocket]
2025-05-13 18:21:54 - [Item]DSConquer[PM] update [1353791]150249 plus [0] s1[NoSocket]s2[NoSocket]
2025-05-13 18:21:54 - [Item]DSConquer[PM] update [1353797]500005 plus [0] s1[NoSocket]s2[NoSocket]
2025-05-13 18:21:58 - [Item]DSConquer[PM] update [1353791]150249 plus [0] s1[NoSocket]s2[NoSocket]
2025-05-13 18:21:58 - [Item]DSConquer[PM] update [1353797]500005 plus [0] s1[NoSocket]s2[NoSocket]
2025-05-13 18:22:32 - [Item]DSConquer[PM] update [1353801]1050002 plus [0] s1[NoSocket]s2[NoSocket]
2025-05-13 18:22:43 - [Item]DSConquer[PM] update [1353791]150249 plus [0] s1[NoSocket]s2[NoSocket]
2025-05-13 18:22:43 - [Item]DSConquer[PM] update [1353797]500005 plus [0] s1[NoSocket]s2[NoSocket]
2025-05-13 18:22:51 - [Item]DSConquer[PM] update [1353791]150249 plus [0] s1[NoSocket]s2[NoSocket]
2025-05-13 18:22:51 - [Item]DSConquer[PM] update [1353797]500005 plus [0] s1[NoSocket]s2[NoSocket]
2025-05-13 18:22:51 - [Item]DSConquer[PM] update [1353791]150249 plus [0] s1[NoSocket]s2[NoSocket]
2025-05-13 18:22:51 - [Item]DSConquer[PM] update [1353797]500005 plus [0] s1[NoSocket]s2[NoSocket]
2025-05-13 18:23:17 - [Item]DSConquer[PM] update [1353791]150249 plus [0] s1[NoSocket]s2[NoSocket]
2025-05-13 18:23:17 - [Item]DSConquer[PM] update [1353797]500005 plus [0] s1[NoSocket]s2[NoSocket]
2025-05-13 18:23:28 - [Item]DSConquer[PM] update [1353790]120249 plus [0] s1[NoSocket]s2[NoSocket]
2025-05-13 18:23:28 - [Item]DSConquer[PM] update [1353792]160249 plus [0] s1[NoSocket]s2[NoSocket]
2025-05-13 18:23:28 - [Item]DSConquer[PM] update [1353794]133109 plus [0] s1[NoSocket]s2[NoSocket]
2025-05-13 18:23:28 - [Item]DSConquer[PM] update [1353795]113109 plus [0] s1[NoSocket]s2[NoSocket]
2025-05-13 18:23:35 - [Item]DSConquer[PM] update [1353791]150249 plus [0] s1[NoSocket]s2[NoSocket]
2025-05-13 18:23:35 - [Item]DSConquer[PM] update [1353797]500005 plus [0] s1[NoSocket]s2[NoSocket]
2025-05-13 18:23:43 - [Item]DSConquer[PM] update [1353791]150249 plus [0] s1[NoSocket]s2[NoSocket]
2025-05-13 18:23:43 - [Item]DSConquer[PM] update [1353797]500005 plus [0] s1[NoSocket]s2[NoSocket]
2025-05-13 18:23:53 - [Item]DSConquer[PM] update [1353791]150249 plus [0] s1[NoSocket]s2[NoSocket]
2025-05-13 18:23:53 - [Item]DSConquer[PM] update [1353797]500005 plus [0] s1[NoSocket]s2[NoSocket]
2025-05-13 18:24:03 - [Item]DSConquer[PM] update [1353791]150249 plus [0] s1[NoSocket]s2[NoSocket]
2025-05-13 18:24:03 - [Item]DSConquer[PM] update [1353797]500005 plus [0] s1[NoSocket]s2[NoSocket]
2025-05-13 18:24:04 - [Item]DSConquer[PM] update [1353791]150249 plus [0] s1[NoSocket]s2[NoSocket]
2025-05-13 18:24:04 - [Item]DSConquer[PM] update [1353797]500005 plus [0] s1[NoSocket]s2[NoSocket]
2025-05-13 18:24:10 - [Item]DSConquer[PM] update [1353791]150249 plus [0] s1[NoSocket]s2[NoSocket]
2025-05-13 18:24:10 - [Item]DSConquer[PM] update [1353797]500005 plus [0] s1[NoSocket]s2[NoSocket]
2025-05-13 18:24:14 - [Item]DSConquer[PM] update [1353791]150249 plus [0] s1[NoSocket]s2[NoSocket]
2025-05-13 18:24:14 - [Item]DSConquer[PM] update [1353797]500005 plus [0] s1[NoSocket]s2[NoSocket]
2025-05-13 18:24:51 - [Item]DSConquer[PM] update [1353790]120249 plus [0] s1[NoSocket]s2[NoSocket]
2025-05-13 18:24:51 - [Item]DSConquer[PM] update [1353792]160249 plus [0] s1[NoSocket]s2[NoSocket]
2025-05-13 18:24:51 - [Item]DSConquer[PM] update [1353794]133109 plus [0] s1[NoSocket]s2[NoSocket]
2025-05-13 18:24:51 - [Item]DSConquer[PM] update [1353795]113109 plus [0] s1[NoSocket]s2[NoSocket]
2025-05-13 18:25:04 - [Item]DSConquer[PM] update [1353790]120249 plus [0] s1[NoSocket]s2[NoSocket]
2025-05-13 18:25:04 - [Item]DSConquer[PM] update [1353792]160249 plus [0] s1[NoSocket]s2[NoSocket]
2025-05-13 18:25:04 - [Item]DSConquer[PM] update [1353794]133109 plus [0] s1[NoSocket]s2[NoSocket]
2025-05-13 18:25:04 - [Item]DSConquer[PM] update [1353795]113109 plus [0] s1[NoSocket]s2[NoSocket]
2025-05-13 18:25:14 - [Item]DSConquer[PM] update [1353790]120249 plus [0] s1[NoSocket]s2[NoSocket]
2025-05-13 18:25:14 - [Item]DSConquer[PM] update [1353792]160249 plus [0] s1[NoSocket]s2[NoSocket]
2025-05-13 18:25:14 - [Item]DSConquer[PM] update [1353794]133109 plus [0] s1[NoSocket]s2[NoSocket]
2025-05-13 18:25:14 - [Item]DSConquer[PM] update [1353795]113109 plus [0] s1[NoSocket]s2[NoSocket]
2025-05-13 18:25:22 - [Item]DSConquer[PM] update [1353790]120249 plus [0] s1[NoSocket]s2[NoSocket]
2025-05-13 18:25:22 - [Item]DSConquer[PM] update [1353792]160249 plus [0] s1[NoSocket]s2[NoSocket]
2025-05-13 18:25:22 - [Item]DSConquer[PM] update [1353794]133109 plus [0] s1[NoSocket]s2[NoSocket]
2025-05-13 18:25:22 - [Item]DSConquer[PM] update [1353795]113109 plus [0] s1[NoSocket]s2[NoSocket]
2025-05-13 18:25:38 - [Item]DSConquer[PM] update [1353790]120249 plus [0] s1[NoSocket]s2[NoSocket]
2025-05-13 18:25:38 - [Item]DSConquer[PM] update [1353792]160249 plus [0] s1[NoSocket]s2[NoSocket]
2025-05-13 18:25:38 - [Item]DSConquer[PM] update [1353794]133109 plus [0] s1[NoSocket]s2[NoSocket]
2025-05-13 18:25:38 - [Item]DSConquer[PM] update [1353795]113109 plus [0] s1[NoSocket]s2[NoSocket]
2025-05-13 18:25:38 - [Item]DSConquer[PM] update [1353790]120249 plus [0] s1[NoSocket]s2[NoSocket]
2025-05-13 18:25:38 - [Item]DSConquer[PM] update [1353792]160249 plus [0] s1[NoSocket]s2[NoSocket]
2025-05-13 18:25:38 - [Item]DSConquer[PM] update [1353794]133109 plus [0] s1[NoSocket]s2[NoSocket]
2025-05-13 18:25:38 - [Item]DSConquer[PM] update [1353795]113109 plus [0] s1[NoSocket]s2[NoSocket]
2025-05-13 18:25:40 - [Item]DSConquer[PM] update [1353790]120249 plus [0] s1[NoSocket]s2[NoSocket]
2025-05-13 18:25:40 - [Item]DSConquer[PM] update [1353792]160249 plus [0] s1[NoSocket]s2[NoSocket]
2025-05-13 18:25:40 - [Item]DSConquer[PM] update [1353794]133109 plus [0] s1[NoSocket]s2[NoSocket]
2025-05-13 18:25:40 - [Item]DSConquer[PM] update [1353795]113109 plus [0] s1[NoSocket]s2[NoSocket]
2025-05-13 18:25:42 - [Item]DSConquer[PM] update [1353790]120249 plus [0] s1[NoSocket]s2[NoSocket]
2025-05-13 18:25:42 - [Item]DSConquer[PM] update [1353792]160249 plus [0] s1[NoSocket]s2[NoSocket]
2025-05-13 18:25:42 - [Item]DSConquer[PM] update [1353794]133109 plus [0] s1[NoSocket]s2[NoSocket]
2025-05-13 18:25:42 - [Item]DSConquer[PM] update [1353795]113109 plus [0] s1[NoSocket]s2[NoSocket]
2025-05-13 18:25:50 - [Item]DSConquer[PM] update [1353790]120249 plus [0] s1[NoSocket]s2[NoSocket]
2025-05-13 18:25:50 - [Item]DSConquer[PM] update [1353792]160249 plus [0] s1[NoSocket]s2[NoSocket]
2025-05-13 18:25:50 - [Item]DSConquer[PM] update [1353794]133109 plus [0] s1[NoSocket]s2[NoSocket]
2025-05-13 18:25:50 - [Item]DSConquer[PM] update [1353795]113109 plus [0] s1[NoSocket]s2[NoSocket]
2025-05-13 18:25:55 - [Item]DSConquer[PM] update [1353790]120249 plus [0] s1[NoSocket]s2[NoSocket]
2025-05-13 18:25:55 - [Item]DSConquer[PM] update [1353792]160249 plus [0] s1[NoSocket]s2[NoSocket]
2025-05-13 18:25:55 - [Item]DSConquer[PM] update [1353794]133109 plus [0] s1[NoSocket]s2[NoSocket]
2025-05-13 18:25:55 - [Item]DSConquer[PM] update [1353795]113109 plus [0] s1[NoSocket]s2[NoSocket]
2025-05-13 18:25:56 - [Item]DSConquer[PM] update [1353790]120249 plus [0] s1[NoSocket]s2[NoSocket]
2025-05-13 18:25:56 - [Item]DSConquer[PM] update [1353792]160249 plus [0] s1[NoSocket]s2[NoSocket]
2025-05-13 18:25:56 - [Item]DSConquer[PM] update [1353794]133109 plus [0] s1[NoSocket]s2[NoSocket]
2025-05-13 18:25:56 - [Item]DSConquer[PM] update [1353795]113109 plus [0] s1[NoSocket]s2[NoSocket]
2025-05-13 18:26:00 - [Item]DSConquer[PM] update [1353790]120249 plus [0] s1[NoSocket]s2[NoSocket]
2025-05-13 18:26:00 - [Item]DSConquer[PM] update [1353792]160249 plus [0] s1[NoSocket]s2[NoSocket]
2025-05-13 18:26:00 - [Item]DSConquer[PM] update [1353794]133109 plus [0] s1[NoSocket]s2[NoSocket]
2025-05-13 18:26:00 - [Item]DSConquer[PM] update [1353795]113109 plus [0] s1[NoSocket]s2[NoSocket]
2025-05-13 18:26:18 - [Item]DSConquer[PM] update [1353790]120249 plus [0] s1[NoSocket]s2[NoSocket]
2025-05-13 18:26:18 - [Item]DSConquer[PM] update [1353792]160249 plus [0] s1[NoSocket]s2[NoSocket]
2025-05-13 18:26:18 - [Item]DSConquer[PM] update [1353794]133109 plus [0] s1[NoSocket]s2[NoSocket]
2025-05-13 18:26:18 - [Item]DSConquer[PM] update [1353795]113109 plus [0] s1[NoSocket]s2[NoSocket]
2025-05-13 18:26:21 - [Item]DSConquer[PM] update [1353790]120249 plus [0] s1[NoSocket]s2[NoSocket]
2025-05-13 18:26:21 - [Item]DSConquer[PM] update [1353792]160249 plus [0] s1[NoSocket]s2[NoSocket]
2025-05-13 18:26:21 - [Item]DSConquer[PM] update [1353794]133109 plus [0] s1[NoSocket]s2[NoSocket]
2025-05-13 18:26:21 - [Item]DSConquer[PM] update [1353795]113109 plus [0] s1[NoSocket]s2[NoSocket]
2025-05-13 18:26:23 - [Item]DSConquer[PM] update [1353790]120249 plus [0] s1[NoSocket]s2[NoSocket]
2025-05-13 18:26:23 - [Item]DSConquer[PM] update [1353792]160249 plus [0] s1[NoSocket]s2[NoSocket]
2025-05-13 18:26:23 - [Item]DSConquer[PM] update [1353794]133109 plus [0] s1[NoSocket]s2[NoSocket]
2025-05-13 18:26:23 - [Item]DSConquer[PM] update [1353795]113109 plus [0] s1[NoSocket]s2[NoSocket]
2025-05-13 18:26:26 - [Item]DSConquer[PM] update [1353790]120249 plus [0] s1[NoSocket]s2[NoSocket]
2025-05-13 18:26:26 - [Item]DSConquer[PM] update [1353792]160249 plus [0] s1[NoSocket]s2[NoSocket]
2025-05-13 18:26:26 - [Item]DSConquer[PM] update [1353794]133109 plus [0] s1[NoSocket]s2[NoSocket]
2025-05-13 18:26:26 - [Item]DSConquer[PM] update [1353795]113109 plus [0] s1[NoSocket]s2[NoSocket]
2025-05-13 18:26:34 - [Item]DSConquer[PM] update [1353790]120249 plus [0] s1[NoSocket]s2[NoSocket]
2025-05-13 18:26:34 - [Item]DSConquer[PM] update [1353792]160249 plus [0] s1[NoSocket]s2[NoSocket]
2025-05-13 18:26:34 - [Item]DSConquer[PM] update [1353794]133109 plus [0] s1[NoSocket]s2[NoSocket]
2025-05-13 18:26:34 - [Item]DSConquer[PM] update [1353795]113109 plus [0] s1[NoSocket]s2[NoSocket]
2025-05-13 18:26:36 - [Item]DSConquer[PM] update [1353790]120249 plus [0] s1[NoSocket]s2[NoSocket]
2025-05-13 18:26:36 - [Item]DSConquer[PM] update [1353792]160249 plus [0] s1[NoSocket]s2[NoSocket]
2025-05-13 18:26:36 - [Item]DSConquer[PM] update [1353794]133109 plus [0] s1[NoSocket]s2[NoSocket]
2025-05-13 18:26:36 - [Item]DSConquer[PM] update [1353795]113109 plus [0] s1[NoSocket]s2[NoSocket]
2025-05-13 18:26:42 - [Item]DSConquer[PM] update [1353790]120249 plus [0] s1[NoSocket]s2[NoSocket]
2025-05-13 18:26:42 - [Item]DSConquer[PM] update [1353792]160249 plus [0] s1[NoSocket]s2[NoSocket]
2025-05-13 18:26:42 - [Item]DSConquer[PM] update [1353794]133109 plus [0] s1[NoSocket]s2[NoSocket]
2025-05-13 18:26:42 - [Item]DSConquer[PM] update [1353795]113109 plus [0] s1[NoSocket]s2[NoSocket]
2025-05-13 18:26:44 - [Item]DSConquer[PM] update [1353790]120249 plus [0] s1[NoSocket]s2[NoSocket]
2025-05-13 18:26:44 - [Item]DSConquer[PM] update [1353792]160249 plus [0] s1[NoSocket]s2[NoSocket]
2025-05-13 18:26:44 - [Item]DSConquer[PM] update [1353794]133109 plus [0] s1[NoSocket]s2[NoSocket]
2025-05-13 18:26:44 - [Item]DSConquer[PM] update [1353795]113109 plus [0] s1[NoSocket]s2[NoSocket]
2025-05-13 18:26:49 - [Item]DSConquer[PM] update [1353790]120249 plus [0] s1[NoSocket]s2[NoSocket]
2025-05-13 18:26:49 - [Item]DSConquer[PM] update [1353792]160249 plus [0] s1[NoSocket]s2[NoSocket]
2025-05-13 18:26:49 - [Item]DSConquer[PM] update [1353794]133109 plus [0] s1[NoSocket]s2[NoSocket]
2025-05-13 18:26:49 - [Item]DSConquer[PM] update [1353795]113109 plus [0] s1[NoSocket]s2[NoSocket]
2025-05-13 18:26:50 - [Item]DSConquer[PM] update [1353790]120249 plus [0] s1[NoSocket]s2[NoSocket]
2025-05-13 18:26:50 - [Item]DSConquer[PM] update [1353792]160249 plus [0] s1[NoSocket]s2[NoSocket]
2025-05-13 18:26:50 - [Item]DSConquer[PM] update [1353794]133109 plus [0] s1[NoSocket]s2[NoSocket]
2025-05-13 18:26:50 - [Item]DSConquer[PM] update [1353795]113109 plus [0] s1[NoSocket]s2[NoSocket]
2025-05-13 18:27:05 - [Item]DSConquer[PM] update [1353791]150249 plus [0] s1[NoSocket]s2[NoSocket]
2025-05-13 18:27:05 - [Item]DSConquer[PM] update [1353797]500005 plus [0] s1[NoSocket]s2[NoSocket]
2025-05-13 18:27:39 - [Item]DSConquer[PM] update [1353790]120249 plus [0] s1[NoSocket]s2[NoSocket]
2025-05-13 18:27:39 - [Item]DSConquer[PM] update [1353792]160249 plus [0] s1[NoSocket]s2[NoSocket]
2025-05-13 18:27:39 - [Item]DSConquer[PM] update [1353794]133109 plus [0] s1[NoSocket]s2[NoSocket]
2025-05-13 18:27:39 - [Item]DSConquer[PM] update [1353795]113109 plus [0] s1[NoSocket]s2[NoSocket]
2025-05-13 20:28:17 - [Item]DSConquer[PM] update [1353791]150249 plus [0] s1[NoSocket]s2[NoSocket]
2025-05-13 20:28:17 - [Item]DSConquer[PM] update [1353797]500005 plus [0] s1[NoSocket]s2[NoSocket]
2025-05-13 20:28:28 - [Item]DSConquer[PM] update [1353790]120249 plus [0] s1[NoSocket]s2[NoSocket]
2025-05-13 20:28:28 - [Item]DSConquer[PM] update [1353792]160249 plus [0] s1[NoSocket]s2[NoSocket]
2025-05-13 20:28:28 - [Item]DSConquer[PM] update [1353794]133109 plus [0] s1[NoSocket]s2[NoSocket]
2025-05-13 20:28:28 - [Item]DSConquer[PM] update [1353795]113109 plus [0] s1[NoSocket]s2[NoSocket]
2025-05-13 20:30:35 - [Item]DSConquer[PM] update [1353791]150249 plus [0] s1[NoSocket]s2[NoSocket]
2025-05-13 20:30:35 - [Item]DSConquer[PM] update [1353797]500005 plus [0] s1[NoSocket]s2[NoSocket]
2025-05-13 20:30:55 - [Item]DSConquer[PM] update [1353790]120249 plus [0] s1[NoSocket]s2[NoSocket]
2025-05-13 20:30:55 - [Item]DSConquer[PM] update [1353792]160249 plus [0] s1[NoSocket]s2[NoSocket]
2025-05-13 20:30:55 - [Item]DSConquer[PM] update [1353794]133109 plus [0] s1[NoSocket]s2[NoSocket]
2025-05-13 20:30:55 - [Item]DSConquer[PM] update [1353795]113109 plus [0] s1[NoSocket]s2[NoSocket]
2025-05-13 20:31:18 - [Item]DSConquer[PM] update [1353791]150249 plus [0] s1[NoSocket]s2[NoSocket]
2025-05-13 20:31:18 - [Item]DSConquer[PM] update [1353797]500005 plus [0] s1[NoSocket]s2[NoSocket]
2025-05-13 20:33:02 - [Item]DSConquer[PM] update [1353791]150249 plus [0] s1[NoSocket]s2[NoSocket]
2025-05-13 20:33:02 - [Item]DSConquer[PM] update [1353797]500005 plus [0] s1[NoSocket]s2[NoSocket]
2025-05-13 20:33:03 - [Item]DSConquer[PM] update [1353791]150249 plus [0] s1[NoSocket]s2[NoSocket]
2025-05-13 20:33:03 - [Item]DSConquer[PM] update [1353797]500005 plus [0] s1[NoSocket]s2[NoSocket]
2025-05-13 20:33:04 - [Item]DSConquer[PM] update [1353791]150249 plus [0] s1[NoSocket]s2[NoSocket]
2025-05-13 20:33:04 - [Item]DSConquer[PM] update [1353797]500005 plus [0] s1[NoSocket]s2[NoSocket]
2025-05-13 20:33:17 - [Item]DSConquer[PM] update [1353791]150249 plus [0] s1[NoSocket]s2[NoSocket]
2025-05-13 20:33:17 - [Item]DSConquer[PM] update [1353797]500005 plus [0] s1[NoSocket]s2[NoSocket]
2025-05-13 20:33:21 - [Item]DSConquer[PM] update [1353791]150249 plus [0] s1[NoSocket]s2[NoSocket]
2025-05-13 20:33:21 - [Item]DSConquer[PM] update [1353797]500005 plus [0] s1[NoSocket]s2[NoSocket]
2025-05-13 20:33:22 - [Item]DSConquer[PM] update [1353791]150249 plus [0] s1[NoSocket]s2[NoSocket]
2025-05-13 20:33:22 - [Item]DSConquer[PM] update [1353797]500005 plus [0] s1[NoSocket]s2[NoSocket]
2025-05-13 20:33:22 - [Item]DSConquer[PM] update [1353791]150249 plus [0] s1[NoSocket]s2[NoSocket]
2025-05-13 20:33:22 - [Item]DSConquer[PM] update [1353797]500005 plus [0] s1[NoSocket]s2[NoSocket]
2025-05-13 20:33:36 - [Item]DSConquer[PM] update [1353791]150249 plus [0] s1[NoSocket]s2[NoSocket]
2025-05-13 20:33:36 - [Item]DSConquer[PM] update [1353797]500005 plus [0] s1[NoSocket]s2[NoSocket]
2025-05-13 20:33:38 - [Item]DSConquer[PM] update [1353791]150249 plus [0] s1[NoSocket]s2[NoSocket]
2025-05-13 20:33:38 - [Item]DSConquer[PM] update [1353797]500005 plus [0] s1[NoSocket]s2[NoSocket]
2025-05-13 20:33:48 - [Item]DSConquer[PM] update [1353791]150249 plus [0] s1[NoSocket]s2[NoSocket]
2025-05-13 20:33:48 - [Item]DSConquer[PM] update [1353797]500005 plus [0] s1[NoSocket]s2[NoSocket]
2025-05-13 20:33:48 - [Item]DSConquer[PM] update [1353791]150249 plus [0] s1[NoSocket]s2[NoSocket]
2025-05-13 20:33:48 - [Item]DSConquer[PM] update [1353797]500005 plus [0] s1[NoSocket]s2[NoSocket]
2025-05-13 20:34:33 - [Item]DSConquer[PM] update [1353791]150249 plus [0] s1[NoSocket]s2[NoSocket]
2025-05-13 20:34:33 - [Item]DSConquer[PM] update [1353797]500005 plus [0] s1[NoSocket]s2[NoSocket]
2025-05-13 20:34:40 - [Item]DSConquer[PM] update [1353791]150249 plus [0] s1[NoSocket]s2[NoSocket]
2025-05-13 20:34:40 - [Item]DSConquer[PM] update [1353797]500005 plus [0] s1[NoSocket]s2[NoSocket]
2025-05-13 20:34:45 - [Item]DSConquer[PM] update [1353791]150249 plus [0] s1[NoSocket]s2[NoSocket]
2025-05-13 20:34:45 - [Item]DSConquer[PM] update [1353797]500005 plus [0] s1[NoSocket]s2[NoSocket]
2025-05-13 20:34:46 - [Item]DSConquer[PM] update [1353791]150249 plus [0] s1[NoSocket]s2[NoSocket]
2025-05-13 20:34:46 - [Item]DSConquer[PM] update [1353797]500005 plus [0] s1[NoSocket]s2[NoSocket]
2025-05-13 20:34:54 - [Item]DSConquer[PM] update [1353791]150249 plus [0] s1[NoSocket]s2[NoSocket]
2025-05-13 20:34:54 - [Item]DSConquer[PM] update [1353797]500005 plus [0] s1[NoSocket]s2[NoSocket]
2025-05-13 20:34:58 - [Item]DSConquer[PM] update [1353791]150249 plus [0] s1[NoSocket]s2[NoSocket]
2025-05-13 20:34:58 - [Item]DSConquer[PM] update [1353797]500005 plus [0] s1[NoSocket]s2[NoSocket]
2025-05-13 20:34:59 - [Item]DSConquer[PM] update [1353791]150249 plus [0] s1[NoSocket]s2[NoSocket]
2025-05-13 20:34:59 - [Item]DSConquer[PM] update [1353797]500005 plus [0] s1[NoSocket]s2[NoSocket]
2025-05-13 20:35:07 - [Item]DSConquer[PM] update [1353791]150249 plus [0] s1[NoSocket]s2[NoSocket]
2025-05-13 20:35:07 - [Item]DSConquer[PM] update [1353797]500005 plus [0] s1[NoSocket]s2[NoSocket]
2025-05-13 20:35:15 - [Item]DSConquer[PM] update [1353791]150249 plus [0] s1[NoSocket]s2[NoSocket]
2025-05-13 20:35:15 - [Item]DSConquer[PM] update [1353797]500005 plus [0] s1[NoSocket]s2[NoSocket]
2025-05-13 20:35:27 - [Item]DSConquer[PM] update [1353791]150249 plus [0] s1[NoSocket]s2[NoSocket]
2025-05-13 20:35:27 - [Item]DSConquer[PM] update [1353797]500005 plus [0] s1[NoSocket]s2[NoSocket]
2025-05-13 20:35:38 - [Item]DSConquer[PM] update [1353791]150249 plus [0] s1[NoSocket]s2[NoSocket]
2025-05-13 20:35:38 - [Item]DSConquer[PM] update [1353797]500005 plus [0] s1[NoSocket]s2[NoSocket]
2025-05-13 20:35:38 - [Item]DSConquer[PM] update [1353791]150249 plus [0] s1[NoSocket]s2[NoSocket]
2025-05-13 20:35:38 - [Item]DSConquer[PM] update [1353797]500005 plus [0] s1[NoSocket]s2[NoSocket]
2025-05-13 20:36:12 - [Item]DSConquer[PM] update [1353791]150249 plus [0] s1[NoSocket]s2[NoSocket]
2025-05-13 20:36:12 - [Item]DSConquer[PM] update [1353797]500005 plus [0] s1[NoSocket]s2[NoSocket]
2025-05-13 20:36:14 - [Item]DSConquer[PM] update [1353791]150249 plus [0] s1[NoSocket]s2[NoSocket]
2025-05-13 20:36:14 - [Item]DSConquer[PM] update [1353797]500005 plus [0] s1[NoSocket]s2[NoSocket]
2025-05-13 20:36:20 - [Item]DSConquer[PM] update [1353791]150249 plus [0] s1[NoSocket]s2[NoSocket]
2025-05-13 20:36:20 - [Item]DSConquer[PM] update [1353797]500005 plus [0] s1[NoSocket]s2[NoSocket]
2025-05-13 20:36:44 - [Item]DSConquer[PM] update [1353791]150249 plus [0] s1[NoSocket]s2[NoSocket]
2025-05-13 20:36:44 - [Item]DSConquer[PM] update [1353797]500005 plus [0] s1[NoSocket]s2[NoSocket]
2025-05-13 20:36:46 - [Item]DSConquer[PM] update [1353791]150249 plus [0] s1[NoSocket]s2[NoSocket]
2025-05-13 20:36:46 - [Item]DSConquer[PM] update [1353797]500005 plus [0] s1[NoSocket]s2[NoSocket]
2025-05-13 20:36:46 - [Item]DSConquer[PM] update [1353791]150249 plus [0] s1[NoSocket]s2[NoSocket]
2025-05-13 20:36:46 - [Item]DSConquer[PM] update [1353797]500005 plus [0] s1[NoSocket]s2[NoSocket]
2025-05-13 20:36:52 - [Item]DSConquer[PM] update [1353791]150249 plus [0] s1[NoSocket]s2[NoSocket]
2025-05-13 20:36:52 - [Item]DSConquer[PM] update [1353797]500005 plus [0] s1[NoSocket]s2[NoSocket]
2025-05-13 20:37:01 - [Item]DSConquer[PM] update [1353791]150249 plus [0] s1[NoSocket]s2[NoSocket]
2025-05-13 20:37:01 - [Item]DSConquer[PM] update [1353797]500005 plus [0] s1[NoSocket]s2[NoSocket]
2025-05-13 20:37:04 - [Item]DSConquer[PM] update [1353791]150249 plus [0] s1[NoSocket]s2[NoSocket]
2025-05-13 20:37:04 - [Item]DSConquer[PM] update [1353797]500005 plus [0] s1[NoSocket]s2[NoSocket]
2025-05-13 20:37:26 - [Item]DSConquer[PM] update [1353791]150249 plus [0] s1[NoSocket]s2[NoSocket]
2025-05-13 20:37:26 - [Item]DSConquer[PM] update [1353797]500005 plus [0] s1[NoSocket]s2[NoSocket]
2025-05-13 20:37:40 - [Item]DSConquer[PM] update [1353791]150249 plus [0] s1[NoSocket]s2[NoSocket]
2025-05-13 20:37:40 - [Item]DSConquer[PM] update [1353797]500005 plus [0] s1[NoSocket]s2[NoSocket]
2025-05-13 20:37:49 - [Item]DSConquer[PM] update [1353791]150249 plus [0] s1[NoSocket]s2[NoSocket]
2025-05-13 20:37:49 - [Item]DSConquer[PM] update [1353797]500005 plus [0] s1[NoSocket]s2[NoSocket]
2025-05-13 20:37:55 - [Item]DSConquer[PM] update [1353791]150249 plus [0] s1[NoSocket]s2[NoSocket]
2025-05-13 20:37:55 - [Item]DSConquer[PM] update [1353797]500005 plus [0] s1[NoSocket]s2[NoSocket]
2025-05-13 20:37:57 - [Item]DSConquer[PM] update [1353791]150249 plus [0] s1[NoSocket]s2[NoSocket]
2025-05-13 20:37:57 - [Item]DSConquer[PM] update [1353797]500005 plus [0] s1[NoSocket]s2[NoSocket]
2025-05-13 20:38:01 - [Item]DSConquer[PM] update [1353791]150249 plus [0] s1[NoSocket]s2[NoSocket]
2025-05-13 20:38:01 - [Item]DSConquer[PM] update [1353797]500005 plus [0] s1[NoSocket]s2[NoSocket]
2025-05-13 20:38:02 - [Item]DSConquer[PM] update [1353791]150249 plus [0] s1[NoSocket]s2[NoSocket]
2025-05-13 20:38:02 - [Item]DSConquer[PM] update [1353797]500005 plus [0] s1[NoSocket]s2[NoSocket]
2025-05-13 20:38:32 - [Item]DSConquer[PM] update [1353799]1050002 plus [0] s1[NoSocket]s2[NoSocket]
2025-05-13 20:38:36 - [Item]DSConquer[PM] update [1353791]150249 plus [0] s1[NoSocket]s2[NoSocket]
2025-05-13 20:38:36 - [Item]DSConquer[PM] update [1353793]500329 plus [0] s1[NoSocket]s2[NoSocket]
2025-05-13 20:39:42 - [Item]DSConquer[PM] update [1353791]150249 plus [0] s1[NoSocket]s2[NoSocket]
2025-05-13 20:39:42 - [Item]DSConquer[PM] update [1353793]500329 plus [0] s1[NoSocket]s2[NoSocket]
2025-05-13 20:40:09 - [Item]DSConquer[PM] update [1353791]150249 plus [0] s1[NoSocket]s2[NoSocket]
2025-05-13 20:40:09 - [Item]DSConquer[PM] update [1353793]500329 plus [0] s1[NoSocket]s2[NoSocket]
2025-05-13 20:40:16 - [Item]DSConquer[PM] update [1353791]150249 plus [0] s1[NoSocket]s2[NoSocket]
2025-05-13 20:40:16 - [Item]DSConquer[PM] update [1353793]500329 plus [0] s1[NoSocket]s2[NoSocket]
2025-05-13 20:40:18 - [Item]DSConquer[PM] update [1353791]150249 plus [0] s1[NoSocket]s2[NoSocket]
2025-05-13 20:40:18 - [Item]DSConquer[PM] update [1353793]500329 plus [0] s1[NoSocket]s2[NoSocket]
2025-05-13 20:40:19 - [Item]DSConquer[PM] update [1353791]150249 plus [0] s1[NoSocket]s2[NoSocket]
2025-05-13 20:40:19 - [Item]DSConquer[PM] update [1353793]500329 plus [0] s1[NoSocket]s2[NoSocket]
2025-05-13 20:40:19 - [Item]DSConquer[PM] update [1353791]150249 plus [0] s1[NoSocket]s2[NoSocket]
2025-05-13 20:40:19 - [Item]DSConquer[PM] update [1353793]500329 plus [0] s1[NoSocket]s2[NoSocket]
2025-05-13 20:40:22 - [Item]DSConquer[PM] update [1353791]150249 plus [0] s1[NoSocket]s2[NoSocket]
2025-05-13 20:40:22 - [Item]DSConquer[PM] update [1353793]500329 plus [0] s1[NoSocket]s2[NoSocket]
2025-05-13 20:40:27 - [Item]DSConquer[PM] update [1353791]150249 plus [0] s1[NoSocket]s2[NoSocket]
2025-05-13 20:40:27 - [Item]DSConquer[PM] update [1353793]500329 plus [0] s1[NoSocket]s2[NoSocket]
2025-05-13 20:40:36 - [Item]DSConquer[PM] update [1353791]150249 plus [0] s1[NoSocket]s2[NoSocket]
2025-05-13 20:40:36 - [Item]DSConquer[PM] update [1353793]500329 plus [0] s1[NoSocket]s2[NoSocket]
2025-05-13 20:40:44 - [Item]DSConquer[PM] update [1353791]150249 plus [0] s1[NoSocket]s2[NoSocket]
2025-05-13 20:40:44 - [Item]DSConquer[PM] update [1353793]500329 plus [0] s1[NoSocket]s2[NoSocket]
2025-05-13 20:40:50 - [Item]DSConquer[PM] update [1353791]150249 plus [0] s1[NoSocket]s2[NoSocket]
2025-05-13 20:40:50 - [Item]DSConquer[PM] update [1353793]500329 plus [0] s1[NoSocket]s2[NoSocket]
2025-05-13 20:40:52 - [Item]DSConquer[PM] update [1353791]150249 plus [0] s1[NoSocket]s2[NoSocket]
2025-05-13 20:40:52 - [Item]DSConquer[PM] update [1353793]500329 plus [0] s1[NoSocket]s2[NoSocket]
2025-05-13 20:40:57 - [Item]DSConquer[PM] update [1353791]150249 plus [0] s1[NoSocket]s2[NoSocket]
2025-05-13 20:40:57 - [Item]DSConquer[PM] update [1353793]500329 plus [0] s1[NoSocket]s2[NoSocket]
2025-05-13 20:40:58 - [Item]DSConquer[PM] update [1353791]150249 plus [0] s1[NoSocket]s2[NoSocket]
2025-05-13 20:40:58 - [Item]DSConquer[PM] update [1353793]500329 plus [0] s1[NoSocket]s2[NoSocket]
2025-05-13 20:41:05 - [Item]DSConquer[PM] update [1353791]150249 plus [0] s1[NoSocket]s2[NoSocket]
2025-05-13 20:41:05 - [Item]DSConquer[PM] update [1353793]500329 plus [0] s1[NoSocket]s2[NoSocket]
2025-05-13 20:41:12 - [Item]DSConquer[PM] update [1353791]150249 plus [0] s1[NoSocket]s2[NoSocket]
2025-05-13 20:41:12 - [Item]DSConquer[PM] update [1353793]500329 plus [0] s1[NoSocket]s2[NoSocket]
2025-05-13 20:41:13 - [Item]DSConquer[PM] update [1353791]150249 plus [0] s1[NoSocket]s2[NoSocket]
2025-05-13 20:41:13 - [Item]DSConquer[PM] update [1353793]500329 plus [0] s1[NoSocket]s2[NoSocket]
2025-05-13 20:41:17 - [Item]DSConquer[PM] update [1353791]150249 plus [0] s1[NoSocket]s2[NoSocket]
2025-05-13 20:41:17 - [Item]DSConquer[PM] update [1353793]500329 plus [0] s1[NoSocket]s2[NoSocket]
2025-05-13 20:41:43 - [Item]DSConquer[PM] update [1353791]150249 plus [0] s1[NoSocket]s2[NoSocket]
2025-05-13 20:41:43 - [Item]DSConquer[PM] update [1353793]500329 plus [0] s1[NoSocket]s2[NoSocket]
2025-05-13 20:41:51 - [Item]DSConquer[PM] update [1353791]150249 plus [0] s1[NoSocket]s2[NoSocket]
2025-05-13 20:41:51 - [Item]DSConquer[PM] update [1353793]500329 plus [0] s1[NoSocket]s2[NoSocket]
2025-05-13 20:41:58 - [Item]DSConquer[PM] update [1353791]150249 plus [0] s1[NoSocket]s2[NoSocket]
2025-05-13 20:41:58 - [Item]DSConquer[PM] update [1353793]500329 plus [0] s1[NoSocket]s2[NoSocket]
2025-05-13 20:42:02 - [Item]DSConquer[PM] update [1353791]150249 plus [0] s1[NoSocket]s2[NoSocket]
2025-05-13 20:42:02 - [Item]DSConquer[PM] update [1353793]500329 plus [0] s1[NoSocket]s2[NoSocket]
2025-05-13 20:42:12 - [Item]DSConquer[PM] update [1353791]150249 plus [0] s1[NoSocket]s2[NoSocket]
2025-05-13 20:42:12 - [Item]DSConquer[PM] update [1353793]500329 plus [0] s1[NoSocket]s2[NoSocket]
2025-05-13 20:42:12 - [Item]DSConquer[PM] update [1353791]150249 plus [0] s1[NoSocket]s2[NoSocket]
2025-05-13 20:42:12 - [Item]DSConquer[PM] update [1353793]500329 plus [0] s1[NoSocket]s2[NoSocket]
2025-05-13 20:42:15 - [Item]DSConquer[PM] update [1353791]150249 plus [0] s1[NoSocket]s2[NoSocket]
2025-05-13 20:42:15 - [Item]DSConquer[PM] update [1353793]500329 plus [0] s1[NoSocket]s2[NoSocket]
2025-05-13 20:42:18 - [Item]DSConquer[PM] update [1353791]150249 plus [0] s1[NoSocket]s2[NoSocket]
2025-05-13 20:42:18 - [Item]DSConquer[PM] update [1353793]500329 plus [0] s1[NoSocket]s2[NoSocket]
2025-05-13 20:42:30 - [Item]DSConquer[PM] update [1353791]150249 plus [0] s1[NoSocket]s2[NoSocket]
2025-05-13 20:42:30 - [Item]DSConquer[PM] update [1353793]500329 plus [0] s1[NoSocket]s2[NoSocket]
2025-05-13 20:42:33 - [Item]DSConquer[PM] update [1353791]150249 plus [0] s1[NoSocket]s2[NoSocket]
2025-05-13 20:42:33 - [Item]DSConquer[PM] update [1353793]500329 plus [0] s1[NoSocket]s2[NoSocket]
2025-05-13 20:42:46 - [Item]DSConquer[PM] update [1353791]150249 plus [0] s1[NoSocket]s2[NoSocket]
2025-05-13 20:42:46 - [Item]DSConquer[PM] update [1353793]500329 plus [0] s1[NoSocket]s2[NoSocket]
2025-05-13 20:43:25 - [Item]DSConquer[PM] update [1353791]150249 plus [0] s1[NoSocket]s2[NoSocket]
2025-05-13 20:43:25 - [Item]DSConquer[PM] update [1353793]500329 plus [0] s1[NoSocket]s2[NoSocket]
2025-05-13 20:43:27 - [Item]DSConquer[PM] update [1353791]150249 plus [0] s1[NoSocket]s2[NoSocket]
2025-05-13 20:43:27 - [Item]DSConquer[PM] update [1353793]500329 plus [0] s1[NoSocket]s2[NoSocket]
2025-05-13 20:43:28 - [Item]DSConquer[PM] update [1353791]150249 plus [0] s1[NoSocket]s2[NoSocket]
2025-05-13 20:43:28 - [Item]DSConquer[PM] update [1353793]500329 plus [0] s1[NoSocket]s2[NoSocket]
2025-05-13 20:43:43 - [Item]DSConquer[PM] update [1353791]150249 plus [0] s1[NoSocket]s2[NoSocket]
2025-05-13 20:43:43 - [Item]DSConquer[PM] update [1353793]500329 plus [0] s1[NoSocket]s2[NoSocket]
2025-05-13 20:43:50 - [Item]DSConquer[PM] update [1353791]150249 plus [0] s1[NoSocket]s2[NoSocket]
2025-05-13 20:43:50 - [Item]DSConquer[PM] update [1353793]500329 plus [0] s1[NoSocket]s2[NoSocket]
2025-05-13 20:43:58 - [Item]DSConquer[PM] update [1353791]150249 plus [0] s1[NoSocket]s2[NoSocket]
2025-05-13 20:43:58 - [Item]DSConquer[PM] update [1353793]500329 plus [0] s1[NoSocket]s2[NoSocket]
2025-05-13 20:44:15 - [Item]DSConquer[PM] update [1353791]150249 plus [0] s1[NoSocket]s2[NoSocket]
2025-05-13 20:44:15 - [Item]DSConquer[PM] update [1353793]500329 plus [0] s1[NoSocket]s2[NoSocket]
2025-05-13 20:44:18 - [Item]DSConquer[PM] update [1353791]150249 plus [0] s1[NoSocket]s2[NoSocket]
2025-05-13 20:44:18 - [Item]DSConquer[PM] update [1353793]500329 plus [0] s1[NoSocket]s2[NoSocket]
2025-05-13 20:44:56 - [Item]DSConquer[PM] update [1353791]150249 plus [0] s1[NoSocket]s2[NoSocket]
2025-05-13 20:44:56 - [Item]DSConquer[PM] update [1353793]500329 plus [0] s1[NoSocket]s2[NoSocket]
2025-05-13 20:44:59 - [Item]DSConquer[PM] update [1353791]150249 plus [0] s1[NoSocket]s2[NoSocket]
2025-05-13 20:44:59 - [Item]DSConquer[PM] update [1353793]500329 plus [0] s1[NoSocket]s2[NoSocket]
2025-05-13 20:45:11 - [Item]DSConquer[PM] update [1353791]150249 plus [0] s1[NoSocket]s2[NoSocket]
2025-05-13 20:45:11 - [Item]DSConquer[PM] update [1353793]500329 plus [0] s1[NoSocket]s2[NoSocket]
2025-05-13 20:45:13 - [Item]DSConquer[PM] update [1353791]150249 plus [0] s1[NoSocket]s2[NoSocket]
2025-05-13 20:45:13 - [Item]DSConquer[PM] update [1353793]500329 plus [0] s1[NoSocket]s2[NoSocket]
2025-05-13 20:48:24 - [Item]DSConquer[PM] update [1353797]500005 plus [0] s1[NoSocket]s2[NoSocket]
2025-05-13 20:48:28 - [Item]DSConquer[PM] update [1353797]500006 plus [0] s1[NoSocket]s2[NoSocket]
2025-05-13 20:48:34 - [Item]DSConquer[PM] update [1353797]500007 plus [0] s1[NoSocket]s2[NoSocket]
2025-05-13 20:48:38 - [Item]DSConquer[PM] update [1353797]500008 plus [0] s1[NoSocket]s2[NoSocket]
2025-05-13 20:49:03 - [Item]DSConquer[PM] update [1353797]500018 plus [0] s1[NoSocket]s2[NoSocket]
2025-05-13 20:49:09 - [Item]DSConquer[PM] update [1353797]500028 plus [0] s1[NoSocket]s2[NoSocket]
2025-05-13 20:49:15 - [Item]DSConquer[PM] update [1353797]500028 plus [0] s1[NoSocket]s2[NoSocket]
2025-05-13 20:49:18 - [Item]DSConquer[PM] update [1353797]500028 plus [0] s1[NoSocket]s2[NoSocket]
2025-05-13 20:49:23 - [Item]DSConquer[PM] update [1353797]500038 plus [0] s1[NoSocket]s2[NoSocket]
2025-05-13 20:49:28 - [Item]DSConquer[PM] update [1353797]500038 plus [0] s1[NoSocket]s2[NoSocket]
2025-05-13 20:49:32 - [Item]DSConquer[PM] update [1353797]500038 plus [0] s1[NoSocket]s2[NoSocket]
2025-05-13 20:49:36 - [Item]DSConquer[PM] update [1353797]500048 plus [0] s1[NoSocket]s2[NoSocket]
2025-05-13 20:49:41 - [Item]DSConquer[PM] update [1353797]500048 plus [0] s1[NoSocket]s2[NoSocket]
2025-05-13 20:49:44 - [Item]DSConquer[PM] update [1353797]500048 plus [0] s1[NoSocket]s2[NoSocket]
2025-05-13 20:49:51 - [Item]DSConquer[PM] update [1353797]500058 plus [0] s1[EmptySocket]s2[NoSocket]
2025-05-13 20:49:58 - [Item]DSConquer[PM] update [1353797]500068 plus [0] s1[EmptySocket]s2[NoSocket]
2025-05-13 20:50:02 - [Item]DSConquer[PM] update [1353797]500068 plus [0] s1[EmptySocket]s2[NoSocket]
2025-05-13 20:50:05 - [Item]DSConquer[PM] update [1353797]500068 plus [0] s1[EmptySocket]s2[NoSocket]
2025-05-13 20:50:13 - [Item]DSConquer[PM] update [1353797]500078 plus [0] s1[EmptySocket]s2[NoSocket]
2025-05-13 20:50:18 - [Item]DSConquer[PM] update [1353797]500088 plus [0] s1[EmptySocket]s2[NoSocket]
2025-05-13 20:50:23 - [Item]DSConquer[PM] update [1353797]500098 plus [0] s1[EmptySocket]s2[NoSocket]
2025-05-13 20:50:28 - [Item]DSConquer[PM] update [1353797]500098 plus [0] s1[EmptySocket]s2[NoSocket]
2025-05-13 20:50:31 - [Item]DSConquer[PM] update [1353797]500098 plus [0] s1[EmptySocket]s2[NoSocket]
2025-05-13 20:50:34 - [Item]DSConquer[PM] update [1353797]500098 plus [0] s1[EmptySocket]s2[NoSocket]
2025-05-13 20:50:37 - [Item]DSConquer[PM] update [1353797]500098 plus [0] s1[EmptySocket]s2[NoSocket]
2025-05-13 20:50:41 - [Item]DSConquer[PM] update [1353797]500098 plus [0] s1[EmptySocket]s2[NoSocket]
2025-05-13 20:50:44 - [Item]DSConquer[PM] update [1353797]500098 plus [0] s1[EmptySocket]s2[NoSocket]
2025-05-13 20:50:49 - [Item]DSConquer[PM] update [1353797]500108 plus [0] s1[EmptySocket]s2[NoSocket]
2025-05-13 20:50:54 - [Item]DSConquer[PM] update [1353797]500118 plus [0] s1[EmptySocket]s2[NoSocket]
2025-05-13 20:50:59 - [Item]DSConquer[PM] update [1353797]500128 plus [0] s1[EmptySocket]s2[NoSocket]
2025-05-13 20:52:44 - [Item]DSConquer[PM] update [1353797]500138 plus [0] s1[EmptySocket]s2[NoSocket]
2025-05-13 20:52:51 - [Item]DSConquer[PM] update [1353797]500148 plus [0] s1[EmptySocket]s2[NoSocket]
2025-05-13 20:52:57 - [Item]DSConquer[PM] update [1353797]500148 plus [0] s1[EmptySocket]s2[NoSocket]
2025-05-13 20:53:02 - [Item]DSConquer[PM] update [1353797]500148 plus [0] s1[EmptySocket]s2[NoSocket]
2025-05-13 20:54:12 - [Item]DSConquer[PM] update [1353797]500148 plus [0] s1[EmptySocket]s2[NoSocket]
2025-05-13 20:54:15 - [Item]DSConquer[PM] update [1353797]500148 plus [0] s1[EmptySocket]s2[NoSocket]
2025-05-13 20:54:21 - [Item]DSConquer[PM] update [1353797]500148 plus [0] s1[EmptySocket]s2[NoSocket]
2025-05-13 20:54:25 - [Item]DSConquer[PM] update [1353797]500148 plus [0] s1[EmptySocket]s2[NoSocket]
2025-05-13 20:54:29 - [Item]DSConquer[PM] update [1353797]500158 plus [0] s1[EmptySocket]s2[NoSocket]
2025-05-13 20:54:37 - [Item]DSConquer[PM] update [1353797]500158 plus [0] s1[EmptySocket]s2[NoSocket]
2025-05-13 21:10:55 - [Item]DSConquer[PM] update [1353791]150249 plus [0] s1[NoSocket]s2[NoSocket]
2025-05-13 21:10:55 - [Item]DSConquer[PM] update [1353793]500329 plus [0] s1[NoSocket]s2[NoSocket]
2025-05-13 21:10:57 - [Item]DSConquer[PM] update [1353791]150249 plus [0] s1[NoSocket]s2[NoSocket]
2025-05-13 21:10:57 - [Item]DSConquer[PM] update [1353793]500329 plus [0] s1[NoSocket]s2[NoSocket]
