2025-07-07 10:11:22 - EasyMoney speaks to All : @scrol ltc
2025-07-07 10:11:25 - EasyMoney speaks to All : @scroll tc
2025-07-07 12:02:53 - EasyMoney speaks to All : @refresh
2025-07-07 12:02:57 - EasyMoney speaks to All : @refresh
2025-07-07 12:03:01 - EasyMoney speaks to All : @refresh
2025-07-07 12:03:06 - EasyMoney speaks to All : @refresh
2025-07-07 14:19:56 - EasyMoney speaks to All : @vendor
2025-07-07 14:20:17 - EasyMoney speaks to All : @vendor
2025-07-07 14:20:23 - EasyMoney speaks to All : @vipinfo
2025-07-07 14:20:30 - EasyMoney speaks to All : @vipinfo
2025-07-07 14:20:31 - EasyMoney speaks to All : @vendor
2025-07-07 14:20:37 - EasyMoney speaks to All : @vendor
2025-07-07 14:20:52 - EasyMoney speaks to All : @vendor
2025-07-07 14:21:09 - EasyMoney speaks to All : @clear
2025-07-07 14:21:26 - EasyMoney speaks to All : @vendor
2025-07-07 14:42:47 - EasyMoney speaks to All : @vendorinfo
2025-07-07 14:42:50 - EasyMoney speaks to All : @vendorinfo
2025-07-07 14:42:58 - EasyMoney speaks to All : @vendorinfo
2025-07-07 14:43:11 - EasyMoney speaks to All : @vendorinfo
2025-07-07 14:45:10 - EasyMoney speaks to All : vipinfo
2025-07-07 14:45:12 - EasyMoney speaks to All : @vipinfo
2025-07-07 14:51:18 - EasyMoney speaks to All : @vendorinfo
2025-07-07 14:52:16 - EasyMoney speaks to All : @vendorinfo
2025-07-07 14:54:26 - EasyMoney speaks to All : @vendorinfo
2025-07-07 14:57:40 - EasyMoney speaks to All : @vipinfo
2025-07-07 14:58:18 - EasyMoney speaks to All : @vendorinfo
2025-07-07 15:00:41 - EasyMoney speaks to All : @vendorinfo
2025-07-07 15:16:18 - EasyMoney speaks to All : @vendorinfo
2025-07-07 15:16:28 - EasyMoney speaks to All : @vendorinfo
2025-07-07 15:18:01 - EasyMoney speaks to All : @vendo
2025-07-07 15:18:03 - EasyMoney speaks to All : @vendor
2025-07-07 15:18:34 - EasyMoney speaks to All : @vendor
2025-07-07 15:18:55 - EasyMoney speaks to All : @vendor
2025-07-07 15:19:00 - EasyMoney speaks to All : @vendor
2025-07-07 15:27:00 - EasyMoney speaks to All : @vendorinfo
2025-07-07 15:27:04 - EasyMoney speaks to All : @vendorinfo
2025-07-07 15:27:38 - EasyMoney speaks to All : @vendor
2025-07-07 15:27:50 - EasyMoney speaks to All : @vendorinfo
2025-07-07 15:27:55 - EasyMoney speaks to All : @vendorinfo
2025-07-07 15:28:24 - EasyMoney speaks to All : @vendor
2025-07-07 15:28:35 - EasyMoney speaks to All : @vendor
2025-07-07 15:28:58 - EasyMoney speaks to All : @vendor
2025-07-07 15:30:47 - EasyMoney speaks to All : @vendor
2025-07-07 15:34:30 - EasyMoney speaks to All : @vendor
2025-07-07 15:38:58 - EasyMoney speaks to All : @vendorinfo
2025-07-07 15:39:51 - EasyMoney speaks to All : @vendorinfo
2025-07-07 15:40:16 - EasyMoney speaks to All : @vendorinfo
2025-07-07 15:40:47 - EasyMoney speaks to All : @vendorinfo
2025-07-07 15:41:38 - EasyMoney speaks to All : @vendorinfo
2025-07-07 15:42:11 - EasyMoney speaks to All : @vendor
2025-07-07 15:42:44 - EasyMoney speaks to All : @vendor
2025-07-07 15:45:11 - EasyMoney speaks to All : @vendorinfo
2025-07-07 15:45:31 - EasyMoney speaks to All : @vendor
2025-07-07 15:45:49 - EasyMoney speaks to All : @vendorinfo
2025-07-07 15:46:09 - EasyMoney speaks to All : @vendor
2025-07-07 15:46:11 - EasyMoney speaks to All : @vendorinfo
2025-07-07 15:46:16 - EasyMoney speaks to All : @vendorinfo
2025-07-07 15:46:19 - EasyMoney speaks to All : @vendorinfo
2025-07-07 15:47:49 - EasyMoney speaks to All : @vendor
2025-07-07 15:47:54 - EasyMoney speaks to All : @vendor
2025-07-07 15:49:17 - EasyMoney speaks to All : @vendorinfo
2025-07-07 15:49:28 - EasyMoney speaks to All : @vendor
2025-07-07 15:49:32 - EasyMoney speaks to All : @vendorinfo
2025-07-07 15:49:38 - EasyMoney speaks to All : @vendorinfo
2025-07-07 15:50:27 - EasyMoney speaks to All : @vendorinfo
2025-07-07 15:50:29 - EasyMoney speaks to All : @vendor
2025-07-07 15:50:31 - EasyMoney speaks to All : @vendorinfo
2025-07-07 15:50:33 - EasyMoney speaks to All : @vendorinfo
2025-07-07 15:51:44 - EasyMoney speaks to All : @vendor
2025-07-07 15:51:45 - EasyMoney speaks to All : @vendorinfo
2025-07-07 15:52:00 - EasyMoney speaks to All : @vendor
2025-07-07 15:52:03 - EasyMoney speaks to All : @vendorinfo
2025-07-07 15:52:07 - EasyMoney speaks to All : @vendorinfo
2025-07-07 15:54:44 - EasyMoney speaks to All : @vendorinfo
2025-07-07 15:54:45 - EasyMoney speaks to All : @vendor
2025-07-07 15:54:47 - EasyMoney speaks to All : @vendorinfo
