2025-07-25 05:32:36 - [Item]Pyra update [1772234]421339 plus [5] s1[SuperPhoenixGem]s2[SuperPhoenixGem]
2025-07-25 05:32:36 - [Item]Pyra update [1772237]152259 plus [5] s1[NoSocket]s2[NoSocket]
2025-07-25 05:37:15 - [Item]Pyra update [1772234]421339 plus [5] s1[SuperPhoenixGem]s2[SuperPhoenixGem]
2025-07-25 05:37:15 - [Item]Pyra update [1772237]152259 plus [5] s1[NoSocket]s2[NoSocket]
2025-07-25 05:43:03 - [Item]Hygienix update [1358836]900109 plus [3] s1[NoSocket]s2[NoSocket]
2025-07-25 05:43:03 - [Item]Hygienix update [1358840]111109 plus [3] s1[NoSocket]s2[NoSocket]
2025-07-25 05:43:04 - [Item]Hygienix update [1358839]131109 plus [3] s1[NoSocket]s2[NoSocket]
2025-07-25 05:43:05 - [Item]Hygienix update [1358834]150249 plus [3] s1[NoSocket]s2[NoSocket]
2025-07-25 05:43:06 - [Item]Hygienix update [1358833]120249 plus [3] s1[NoSocket]s2[NoSocket]
2025-07-25 05:43:07 - [Item]Hygienix update [1358835]160249 plus [3] s1[NoSocket]s2[NoSocket]
2025-07-25 06:04:07 - [Item]TestWar[PM] update [1358852]900109 plus [3] s1[SuperDragonGem]s2[SuperDragonGem]
2025-07-25 06:04:25 - [Item]TestWar[PM] update [1358844]410339 plus [3] s1[SuperDragonGem]s2[SuperDragonGem]
2025-07-25 06:04:27 - [Item]TestWar[PM] update [1358852]900109 plus [3] s1[SuperDragonGem]s2[SuperDragonGem]
2025-07-25 06:10:41 - [Item]TestWar[PM] update [1358844]410339 plus [3] s1[SuperDragonGem]s2[SuperDragonGem]
2025-07-25 06:15:42 - [Item]TestWar[PM] update [1358893]900109 plus [4] s1[SuperDragonGem]s2[NoSocket]
2025-07-25 06:16:09 - [Item]TestWar[PM] update [1358893]900109 plus [4] s1[SuperDragonGem]s2[NoSocket]
2025-07-25 06:20:16 - [Item]TestWar[PM] update [1358877]410339 plus [5] s1[SuperDragonGem]s2[SuperDragonGem]
2025-07-25 06:22:22 - [Item]TestWar[PM] update [1358836]900109 plus [3] s1[NoSocket]s2[NoSocket]
2025-07-25 06:26:04 - [Item]TestWar[PM] update [1358877]410339 plus [5] s1[SuperDragonGem]s2[SuperDragonGem]
2025-07-25 06:29:43 - [Item]TestWar[PM] update [1358877]410339 plus [5] s1[SuperDragonGem]s2[SuperDragonGem]
2025-07-25 06:30:48 - [Item]TestWar[PM] update [1358836]900109 plus [3] s1[NoSocket]s2[NoSocket]
2025-07-25 06:43:31 - [Item]TestFire[KN] update [1358822]421339 plus [2] s1[SuperPhoenixGem]s2[SuperPhoenixGem]
2025-07-25 06:52:37 - [Item]TestWar[PM] update [1358836]900109 plus [3] s1[NoSocket]s2[NoSocket]
2025-07-25 06:56:08 - [Item]TestWar[PM] update [1358833]120249 plus [3] s1[NoSocket]s2[NoSocket]
2025-07-25 06:56:08 - [Item]TestWar[PM] update [1358835]160249 plus [3] s1[NoSocket]s2[NoSocket]
2025-07-25 06:56:08 - [Item]TestWar[PM] update [1358914]131109 plus [3] s1[NoSocket]s2[NoSocket]
2025-07-25 06:56:08 - [Item]TestWar[PM] update [1358915]111109 plus [3] s1[NoSocket]s2[NoSocket]
2025-07-25 23:00:02 - [Item]DSConquer[PM] update [1547445]150249 plus [6] s1[SuperDragonGem]s2[SuperDragonGem]
2025-07-25 23:00:02 - [Item]DSConquer[PM] update [1759648]421339 plus [0] s1[NoSocket]s2[NoSocket]
2025-07-25 23:30:51 - [Item]DSConquer[PM] update [1547445]150249 plus [6] s1[SuperDragonGem]s2[SuperDragonGem]
2025-07-25 23:30:51 - [Item]DSConquer[PM] update [1759648]421339 plus [0] s1[NoSocket]s2[NoSocket]
2025-07-25 23:31:45 - [Item]DSConquer[PM] update [1547445]150249 plus [6] s1[SuperDragonGem]s2[SuperDragonGem]
2025-07-25 23:31:45 - [Item]DSConquer[PM] update [1759648]421339 plus [0] s1[NoSocket]s2[NoSocket]
2025-07-25 23:31:46 - [Item]DSConquer[PM] update [1547445]150249 plus [6] s1[SuperDragonGem]s2[SuperDragonGem]
2025-07-25 23:31:46 - [Item]DSConquer[PM] update [1759648]421339 plus [0] s1[NoSocket]s2[NoSocket]
2025-07-25 23:31:58 - [Item]DSConquer[PM] update [1547445]150249 plus [6] s1[SuperDragonGem]s2[SuperDragonGem]
2025-07-25 23:31:58 - [Item]DSConquer[PM] update [1759648]421339 plus [0] s1[NoSocket]s2[NoSocket]
2025-07-25 23:32:14 - [Item]DSConquer[PM] update [1547445]150249 plus [6] s1[SuperDragonGem]s2[SuperDragonGem]
2025-07-25 23:32:14 - [Item]DSConquer[PM] update [1759648]421339 plus [0] s1[NoSocket]s2[NoSocket]
2025-07-25 23:32:35 - [Item]DSConquer[PM] update [1547445]150249 plus [6] s1[SuperDragonGem]s2[SuperDragonGem]
2025-07-25 23:32:35 - [Item]DSConquer[PM] update [1759648]421339 plus [0] s1[NoSocket]s2[NoSocket]
2025-07-25 23:34:52 - [Item]DSConquer[PM] update [1547445]150249 plus [6] s1[SuperDragonGem]s2[SuperDragonGem]
2025-07-25 23:34:52 - [Item]DSConquer[PM] update [1759648]421339 plus [0] s1[NoSocket]s2[NoSocket]
2025-07-25 23:34:56 - [Item]DSConquer[PM] update [1547445]150249 plus [6] s1[SuperDragonGem]s2[SuperDragonGem]
2025-07-25 23:34:56 - [Item]DSConquer[PM] update [1759648]421339 plus [0] s1[NoSocket]s2[NoSocket]
2025-07-25 23:37:58 - [Item]DSConquer[PM] update [1547445]150249 plus [6] s1[SuperDragonGem]s2[SuperDragonGem]
2025-07-25 23:37:58 - [Item]DSConquer[PM] update [1759648]421339 plus [0] s1[NoSocket]s2[NoSocket]
2025-07-25 23:39:01 - [Item]DSConquer[PM] update [1547445]150249 plus [6] s1[SuperDragonGem]s2[SuperDragonGem]
2025-07-25 23:39:01 - [Item]DSConquer[PM] update [1759648]421339 plus [0] s1[NoSocket]s2[NoSocket]
2025-07-25 23:39:09 - [Item]DSConquer[PM] update [1547445]150249 plus [6] s1[SuperDragonGem]s2[SuperDragonGem]
2025-07-25 23:39:09 - [Item]DSConquer[PM] update [1759648]421339 plus [0] s1[NoSocket]s2[NoSocket]
2025-07-25 23:39:19 - [Item]DSConquer[PM] update [1547445]150249 plus [6] s1[SuperDragonGem]s2[SuperDragonGem]
2025-07-25 23:39:19 - [Item]DSConquer[PM] update [1759648]421339 plus [0] s1[NoSocket]s2[NoSocket]
2025-07-25 23:39:19 - [Item]DSConquer[PM] update [1547445]150249 plus [6] s1[SuperDragonGem]s2[SuperDragonGem]
2025-07-25 23:39:19 - [Item]DSConquer[PM] update [1759648]421339 plus [0] s1[NoSocket]s2[NoSocket]
2025-07-25 23:39:27 - [Item]DSConquer[PM] update [1547445]150249 plus [6] s1[SuperDragonGem]s2[SuperDragonGem]
2025-07-25 23:39:27 - [Item]DSConquer[PM] update [1759648]421339 plus [0] s1[NoSocket]s2[NoSocket]
2025-07-25 23:39:47 - [Item]DSConquer[PM] update [1547445]150249 plus [6] s1[SuperDragonGem]s2[SuperDragonGem]
2025-07-25 23:39:47 - [Item]DSConquer[PM] update [1759648]421339 plus [0] s1[NoSocket]s2[NoSocket]
2025-07-25 23:40:21 - [Item]DSConquer[PM] update [1547445]150249 plus [6] s1[SuperDragonGem]s2[SuperDragonGem]
2025-07-25 23:40:21 - [Item]DSConquer[PM] update [1759648]421339 plus [0] s1[NoSocket]s2[NoSocket]
2025-07-25 23:40:44 - [Item]DSConquer[PM] update [1547445]150249 plus [6] s1[SuperDragonGem]s2[SuperDragonGem]
2025-07-25 23:40:44 - [Item]DSConquer[PM] update [1759648]421339 plus [0] s1[NoSocket]s2[NoSocket]
2025-07-25 23:40:56 - [Item]DSConquer[PM] update [1547445]150249 plus [6] s1[SuperDragonGem]s2[SuperDragonGem]
2025-07-25 23:40:56 - [Item]DSConquer[PM] update [1759648]421339 plus [0] s1[NoSocket]s2[NoSocket]
2025-07-25 23:41:06 - [Item]DSConquer[PM] update [1547445]150249 plus [6] s1[SuperDragonGem]s2[SuperDragonGem]
2025-07-25 23:41:06 - [Item]DSConquer[PM] update [1759648]421339 plus [0] s1[NoSocket]s2[NoSocket]
2025-07-25 23:41:20 - [Item]DSConquer[PM] update [1547445]150249 plus [6] s1[SuperDragonGem]s2[SuperDragonGem]
2025-07-25 23:41:20 - [Item]DSConquer[PM] update [1759648]421339 plus [0] s1[NoSocket]s2[NoSocket]
2025-07-25 23:41:47 - [Item]DSConquer[PM] update [1547445]150249 plus [6] s1[SuperDragonGem]s2[SuperDragonGem]
2025-07-25 23:41:47 - [Item]DSConquer[PM] update [1759648]421339 plus [0] s1[NoSocket]s2[NoSocket]
2025-07-25 23:41:51 - [Item]DSConquer[PM] update [1547445]150249 plus [6] s1[SuperDragonGem]s2[SuperDragonGem]
2025-07-25 23:41:51 - [Item]DSConquer[PM] update [1759648]421339 plus [0] s1[NoSocket]s2[NoSocket]
2025-07-25 23:42:37 - [Item]DSConquer[PM] update [1547445]150249 plus [6] s1[SuperDragonGem]s2[SuperDragonGem]
2025-07-25 23:42:37 - [Item]DSConquer[PM] update [1759648]421339 plus [0] s1[NoSocket]s2[NoSocket]
2025-07-25 23:42:38 - [Item]DSConquer[PM] update [1547445]150249 plus [6] s1[SuperDragonGem]s2[SuperDragonGem]
2025-07-25 23:42:38 - [Item]DSConquer[PM] update [1759648]421339 plus [0] s1[NoSocket]s2[NoSocket]
2025-07-25 23:42:42 - [Item]DSConquer[PM] update [1547445]150249 plus [6] s1[SuperDragonGem]s2[SuperDragonGem]
2025-07-25 23:42:42 - [Item]DSConquer[PM] update [1759648]421339 plus [0] s1[NoSocket]s2[NoSocket]
2025-07-25 23:42:55 - [Item]DSConquer[PM] update [1547445]150249 plus [6] s1[SuperDragonGem]s2[SuperDragonGem]
2025-07-25 23:42:55 - [Item]DSConquer[PM] update [1759648]421339 plus [0] s1[NoSocket]s2[NoSocket]
2025-07-25 23:45:34 - [Item]DSConquer[PM] update [1547445]150249 plus [6] s1[SuperDragonGem]s2[SuperDragonGem]
2025-07-25 23:45:34 - [Item]DSConquer[PM] update [1759648]421339 plus [0] s1[NoSocket]s2[NoSocket]
2025-07-25 23:45:47 - [Item]DSConquer[PM] update [1547445]150249 plus [6] s1[SuperDragonGem]s2[SuperDragonGem]
2025-07-25 23:45:47 - [Item]DSConquer[PM] update [1759648]421339 plus [0] s1[NoSocket]s2[NoSocket]
2025-07-25 23:46:07 - [Item]DSConquer[PM] update [1547445]150249 plus [6] s1[SuperDragonGem]s2[SuperDragonGem]
2025-07-25 23:46:07 - [Item]DSConquer[PM] update [1759648]421339 plus [0] s1[NoSocket]s2[NoSocket]
2025-07-25 23:46:34 - [Item]DSConquer[PM] update [1547445]150249 plus [6] s1[SuperDragonGem]s2[SuperDragonGem]
2025-07-25 23:46:34 - [Item]DSConquer[PM] update [1759648]421339 plus [0] s1[NoSocket]s2[NoSocket]
2025-07-25 23:46:49 - [Item]DSConquer[PM] update [1547445]150249 plus [6] s1[SuperDragonGem]s2[SuperDragonGem]
2025-07-25 23:46:49 - [Item]DSConquer[PM] update [1759648]421339 plus [0] s1[NoSocket]s2[NoSocket]
