2025-07-30 07:41:16 - [Item]DSConquer[PM] update [1359484]186685 plus [0] s1[NoSocket]s2[NoSocket]
2025-07-30 12:31:06 - [Item]DSConquer[PM] update [1359625]151033 plus [0] s1[NoSocket]s2[NoSocket]
2025-07-30 12:31:42 - [Item]DSConquer[PM] update [1359625]151053 plus [0] s1[NoSocket]s2[NoSocket]
2025-07-30 12:31:50 - [Item]DSConquer[PM] update [1359625]151073 plus [0] s1[NoSocket]s2[NoSocket]
2025-07-30 13:12:46 - [Item]DSConquer[PM] update [1359421]900119 plus [0] s1[NoSocket]s2[NoSocket]
2025-07-30 13:13:06 - [Item]DSConquer[PM] update [1359421]900129 plus [0] s1[NoSocket]s2[NoSocket]
2025-07-30 13:13:50 - [Item]DSConquer[PM] update [1359421]900139 plus [0] s1[NoSocket]s2[NoSocket]
2025-07-30 13:15:29 - [Item]DSConquer[PM] update [1359667]900279 plus [5] s1[NoSocket]s2[NoSocket]
2025-07-30 13:16:29 - [Item]DSConquer[PM] update [1359421]900139 plus [0] s1[NoSocket]s2[NoSocket]
2025-07-30 13:18:46 - [Item]DSConquer[PM] update [1359667]900279 plus [5] s1[NoSocket]s2[NoSocket]
2025-07-30 14:08:52 - [Item]DSConquer[PM] update [1359668]900035 plus [0] s1[NoSocket]s2[NoSocket]
2025-07-30 14:09:15 - [Item]DSConquer[PM] update [1359669]380078 plus [0] s1[NoSocket]s2[NoSocket]
2025-07-30 14:13:16 - [Item]DSConquer[PM] update [1359677]131109 plus [0] s1[SuperDragonGem]s2[EmptySocket]
2025-07-30 14:13:18 - [Item]DSConquer[PM] update [1359677]131109 plus [0] s1[EmptySocket]s2[EmptySocket]
2025-07-30 14:13:19 - [Item]DSConquer[PM] update [1359677]131109 plus [0] s1[SuperFuryGem]s2[EmptySocket]
2025-07-30 14:13:26 - [Item]DSConquer[PM] update [1359676]560339 plus [0] s1[SuperDragonGem]s2[EmptySocket]
2025-07-30 14:13:28 - [Item]DSConquer[PM] update [1359676]560339 plus [0] s1[EmptySocket]s2[EmptySocket]
2025-07-30 14:13:33 - [Item]DSConquer[PM] update [1359676]560339 plus [0] s1[SuperFuryGem]s2[EmptySocket]
2025-07-30 14:13:33 - [Item]DSConquer[PM] update [1359676]560339 plus [0] s1[SuperFuryGem]s2[SuperFuryGem]
2025-07-30 14:30:05 - [Item]DSConquer[PM] update [1359475]410339 plus [5] s1[SuperDragonGem]s2[EmptySocket]
2025-07-30 14:30:07 - [Item]DSConquer[PM] update [1359475]410339 plus [5] s1[EmptySocket]s2[EmptySocket]
2025-07-30 14:30:11 - [Item]DSConquer[PM] update [1359475]410339 plus [5] s1[SuperFuryGem]s2[EmptySocket]
2025-07-30 14:30:11 - [Item]DSConquer[PM] update [1359475]410339 plus [5] s1[SuperFuryGem]s2[SuperFuryGem]
2025-07-30 14:32:21 - [Item]DSConquer[PM] update [1359674]900109 plus [0] s1[SuperDragonGem]s2[SuperDragonGem]
2025-07-30 14:35:21 - [Item]DSConquer[PM] update [1359386]900109 plus [3] s1[NoSocket]s2[NoSocket]
2025-07-30 18:55:00 - [Item]DSConquer[PM] update [1359403]150249 plus [4] s1[NoSocket]s2[NoSocket]
2025-07-30 19:04:22 - [Item]DSConquer[PM] update [1359670]510003 plus [0] s1[NoSocket]s2[NoSocket]
2025-07-30 19:05:40 - [Item]DSConquer[PM] update [1359670]510003 plus [0] s1[NoSocket]s2[NoSocket]
2025-07-30 19:13:06 - [Item]DSConquer[PM] update [1359684]490089 plus [0] s1[NoSocket]s2[NoSocket]
2025-07-30 19:18:06 - [Item]DSConquer[PM] update [1359684]490089 plus [0] s1[NoSocket]s2[NoSocket]
2025-07-30 19:18:35 - [Item]DSConquer[PM] update [1359670]510003 plus [0] s1[NoSocket]s2[NoSocket]
2025-07-30 19:19:25 - [Item]DSConquer[PM] update [1359670]510003 plus [0] s1[NoSocket]s2[NoSocket]
2025-07-30 19:20:43 - [Item]DSConquer[PM] update [1359670]510003 plus [0] s1[NoSocket]s2[NoSocket]
2025-07-30 19:20:47 - [Item]DSConquer[PM] update [1359671]120249 plus [0] s1[SuperDragonGem]s2[SuperDragonGem]
2025-07-30 19:20:54 - [Item]DSConquer[PM] update [1359403]150249 plus [4] s1[NoSocket]s2[NoSocket]
2025-07-30 19:22:16 - [Item]DSConquer[PM] update [1359670]510003 plus [0] s1[NoSocket]s2[NoSocket]
2025-07-30 19:22:59 - [Item]DSConquer[PM] update [1359670]510003 plus [0] s1[NoSocket]s2[NoSocket]
2025-07-30 19:37:52 - [Item]DSConquer[PM] update [1359670]510003 plus [0] s1[NoSocket]s2[NoSocket]
2025-07-30 19:41:51 - [Item]DSConquer[PM] update [1359700]2100025 plus [0] s1[NoSocket]s2[NoSocket]
2025-07-30 19:42:01 - [Item]DSConquer[PM] update [1359700]2100025 plus [0] s1[NoSocket]s2[NoSocket]
2025-07-30 19:42:06 - [Item]DSConquer[PM] update [1359700]2100025 plus [0] s1[NoSocket]s2[NoSocket]
2025-07-30 19:42:10 - [Item]DSConquer[PM] update [1359670]510003 plus [0] s1[NoSocket]s2[NoSocket]
