2025-07-21 13:37:13 - [Item]DSConquer[PM] update [1530181]192225 plus [0] s1[NoSocket]s2[NoSocket]
2025-07-21 13:40:11 - [Item]DSConquer[PM] update [1358619]1002040 plus [0] s1[NoSocket]s2[NoSocket]
2025-07-21 13:40:11 - [Item]DSConquer[PM] update [1358619]1002040 plus [0] s1[NoSocket]s2[NoSocket]
2025-07-21 13:40:11 - [Item]DSConquer[PM] update [1358619]1002040 plus [0] s1[NoSocket]s2[NoSocket]
2025-07-21 13:40:11 - [Item]DSConquer[PM] update [1358619]1002040 plus [0] s1[NoSocket]s2[NoSocket]
2025-07-21 13:40:11 - [Item]DSConquer[PM] update [1358620]1002040 plus [0] s1[NoSocket]s2[NoSocket]
2025-07-21 13:40:11 - [Item]DSConquer[PM] update [1358620]1002040 plus [0] s1[NoSocket]s2[NoSocket]
2025-07-21 13:40:11 - [Item]DSConquer[PM] update [1358620]1002040 plus [0] s1[NoSocket]s2[NoSocket]
2025-07-21 13:40:11 - [Item]DSConquer[PM] update [1358620]1002040 plus [0] s1[NoSocket]s2[NoSocket]
2025-07-21 13:40:13 - [Item]DSConquer[PM] update [1358619]1002040 plus [0] s1[NoSocket]s2[NoSocket]
2025-07-21 13:41:42 - [Item]DSConquer[PM] update [1358619]1002040 plus [0] s1[NoSocket]s2[NoSocket]
2025-07-21 14:12:55 - [Item]DSConquer[PM] update [1358623]1050002 plus [0] s1[NoSocket]s2[NoSocket]
2025-07-21 14:18:41 - [Item]DSConquer[PM] update [1358619]1002040 plus [0] s1[NoSocket]s2[NoSocket]
2025-07-21 14:49:17 - [Item]HeartLess update [1712388]130069 plus [0] s1[SuperDragonGem]s2[NoSocket]
2025-07-21 14:49:17 - [Item]HeartLess update [1420140]117109 plus [3] s1[NoSocket]s2[NoSocket]
2025-07-21 14:49:17 - [Item]HeartLess update [1420698]120249 plus [4] s1[NoSocket]s2[NoSocket]
2025-07-21 14:49:17 - [Item]HeartLess update [1378165]160249 plus [4] s1[NoSocket]s2[NoSocket]
2025-07-21 14:49:17 - [Item]HeartLess update [1712388]130069 plus [0] s1[SuperDragonGem]s2[NoSocket]
2025-07-21 14:49:17 - [Item]HeartLess update [1420140]117109 plus [3] s1[NoSocket]s2[NoSocket]
2025-07-21 14:49:17 - [Item]HeartLess update [1420698]120249 plus [4] s1[NoSocket]s2[NoSocket]
2025-07-21 14:49:17 - [Item]HeartLess update [1378165]160249 plus [4] s1[NoSocket]s2[NoSocket]
2025-07-21 14:53:38 - [Item]Bingkat update [1746890]1002040 plus [0] s1[NoSocket]s2[NoSocket]
2025-07-21 14:57:49 - [Item]Bingkat update [1612468]152259 plus [3] s1[NoSocket]s2[NoSocket]
2025-07-21 14:57:49 - [Item]Bingkat update [1615654]421339 plus [4] s1[SuperPhoenixGem]s2[SuperPhoenixGem]
2025-07-21 15:26:43 - [Item]Artseah update [1564198]130109 plus [4] s1[SuperDragonGem]s2[NoSocket]
2025-07-21 15:26:43 - [Item]Artseah update [1732317]111109 plus [4] s1[NoSocket]s2[NoSocket]
2025-07-21 15:26:43 - [Item]Artseah update [1642238]120249 plus [3] s1[NoSocket]s2[NoSocket]
2025-07-21 15:26:43 - [Item]Artseah update [1436880]160249 plus [3] s1[NoSocket]s2[NoSocket]
2025-07-21 15:30:29 - [Item]Bingkat update [1612468]152259 plus [3] s1[NoSocket]s2[NoSocket]
2025-07-21 15:30:29 - [Item]Bingkat update [1615654]421339 plus [4] s1[SuperPhoenixGem]s2[SuperPhoenixGem]
2025-07-21 15:31:20 - [Item]Bingkat update [1612468]152259 plus [3] s1[NoSocket]s2[NoSocket]
2025-07-21 15:31:20 - [Item]Bingkat update [1615654]421339 plus [4] s1[SuperPhoenixGem]s2[SuperPhoenixGem]
2025-07-21 15:46:45 - [Item]DSConquer[PM] update [1547444]120249 plus [6] s1[SuperDragonGem]s2[SuperDragonGem]
2025-07-21 15:46:45 - [Item]DSConquer[PM] update [1547446]160249 plus [6] s1[SuperDragonGem]s2[SuperDragonGem]
2025-07-21 15:46:45 - [Item]DSConquer[PM] update [1547450]130109 plus [6] s1[SuperDragonGem]s2[SuperDragonGem]
2025-07-21 15:47:05 - [Item]PapaMoMink update [1378291]150249 plus [4] s1[NoSocket]s2[NoSocket]
2025-07-21 15:47:05 - [Item]PapaMoMink update [1621488]500329 plus [3] s1[SuperFuryGem]s2[SuperFuryGem]
2025-07-21 15:47:35 - [Item]DSConquer[PM] update [1547444]120249 plus [6] s1[SuperDragonGem]s2[SuperDragonGem]
2025-07-21 15:47:35 - [Item]DSConquer[PM] update [1547446]160249 plus [6] s1[SuperDragonGem]s2[SuperDragonGem]
2025-07-21 15:47:35 - [Item]DSConquer[PM] update [1547450]130109 plus [6] s1[SuperDragonGem]s2[SuperDragonGem]
2025-07-21 15:47:51 - [Item]PapaMoMink update [1378291]150249 plus [4] s1[NoSocket]s2[NoSocket]
2025-07-21 15:47:51 - [Item]PapaMoMink update [1621488]500329 plus [3] s1[SuperFuryGem]s2[SuperFuryGem]
2025-07-21 15:47:52 - [Item]PapaMoMink update [1378293]160249 plus [4] s1[NoSocket]s2[NoSocket]
2025-07-21 15:47:52 - [Item]PapaMoMink update [1420272]133109 plus [2] s1[NoSocket]s2[NoSocket]
2025-07-21 15:47:52 - [Item]PapaMoMink update [1416158]120249 plus [4] s1[NoSocket]s2[NoSocket]
2025-07-21 15:47:52 - [Item]PapaMoMink update [1415694]117109 plus [4] s1[NoSocket]s2[NoSocket]
2025-07-21 15:48:08 - [Item]DSConquer[PM] update [1547444]120249 plus [6] s1[SuperDragonGem]s2[SuperDragonGem]
2025-07-21 15:48:08 - [Item]DSConquer[PM] update [1547446]160249 plus [6] s1[SuperDragonGem]s2[SuperDragonGem]
2025-07-21 15:48:08 - [Item]DSConquer[PM] update [1547450]130109 plus [6] s1[SuperDragonGem]s2[SuperDragonGem]
2025-07-21 15:48:14 - [Item]PapaMoMink update [1378293]160249 plus [4] s1[NoSocket]s2[NoSocket]
2025-07-21 15:48:14 - [Item]PapaMoMink update [1420272]133109 plus [2] s1[NoSocket]s2[NoSocket]
2025-07-21 15:48:14 - [Item]PapaMoMink update [1416158]120249 plus [4] s1[NoSocket]s2[NoSocket]
2025-07-21 15:48:14 - [Item]PapaMoMink update [1415694]117109 plus [4] s1[NoSocket]s2[NoSocket]
2025-07-21 15:48:18 - [Item]PapaMoMink update [1378291]150249 plus [4] s1[NoSocket]s2[NoSocket]
2025-07-21 15:48:18 - [Item]PapaMoMink update [1621488]500329 plus [3] s1[SuperFuryGem]s2[SuperFuryGem]
2025-07-21 15:48:21 - [Item]PapaMoMink update [1378291]150249 plus [4] s1[NoSocket]s2[NoSocket]
2025-07-21 15:48:21 - [Item]PapaMoMink update [1621488]500329 plus [3] s1[SuperFuryGem]s2[SuperFuryGem]
2025-07-21 15:50:04 - [Item]DSConquer[PM] update [1547444]120249 plus [6] s1[SuperDragonGem]s2[SuperDragonGem]
2025-07-21 15:50:04 - [Item]DSConquer[PM] update [1547446]160249 plus [6] s1[SuperDragonGem]s2[SuperDragonGem]
2025-07-21 15:50:04 - [Item]DSConquer[PM] update [1547450]130109 plus [6] s1[SuperDragonGem]s2[SuperDragonGem]
2025-07-21 15:50:10 - [Item]PapaMoMink update [1378293]160249 plus [4] s1[NoSocket]s2[NoSocket]
2025-07-21 15:50:10 - [Item]PapaMoMink update [1420272]133109 plus [2] s1[NoSocket]s2[NoSocket]
2025-07-21 15:50:10 - [Item]PapaMoMink update [1416158]120249 plus [4] s1[NoSocket]s2[NoSocket]
2025-07-21 15:50:10 - [Item]PapaMoMink update [1415694]117109 plus [4] s1[NoSocket]s2[NoSocket]
2025-07-21 15:50:12 - [Item]DSConquer[PM] update [1547444]120249 plus [6] s1[SuperDragonGem]s2[SuperDragonGem]
2025-07-21 15:50:12 - [Item]DSConquer[PM] update [1547446]160249 plus [6] s1[SuperDragonGem]s2[SuperDragonGem]
2025-07-21 15:50:12 - [Item]DSConquer[PM] update [1547450]130109 plus [6] s1[SuperDragonGem]s2[SuperDragonGem]
2025-07-21 15:50:14 - [Item]PapaMoMink update [1378291]150249 plus [4] s1[NoSocket]s2[NoSocket]
2025-07-21 15:50:14 - [Item]PapaMoMink update [1621488]500329 plus [3] s1[SuperFuryGem]s2[SuperFuryGem]
2025-07-21 15:50:14 - [Item]DSConquer[PM] update [1547444]120249 plus [6] s1[SuperDragonGem]s2[SuperDragonGem]
2025-07-21 15:50:14 - [Item]DSConquer[PM] update [1547446]160249 plus [6] s1[SuperDragonGem]s2[SuperDragonGem]
2025-07-21 15:50:14 - [Item]DSConquer[PM] update [1547450]130109 plus [6] s1[SuperDragonGem]s2[SuperDragonGem]
2025-07-21 15:50:30 - [Item]PapaMoMink update [1378291]150249 plus [4] s1[NoSocket]s2[NoSocket]
2025-07-21 15:50:30 - [Item]PapaMoMink update [1621488]500329 plus [3] s1[SuperFuryGem]s2[SuperFuryGem]
2025-07-21 15:50:33 - [Item]PapaMoMink update [1378293]160249 plus [4] s1[NoSocket]s2[NoSocket]
2025-07-21 15:50:33 - [Item]PapaMoMink update [1420272]133109 plus [2] s1[NoSocket]s2[NoSocket]
2025-07-21 15:50:33 - [Item]PapaMoMink update [1416158]120249 plus [4] s1[NoSocket]s2[NoSocket]
2025-07-21 15:50:33 - [Item]PapaMoMink update [1415694]117109 plus [4] s1[NoSocket]s2[NoSocket]
2025-07-21 15:50:49 - [Item]DSConquer[PM] update [1547444]120249 plus [6] s1[SuperDragonGem]s2[SuperDragonGem]
2025-07-21 15:50:49 - [Item]DSConquer[PM] update [1547446]160249 plus [6] s1[SuperDragonGem]s2[SuperDragonGem]
2025-07-21 15:50:49 - [Item]DSConquer[PM] update [1547450]130109 plus [6] s1[SuperDragonGem]s2[SuperDragonGem]
2025-07-21 15:51:05 - [Item]Artseah update [1564198]130109 plus [4] s1[SuperDragonGem]s2[NoSocket]
2025-07-21 15:51:05 - [Item]Artseah update [1732317]111109 plus [4] s1[NoSocket]s2[NoSocket]
2025-07-21 15:51:05 - [Item]Artseah update [1642238]120249 plus [3] s1[NoSocket]s2[NoSocket]
2025-07-21 15:51:05 - [Item]Artseah update [1436880]160249 plus [3] s1[NoSocket]s2[NoSocket]
2025-07-21 15:51:17 - [Item]Artseah update [1564198]130109 plus [4] s1[SuperDragonGem]s2[NoSocket]
2025-07-21 15:51:17 - [Item]Artseah update [1732317]111109 plus [4] s1[NoSocket]s2[NoSocket]
2025-07-21 15:51:17 - [Item]Artseah update [1642238]120249 plus [3] s1[NoSocket]s2[NoSocket]
2025-07-21 15:51:17 - [Item]Artseah update [1436880]160249 plus [3] s1[NoSocket]s2[NoSocket]
2025-07-21 15:51:41 - [Item]PapaMoMink update [1378293]160249 plus [4] s1[NoSocket]s2[NoSocket]
2025-07-21 15:51:41 - [Item]PapaMoMink update [1420272]133109 plus [2] s1[NoSocket]s2[NoSocket]
2025-07-21 15:51:41 - [Item]PapaMoMink update [1416158]120249 plus [4] s1[NoSocket]s2[NoSocket]
2025-07-21 15:51:41 - [Item]PapaMoMink update [1415694]117109 plus [4] s1[NoSocket]s2[NoSocket]
2025-07-21 15:51:57 - [Item]PapaMoMink update [1378293]160249 plus [4] s1[NoSocket]s2[NoSocket]
2025-07-21 15:51:57 - [Item]PapaMoMink update [1420272]133109 plus [2] s1[NoSocket]s2[NoSocket]
2025-07-21 15:51:57 - [Item]PapaMoMink update [1416158]120249 plus [4] s1[NoSocket]s2[NoSocket]
2025-07-21 15:51:57 - [Item]PapaMoMink update [1415694]117109 plus [4] s1[NoSocket]s2[NoSocket]
2025-07-21 15:52:06 - [Item]PapaMoMink update [1378293]160249 plus [4] s1[NoSocket]s2[NoSocket]
2025-07-21 15:52:06 - [Item]PapaMoMink update [1420272]133109 plus [2] s1[NoSocket]s2[NoSocket]
2025-07-21 15:52:06 - [Item]PapaMoMink update [1416158]120249 plus [4] s1[NoSocket]s2[NoSocket]
2025-07-21 15:52:06 - [Item]PapaMoMink update [1415694]117109 plus [4] s1[NoSocket]s2[NoSocket]
2025-07-21 15:52:17 - [Item]PapaMoMink update [1378293]160249 plus [4] s1[NoSocket]s2[NoSocket]
2025-07-21 15:52:17 - [Item]PapaMoMink update [1420272]133109 plus [2] s1[NoSocket]s2[NoSocket]
2025-07-21 15:52:17 - [Item]PapaMoMink update [1416158]120249 plus [4] s1[NoSocket]s2[NoSocket]
2025-07-21 15:52:17 - [Item]PapaMoMink update [1415694]117109 plus [4] s1[NoSocket]s2[NoSocket]
2025-07-21 15:52:32 - [Item]PapaMoMink update [1378293]160249 plus [4] s1[NoSocket]s2[NoSocket]
2025-07-21 15:52:32 - [Item]PapaMoMink update [1420272]133109 plus [2] s1[NoSocket]s2[NoSocket]
2025-07-21 15:52:32 - [Item]PapaMoMink update [1416158]120249 plus [4] s1[NoSocket]s2[NoSocket]
2025-07-21 15:52:32 - [Item]PapaMoMink update [1415694]117109 plus [4] s1[NoSocket]s2[NoSocket]
2025-07-21 15:52:32 - [Item]PapaMoMink update [1378293]160249 plus [4] s1[NoSocket]s2[NoSocket]
2025-07-21 15:52:32 - [Item]PapaMoMink update [1420272]133109 plus [2] s1[NoSocket]s2[NoSocket]
2025-07-21 15:52:32 - [Item]PapaMoMink update [1416158]120249 plus [4] s1[NoSocket]s2[NoSocket]
2025-07-21 15:52:32 - [Item]PapaMoMink update [1415694]117109 plus [4] s1[NoSocket]s2[NoSocket]
2025-07-21 15:53:26 - [Item]PapaMoMink update [1378293]160249 plus [4] s1[NoSocket]s2[NoSocket]
2025-07-21 15:53:26 - [Item]PapaMoMink update [1420272]133109 plus [2] s1[NoSocket]s2[NoSocket]
2025-07-21 15:53:26 - [Item]PapaMoMink update [1416158]120249 plus [4] s1[NoSocket]s2[NoSocket]
2025-07-21 15:53:26 - [Item]PapaMoMink update [1415694]117109 plus [4] s1[NoSocket]s2[NoSocket]
2025-07-21 15:53:31 - [Item]PapaMoMink update [1378293]160249 plus [4] s1[NoSocket]s2[NoSocket]
2025-07-21 15:53:31 - [Item]PapaMoMink update [1420272]133109 plus [2] s1[NoSocket]s2[NoSocket]
2025-07-21 15:53:31 - [Item]PapaMoMink update [1416158]120249 plus [4] s1[NoSocket]s2[NoSocket]
2025-07-21 15:53:31 - [Item]PapaMoMink update [1415694]117109 plus [4] s1[NoSocket]s2[NoSocket]
2025-07-21 15:53:38 - [Item]PapaMoMink update [1378293]160249 plus [4] s1[NoSocket]s2[NoSocket]
2025-07-21 15:53:38 - [Item]PapaMoMink update [1420272]133109 plus [2] s1[NoSocket]s2[NoSocket]
2025-07-21 15:53:38 - [Item]PapaMoMink update [1416158]120249 plus [4] s1[NoSocket]s2[NoSocket]
2025-07-21 15:53:38 - [Item]PapaMoMink update [1415694]117109 plus [4] s1[NoSocket]s2[NoSocket]
2025-07-21 15:54:07 - [Item]PapaMoMink update [1378293]160249 plus [4] s1[NoSocket]s2[NoSocket]
2025-07-21 15:54:07 - [Item]PapaMoMink update [1420272]133109 plus [2] s1[NoSocket]s2[NoSocket]
2025-07-21 15:54:07 - [Item]PapaMoMink update [1416158]120249 plus [4] s1[NoSocket]s2[NoSocket]
2025-07-21 15:54:07 - [Item]PapaMoMink update [1415694]117109 plus [4] s1[NoSocket]s2[NoSocket]
2025-07-21 15:54:19 - [Item]PapaMoMink update [1378293]160249 plus [4] s1[NoSocket]s2[NoSocket]
2025-07-21 15:54:19 - [Item]PapaMoMink update [1420272]133109 plus [2] s1[NoSocket]s2[NoSocket]
2025-07-21 15:54:19 - [Item]PapaMoMink update [1416158]120249 plus [4] s1[NoSocket]s2[NoSocket]
2025-07-21 15:54:19 - [Item]PapaMoMink update [1415694]117109 plus [4] s1[NoSocket]s2[NoSocket]
2025-07-21 15:54:32 - [Item]PapaMoMink update [1378293]160249 plus [4] s1[NoSocket]s2[NoSocket]
2025-07-21 15:54:32 - [Item]PapaMoMink update [1420272]133109 plus [2] s1[NoSocket]s2[NoSocket]
2025-07-21 15:54:32 - [Item]PapaMoMink update [1416158]120249 plus [4] s1[NoSocket]s2[NoSocket]
2025-07-21 15:54:32 - [Item]PapaMoMink update [1415694]117109 plus [4] s1[NoSocket]s2[NoSocket]
2025-07-21 15:54:36 - [Item]PapaMoMink update [1378293]160249 plus [4] s1[NoSocket]s2[NoSocket]
2025-07-21 15:54:36 - [Item]PapaMoMink update [1420272]133109 plus [2] s1[NoSocket]s2[NoSocket]
2025-07-21 15:54:36 - [Item]PapaMoMink update [1416158]120249 plus [4] s1[NoSocket]s2[NoSocket]
2025-07-21 15:54:36 - [Item]PapaMoMink update [1415694]117109 plus [4] s1[NoSocket]s2[NoSocket]
2025-07-21 15:54:43 - [Item]PapaMoMink update [1378293]160249 plus [4] s1[NoSocket]s2[NoSocket]
2025-07-21 15:54:43 - [Item]PapaMoMink update [1420272]133109 plus [2] s1[NoSocket]s2[NoSocket]
2025-07-21 15:54:43 - [Item]PapaMoMink update [1416158]120249 plus [4] s1[NoSocket]s2[NoSocket]
2025-07-21 15:54:43 - [Item]PapaMoMink update [1415694]117109 plus [4] s1[NoSocket]s2[NoSocket]
2025-07-21 15:54:47 - [Item]PapaMoMink update [1378293]160249 plus [4] s1[NoSocket]s2[NoSocket]
2025-07-21 15:54:47 - [Item]PapaMoMink update [1420272]133109 plus [2] s1[NoSocket]s2[NoSocket]
2025-07-21 15:54:47 - [Item]PapaMoMink update [1416158]120249 plus [4] s1[NoSocket]s2[NoSocket]
2025-07-21 15:54:47 - [Item]PapaMoMink update [1415694]117109 plus [4] s1[NoSocket]s2[NoSocket]
2025-07-21 15:54:48 - [Item]PapaMoMink update [1378293]160249 plus [4] s1[NoSocket]s2[NoSocket]
2025-07-21 15:54:48 - [Item]PapaMoMink update [1420272]133109 plus [2] s1[NoSocket]s2[NoSocket]
2025-07-21 15:54:48 - [Item]PapaMoMink update [1416158]120249 plus [4] s1[NoSocket]s2[NoSocket]
2025-07-21 15:54:48 - [Item]PapaMoMink update [1415694]117109 plus [4] s1[NoSocket]s2[NoSocket]
2025-07-21 15:55:08 - [Item]PapaMoMink update [1378293]160249 plus [4] s1[NoSocket]s2[NoSocket]
2025-07-21 15:55:08 - [Item]PapaMoMink update [1420272]133109 plus [2] s1[NoSocket]s2[NoSocket]
2025-07-21 15:55:08 - [Item]PapaMoMink update [1416158]120249 plus [4] s1[NoSocket]s2[NoSocket]
2025-07-21 15:55:08 - [Item]PapaMoMink update [1415694]117109 plus [4] s1[NoSocket]s2[NoSocket]
2025-07-21 15:55:10 - [Item]PapaMoMink update [1378293]160249 plus [4] s1[NoSocket]s2[NoSocket]
2025-07-21 15:55:10 - [Item]PapaMoMink update [1420272]133109 plus [2] s1[NoSocket]s2[NoSocket]
2025-07-21 15:55:10 - [Item]PapaMoMink update [1416158]120249 plus [4] s1[NoSocket]s2[NoSocket]
2025-07-21 15:55:10 - [Item]PapaMoMink update [1415694]117109 plus [4] s1[NoSocket]s2[NoSocket]
2025-07-21 15:55:21 - [Item]PapaMoMink update [1378293]160249 plus [4] s1[NoSocket]s2[NoSocket]
2025-07-21 15:55:21 - [Item]PapaMoMink update [1420272]133109 plus [2] s1[NoSocket]s2[NoSocket]
2025-07-21 15:55:21 - [Item]PapaMoMink update [1416158]120249 plus [4] s1[NoSocket]s2[NoSocket]
2025-07-21 15:55:21 - [Item]PapaMoMink update [1415694]117109 plus [4] s1[NoSocket]s2[NoSocket]
2025-07-21 15:55:24 - [Item]PapaMoMink update [1378293]160249 plus [4] s1[NoSocket]s2[NoSocket]
2025-07-21 15:55:24 - [Item]PapaMoMink update [1420272]133109 plus [2] s1[NoSocket]s2[NoSocket]
2025-07-21 15:55:24 - [Item]PapaMoMink update [1416158]120249 plus [4] s1[NoSocket]s2[NoSocket]
2025-07-21 15:55:24 - [Item]PapaMoMink update [1415694]117109 plus [4] s1[NoSocket]s2[NoSocket]
2025-07-21 15:55:31 - [Item]PapaMoMink update [1378293]160249 plus [4] s1[NoSocket]s2[NoSocket]
2025-07-21 15:55:31 - [Item]PapaMoMink update [1420272]133109 plus [2] s1[NoSocket]s2[NoSocket]
2025-07-21 15:55:31 - [Item]PapaMoMink update [1416158]120249 plus [4] s1[NoSocket]s2[NoSocket]
2025-07-21 15:55:31 - [Item]PapaMoMink update [1415694]117109 plus [4] s1[NoSocket]s2[NoSocket]
2025-07-21 15:55:47 - [Item]PapaMoMink update [1378293]160249 plus [4] s1[NoSocket]s2[NoSocket]
2025-07-21 15:55:47 - [Item]PapaMoMink update [1420272]133109 plus [2] s1[NoSocket]s2[NoSocket]
2025-07-21 15:55:47 - [Item]PapaMoMink update [1416158]120249 plus [4] s1[NoSocket]s2[NoSocket]
2025-07-21 15:55:47 - [Item]PapaMoMink update [1415694]117109 plus [4] s1[NoSocket]s2[NoSocket]
2025-07-21 15:55:49 - [Item]PapaMoMink update [1378293]160249 plus [4] s1[NoSocket]s2[NoSocket]
2025-07-21 15:55:49 - [Item]PapaMoMink update [1420272]133109 plus [2] s1[NoSocket]s2[NoSocket]
2025-07-21 15:55:49 - [Item]PapaMoMink update [1416158]120249 plus [4] s1[NoSocket]s2[NoSocket]
2025-07-21 15:55:49 - [Item]PapaMoMink update [1415694]117109 plus [4] s1[NoSocket]s2[NoSocket]
2025-07-21 15:55:52 - [Item]PapaMoMink update [1378293]160249 plus [4] s1[NoSocket]s2[NoSocket]
2025-07-21 15:55:52 - [Item]PapaMoMink update [1420272]133109 plus [2] s1[NoSocket]s2[NoSocket]
2025-07-21 15:55:52 - [Item]PapaMoMink update [1416158]120249 plus [4] s1[NoSocket]s2[NoSocket]
2025-07-21 15:55:52 - [Item]PapaMoMink update [1415694]117109 plus [4] s1[NoSocket]s2[NoSocket]
2025-07-21 15:56:10 - [Item]PapaMoMink update [1378293]160249 plus [4] s1[NoSocket]s2[NoSocket]
2025-07-21 15:56:10 - [Item]PapaMoMink update [1420272]133109 plus [2] s1[NoSocket]s2[NoSocket]
2025-07-21 15:56:10 - [Item]PapaMoMink update [1416158]120249 plus [4] s1[NoSocket]s2[NoSocket]
2025-07-21 15:56:10 - [Item]PapaMoMink update [1415694]117109 plus [4] s1[NoSocket]s2[NoSocket]
2025-07-21 15:56:10 - [Item]PapaMoMink update [1378293]160249 plus [4] s1[NoSocket]s2[NoSocket]
2025-07-21 15:56:10 - [Item]PapaMoMink update [1420272]133109 plus [2] s1[NoSocket]s2[NoSocket]
2025-07-21 15:56:10 - [Item]PapaMoMink update [1416158]120249 plus [4] s1[NoSocket]s2[NoSocket]
2025-07-21 15:56:10 - [Item]PapaMoMink update [1415694]117109 plus [4] s1[NoSocket]s2[NoSocket]
2025-07-21 15:56:12 - [Item]PapaMoMink update [1378293]160249 plus [4] s1[NoSocket]s2[NoSocket]
2025-07-21 15:56:12 - [Item]PapaMoMink update [1420272]133109 plus [2] s1[NoSocket]s2[NoSocket]
2025-07-21 15:56:12 - [Item]PapaMoMink update [1416158]120249 plus [4] s1[NoSocket]s2[NoSocket]
2025-07-21 15:56:12 - [Item]PapaMoMink update [1415694]117109 plus [4] s1[NoSocket]s2[NoSocket]
2025-07-21 15:57:24 - [Item]PapaMoMink update [1378293]160249 plus [4] s1[NoSocket]s2[NoSocket]
2025-07-21 15:57:24 - [Item]PapaMoMink update [1420272]133109 plus [2] s1[NoSocket]s2[NoSocket]
2025-07-21 15:57:24 - [Item]PapaMoMink update [1416158]120249 plus [4] s1[NoSocket]s2[NoSocket]
2025-07-21 15:57:24 - [Item]PapaMoMink update [1415694]117109 plus [4] s1[NoSocket]s2[NoSocket]
2025-07-21 15:57:30 - [Item]PapaMoMink update [1378293]160249 plus [4] s1[NoSocket]s2[NoSocket]
2025-07-21 15:57:30 - [Item]PapaMoMink update [1420272]133109 plus [2] s1[NoSocket]s2[NoSocket]
2025-07-21 15:57:30 - [Item]PapaMoMink update [1416158]120249 plus [4] s1[NoSocket]s2[NoSocket]
2025-07-21 15:57:30 - [Item]PapaMoMink update [1415694]117109 plus [4] s1[NoSocket]s2[NoSocket]
2025-07-21 15:57:42 - [Item]PapaMoMink update [1378293]160249 plus [4] s1[NoSocket]s2[NoSocket]
2025-07-21 15:57:42 - [Item]PapaMoMink update [1420272]133109 plus [2] s1[NoSocket]s2[NoSocket]
2025-07-21 15:57:42 - [Item]PapaMoMink update [1416158]120249 plus [4] s1[NoSocket]s2[NoSocket]
2025-07-21 15:57:42 - [Item]PapaMoMink update [1415694]117109 plus [4] s1[NoSocket]s2[NoSocket]
2025-07-21 15:57:52 - [Item]PapaMoMink update [1378293]160249 plus [4] s1[NoSocket]s2[NoSocket]
2025-07-21 15:57:52 - [Item]PapaMoMink update [1420272]133109 plus [2] s1[NoSocket]s2[NoSocket]
2025-07-21 15:57:52 - [Item]PapaMoMink update [1416158]120249 plus [4] s1[NoSocket]s2[NoSocket]
2025-07-21 15:57:52 - [Item]PapaMoMink update [1415694]117109 plus [4] s1[NoSocket]s2[NoSocket]
2025-07-21 15:57:55 - [Item]PapaMoMink update [1378293]160249 plus [4] s1[NoSocket]s2[NoSocket]
2025-07-21 15:57:55 - [Item]PapaMoMink update [1420272]133109 plus [2] s1[NoSocket]s2[NoSocket]
2025-07-21 15:57:55 - [Item]PapaMoMink update [1416158]120249 plus [4] s1[NoSocket]s2[NoSocket]
2025-07-21 15:57:55 - [Item]PapaMoMink update [1415694]117109 plus [4] s1[NoSocket]s2[NoSocket]
2025-07-21 15:58:10 - [Item]PapaMoMink update [1378293]160249 plus [4] s1[NoSocket]s2[NoSocket]
2025-07-21 15:58:10 - [Item]PapaMoMink update [1420272]133109 plus [2] s1[NoSocket]s2[NoSocket]
2025-07-21 15:58:10 - [Item]PapaMoMink update [1416158]120249 plus [4] s1[NoSocket]s2[NoSocket]
2025-07-21 15:58:10 - [Item]PapaMoMink update [1415694]117109 plus [4] s1[NoSocket]s2[NoSocket]
2025-07-21 15:58:30 - [Item]PapaMoMink update [1378293]160249 plus [4] s1[NoSocket]s2[NoSocket]
2025-07-21 15:58:30 - [Item]PapaMoMink update [1420272]133109 plus [2] s1[NoSocket]s2[NoSocket]
2025-07-21 15:58:30 - [Item]PapaMoMink update [1416158]120249 plus [4] s1[NoSocket]s2[NoSocket]
2025-07-21 15:58:30 - [Item]PapaMoMink update [1415694]117109 plus [4] s1[NoSocket]s2[NoSocket]
2025-07-21 15:58:50 - [Item]PapaMoMink update [1378293]160249 plus [4] s1[NoSocket]s2[NoSocket]
2025-07-21 15:58:50 - [Item]PapaMoMink update [1420272]133109 plus [2] s1[NoSocket]s2[NoSocket]
2025-07-21 15:58:50 - [Item]PapaMoMink update [1416158]120249 plus [4] s1[NoSocket]s2[NoSocket]
2025-07-21 15:58:50 - [Item]PapaMoMink update [1415694]117109 plus [4] s1[NoSocket]s2[NoSocket]
2025-07-21 15:59:08 - [Item]PapaMoMink update [1378293]160249 plus [4] s1[NoSocket]s2[NoSocket]
2025-07-21 15:59:08 - [Item]PapaMoMink update [1420272]133109 plus [2] s1[NoSocket]s2[NoSocket]
2025-07-21 15:59:08 - [Item]PapaMoMink update [1416158]120249 plus [4] s1[NoSocket]s2[NoSocket]
2025-07-21 15:59:08 - [Item]PapaMoMink update [1415694]117109 plus [4] s1[NoSocket]s2[NoSocket]
2025-07-21 15:59:49 - [Item]PapaMoMink update [1378293]160249 plus [4] s1[NoSocket]s2[NoSocket]
2025-07-21 15:59:49 - [Item]PapaMoMink update [1420272]133109 plus [2] s1[NoSocket]s2[NoSocket]
2025-07-21 15:59:49 - [Item]PapaMoMink update [1416158]120249 plus [4] s1[NoSocket]s2[NoSocket]
2025-07-21 15:59:49 - [Item]PapaMoMink update [1415694]117109 plus [4] s1[NoSocket]s2[NoSocket]
2025-07-21 16:00:00 - [Item]PapaMoMink update [1378293]160249 plus [4] s1[NoSocket]s2[NoSocket]
2025-07-21 16:00:00 - [Item]PapaMoMink update [1420272]133109 plus [2] s1[NoSocket]s2[NoSocket]
2025-07-21 16:00:00 - [Item]PapaMoMink update [1416158]120249 plus [4] s1[NoSocket]s2[NoSocket]
2025-07-21 16:00:00 - [Item]PapaMoMink update [1415694]117109 plus [4] s1[NoSocket]s2[NoSocket]
2025-07-21 16:00:17 - [Item]PapaMoMink update [1378293]160249 plus [4] s1[NoSocket]s2[NoSocket]
2025-07-21 16:00:17 - [Item]PapaMoMink update [1420272]133109 plus [2] s1[NoSocket]s2[NoSocket]
2025-07-21 16:00:17 - [Item]PapaMoMink update [1416158]120249 plus [4] s1[NoSocket]s2[NoSocket]
2025-07-21 16:00:17 - [Item]PapaMoMink update [1415694]117109 plus [4] s1[NoSocket]s2[NoSocket]
2025-07-21 16:04:14 - [Item]PapaMoMink update [1378293]160249 plus [4] s1[NoSocket]s2[NoSocket]
2025-07-21 16:04:14 - [Item]PapaMoMink update [1420272]133109 plus [2] s1[NoSocket]s2[NoSocket]
2025-07-21 16:04:14 - [Item]PapaMoMink update [1416158]120249 plus [4] s1[NoSocket]s2[NoSocket]
2025-07-21 16:04:14 - [Item]PapaMoMink update [1415694]117109 plus [4] s1[NoSocket]s2[NoSocket]
2025-07-21 16:04:51 - [Item]PapaMoMink update [1378291]150249 plus [4] s1[NoSocket]s2[NoSocket]
2025-07-21 16:04:51 - [Item]PapaMoMink update [1621488]500329 plus [3] s1[SuperFuryGem]s2[SuperFuryGem]
2025-07-21 16:05:07 - [Item]PapaMoMink update [1378291]150249 plus [4] s1[NoSocket]s2[NoSocket]
2025-07-21 16:05:07 - [Item]PapaMoMink update [1621488]500329 plus [3] s1[SuperFuryGem]s2[SuperFuryGem]
2025-07-21 16:05:50 - [Item]PapaMoMink update [1378293]160249 plus [4] s1[NoSocket]s2[NoSocket]
2025-07-21 16:05:50 - [Item]PapaMoMink update [1420272]133109 plus [2] s1[NoSocket]s2[NoSocket]
2025-07-21 16:05:50 - [Item]PapaMoMink update [1416158]120249 plus [4] s1[NoSocket]s2[NoSocket]
2025-07-21 16:05:50 - [Item]PapaMoMink update [1415694]117109 plus [4] s1[NoSocket]s2[NoSocket]
2025-07-21 16:06:35 - [Item]PapaMoMink update [1378293]160249 plus [4] s1[NoSocket]s2[NoSocket]
2025-07-21 16:06:35 - [Item]PapaMoMink update [1420272]133109 plus [2] s1[NoSocket]s2[NoSocket]
2025-07-21 16:06:35 - [Item]PapaMoMink update [1416158]120249 plus [4] s1[NoSocket]s2[NoSocket]
2025-07-21 16:06:35 - [Item]PapaMoMink update [1415694]117109 plus [4] s1[NoSocket]s2[NoSocket]
2025-07-21 16:07:37 - [Item]PapaMoMink update [1378293]160249 plus [4] s1[NoSocket]s2[NoSocket]
2025-07-21 16:07:37 - [Item]PapaMoMink update [1420272]133109 plus [2] s1[NoSocket]s2[NoSocket]
2025-07-21 16:07:37 - [Item]PapaMoMink update [1416158]120249 plus [4] s1[NoSocket]s2[NoSocket]
2025-07-21 16:07:37 - [Item]PapaMoMink update [1415694]117109 plus [4] s1[NoSocket]s2[NoSocket]
2025-07-21 16:07:48 - [Item]PapaMoMink update [1378293]160249 plus [4] s1[NoSocket]s2[NoSocket]
2025-07-21 16:07:48 - [Item]PapaMoMink update [1420272]133109 plus [2] s1[NoSocket]s2[NoSocket]
2025-07-21 16:07:48 - [Item]PapaMoMink update [1416158]120249 plus [4] s1[NoSocket]s2[NoSocket]
2025-07-21 16:07:48 - [Item]PapaMoMink update [1415694]117109 plus [4] s1[NoSocket]s2[NoSocket]
2025-07-21 16:07:53 - [Item]PapaMoMink update [1378293]160249 plus [4] s1[NoSocket]s2[NoSocket]
2025-07-21 16:07:53 - [Item]PapaMoMink update [1420272]133109 plus [2] s1[NoSocket]s2[NoSocket]
2025-07-21 16:07:53 - [Item]PapaMoMink update [1416158]120249 plus [4] s1[NoSocket]s2[NoSocket]
2025-07-21 16:07:53 - [Item]PapaMoMink update [1415694]117109 plus [4] s1[NoSocket]s2[NoSocket]
2025-07-21 16:09:31 - [Item]PapaMoMink update [1378293]160249 plus [4] s1[NoSocket]s2[NoSocket]
2025-07-21 16:09:31 - [Item]PapaMoMink update [1420272]133109 plus [2] s1[NoSocket]s2[NoSocket]
2025-07-21 16:09:31 - [Item]PapaMoMink update [1416158]120249 plus [4] s1[NoSocket]s2[NoSocket]
2025-07-21 16:09:31 - [Item]PapaMoMink update [1415694]117109 plus [4] s1[NoSocket]s2[NoSocket]
2025-07-21 16:09:41 - [Item]PapaMoMink update [1378293]160249 plus [4] s1[NoSocket]s2[NoSocket]
2025-07-21 16:09:41 - [Item]PapaMoMink update [1420272]133109 plus [2] s1[NoSocket]s2[NoSocket]
2025-07-21 16:09:41 - [Item]PapaMoMink update [1416158]120249 plus [4] s1[NoSocket]s2[NoSocket]
2025-07-21 16:09:41 - [Item]PapaMoMink update [1415694]117109 plus [4] s1[NoSocket]s2[NoSocket]
2025-07-21 16:09:48 - [Item]PapaMoMink update [1378293]160249 plus [4] s1[NoSocket]s2[NoSocket]
2025-07-21 16:09:48 - [Item]PapaMoMink update [1420272]133109 plus [2] s1[NoSocket]s2[NoSocket]
2025-07-21 16:09:48 - [Item]PapaMoMink update [1416158]120249 plus [4] s1[NoSocket]s2[NoSocket]
2025-07-21 16:09:48 - [Item]PapaMoMink update [1415694]117109 plus [4] s1[NoSocket]s2[NoSocket]
2025-07-21 16:09:49 - [Item]PapaMoMink update [1378293]160249 plus [4] s1[NoSocket]s2[NoSocket]
2025-07-21 16:09:49 - [Item]PapaMoMink update [1420272]133109 plus [2] s1[NoSocket]s2[NoSocket]
2025-07-21 16:09:49 - [Item]PapaMoMink update [1416158]120249 plus [4] s1[NoSocket]s2[NoSocket]
2025-07-21 16:09:49 - [Item]PapaMoMink update [1415694]117109 plus [4] s1[NoSocket]s2[NoSocket]
2025-07-21 16:10:09 - [Item]PapaMoMink update [1378293]160249 plus [4] s1[NoSocket]s2[NoSocket]
2025-07-21 16:10:09 - [Item]PapaMoMink update [1420272]133109 plus [2] s1[NoSocket]s2[NoSocket]
2025-07-21 16:10:09 - [Item]PapaMoMink update [1416158]120249 plus [4] s1[NoSocket]s2[NoSocket]
2025-07-21 16:10:09 - [Item]PapaMoMink update [1415694]117109 plus [4] s1[NoSocket]s2[NoSocket]
2025-07-21 16:11:10 - [Item]PapaMoMink update [1378293]160249 plus [4] s1[NoSocket]s2[NoSocket]
2025-07-21 16:11:10 - [Item]PapaMoMink update [1420272]133109 plus [2] s1[NoSocket]s2[NoSocket]
2025-07-21 16:11:10 - [Item]PapaMoMink update [1416158]120249 plus [4] s1[NoSocket]s2[NoSocket]
2025-07-21 16:11:10 - [Item]PapaMoMink update [1415694]117109 plus [4] s1[NoSocket]s2[NoSocket]
2025-07-21 16:24:49 - [Item]PapaMoMink update [1378293]160249 plus [4] s1[NoSocket]s2[NoSocket]
2025-07-21 16:24:49 - [Item]PapaMoMink update [1420272]133109 plus [2] s1[NoSocket]s2[NoSocket]
2025-07-21 16:24:49 - [Item]PapaMoMink update [1416158]120249 plus [4] s1[NoSocket]s2[NoSocket]
2025-07-21 16:24:49 - [Item]PapaMoMink update [1415694]117109 plus [4] s1[NoSocket]s2[NoSocket]
2025-07-21 16:24:52 - [Item]PapaMoMink update [1378293]160249 plus [4] s1[NoSocket]s2[NoSocket]
2025-07-21 16:24:52 - [Item]PapaMoMink update [1420272]133109 plus [2] s1[NoSocket]s2[NoSocket]
2025-07-21 16:24:52 - [Item]PapaMoMink update [1416158]120249 plus [4] s1[NoSocket]s2[NoSocket]
2025-07-21 16:24:52 - [Item]PapaMoMink update [1415694]117109 plus [4] s1[NoSocket]s2[NoSocket]
2025-07-21 16:24:54 - [Item]PapaMoMink update [1378293]160249 plus [4] s1[NoSocket]s2[NoSocket]
2025-07-21 16:24:54 - [Item]PapaMoMink update [1420272]133109 plus [2] s1[NoSocket]s2[NoSocket]
2025-07-21 16:24:54 - [Item]PapaMoMink update [1416158]120249 plus [4] s1[NoSocket]s2[NoSocket]
2025-07-21 16:24:54 - [Item]PapaMoMink update [1415694]117109 plus [4] s1[NoSocket]s2[NoSocket]
2025-07-21 16:24:59 - [Item]PapaMoMink update [1378293]160249 plus [4] s1[NoSocket]s2[NoSocket]
2025-07-21 16:24:59 - [Item]PapaMoMink update [1420272]133109 plus [2] s1[NoSocket]s2[NoSocket]
2025-07-21 16:24:59 - [Item]PapaMoMink update [1416158]120249 plus [4] s1[NoSocket]s2[NoSocket]
2025-07-21 16:24:59 - [Item]PapaMoMink update [1415694]117109 plus [4] s1[NoSocket]s2[NoSocket]
2025-07-21 16:25:00 - [Item]PapaMoMink update [1378293]160249 plus [4] s1[NoSocket]s2[NoSocket]
2025-07-21 16:25:00 - [Item]PapaMoMink update [1420272]133109 plus [2] s1[NoSocket]s2[NoSocket]
2025-07-21 16:25:00 - [Item]PapaMoMink update [1416158]120249 plus [4] s1[NoSocket]s2[NoSocket]
2025-07-21 16:25:00 - [Item]PapaMoMink update [1415694]117109 plus [4] s1[NoSocket]s2[NoSocket]
2025-07-21 16:25:05 - [Item]PapaMoMink update [1378293]160249 plus [4] s1[NoSocket]s2[NoSocket]
2025-07-21 16:25:05 - [Item]PapaMoMink update [1420272]133109 plus [2] s1[NoSocket]s2[NoSocket]
2025-07-21 16:25:05 - [Item]PapaMoMink update [1416158]120249 plus [4] s1[NoSocket]s2[NoSocket]
2025-07-21 16:25:05 - [Item]PapaMoMink update [1415694]117109 plus [4] s1[NoSocket]s2[NoSocket]
2025-07-21 16:25:09 - [Item]PapaMoMink update [1378293]160249 plus [4] s1[NoSocket]s2[NoSocket]
2025-07-21 16:25:09 - [Item]PapaMoMink update [1420272]133109 plus [2] s1[NoSocket]s2[NoSocket]
2025-07-21 16:25:09 - [Item]PapaMoMink update [1416158]120249 plus [4] s1[NoSocket]s2[NoSocket]
2025-07-21 16:25:09 - [Item]PapaMoMink update [1415694]117109 plus [4] s1[NoSocket]s2[NoSocket]
2025-07-21 16:28:53 - [Item]DSConquer[PM] update [1547445]150249 plus [6] s1[SuperDragonGem]s2[SuperDragonGem]
2025-07-21 16:28:53 - [Item]DSConquer[PM] update [1547447]410339 plus [6] s1[SuperDragonGem]s2[SuperDragonGem]
2025-07-21 16:28:53 - [Item]DSConquer[PM] update [1660210]900023 plus [0] s1[NoSocket]s2[NoSocket]
