2025-07-31 04:20:47 - [Item]DSConquer[PM] update [1359672]150249 plus [0] s1[SuperDragonGem]s2[SuperDragonGem]
2025-07-31 04:20:58 - [Item]DSConquer[PM] update [1359403]150249 plus [4] s1[NoSocket]s2[NoSocket]
2025-07-31 04:21:04 - [Item]DSConquer[PM] update [1359403]150249 plus [4] s1[NoSocket]s2[NoSocket]
2025-07-31 04:23:07 - [Item]DSConquer[PM] update [1359702]1001020 plus [0] s1[NoSocket]s2[NoSocket]
2025-07-31 04:23:16 - [Item]DSConquer[PM] update [1359700]2100025 plus [0] s1[NoSocket]s2[NoSocket]
2025-07-31 04:24:04 - [Item]DSConquer[PM] update [1359702]1001020 plus [0] s1[NoSocket]s2[NoSocket]
2025-07-31 04:24:19 - [Item]DSConquer[PM] update [1359703]1001020 plus [0] s1[NoSocket]s2[NoSocket]
2025-07-31 04:24:19 - [Item]DSConquer[PM] update [1359703]1001020 plus [0] s1[NoSocket]s2[NoSocket]
2025-07-31 04:24:19 - [Item]DSConquer[PM] update [1359703]1001020 plus [0] s1[NoSocket]s2[NoSocket]
2025-07-31 04:24:19 - [Item]DSConquer[PM] update [1359703]1001020 plus [0] s1[NoSocket]s2[NoSocket]
2025-07-31 04:24:29 - [Item]DSConquer[PM] update [1359703]1001020 plus [0] s1[NoSocket]s2[NoSocket]
2025-07-31 04:26:50 - [Item]DSConquer[PM] update [1359703]1001020 plus [0] s1[NoSocket]s2[NoSocket]
2025-07-31 05:52:22 - [Item]DSConquer[PM] update [1359703]1001020 plus [0] s1[NoSocket]s2[NoSocket]
2025-07-31 05:52:32 - [Item]DSConquer[PM] update [1359703]1001020 plus [0] s1[NoSocket]s2[NoSocket]
2025-07-31 05:52:41 - [Item]DSConquer[PM] update [1359700]2100025 plus [0] s1[NoSocket]s2[NoSocket]
2025-07-31 05:53:53 - [Item]DSConquer[PM] update [1359704]1001020 plus [0] s1[NoSocket]s2[NoSocket]
2025-07-31 05:53:53 - [Item]DSConquer[PM] update [1359704]1001020 plus [0] s1[NoSocket]s2[NoSocket]
2025-07-31 05:53:53 - [Item]DSConquer[PM] update [1359704]1001020 plus [0] s1[NoSocket]s2[NoSocket]
2025-07-31 05:53:53 - [Item]DSConquer[PM] update [1359704]1001020 plus [0] s1[NoSocket]s2[NoSocket]
2025-07-31 05:53:53 - [Item]DSConquer[PM] update [1359705]1001020 plus [0] s1[NoSocket]s2[NoSocket]
2025-07-31 05:53:53 - [Item]DSConquer[PM] update [1359705]1001020 plus [0] s1[NoSocket]s2[NoSocket]
2025-07-31 05:53:53 - [Item]DSConquer[PM] update [1359705]1001020 plus [0] s1[NoSocket]s2[NoSocket]
2025-07-31 05:53:53 - [Item]DSConquer[PM] update [1359705]1001020 plus [0] s1[NoSocket]s2[NoSocket]
2025-07-31 05:53:54 - [Item]DSConquer[PM] update [1359704]1001020 plus [0] s1[NoSocket]s2[NoSocket]
2025-07-31 05:53:55 - [Item]DSConquer[PM] update [1359704]1001020 plus [0] s1[NoSocket]s2[NoSocket]
2025-07-31 05:53:56 - [Item]DSConquer[PM] update [1359704]1001020 plus [0] s1[NoSocket]s2[NoSocket]
2025-07-31 05:53:59 - [Item]DSConquer[PM] update [1359704]1001020 plus [0] s1[NoSocket]s2[NoSocket]
2025-07-31 05:54:08 - [Item]DSConquer[PM] update [1359700]2100025 plus [0] s1[NoSocket]s2[NoSocket]
2025-07-31 05:54:13 - [Item]DSConquer[PM] update [1359705]1001020 plus [0] s1[NoSocket]s2[NoSocket]
2025-07-31 05:54:42 - [Item]DSConquer[PM] update [1359705]1001020 plus [0] s1[NoSocket]s2[NoSocket]
2025-07-31 05:54:48 - [Item]DSConquer[PM] update [1359705]1001020 plus [0] s1[NoSocket]s2[NoSocket]
2025-07-31 05:54:51 - [Item]DSConquer[PM] update [1359705]1001020 plus [0] s1[NoSocket]s2[NoSocket]
2025-07-31 06:13:02 - [Item]DSConquer[PM] update [1359672]150249 plus [0] s1[SuperDragonGem]s2[SuperDragonGem]
2025-07-31 06:14:57 - [Item]DSConquer[PM] update [1359709]1001030 plus [0] s1[NoSocket]s2[NoSocket]
2025-07-31 06:14:57 - [Item]DSConquer[PM] update [1359709]1001030 plus [0] s1[NoSocket]s2[NoSocket]
2025-07-31 06:14:57 - [Item]DSConquer[PM] update [1359709]1001030 plus [0] s1[NoSocket]s2[NoSocket]
2025-07-31 06:14:57 - [Item]DSConquer[PM] update [1359709]1001030 plus [0] s1[NoSocket]s2[NoSocket]
2025-07-31 06:14:57 - [Item]DSConquer[PM] update [1359710]1001030 plus [0] s1[NoSocket]s2[NoSocket]
2025-07-31 06:14:57 - [Item]DSConquer[PM] update [1359710]1001030 plus [0] s1[NoSocket]s2[NoSocket]
2025-07-31 06:14:57 - [Item]DSConquer[PM] update [1359710]1001030 plus [0] s1[NoSocket]s2[NoSocket]
2025-07-31 06:14:57 - [Item]DSConquer[PM] update [1359710]1001030 plus [0] s1[NoSocket]s2[NoSocket]
2025-07-31 10:54:22 - [Item]DSConquer[PM] update [1359684]490089 plus [0] s1[NoSocket]s2[NoSocket]
2025-07-31 10:54:59 - [Item]DSConquer[PM] update [1359684]490089 plus [0] s1[NoSocket]s2[NoSocket]
2025-07-31 10:55:09 - [Item]DSConquer[PM] update [1359700]2100025 plus [0] s1[NoSocket]s2[NoSocket]
2025-07-31 10:55:23 - [Item]DSConquer[PM] update [1359700]2100025 plus [0] s1[NoSocket]s2[NoSocket]
2025-07-31 10:55:29 - [Item]DSConquer[PM] update [1359700]2100025 plus [0] s1[NoSocket]s2[NoSocket]
2025-07-31 10:55:36 - [Item]DSConquer[PM] update [1359700]2100025 plus [0] s1[NoSocket]s2[NoSocket]
2025-07-31 11:00:54 - [Item]DSConquer[PM] update [1359684]490089 plus [0] s1[NoSocket]s2[NoSocket]
2025-07-31 11:05:07 - [Item]DSConquer[PM] update [1359684]490089 plus [0] s1[NoSocket]s2[NoSocket]
2025-07-31 11:05:50 - [Item]DSConquer[PM] update [1359684]490089 plus [0] s1[NoSocket]s2[NoSocket]
2025-07-31 11:07:37 - [Item]DSConquer[PM] update [1359700]2100025 plus [0] s1[NoSocket]s2[NoSocket]
2025-07-31 11:07:46 - [Item]DSConquer[PM] update [1359684]490089 plus [0] s1[NoSocket]s2[NoSocket]
2025-07-31 11:07:48 - [Item]DSConquer[PM] update [1359709]1001030 plus [0] s1[NoSocket]s2[NoSocket]
2025-07-31 11:07:54 - [Item]DSConquer[PM] update [1359700]2100025 plus [0] s1[NoSocket]s2[NoSocket]
2025-07-31 11:08:10 - [Item]DSConquer[PM] update [1359700]2100025 plus [0] s1[NoSocket]s2[NoSocket]
2025-07-31 11:08:12 - [Item]DSConquer[PM] update [1359709]1001030 plus [0] s1[NoSocket]s2[NoSocket]
2025-07-31 11:08:24 - [Item]DSConquer[PM] update [1359709]1001030 plus [0] s1[NoSocket]s2[NoSocket]
2025-07-31 11:08:34 - [Item]DSConquer[PM] update [1359709]1001030 plus [0] s1[NoSocket]s2[NoSocket]
2025-07-31 11:08:42 - [Item]DSConquer[PM] update [1359710]1001030 plus [0] s1[NoSocket]s2[NoSocket]
2025-07-31 11:08:45 - [Item]DSConquer[PM] update [1359710]1001030 plus [0] s1[NoSocket]s2[NoSocket]
2025-07-31 11:12:20 - [Item]DSConquer[PM] update [1359700]2100025 plus [0] s1[NoSocket]s2[NoSocket]
2025-07-31 11:14:38 - [Item]DSConquer[PM] update [1359700]2100025 plus [0] s1[NoSocket]s2[NoSocket]
2025-07-31 11:17:30 - [Item]DSConquer[PM] update [1359684]490089 plus [0] s1[NoSocket]s2[NoSocket]
2025-07-31 11:17:32 - [Item]DSConquer[PM] update [1359700]2100025 plus [0] s1[NoSocket]s2[NoSocket]
2025-07-31 11:17:36 - [Item]DSConquer[PM] update [1359710]1001030 plus [0] s1[NoSocket]s2[NoSocket]
2025-07-31 11:18:22 - [Item]DSConquer[PM] update [1359700]2100025 plus [0] s1[NoSocket]s2[NoSocket]
2025-07-31 11:18:25 - [Item]DSConquer[PM] update [1359710]1001030 plus [0] s1[NoSocket]s2[NoSocket]
2025-07-31 11:18:42 - [Item]DSConquer[PM] update [1359700]2100025 plus [0] s1[NoSocket]s2[NoSocket]
2025-07-31 11:19:58 - [Item]DSConquer[PM] update [1359684]490089 plus [0] s1[NoSocket]s2[NoSocket]
2025-07-31 11:20:10 - [Item]DSConquer[PM] update [1359700]2100025 plus [0] s1[NoSocket]s2[NoSocket]
2025-07-31 11:49:04 - [Item]DSConquer[PM] update [1359700]2100025 plus [0] s1[NoSocket]s2[NoSocket]
2025-07-31 11:49:11 - [Item]DSConquer[PM] update [1359700]2100025 plus [0] s1[NoSocket]s2[NoSocket]
2025-07-31 11:49:28 - [Item]DSConquer[PM] update [1359700]2100025 plus [0] s1[NoSocket]s2[NoSocket]
2025-07-31 11:50:32 - [Item]DSConquer[PM] update [1359700]2100025 plus [0] s1[NoSocket]s2[NoSocket]
2025-07-31 11:50:52 - [Item]DSConquer[PM] update [1359700]2100025 plus [0] s1[NoSocket]s2[NoSocket]
2025-07-31 11:51:45 - [Item]DSConquer[PM] update [1359700]2100025 plus [0] s1[NoSocket]s2[NoSocket]
2025-07-31 11:52:03 - [Item]DSConquer[PM] update [1359700]2100025 plus [0] s1[NoSocket]s2[NoSocket]
2025-07-31 11:53:59 - [Item]DSConquer[PM] update [1359700]2100025 plus [0] s1[NoSocket]s2[NoSocket]
2025-07-31 11:54:03 - [Item]DSConquer[PM] update [1359700]2100025 plus [0] s1[NoSocket]s2[NoSocket]
2025-07-31 12:17:25 - [Item]DSConquer[PM] update [1359700]2100025 plus [0] s1[NoSocket]s2[NoSocket]
2025-07-31 14:14:22 - [Item]DSConquer[PM] update [1359700]2100025 plus [0] s1[NoSocket]s2[NoSocket]
2025-07-31 14:14:35 - [Item]DSConquer[PM] update [1359677]131109 plus [0] s1[SuperFuryGem]s2[EmptySocket]
2025-07-31 14:14:36 - [Item]DSConquer[PM] update [1359678]111109 plus [0] s1[SuperDragonGem]s2[SuperDragonGem]
2025-07-31 14:14:41 - [Item]DSConquer[PM] update [1359684]490089 plus [0] s1[NoSocket]s2[NoSocket]
2025-07-31 14:14:41 - [Item]DSConquer[PM] update [1359674]900109 plus [0] s1[SuperDragonGem]s2[SuperDragonGem]
2025-07-31 14:14:48 - [Item]DSConquer[PM] update [1359673]160249 plus [0] s1[SuperDragonGem]s2[SuperDragonGem]
2025-07-31 14:14:49 - [Item]DSConquer[PM] update [1359671]120249 plus [0] s1[SuperDragonGem]s2[SuperDragonGem]
2025-07-31 14:14:49 - [Item]DSConquer[PM] update [1359672]150249 plus [0] s1[SuperDragonGem]s2[SuperDragonGem]
2025-07-31 14:16:11 - [Item]DSConquer[PM] update [1359735]111109 plus [4] s1[NoSocket]s2[NoSocket]
2025-07-31 14:16:12 - [Item]DSConquer[PM] update [1359726]131109 plus [4] s1[SuperDragonGem]s2[NoSocket]
2025-07-31 14:16:14 - [Item]DSConquer[PM] update [1359721]150249 plus [4] s1[SuperDragonGem]s2[NoSocket]
2025-07-31 14:16:33 - [Item]DSConquer[PM] update [1359736]120249 plus [3] s1[NoSocket]s2[NoSocket]
2025-07-31 14:16:35 - [Item]DSConquer[PM] update [1359738]160249 plus [3] s1[NoSocket]s2[NoSocket]
2025-07-31 14:19:17 - [Item]DSConquer[PM] update [1359700]2100025 plus [0] s1[NoSocket]s2[NoSocket]
2025-07-31 14:21:47 - [Item]DSConquer[PM] update [1359700]2100025 plus [0] s1[NoSocket]s2[NoSocket]
2025-07-31 14:22:20 - [Item]SpeedVack update [1663804]2100105 plus [0] s1[NoSocket]s2[NoSocket]
2025-07-31 15:06:47 - [Item]DSConquer[PM] update [1359700]2100025 plus [0] s1[NoSocket]s2[NoSocket]
2025-07-31 15:07:31 - [Item]SpeedVack update [1359373]130109 plus [4] s1[SuperDragonGem]s2[NoSocket]
2025-07-31 16:03:03 - [Item]SpeedVack update [1359373]130109 plus [4] s1[EmptySocket]s2[NoSocket]
2025-07-31 16:03:11 - [Item]SpeedVack update [1768213]490339 plus [4] s1[SuperDragonGem]s2[EmptySocket]
2025-07-31 16:03:12 - [Item]SpeedVack update [1768213]490339 plus [4] s1[EmptySocket]s2[EmptySocket]
2025-07-31 16:03:27 - [Item]SpeedVack update [1768213]490339 plus [4] s1[SuperFuryGem]s2[EmptySocket]
2025-07-31 16:03:27 - [Item]SpeedVack update [1768213]490339 plus [4] s1[SuperFuryGem]s2[SuperFuryGem]
2025-07-31 16:03:34 - [Item]SpeedVack update [1359373]130109 plus [4] s1[SuperFuryGem]s2[NoSocket]
2025-07-31 16:03:35 - [Item]SpeedVack update [1359373]130109 plus [4] s1[SuperFuryGem]s2[NoSocket]
2025-07-31 16:03:48 - [Item]SpeedVack update [1359755]410339 plus [6] s1[SuperDragonGem]s2[SuperDragonGem]
2025-07-31 16:03:50 - [Item]SpeedVack update [1768213]490339 plus [4] s1[SuperFuryGem]s2[SuperFuryGem]
2025-07-31 16:05:41 - [Item]SpeedVack update [1359755]410339 plus [6] s1[SuperDragonGem]s2[SuperDragonGem]
2025-07-31 16:05:41 - [Item]SpeedVack update [1768213]490339 plus [4] s1[SuperFuryGem]s2[SuperFuryGem]
2025-07-31 16:05:41 - [Item]SpeedVack update [1767927]150249 plus [4] s1[NoSocket]s2[NoSocket]
2025-07-31 16:06:17 - [Item]SpeedVack update [1359755]410339 plus [6] s1[SuperDragonGem]s2[SuperDragonGem]
2025-07-31 16:06:17 - [Item]SpeedVack update [1768213]490339 plus [4] s1[SuperFuryGem]s2[SuperFuryGem]
2025-07-31 16:06:17 - [Item]SpeedVack update [1767927]150249 plus [4] s1[NoSocket]s2[NoSocket]
2025-07-31 16:06:27 - [Item]SpeedVack update [1359755]410339 plus [6] s1[SuperDragonGem]s2[SuperDragonGem]
2025-07-31 16:06:27 - [Item]SpeedVack update [1768213]490339 plus [4] s1[SuperFuryGem]s2[SuperFuryGem]
2025-07-31 16:06:27 - [Item]SpeedVack update [1767927]150249 plus [4] s1[NoSocket]s2[NoSocket]
2025-07-31 16:06:55 - [Item]SpeedVack update [1359755]410339 plus [6] s1[SuperDragonGem]s2[SuperDragonGem]
2025-07-31 16:06:55 - [Item]SpeedVack update [1768213]490339 plus [4] s1[SuperFuryGem]s2[SuperFuryGem]
2025-07-31 16:06:55 - [Item]SpeedVack update [1767927]150249 plus [4] s1[NoSocket]s2[NoSocket]
2025-07-31 16:07:18 - [Item]SpeedVack update [1359755]410339 plus [6] s1[SuperDragonGem]s2[SuperDragonGem]
2025-07-31 16:07:18 - [Item]SpeedVack update [1768213]490339 plus [4] s1[SuperFuryGem]s2[SuperFuryGem]
2025-07-31 16:07:18 - [Item]SpeedVack update [1767927]150249 plus [4] s1[NoSocket]s2[NoSocket]
2025-07-31 16:18:38 - [Item]SpeedVack update [1359755]410339 plus [6] s1[SuperDragonGem]s2[SuperDragonGem]
2025-07-31 16:18:38 - [Item]SpeedVack update [1768213]490339 plus [4] s1[SuperFuryGem]s2[SuperFuryGem]
2025-07-31 16:18:38 - [Item]SpeedVack update [1767927]150249 plus [4] s1[NoSocket]s2[NoSocket]
2025-07-31 16:18:38 - [Item]SpeedVack update [1359755]410339 plus [6] s1[SuperDragonGem]s2[SuperDragonGem]
2025-07-31 16:18:38 - [Item]SpeedVack update [1768213]490339 plus [4] s1[SuperFuryGem]s2[SuperFuryGem]
2025-07-31 16:18:38 - [Item]SpeedVack update [1767927]150249 plus [4] s1[NoSocket]s2[NoSocket]
2025-07-31 16:19:06 - [Item]SpeedVack update [1359755]410339 plus [6] s1[SuperDragonGem]s2[SuperDragonGem]
2025-07-31 16:19:06 - [Item]SpeedVack update [1768213]490339 plus [4] s1[SuperFuryGem]s2[SuperFuryGem]
2025-07-31 16:19:06 - [Item]SpeedVack update [1767927]150249 plus [4] s1[NoSocket]s2[NoSocket]
2025-07-31 18:53:46 - [Item]Trojan[PM] update [1359773]151249 plus [4] s1[NoSocket]s2[NoSocket]
2025-07-31 18:56:05 - [Item]tests update [1359772]151249 plus [4] s1[NoSocket]s2[NoSocket]
2025-07-31 18:59:02 - [Item]tests update [1359772]151249 plus [4] s1[NoSocket]s2[NoSocket]
2025-07-31 18:59:45 - [Item]tests update [1359772]151249 plus [4] s1[NoSocket]s2[NoSocket]
2025-07-31 19:03:45 - [Item]Trojan[PM] update [1359781]420339 plus [0] s1[SuperDragonGem]s2[EmptySocket]
2025-07-31 19:03:47 - [Item]Trojan[PM] update [1359781]420339 plus [0] s1[EmptySocket]s2[EmptySocket]
2025-07-31 19:03:51 - [Item]Trojan[PM] update [1359781]420339 plus [0] s1[SuperFuryGem]s2[EmptySocket]
2025-07-31 19:03:51 - [Item]Trojan[PM] update [1359781]420339 plus [0] s1[SuperFuryGem]s2[SuperFuryGem]
2025-07-31 19:05:11 - [Item]tests update [1359772]151249 plus [4] s1[NoSocket]s2[NoSocket]
2025-07-31 19:05:36 - [Item]Trojan[PM] update [1768213]490339 plus [4] s1[SuperFuryGem]s2[SuperFuryGem]
2025-07-31 19:05:37 - [Item]Trojan[PM] update [1359781]420339 plus [0] s1[SuperFuryGem]s2[SuperFuryGem]
2025-07-31 19:05:59 - [Item]Trojan[PM] update [1359773]151249 plus [4] s1[NoSocket]s2[NoSocket]
2025-07-31 19:06:37 - [Item]Trojan[PM] update [1359755]410339 plus [6] s1[SuperDragonGem]s2[SuperDragonGem]
2025-07-31 21:39:14 - [Item]tests update [1359772]151249 plus [4] s1[NoSocket]s2[NoSocket]
