2025-07-27 17:15:45 - [Item]DSConquer[PM] update [1359033]151033 plus [0] s1[NoSocket]s2[NoSocket]
2025-07-27 17:15:50 - [Item]DSConquer[PM] update [1359033]151053 plus [0] s1[NoSocket]s2[NoSocket]
2025-07-27 17:16:30 - [Item]DSConquer[PM] update [1359033]151053 plus [0] s1[NoSocket]s2[NoSocket]
2025-07-27 20:24:07 - [Item]DSConquer[PM] update [1359065]134109 plus [5] s1[NoSocket]s2[NoSocket]
2025-07-27 20:24:08 - [Item]DSConquer[PM] update [1359062]152259 plus [5] s1[NoSocket]s2[NoSocket]
2025-07-27 20:24:08 - [Item]DSConquer[PM] update [1359061]121249 plus [5] s1[NoSocket]s2[NoSocket]
2025-07-27 20:24:08 - [Item]DSConquer[PM] update [1359063]160249 plus [5] s1[NoSocket]s2[NoSocket]
2025-07-27 20:24:09 - [Item]DSConquer[PM] update [1359066]114109 plus [5] s1[NoSocket]s2[NoSocket]
2025-07-27 20:24:27 - [Item]DSConquer[PM] update [1359076]421339 plus [5] s1[SuperPhoenixGem]s2[SuperPhoenixGem]
2025-07-27 20:43:29 - [Item]sssdaa update [1378293]160249 plus [4] s1[NoSocket]s2[NoSocket]
2025-07-27 20:43:29 - [Item]sssdaa update [1580579]133109 plus [4] s1[SuperFuryGem]s2[NoSocket]
2025-07-27 20:43:29 - [Item]sssdaa update [1416158]120249 plus [4] s1[NoSocket]s2[NoSocket]
2025-07-27 20:43:29 - [Item]sssdaa update [1415694]117109 plus [4] s1[NoSocket]s2[NoSocket]
2025-07-27 20:43:30 - [Item]Bingkat update [1815919]1002020 plus [0] s1[NoSocket]s2[NoSocket]
2025-07-27 20:43:30 - [Item]Bingkat update [1815919]1002020 plus [0] s1[NoSocket]s2[NoSocket]
2025-07-27 20:43:31 - [Item]Bingkat update [1815919]1002020 plus [0] s1[NoSocket]s2[NoSocket]
2025-07-27 20:43:34 - [Item]Bingkat update [1815921]1002020 plus [0] s1[NoSocket]s2[NoSocket]
2025-07-27 20:43:35 - [Item]Bingkat update [1815921]1002020 plus [0] s1[NoSocket]s2[NoSocket]
2025-07-27 20:43:36 - [Item]Bingkat update [1815921]1002020 plus [0] s1[NoSocket]s2[NoSocket]
2025-07-27 20:43:36 - [Item]Bingkat update [1815921]1002020 plus [0] s1[NoSocket]s2[NoSocket]
2025-07-27 20:43:38 - [Item]Bingkat update [1815922]1002020 plus [0] s1[NoSocket]s2[NoSocket]
2025-07-27 20:43:39 - [Item]Bingkat update [1815922]1002020 plus [0] s1[NoSocket]s2[NoSocket]
2025-07-27 20:43:46 - [Item]Bingkat update [1815922]1002020 plus [0] s1[NoSocket]s2[NoSocket]
2025-07-27 20:43:47 - [Item]Bingkat update [1815922]1002020 plus [0] s1[NoSocket]s2[NoSocket]
2025-07-27 20:43:49 - [Item]Bingkat update [1815923]1002020 plus [0] s1[NoSocket]s2[NoSocket]
2025-07-27 20:43:51 - [Item]Bingkat update [1815923]1002020 plus [0] s1[NoSocket]s2[NoSocket]
2025-07-27 20:43:51 - [Item]sssdaa update [1378291]150249 plus [4] s1[NoSocket]s2[NoSocket]
2025-07-27 20:43:51 - [Item]sssdaa update [1588197]500329 plus [4] s1[SuperFuryGem]s2[SuperFuryGem]
2025-07-27 20:43:52 - [Item]Bingkat update [1815923]1002020 plus [0] s1[NoSocket]s2[NoSocket]
2025-07-27 20:43:53 - [Item]Bingkat update [1815923]1002020 plus [0] s1[NoSocket]s2[NoSocket]
2025-07-27 20:43:54 - [Item]Bingkat update [1815924]1002020 plus [0] s1[NoSocket]s2[NoSocket]
2025-07-27 20:43:55 - [Item]Bingkat update [1815924]1002020 plus [0] s1[NoSocket]s2[NoSocket]
2025-07-27 20:43:56 - [Item]Bingkat update [1815924]1002020 plus [0] s1[NoSocket]s2[NoSocket]
2025-07-27 20:43:57 - [Item]Bingkat update [1815924]1002020 plus [0] s1[NoSocket]s2[NoSocket]
2025-07-27 20:43:58 - [Item]Bingkat update [1815925]1002020 plus [0] s1[NoSocket]s2[NoSocket]
2025-07-27 20:44:21 - [Item]Bingkat update [1815925]1002020 plus [0] s1[NoSocket]s2[NoSocket]
2025-07-27 20:44:22 - [Item]Bingkat update [1815925]1002020 plus [0] s1[NoSocket]s2[NoSocket]
2025-07-27 20:44:23 - [Item]Bingkat update [1815925]1002020 plus [0] s1[NoSocket]s2[NoSocket]
2025-07-27 20:44:25 - [Item]Bingkat update [1815926]1002020 plus [0] s1[NoSocket]s2[NoSocket]
2025-07-27 20:44:26 - [Item]Bingkat update [1815926]1002020 plus [0] s1[NoSocket]s2[NoSocket]
2025-07-27 20:44:26 - [Item]Bingkat update [1815926]1002020 plus [0] s1[NoSocket]s2[NoSocket]
2025-07-27 20:44:27 - [Item]Bingkat update [1815926]1002020 plus [0] s1[NoSocket]s2[NoSocket]
