2025-07-20 04:11:27 - [Item]DSConquer[PM] update [1358567]410301 plus [0] s1[NoSocket]s2[NoSocket]
2025-07-20 04:15:40 - [Item]DSConquer[PM] update [1358582]130109 plus [5] s1[NoSocket]s2[NoSocket]
2025-07-20 04:15:45 - [Item]DSConquer[PM] update [1358572]420339 plus [5] s1[SuperDragonGem]s2[SuperDragonGem]
2025-07-20 04:15:46 - [Item]DSConquer[PM] update [1358577]150249 plus [5] s1[NoSocket]s2[NoSocket]
2025-07-20 04:15:47 - [Item]DSConquer[PM] update [1358576]120249 plus [5] s1[NoSocket]s2[NoSocket]
2025-07-20 04:15:48 - [Item]DSConquer[PM] update [1358575]118109 plus [5] s1[SuperDragonGem]s2[SuperDragonGem]
2025-07-20 04:15:51 - [Item]DSConquer[PM] update [1358578]160249 plus [5] s1[NoSocket]s2[NoSocket]
2025-07-20 04:20:54 - [Item]DSConquer[PM] update [1358567]410301 plus [0] s1[NoSocket]s2[NoSocket]
2025-07-20 04:24:59 - [Item]DSConquer[PM] update [1358577]150249 plus [5] s1[NoSocket]s2[NoSocket]
2025-07-20 05:50:04 - [Item]asdasdasd222 update [1358594]420007 plus [0] s1[NoSocket]s2[NoSocket]
2025-07-20 06:44:25 - [Item]Kristoff update [1379140]160249 plus [2] s1[NoSocket]s2[NoSocket]
2025-07-20 06:44:25 - [Item]Kristoff update [1420697]133109 plus [2] s1[NoSocket]s2[NoSocket]
2025-07-20 06:44:25 - [Item]Kristoff update [1454265]120249 plus [2] s1[NoSocket]s2[NoSocket]
2025-07-20 06:44:25 - [Item]Kristoff update [1423264]117109 plus [2] s1[NoSocket]s2[NoSocket]
2025-07-20 06:45:31 - [Item]Kristoff update [1379140]160249 plus [2] s1[NoSocket]s2[NoSocket]
2025-07-20 06:45:31 - [Item]Kristoff update [1420697]133109 plus [2] s1[NoSocket]s2[NoSocket]
2025-07-20 06:45:31 - [Item]Kristoff update [1454265]120249 plus [2] s1[NoSocket]s2[NoSocket]
2025-07-20 06:45:31 - [Item]Kristoff update [1423264]117109 plus [2] s1[NoSocket]s2[NoSocket]
2025-07-20 06:45:36 - [Item]Kristoff update [1379140]160249 plus [2] s1[NoSocket]s2[NoSocket]
2025-07-20 06:45:36 - [Item]Kristoff update [1420697]133109 plus [2] s1[NoSocket]s2[NoSocket]
2025-07-20 06:45:36 - [Item]Kristoff update [1454265]120249 plus [2] s1[NoSocket]s2[NoSocket]
2025-07-20 06:45:36 - [Item]Kristoff update [1423264]117109 plus [2] s1[NoSocket]s2[NoSocket]
2025-07-20 06:45:54 - [Item]Kristoff update [1379140]160249 plus [2] s1[NoSocket]s2[NoSocket]
2025-07-20 06:45:54 - [Item]Kristoff update [1420697]133109 plus [2] s1[NoSocket]s2[NoSocket]
2025-07-20 06:45:54 - [Item]Kristoff update [1454265]120249 plus [2] s1[NoSocket]s2[NoSocket]
2025-07-20 06:45:54 - [Item]Kristoff update [1423264]117109 plus [2] s1[NoSocket]s2[NoSocket]
2025-07-20 06:45:56 - [Item]Kristoff update [1379140]160249 plus [2] s1[NoSocket]s2[NoSocket]
2025-07-20 06:45:56 - [Item]Kristoff update [1420697]133109 plus [2] s1[NoSocket]s2[NoSocket]
2025-07-20 06:45:56 - [Item]Kristoff update [1454265]120249 plus [2] s1[NoSocket]s2[NoSocket]
2025-07-20 06:45:56 - [Item]Kristoff update [1423264]117109 plus [2] s1[NoSocket]s2[NoSocket]
2025-07-20 06:46:28 - [Item]Kristoff update [1379140]160249 plus [2] s1[NoSocket]s2[NoSocket]
2025-07-20 06:46:28 - [Item]Kristoff update [1420697]133109 plus [2] s1[NoSocket]s2[NoSocket]
2025-07-20 06:46:28 - [Item]Kristoff update [1454265]120249 plus [2] s1[NoSocket]s2[NoSocket]
2025-07-20 06:46:28 - [Item]Kristoff update [1423264]117109 plus [2] s1[NoSocket]s2[NoSocket]
2025-07-20 06:46:28 - [Item]Kristoff update [1379140]160249 plus [2] s1[NoSocket]s2[NoSocket]
2025-07-20 06:46:28 - [Item]Kristoff update [1420697]133109 plus [2] s1[NoSocket]s2[NoSocket]
2025-07-20 06:46:28 - [Item]Kristoff update [1454265]120249 plus [2] s1[NoSocket]s2[NoSocket]
2025-07-20 06:46:28 - [Item]Kristoff update [1423264]117109 plus [2] s1[NoSocket]s2[NoSocket]
2025-07-20 06:46:30 - [Item]Kristoff update [1379140]160249 plus [2] s1[NoSocket]s2[NoSocket]
2025-07-20 06:46:30 - [Item]Kristoff update [1420697]133109 plus [2] s1[NoSocket]s2[NoSocket]
2025-07-20 06:46:30 - [Item]Kristoff update [1454265]120249 plus [2] s1[NoSocket]s2[NoSocket]
2025-07-20 06:46:30 - [Item]Kristoff update [1423264]117109 plus [2] s1[NoSocket]s2[NoSocket]
2025-07-20 06:46:33 - [Item]Kristoff update [1379140]160249 plus [2] s1[NoSocket]s2[NoSocket]
2025-07-20 06:46:33 - [Item]Kristoff update [1420697]133109 plus [2] s1[NoSocket]s2[NoSocket]
2025-07-20 06:46:33 - [Item]Kristoff update [1454265]120249 plus [2] s1[NoSocket]s2[NoSocket]
2025-07-20 06:46:33 - [Item]Kristoff update [1423264]117109 plus [2] s1[NoSocket]s2[NoSocket]
2025-07-20 06:47:22 - [Item]Kristoff update [1379140]160249 plus [2] s1[NoSocket]s2[NoSocket]
2025-07-20 06:47:22 - [Item]Kristoff update [1420697]133109 plus [2] s1[NoSocket]s2[NoSocket]
2025-07-20 06:47:22 - [Item]Kristoff update [1454265]120249 plus [2] s1[NoSocket]s2[NoSocket]
2025-07-20 06:47:22 - [Item]Kristoff update [1423264]117109 plus [2] s1[NoSocket]s2[NoSocket]
2025-07-20 06:47:24 - [Item]Kristoff update [1379140]160249 plus [2] s1[NoSocket]s2[NoSocket]
2025-07-20 06:47:24 - [Item]Kristoff update [1420697]133109 plus [2] s1[NoSocket]s2[NoSocket]
2025-07-20 06:47:24 - [Item]Kristoff update [1454265]120249 plus [2] s1[NoSocket]s2[NoSocket]
2025-07-20 06:47:24 - [Item]Kristoff update [1423264]117109 plus [2] s1[NoSocket]s2[NoSocket]
2025-07-20 06:47:48 - [Item]Kristoff update [1379140]160249 plus [2] s1[NoSocket]s2[NoSocket]
2025-07-20 06:47:48 - [Item]Kristoff update [1420697]133109 plus [2] s1[NoSocket]s2[NoSocket]
2025-07-20 06:47:48 - [Item]Kristoff update [1454265]120249 plus [2] s1[NoSocket]s2[NoSocket]
2025-07-20 06:47:48 - [Item]Kristoff update [1423264]117109 plus [2] s1[NoSocket]s2[NoSocket]
2025-07-20 06:48:50 - [Item]Kristoff update [1379140]160249 plus [2] s1[NoSocket]s2[NoSocket]
2025-07-20 06:48:50 - [Item]Kristoff update [1420697]133109 plus [2] s1[NoSocket]s2[NoSocket]
2025-07-20 06:48:50 - [Item]Kristoff update [1454265]120249 plus [2] s1[NoSocket]s2[NoSocket]
2025-07-20 06:48:50 - [Item]Kristoff update [1423264]117109 plus [2] s1[NoSocket]s2[NoSocket]
2025-07-20 06:49:20 - [Item]Kristoff update [1379140]160249 plus [2] s1[NoSocket]s2[NoSocket]
2025-07-20 06:49:20 - [Item]Kristoff update [1420697]133109 plus [2] s1[NoSocket]s2[NoSocket]
2025-07-20 06:49:20 - [Item]Kristoff update [1454265]120249 plus [2] s1[NoSocket]s2[NoSocket]
2025-07-20 06:49:20 - [Item]Kristoff update [1423264]117109 plus [2] s1[NoSocket]s2[NoSocket]
2025-07-20 06:49:27 - [Item]Kristoff update [1379140]160249 plus [2] s1[NoSocket]s2[NoSocket]
2025-07-20 06:49:27 - [Item]Kristoff update [1420697]133109 plus [2] s1[NoSocket]s2[NoSocket]
2025-07-20 06:49:27 - [Item]Kristoff update [1454265]120249 plus [2] s1[NoSocket]s2[NoSocket]
2025-07-20 06:49:27 - [Item]Kristoff update [1423264]117109 plus [2] s1[NoSocket]s2[NoSocket]
2025-07-20 06:49:30 - [Item]Kristoff update [1379140]160249 plus [2] s1[NoSocket]s2[NoSocket]
2025-07-20 06:49:30 - [Item]Kristoff update [1420697]133109 plus [2] s1[NoSocket]s2[NoSocket]
2025-07-20 06:49:30 - [Item]Kristoff update [1454265]120249 plus [2] s1[NoSocket]s2[NoSocket]
2025-07-20 06:49:30 - [Item]Kristoff update [1423264]117109 plus [2] s1[NoSocket]s2[NoSocket]
2025-07-20 06:49:40 - [Item]Kristoff update [1379140]160249 plus [2] s1[NoSocket]s2[NoSocket]
2025-07-20 06:49:40 - [Item]Kristoff update [1420697]133109 plus [2] s1[NoSocket]s2[NoSocket]
2025-07-20 06:49:40 - [Item]Kristoff update [1454265]120249 plus [2] s1[NoSocket]s2[NoSocket]
2025-07-20 06:49:40 - [Item]Kristoff update [1423264]117109 plus [2] s1[NoSocket]s2[NoSocket]
2025-07-20 06:49:59 - [Item]Kristoff update [1379140]160249 plus [2] s1[NoSocket]s2[NoSocket]
2025-07-20 06:49:59 - [Item]Kristoff update [1420697]133109 plus [2] s1[NoSocket]s2[NoSocket]
2025-07-20 06:49:59 - [Item]Kristoff update [1454265]120249 plus [2] s1[NoSocket]s2[NoSocket]
2025-07-20 06:49:59 - [Item]Kristoff update [1423264]117109 plus [2] s1[NoSocket]s2[NoSocket]
2025-07-20 06:50:19 - [Item]Kristoff update [1379140]160249 plus [2] s1[NoSocket]s2[NoSocket]
2025-07-20 06:50:19 - [Item]Kristoff update [1420697]133109 plus [2] s1[NoSocket]s2[NoSocket]
2025-07-20 06:50:19 - [Item]Kristoff update [1454265]120249 plus [2] s1[NoSocket]s2[NoSocket]
2025-07-20 06:50:19 - [Item]Kristoff update [1423264]117109 plus [2] s1[NoSocket]s2[NoSocket]
2025-07-20 06:50:26 - [Item]Kristoff update [1379140]160249 plus [2] s1[NoSocket]s2[NoSocket]
2025-07-20 06:50:26 - [Item]Kristoff update [1420697]133109 plus [2] s1[NoSocket]s2[NoSocket]
2025-07-20 06:50:26 - [Item]Kristoff update [1454265]120249 plus [2] s1[NoSocket]s2[NoSocket]
2025-07-20 06:50:26 - [Item]Kristoff update [1423264]117109 plus [2] s1[NoSocket]s2[NoSocket]
2025-07-20 06:50:27 - [Item]Kristoff update [1379140]160249 plus [2] s1[NoSocket]s2[NoSocket]
2025-07-20 06:50:27 - [Item]Kristoff update [1420697]133109 plus [2] s1[NoSocket]s2[NoSocket]
2025-07-20 06:50:27 - [Item]Kristoff update [1454265]120249 plus [2] s1[NoSocket]s2[NoSocket]
2025-07-20 06:50:27 - [Item]Kristoff update [1423264]117109 plus [2] s1[NoSocket]s2[NoSocket]
2025-07-20 06:51:13 - [Item]Kristoff update [1379138]150249 plus [3] s1[NoSocket]s2[NoSocket]
2025-07-20 06:51:13 - [Item]Kristoff update [1527528]500229 plus [2] s1[SuperDragonGem]s2[SuperDragonGem]
2025-07-20 06:53:06 - [Item]Kristoff update [1379140]160249 plus [2] s1[NoSocket]s2[NoSocket]
2025-07-20 06:53:06 - [Item]Kristoff update [1420697]133109 plus [2] s1[NoSocket]s2[NoSocket]
2025-07-20 06:53:06 - [Item]Kristoff update [1454265]120249 plus [2] s1[NoSocket]s2[NoSocket]
2025-07-20 06:53:06 - [Item]Kristoff update [1423264]117109 plus [2] s1[NoSocket]s2[NoSocket]
2025-07-20 06:53:08 - [Item]Kristoff update [1379140]160249 plus [2] s1[NoSocket]s2[NoSocket]
2025-07-20 06:53:08 - [Item]Kristoff update [1420697]133109 plus [2] s1[NoSocket]s2[NoSocket]
2025-07-20 06:53:08 - [Item]Kristoff update [1454265]120249 plus [2] s1[NoSocket]s2[NoSocket]
2025-07-20 06:53:08 - [Item]Kristoff update [1423264]117109 plus [2] s1[NoSocket]s2[NoSocket]
2025-07-20 06:53:19 - [Item]Kristoff update [1379140]160249 plus [2] s1[NoSocket]s2[NoSocket]
2025-07-20 06:53:19 - [Item]Kristoff update [1420697]133109 plus [2] s1[NoSocket]s2[NoSocket]
2025-07-20 06:53:19 - [Item]Kristoff update [1454265]120249 plus [2] s1[NoSocket]s2[NoSocket]
2025-07-20 06:53:19 - [Item]Kristoff update [1423264]117109 plus [2] s1[NoSocket]s2[NoSocket]
2025-07-20 06:53:39 - [Item]Kristoff update [1379140]160249 plus [2] s1[NoSocket]s2[NoSocket]
2025-07-20 06:53:39 - [Item]Kristoff update [1420697]133109 plus [2] s1[NoSocket]s2[NoSocket]
2025-07-20 06:53:39 - [Item]Kristoff update [1454265]120249 plus [2] s1[NoSocket]s2[NoSocket]
2025-07-20 06:53:39 - [Item]Kristoff update [1423264]117109 plus [2] s1[NoSocket]s2[NoSocket]
2025-07-20 06:54:21 - [Item]Kristoff update [1379140]160249 plus [2] s1[NoSocket]s2[NoSocket]
2025-07-20 06:54:21 - [Item]Kristoff update [1420697]133109 plus [2] s1[NoSocket]s2[NoSocket]
2025-07-20 06:54:21 - [Item]Kristoff update [1454265]120249 plus [2] s1[NoSocket]s2[NoSocket]
2025-07-20 06:54:21 - [Item]Kristoff update [1423264]117109 plus [2] s1[NoSocket]s2[NoSocket]
2025-07-20 06:54:36 - [Item]Kristoff update [1379140]160249 plus [2] s1[NoSocket]s2[NoSocket]
2025-07-20 06:54:36 - [Item]Kristoff update [1420697]133109 plus [2] s1[NoSocket]s2[NoSocket]
2025-07-20 06:54:36 - [Item]Kristoff update [1454265]120249 plus [2] s1[NoSocket]s2[NoSocket]
2025-07-20 06:54:36 - [Item]Kristoff update [1423264]117109 plus [2] s1[NoSocket]s2[NoSocket]
2025-07-20 06:54:41 - [Item]Kristoff update [1379140]160249 plus [2] s1[NoSocket]s2[NoSocket]
2025-07-20 06:54:41 - [Item]Kristoff update [1420697]133109 plus [2] s1[NoSocket]s2[NoSocket]
2025-07-20 06:54:41 - [Item]Kristoff update [1454265]120249 plus [2] s1[NoSocket]s2[NoSocket]
2025-07-20 06:54:41 - [Item]Kristoff update [1423264]117109 plus [2] s1[NoSocket]s2[NoSocket]
2025-07-20 06:54:52 - [Item]Kristoff update [1379140]160249 plus [2] s1[NoSocket]s2[NoSocket]
2025-07-20 06:54:52 - [Item]Kristoff update [1420697]133109 plus [2] s1[NoSocket]s2[NoSocket]
2025-07-20 06:54:52 - [Item]Kristoff update [1454265]120249 plus [2] s1[NoSocket]s2[NoSocket]
2025-07-20 06:54:52 - [Item]Kristoff update [1423264]117109 plus [2] s1[NoSocket]s2[NoSocket]
2025-07-20 06:55:09 - [Item]Kristoff update [1379140]160249 plus [2] s1[NoSocket]s2[NoSocket]
2025-07-20 06:55:09 - [Item]Kristoff update [1420697]133109 plus [2] s1[NoSocket]s2[NoSocket]
2025-07-20 06:55:09 - [Item]Kristoff update [1454265]120249 plus [2] s1[NoSocket]s2[NoSocket]
2025-07-20 06:55:09 - [Item]Kristoff update [1423264]117109 plus [2] s1[NoSocket]s2[NoSocket]
2025-07-20 06:55:17 - [Item]Kristoff update [1379140]160249 plus [2] s1[NoSocket]s2[NoSocket]
2025-07-20 06:55:17 - [Item]Kristoff update [1420697]133109 plus [2] s1[NoSocket]s2[NoSocket]
2025-07-20 06:55:17 - [Item]Kristoff update [1454265]120249 plus [2] s1[NoSocket]s2[NoSocket]
2025-07-20 06:55:17 - [Item]Kristoff update [1423264]117109 plus [2] s1[NoSocket]s2[NoSocket]
2025-07-20 06:55:36 - [Item]Kristoff update [1379140]160249 plus [2] s1[NoSocket]s2[NoSocket]
2025-07-20 06:55:36 - [Item]Kristoff update [1420697]133109 plus [2] s1[NoSocket]s2[NoSocket]
2025-07-20 06:55:36 - [Item]Kristoff update [1454265]120249 plus [2] s1[NoSocket]s2[NoSocket]
2025-07-20 06:55:36 - [Item]Kristoff update [1423264]117109 plus [2] s1[NoSocket]s2[NoSocket]
2025-07-20 06:55:38 - [Item]Kristoff update [1379140]160249 plus [2] s1[NoSocket]s2[NoSocket]
2025-07-20 06:55:38 - [Item]Kristoff update [1420697]133109 plus [2] s1[NoSocket]s2[NoSocket]
2025-07-20 06:55:38 - [Item]Kristoff update [1454265]120249 plus [2] s1[NoSocket]s2[NoSocket]
2025-07-20 06:55:38 - [Item]Kristoff update [1423264]117109 plus [2] s1[NoSocket]s2[NoSocket]
2025-07-20 06:55:41 - [Item]Kristoff update [1379140]160249 plus [2] s1[NoSocket]s2[NoSocket]
2025-07-20 06:55:41 - [Item]Kristoff update [1420697]133109 plus [2] s1[NoSocket]s2[NoSocket]
2025-07-20 06:55:41 - [Item]Kristoff update [1454265]120249 plus [2] s1[NoSocket]s2[NoSocket]
2025-07-20 06:55:41 - [Item]Kristoff update [1423264]117109 plus [2] s1[NoSocket]s2[NoSocket]
