2025-07-19 01:42:51 - [Item]DSConquer[PM] update [1357872]121003 plus [0] s1[NoSocket]s2[NoSocket]
2025-07-19 01:42:55 - [Item]DSConquer[PM] update [1357872]121023 plus [0] s1[NoSocket]s2[NoSocket]
2025-07-19 01:43:00 - [Item]DSConquer[PM] update [1357872]121023 plus [0] s1[NoSocket]s2[NoSocket]
2025-07-19 01:44:40 - [Item]DSConquer[PM] update [1435354]120009 plus [12] s1[SuperDragonGem]s2[SuperDragonGem]
2025-07-19 01:44:40 - [Item]DSConquer[PM] update [1435355]150019 plus [12] s1[SuperDragonGem]s2[SuperDragonGem]
2025-07-19 01:44:40 - [Item]DSConquer[PM] update [1435357]500019 plus [12] s1[SuperDragonGem]s2[SuperDragonGem]
2025-07-19 01:44:40 - [Item]DSConquer[PM] update [1410616]160019 plus [12] s1[SuperDragonGem]s2[SuperDragonGem]
2025-07-19 01:47:23 - [Item]DSConquer[PM] update [1358321]131093 plus [0] s1[NoSocket]s2[NoSocket]
2025-07-19 01:56:31 - [Item]DSConquer[PM] update [1358321]131093 plus [0] s1[NoSocket]s2[NoSocket]
2025-07-19 01:56:35 - [Item]DSConquer[PM] update [1358321]131093 plus [0] s1[NoSocket]s2[NoSocket]
2025-07-19 01:57:55 - [Item]DSConquer[PM] update [1358321]131093 plus [0] s1[NoSocket]s2[NoSocket]
2025-07-19 01:58:59 - [Item]DSConquer[PM] update [1358321]131093 plus [0] s1[NoSocket]s2[NoSocket]
2025-07-19 02:00:25 - [Item]DSConquer[PM] update [1358320]134013 plus [0] s1[NoSocket]s2[NoSocket]
2025-07-19 02:15:26 - [Item]DSConquer[PM] update [1358302]150249 plus [12] s1[SuperDragonGem]s2[SuperDragonGem]
2025-07-19 02:15:26 - [Item]DSConquer[PM] update [1358304]410339 plus [12] s1[SuperDragonGem]s2[SuperDragonGem]
2025-07-19 02:15:26 - [Item]DSConquer[PM] update [1358305]420339 plus [12] s1[SuperDragonGem]s2[SuperDragonGem]
2025-07-19 02:15:29 - [Item]DSConquer[PM] update [1358302]150249 plus [12] s1[SuperDragonGem]s2[SuperDragonGem]
2025-07-19 02:15:29 - [Item]DSConquer[PM] update [1358304]410339 plus [12] s1[SuperDragonGem]s2[SuperDragonGem]
2025-07-19 02:15:29 - [Item]DSConquer[PM] update [1358305]420339 plus [12] s1[SuperDragonGem]s2[SuperDragonGem]
2025-07-19 02:19:36 - [Item]DSConquer[PM] update [1358302]150249 plus [12] s1[SuperDragonGem]s2[SuperDragonGem]
2025-07-19 02:19:36 - [Item]DSConquer[PM] update [1358304]410339 plus [12] s1[SuperDragonGem]s2[SuperDragonGem]
2025-07-19 02:19:36 - [Item]DSConquer[PM] update [1358305]420339 plus [12] s1[SuperDragonGem]s2[SuperDragonGem]
2025-07-19 02:20:12 - [Item]DSConquer[PM] update [1358302]150249 plus [12] s1[SuperDragonGem]s2[SuperDragonGem]
2025-07-19 02:20:12 - [Item]DSConquer[PM] update [1358305]420339 plus [12] s1[SuperDragonGem]s2[SuperDragonGem]
2025-07-19 02:20:12 - [Item]DSConquer[PM] update [1358306]480339 plus [12] s1[SuperDragonGem]s2[SuperDragonGem]
2025-07-19 02:20:30 - [Item]DSConquer[PM] update [1358302]150249 plus [12] s1[SuperDragonGem]s2[SuperDragonGem]
2025-07-19 02:20:30 - [Item]DSConquer[PM] update [1358305]420339 plus [12] s1[SuperDragonGem]s2[SuperDragonGem]
2025-07-19 02:20:30 - [Item]DSConquer[PM] update [1358306]480339 plus [12] s1[SuperDragonGem]s2[SuperDragonGem]
2025-07-19 02:20:44 - [Item]DSConquer[PM] update [1358302]150249 plus [12] s1[SuperDragonGem]s2[SuperDragonGem]
2025-07-19 02:20:44 - [Item]DSConquer[PM] update [1358305]420339 plus [12] s1[SuperDragonGem]s2[SuperDragonGem]
2025-07-19 02:20:44 - [Item]DSConquer[PM] update [1358306]480339 plus [12] s1[SuperDragonGem]s2[SuperDragonGem]
2025-07-19 02:20:49 - [Item]DSConquer[PM] update [1358302]150249 plus [12] s1[SuperDragonGem]s2[SuperDragonGem]
2025-07-19 02:20:49 - [Item]DSConquer[PM] update [1358305]420339 plus [12] s1[SuperDragonGem]s2[SuperDragonGem]
2025-07-19 02:20:49 - [Item]DSConquer[PM] update [1358306]480339 plus [12] s1[SuperDragonGem]s2[SuperDragonGem]
2025-07-19 02:21:31 - [Item]DSConquer[PM] update [1358302]150249 plus [12] s1[SuperDragonGem]s2[SuperDragonGem]
2025-07-19 02:21:31 - [Item]DSConquer[PM] update [1358305]420339 plus [12] s1[SuperDragonGem]s2[SuperDragonGem]
2025-07-19 02:21:31 - [Item]DSConquer[PM] update [1358306]480339 plus [12] s1[SuperDragonGem]s2[SuperDragonGem]
2025-07-19 02:21:48 - [Item]DSConquer[PM] update [1358302]150249 plus [12] s1[SuperDragonGem]s2[SuperDragonGem]
2025-07-19 02:21:48 - [Item]DSConquer[PM] update [1358305]420339 plus [12] s1[SuperDragonGem]s2[SuperDragonGem]
2025-07-19 02:21:48 - [Item]DSConquer[PM] update [1358306]480339 plus [12] s1[SuperDragonGem]s2[SuperDragonGem]
2025-07-19 02:22:30 - [Item]DSConquer[PM] update [1358302]150249 plus [12] s1[SuperDragonGem]s2[SuperDragonGem]
2025-07-19 02:22:30 - [Item]DSConquer[PM] update [1358305]420339 plus [12] s1[SuperDragonGem]s2[SuperDragonGem]
2025-07-19 02:22:30 - [Item]DSConquer[PM] update [1358306]480339 plus [12] s1[SuperDragonGem]s2[SuperDragonGem]
2025-07-19 02:22:33 - [Item]DSConquer[PM] update [1358302]150249 plus [12] s1[SuperDragonGem]s2[SuperDragonGem]
2025-07-19 02:22:33 - [Item]DSConquer[PM] update [1358305]420339 plus [12] s1[SuperDragonGem]s2[SuperDragonGem]
2025-07-19 02:22:33 - [Item]DSConquer[PM] update [1358306]480339 plus [12] s1[SuperDragonGem]s2[SuperDragonGem]
2025-07-19 02:22:56 - [Item]DSConquer[PM] update [1358302]150249 plus [12] s1[SuperDragonGem]s2[SuperDragonGem]
2025-07-19 02:22:56 - [Item]DSConquer[PM] update [1358305]420339 plus [12] s1[SuperDragonGem]s2[SuperDragonGem]
2025-07-19 02:22:56 - [Item]DSConquer[PM] update [1358306]480339 plus [12] s1[SuperDragonGem]s2[SuperDragonGem]
2025-07-19 02:23:02 - [Item]DSConquer[PM] update [1358302]150249 plus [12] s1[SuperDragonGem]s2[SuperDragonGem]
2025-07-19 02:23:02 - [Item]DSConquer[PM] update [1358305]420339 plus [12] s1[SuperDragonGem]s2[SuperDragonGem]
2025-07-19 02:23:02 - [Item]DSConquer[PM] update [1358306]480339 plus [12] s1[SuperDragonGem]s2[SuperDragonGem]
2025-07-19 02:23:09 - [Item]DSConquer[PM] update [1358302]150249 plus [12] s1[SuperDragonGem]s2[SuperDragonGem]
2025-07-19 02:23:09 - [Item]DSConquer[PM] update [1358305]420339 plus [12] s1[SuperDragonGem]s2[SuperDragonGem]
2025-07-19 02:23:09 - [Item]DSConquer[PM] update [1358306]480339 plus [12] s1[SuperDragonGem]s2[SuperDragonGem]
2025-07-19 02:23:22 - [Item]DSConquer[PM] update [1358302]150249 plus [12] s1[SuperDragonGem]s2[SuperDragonGem]
2025-07-19 02:23:22 - [Item]DSConquer[PM] update [1358305]420339 plus [12] s1[SuperDragonGem]s2[SuperDragonGem]
2025-07-19 02:23:22 - [Item]DSConquer[PM] update [1358306]480339 plus [12] s1[SuperDragonGem]s2[SuperDragonGem]
2025-07-19 02:23:31 - [Item]DSConquer[PM] update [1358302]150249 plus [12] s1[SuperDragonGem]s2[SuperDragonGem]
2025-07-19 02:23:31 - [Item]DSConquer[PM] update [1358305]420339 plus [12] s1[SuperDragonGem]s2[SuperDragonGem]
2025-07-19 02:23:31 - [Item]DSConquer[PM] update [1358306]480339 plus [12] s1[SuperDragonGem]s2[SuperDragonGem]
2025-07-19 02:23:32 - [Item]DSConquer[PM] update [1358302]150249 plus [12] s1[SuperDragonGem]s2[SuperDragonGem]
2025-07-19 02:23:32 - [Item]DSConquer[PM] update [1358305]420339 plus [12] s1[SuperDragonGem]s2[SuperDragonGem]
2025-07-19 02:23:32 - [Item]DSConquer[PM] update [1358306]480339 plus [12] s1[SuperDragonGem]s2[SuperDragonGem]
2025-07-19 02:23:54 - [Item]DSConquer[PM] update [1358302]150249 plus [12] s1[SuperDragonGem]s2[SuperDragonGem]
2025-07-19 02:23:54 - [Item]DSConquer[PM] update [1358305]420339 plus [12] s1[SuperDragonGem]s2[SuperDragonGem]
2025-07-19 02:23:54 - [Item]DSConquer[PM] update [1358306]480339 plus [12] s1[SuperDragonGem]s2[SuperDragonGem]
2025-07-19 02:24:13 - [Item]DSConquer[PM] update [1358302]150249 plus [12] s1[SuperDragonGem]s2[SuperDragonGem]
2025-07-19 02:24:13 - [Item]DSConquer[PM] update [1358305]420339 plus [12] s1[SuperDragonGem]s2[SuperDragonGem]
2025-07-19 02:24:13 - [Item]DSConquer[PM] update [1358306]480339 plus [12] s1[SuperDragonGem]s2[SuperDragonGem]
2025-07-19 02:24:33 - [Item]DSConquer[PM] update [1358302]150249 plus [12] s1[SuperDragonGem]s2[SuperDragonGem]
2025-07-19 02:24:33 - [Item]DSConquer[PM] update [1358305]420339 plus [12] s1[SuperDragonGem]s2[SuperDragonGem]
2025-07-19 02:24:33 - [Item]DSConquer[PM] update [1358306]480339 plus [12] s1[SuperDragonGem]s2[SuperDragonGem]
2025-07-19 02:25:45 - [Item]DSConquer[PM] update [1358302]150249 plus [12] s1[SuperDragonGem]s2[SuperDragonGem]
2025-07-19 02:25:45 - [Item]DSConquer[PM] update [1358305]420339 plus [12] s1[SuperDragonGem]s2[SuperDragonGem]
2025-07-19 02:25:45 - [Item]DSConquer[PM] update [1358306]480339 plus [12] s1[SuperDragonGem]s2[SuperDragonGem]
2025-07-19 02:25:50 - [Item]DSConquer[PM] update [1358302]150249 plus [12] s1[SuperDragonGem]s2[SuperDragonGem]
2025-07-19 02:25:50 - [Item]DSConquer[PM] update [1358305]420339 plus [12] s1[SuperDragonGem]s2[SuperDragonGem]
2025-07-19 02:25:50 - [Item]DSConquer[PM] update [1358306]480339 plus [12] s1[SuperDragonGem]s2[SuperDragonGem]
2025-07-19 02:26:44 - [Item]DSConquer[PM] update [1358302]150249 plus [12] s1[SuperDragonGem]s2[SuperDragonGem]
2025-07-19 02:26:44 - [Item]DSConquer[PM] update [1358305]420339 plus [12] s1[SuperDragonGem]s2[SuperDragonGem]
2025-07-19 02:26:44 - [Item]DSConquer[PM] update [1358306]480339 plus [12] s1[SuperDragonGem]s2[SuperDragonGem]
2025-07-19 02:40:42 - [Item]DSConquer[PM] update [1358302]150249 plus [12] s1[SuperDragonGem]s2[SuperDragonGem]
2025-07-19 02:40:42 - [Item]DSConquer[PM] update [1358305]420339 plus [12] s1[SuperDragonGem]s2[SuperDragonGem]
2025-07-19 02:40:42 - [Item]DSConquer[PM] update [1358306]480339 plus [12] s1[SuperDragonGem]s2[SuperDragonGem]
2025-07-19 02:41:49 - [Item]DSConquer[PM] update [1358302]150249 plus [12] s1[SuperDragonGem]s2[SuperDragonGem]
2025-07-19 02:41:49 - [Item]DSConquer[PM] update [1358305]420339 plus [12] s1[SuperDragonGem]s2[SuperDragonGem]
2025-07-19 02:41:49 - [Item]DSConquer[PM] update [1358306]480339 plus [12] s1[SuperDragonGem]s2[SuperDragonGem]
2025-07-19 02:42:11 - [Item]Abbey update [1358336]1050002 plus [0] s1[NoSocket]s2[NoSocket]
2025-07-19 02:43:00 - [Item]DSConquer[PM] update [1358302]150249 plus [12] s1[SuperDragonGem]s2[SuperDragonGem]
2025-07-19 02:43:00 - [Item]DSConquer[PM] update [1358305]420339 plus [12] s1[SuperDragonGem]s2[SuperDragonGem]
2025-07-19 02:43:00 - [Item]DSConquer[PM] update [1358306]480339 plus [12] s1[SuperDragonGem]s2[SuperDragonGem]
2025-07-19 02:43:26 - [Item]Abbey update [1582715]133109 plus [3] s1[SuperFuryGem]s2[NoSocket]
2025-07-19 02:43:26 - [Item]Abbey update [1378271]160019 plus [2] s1[NoSocket]s2[NoSocket]
2025-07-19 02:43:26 - [Item]Abbey update [1421552]121129 plus [3] s1[NoSocket]s2[NoSocket]
2025-07-19 02:43:26 - [Item]Abbey update [1529227]117109 plus [2] s1[NoSocket]s2[NoSocket]
2025-07-19 03:00:42 - [Item]DSConquer[PM] update [1358302]150249 plus [12] s1[SuperDragonGem]s2[SuperDragonGem]
2025-07-19 03:00:42 - [Item]DSConquer[PM] update [1358306]480339 plus [12] s1[SuperDragonGem]s2[SuperDragonGem]
2025-07-19 03:01:20 - [Item]DSConquer[PM] update [1358302]150249 plus [12] s1[SuperDragonGem]s2[SuperDragonGem]
2025-07-19 03:01:20 - [Item]DSConquer[PM] update [1358306]480339 plus [12] s1[SuperDragonGem]s2[SuperDragonGem]
2025-07-19 03:01:23 - [Item]DSConquer[PM] update [1358302]150249 plus [12] s1[SuperDragonGem]s2[SuperDragonGem]
2025-07-19 03:01:23 - [Item]DSConquer[PM] update [1358306]480339 plus [12] s1[SuperDragonGem]s2[SuperDragonGem]
2025-07-19 03:01:23 - [Item]DSConquer[PM] update [1358302]150249 plus [12] s1[SuperDragonGem]s2[SuperDragonGem]
2025-07-19 03:01:23 - [Item]DSConquer[PM] update [1358306]480339 plus [12] s1[SuperDragonGem]s2[SuperDragonGem]
2025-07-19 03:02:38 - [Item]DSConquer[PM] update [1358302]150249 plus [12] s1[SuperDragonGem]s2[SuperDragonGem]
2025-07-19 03:02:38 - [Item]DSConquer[PM] update [1358306]480339 plus [12] s1[SuperDragonGem]s2[SuperDragonGem]
2025-07-19 03:14:35 - [Item]DSConquer[PM] update [1358305]420339 plus [12] s1[SuperDragonGem]s2[SuperDragonGem]
2025-07-19 03:14:35 - [Item]DSConquer[PM] update [1358307]130109 plus [12] s1[SuperDragonGem]s2[SuperDragonGem]
2025-07-19 03:47:44 - [Item]DSConquer[PM] update [1358302]150249 plus [12] s1[SuperDragonGem]s2[SuperDragonGem]
2025-07-19 03:47:44 - [Item]DSConquer[PM] update [1358305]420339 plus [12] s1[SuperDragonGem]s2[SuperDragonGem]
2025-07-19 03:47:44 - [Item]DSConquer[PM] update [1358306]480339 plus [12] s1[SuperDragonGem]s2[SuperDragonGem]
2025-07-19 03:48:06 - [Item]DSConquer[PM] update [1358302]150249 plus [12] s1[SuperDragonGem]s2[SuperDragonGem]
2025-07-19 03:48:06 - [Item]DSConquer[PM] update [1358305]420339 plus [12] s1[SuperDragonGem]s2[SuperDragonGem]
2025-07-19 03:48:06 - [Item]DSConquer[PM] update [1358306]480339 plus [12] s1[SuperDragonGem]s2[SuperDragonGem]
2025-07-19 03:48:46 - [Item]DSConquer[PM] update [1358302]150249 plus [12] s1[SuperDragonGem]s2[SuperDragonGem]
2025-07-19 03:48:46 - [Item]DSConquer[PM] update [1358305]420339 plus [12] s1[SuperDragonGem]s2[SuperDragonGem]
2025-07-19 03:48:46 - [Item]DSConquer[PM] update [1358306]480339 plus [12] s1[SuperDragonGem]s2[SuperDragonGem]
2025-07-19 03:48:47 - [Item]DSConquer[PM] update [1358302]150249 plus [12] s1[SuperDragonGem]s2[SuperDragonGem]
2025-07-19 03:48:47 - [Item]DSConquer[PM] update [1358305]420339 plus [12] s1[SuperDragonGem]s2[SuperDragonGem]
2025-07-19 03:48:47 - [Item]DSConquer[PM] update [1358306]480339 plus [12] s1[SuperDragonGem]s2[SuperDragonGem]
2025-07-19 03:55:17 - [Item]DSConquer[PM] update [1358302]150249 plus [12] s1[SuperDragonGem]s2[SuperDragonGem]
2025-07-19 03:55:17 - [Item]DSConquer[PM] update [1358305]420339 plus [12] s1[SuperDragonGem]s2[SuperDragonGem]
2025-07-19 03:55:17 - [Item]DSConquer[PM] update [1358306]480339 plus [12] s1[SuperDragonGem]s2[SuperDragonGem]
2025-07-19 03:56:43 - [Item]DSConquer[PM] update [1358302]150249 plus [12] s1[SuperDragonGem]s2[SuperDragonGem]
2025-07-19 03:56:43 - [Item]DSConquer[PM] update [1358305]420339 plus [12] s1[SuperDragonGem]s2[SuperDragonGem]
2025-07-19 03:56:43 - [Item]DSConquer[PM] update [1358306]480339 plus [12] s1[SuperDragonGem]s2[SuperDragonGem]
2025-07-19 03:57:37 - [Item]DSConquer[PM] update [1358302]150249 plus [12] s1[SuperDragonGem]s2[SuperDragonGem]
2025-07-19 03:57:37 - [Item]DSConquer[PM] update [1358305]420339 plus [12] s1[SuperDragonGem]s2[SuperDragonGem]
2025-07-19 03:57:37 - [Item]DSConquer[PM] update [1358306]480339 plus [12] s1[SuperDragonGem]s2[SuperDragonGem]
2025-07-19 04:14:54 - [Item]DSConquer[PM] update [1358302]150249 plus [12] s1[SuperDragonGem]s2[SuperDragonGem]
2025-07-19 04:14:54 - [Item]DSConquer[PM] update [1358305]420339 plus [12] s1[SuperDragonGem]s2[SuperDragonGem]
2025-07-19 04:14:54 - [Item]DSConquer[PM] update [1358306]480339 plus [12] s1[SuperDragonGem]s2[SuperDragonGem]
2025-07-19 04:15:40 - [Item]DSConquer[PM] update [1358302]150249 plus [12] s1[SuperDragonGem]s2[SuperDragonGem]
2025-07-19 04:15:40 - [Item]DSConquer[PM] update [1358305]420339 plus [12] s1[SuperDragonGem]s2[SuperDragonGem]
2025-07-19 04:15:40 - [Item]DSConquer[PM] update [1358306]480339 plus [12] s1[SuperDragonGem]s2[SuperDragonGem]
2025-07-19 12:04:01 - [Item]DSConquer[PM] update [1358302]150249 plus [12] s1[SuperDragonGem]s2[SuperDragonGem]
2025-07-19 12:04:01 - [Item]DSConquer[PM] update [1358305]420339 plus [12] s1[SuperDragonGem]s2[SuperDragonGem]
2025-07-19 12:04:01 - [Item]DSConquer[PM] update [1358306]480339 plus [12] s1[SuperDragonGem]s2[SuperDragonGem]
2025-07-19 12:04:21 - [Item]DSConquer[PM] update [1358302]150249 plus [12] s1[SuperDragonGem]s2[SuperDragonGem]
2025-07-19 12:04:21 - [Item]DSConquer[PM] update [1358305]420339 plus [12] s1[SuperDragonGem]s2[SuperDragonGem]
2025-07-19 12:04:21 - [Item]DSConquer[PM] update [1358306]480339 plus [12] s1[SuperDragonGem]s2[SuperDragonGem]
2025-07-19 12:07:18 - [Item]DSConquer[PM] update [1358302]150249 plus [12] s1[SuperDragonGem]s2[SuperDragonGem]
2025-07-19 12:07:18 - [Item]DSConquer[PM] update [1358305]420339 plus [12] s1[SuperDragonGem]s2[SuperDragonGem]
2025-07-19 12:07:18 - [Item]DSConquer[PM] update [1358306]480339 plus [12] s1[SuperDragonGem]s2[SuperDragonGem]
2025-07-19 12:11:21 - [Item]DSConquer[PM] update [1358302]150249 plus [12] s1[SuperDragonGem]s2[SuperDragonGem]
2025-07-19 12:11:21 - [Item]DSConquer[PM] update [1358305]420339 plus [12] s1[SuperDragonGem]s2[SuperDragonGem]
2025-07-19 12:11:21 - [Item]DSConquer[PM] update [1358306]480339 plus [12] s1[SuperDragonGem]s2[SuperDragonGem]
2025-07-19 12:35:45 - [Item]DSConquer[PM] update [1358302]150249 plus [12] s1[SuperDragonGem]s2[SuperDragonGem]
2025-07-19 12:35:45 - [Item]DSConquer[PM] update [1358305]420339 plus [12] s1[SuperDragonGem]s2[SuperDragonGem]
2025-07-19 12:35:45 - [Item]DSConquer[PM] update [1358306]480339 plus [12] s1[SuperDragonGem]s2[SuperDragonGem]
2025-07-19 15:46:39 - [Item]DSConquer[PM] update [1358302]150249 plus [12] s1[SuperDragonGem]s2[SuperDragonGem]
2025-07-19 15:46:39 - [Item]DSConquer[PM] update [1358305]420339 plus [12] s1[SuperDragonGem]s2[SuperDragonGem]
2025-07-19 15:46:39 - [Item]DSConquer[PM] update [1358306]480339 plus [12] s1[SuperDragonGem]s2[SuperDragonGem]
2025-07-19 15:46:54 - [Item]DSConquer[PM] update [1358302]150249 plus [12] s1[SuperDragonGem]s2[SuperDragonGem]
2025-07-19 15:46:54 - [Item]DSConquer[PM] update [1358305]420339 plus [12] s1[SuperDragonGem]s2[SuperDragonGem]
2025-07-19 15:46:54 - [Item]DSConquer[PM] update [1358306]480339 plus [12] s1[SuperDragonGem]s2[SuperDragonGem]
2025-07-19 15:47:38 - [Item]DSConquer[PM] update [1358302]150249 plus [12] s1[SuperDragonGem]s2[SuperDragonGem]
2025-07-19 15:47:38 - [Item]DSConquer[PM] update [1358305]420339 plus [12] s1[SuperDragonGem]s2[SuperDragonGem]
2025-07-19 15:47:38 - [Item]DSConquer[PM] update [1358306]480339 plus [12] s1[SuperDragonGem]s2[SuperDragonGem]
2025-07-19 15:48:59 - [Item]DSConquer[PM] update [1358302]150249 plus [12] s1[SuperDragonGem]s2[SuperDragonGem]
2025-07-19 15:48:59 - [Item]DSConquer[PM] update [1358305]420339 plus [12] s1[SuperDragonGem]s2[SuperDragonGem]
2025-07-19 15:48:59 - [Item]DSConquer[PM] update [1358306]480339 plus [12] s1[SuperDragonGem]s2[SuperDragonGem]
2025-07-19 15:49:36 - [Item]DSConquer[PM] update [1358302]150249 plus [12] s1[SuperDragonGem]s2[SuperDragonGem]
2025-07-19 15:49:36 - [Item]DSConquer[PM] update [1358305]420339 plus [12] s1[SuperDragonGem]s2[SuperDragonGem]
2025-07-19 15:49:36 - [Item]DSConquer[PM] update [1358306]480339 plus [12] s1[SuperDragonGem]s2[SuperDragonGem]
2025-07-19 15:50:40 - [Item]DSConquer[PM] update [1358302]150249 plus [12] s1[SuperDragonGem]s2[SuperDragonGem]
2025-07-19 15:50:40 - [Item]DSConquer[PM] update [1358305]420339 plus [12] s1[SuperDragonGem]s2[SuperDragonGem]
2025-07-19 15:50:40 - [Item]DSConquer[PM] update [1358306]480339 plus [12] s1[SuperDragonGem]s2[SuperDragonGem]
2025-07-19 15:52:19 - [Item]Abbey update [1529774]500329 plus [3] s1[SuperFuryGem]s2[SuperFuryGem]
2025-07-19 15:52:19 - [Item]Abbey update [1506131]151239 plus [3] s1[NoSocket]s2[NoSocket]
2025-07-19 15:53:19 - [Item]Abbey update [1529774]500329 plus [3] s1[SuperFuryGem]s2[SuperFuryGem]
2025-07-19 15:53:19 - [Item]Abbey update [1506131]151239 plus [3] s1[NoSocket]s2[NoSocket]
2025-07-19 15:53:53 - [Item]Abbey update [1529774]500329 plus [3] s1[SuperFuryGem]s2[SuperFuryGem]
2025-07-19 15:53:53 - [Item]Abbey update [1506131]151239 plus [3] s1[NoSocket]s2[NoSocket]
2025-07-19 15:54:08 - [Item]Abbey update [1529774]500329 plus [3] s1[SuperFuryGem]s2[SuperFuryGem]
2025-07-19 15:54:08 - [Item]Abbey update [1506131]151239 plus [3] s1[NoSocket]s2[NoSocket]
2025-07-19 15:54:26 - [Item]Abbey update [1529774]500329 plus [3] s1[SuperFuryGem]s2[SuperFuryGem]
2025-07-19 15:54:26 - [Item]Abbey update [1506131]151239 plus [3] s1[NoSocket]s2[NoSocket]
2025-07-19 15:54:50 - [Item]Abbey update [1529774]500329 plus [3] s1[SuperFuryGem]s2[SuperFuryGem]
2025-07-19 15:54:50 - [Item]Abbey update [1506131]151239 plus [3] s1[NoSocket]s2[NoSocket]
2025-07-19 15:55:39 - [Item]Abbey update [1529774]500329 plus [3] s1[SuperFuryGem]s2[SuperFuryGem]
2025-07-19 15:55:39 - [Item]Abbey update [1506131]151239 plus [3] s1[NoSocket]s2[NoSocket]
2025-07-19 15:56:08 - [Item]Abbey update [1529774]500329 plus [3] s1[SuperFuryGem]s2[SuperFuryGem]
2025-07-19 15:56:08 - [Item]Abbey update [1506131]151239 plus [3] s1[NoSocket]s2[NoSocket]
2025-07-19 15:56:29 - [Item]Abbey update [1529774]500329 plus [3] s1[SuperFuryGem]s2[SuperFuryGem]
2025-07-19 15:56:29 - [Item]Abbey update [1506131]151239 plus [3] s1[NoSocket]s2[NoSocket]
2025-07-19 15:56:41 - [Item]Abbey update [1529774]500329 plus [3] s1[SuperFuryGem]s2[SuperFuryGem]
2025-07-19 15:56:41 - [Item]Abbey update [1506131]151239 plus [3] s1[NoSocket]s2[NoSocket]
2025-07-19 16:00:48 - [Item]Abbey update [1529774]500329 plus [3] s1[SuperFuryGem]s2[SuperFuryGem]
2025-07-19 16:00:48 - [Item]Abbey update [1506131]151239 plus [3] s1[NoSocket]s2[NoSocket]
2025-07-19 16:00:51 - [Item]Abbey update [1529774]500329 plus [3] s1[SuperFuryGem]s2[SuperFuryGem]
2025-07-19 16:00:51 - [Item]Abbey update [1506131]151239 plus [3] s1[NoSocket]s2[NoSocket]
2025-07-19 16:04:17 - [Item]Abbey update [1529774]500329 plus [3] s1[SuperFuryGem]s2[SuperFuryGem]
2025-07-19 16:04:17 - [Item]Abbey update [1506131]151239 plus [3] s1[NoSocket]s2[NoSocket]
2025-07-19 16:07:08 - [Item]Abbey update [1529774]500329 plus [3] s1[SuperFuryGem]s2[SuperFuryGem]
2025-07-19 16:07:08 - [Item]Abbey update [1506131]151239 plus [3] s1[NoSocket]s2[NoSocket]
2025-07-19 16:08:40 - [Item]Abbey update [1529774]500329 plus [3] s1[SuperFuryGem]s2[SuperFuryGem]
2025-07-19 16:08:40 - [Item]Abbey update [1506131]151239 plus [3] s1[NoSocket]s2[NoSocket]
2025-07-19 16:08:53 - [Item]Abbey update [1529774]500329 plus [3] s1[SuperFuryGem]s2[SuperFuryGem]
2025-07-19 16:08:53 - [Item]Abbey update [1506131]151239 plus [3] s1[NoSocket]s2[NoSocket]
2025-07-19 16:09:00 - [Item]Abbey update [1529774]500329 plus [3] s1[SuperFuryGem]s2[SuperFuryGem]
2025-07-19 16:09:00 - [Item]Abbey update [1506131]151239 plus [3] s1[NoSocket]s2[NoSocket]
2025-07-19 16:09:27 - [Item]Abbey update [1529774]500329 plus [3] s1[SuperFuryGem]s2[SuperFuryGem]
2025-07-19 16:09:27 - [Item]Abbey update [1506131]151239 plus [3] s1[NoSocket]s2[NoSocket]
2025-07-19 16:10:23 - [Item]Abbey update [1529774]500329 plus [3] s1[SuperFuryGem]s2[SuperFuryGem]
2025-07-19 16:10:23 - [Item]Abbey update [1506131]151239 plus [3] s1[NoSocket]s2[NoSocket]
2025-07-19 16:10:34 - [Item]Abbey update [1529774]500329 plus [3] s1[SuperFuryGem]s2[SuperFuryGem]
2025-07-19 16:10:34 - [Item]Abbey update [1506131]151239 plus [3] s1[NoSocket]s2[NoSocket]
2025-07-19 16:11:33 - [Item]Abbey update [1529774]500329 plus [3] s1[SuperFuryGem]s2[SuperFuryGem]
2025-07-19 16:11:33 - [Item]Abbey update [1506131]151239 plus [3] s1[NoSocket]s2[NoSocket]
2025-07-19 16:11:36 - [Item]Abbey update [1529774]500329 plus [3] s1[SuperFuryGem]s2[SuperFuryGem]
2025-07-19 16:11:36 - [Item]Abbey update [1506131]151239 plus [3] s1[NoSocket]s2[NoSocket]
2025-07-19 16:11:38 - [Item]Abbey update [1529774]500329 plus [3] s1[SuperFuryGem]s2[SuperFuryGem]
2025-07-19 16:11:38 - [Item]Abbey update [1506131]151239 plus [3] s1[NoSocket]s2[NoSocket]
2025-07-19 16:12:08 - [Item]Abbey update [1529774]500329 plus [3] s1[SuperFuryGem]s2[SuperFuryGem]
2025-07-19 16:12:08 - [Item]Abbey update [1506131]151239 plus [3] s1[NoSocket]s2[NoSocket]
2025-07-19 16:12:15 - [Item]Abbey update [1529774]500329 plus [3] s1[SuperFuryGem]s2[SuperFuryGem]
2025-07-19 16:12:15 - [Item]Abbey update [1506131]151239 plus [3] s1[NoSocket]s2[NoSocket]
2025-07-19 16:12:53 - [Item]Abbey update [1529774]500329 plus [3] s1[SuperFuryGem]s2[SuperFuryGem]
2025-07-19 16:12:53 - [Item]Abbey update [1506131]151239 plus [3] s1[NoSocket]s2[NoSocket]
2025-07-19 16:14:15 - [Item]Abbey update [1529774]500329 plus [3] s1[SuperFuryGem]s2[SuperFuryGem]
2025-07-19 16:14:15 - [Item]Abbey update [1506131]151239 plus [3] s1[NoSocket]s2[NoSocket]
2025-07-19 16:14:53 - [Item]Abbey update [1529774]500329 plus [3] s1[SuperFuryGem]s2[SuperFuryGem]
2025-07-19 16:14:53 - [Item]Abbey update [1506131]151239 plus [3] s1[NoSocket]s2[NoSocket]
2025-07-19 16:14:54 - [Item]Abbey update [1529774]500329 plus [3] s1[SuperFuryGem]s2[SuperFuryGem]
2025-07-19 16:14:54 - [Item]Abbey update [1506131]151239 plus [3] s1[NoSocket]s2[NoSocket]
2025-07-19 16:15:13 - [Item]Abbey update [1529774]500329 plus [3] s1[SuperFuryGem]s2[SuperFuryGem]
2025-07-19 16:15:13 - [Item]Abbey update [1506131]151239 plus [3] s1[NoSocket]s2[NoSocket]
2025-07-19 16:15:14 - [Item]Abbey update [1529774]500329 plus [3] s1[SuperFuryGem]s2[SuperFuryGem]
2025-07-19 16:15:14 - [Item]Abbey update [1506131]151239 plus [3] s1[NoSocket]s2[NoSocket]
2025-07-19 16:15:56 - [Item]Abbey update [1529774]500329 plus [3] s1[SuperFuryGem]s2[SuperFuryGem]
2025-07-19 16:15:56 - [Item]Abbey update [1506131]151239 plus [3] s1[NoSocket]s2[NoSocket]
2025-07-19 16:16:05 - [Item]Abbey update [1529774]500329 plus [3] s1[SuperFuryGem]s2[SuperFuryGem]
2025-07-19 16:16:05 - [Item]Abbey update [1506131]151239 plus [3] s1[NoSocket]s2[NoSocket]
2025-07-19 16:16:22 - [Item]Abbey update [1529774]500329 plus [3] s1[SuperFuryGem]s2[SuperFuryGem]
2025-07-19 16:16:22 - [Item]Abbey update [1506131]151239 plus [3] s1[NoSocket]s2[NoSocket]
2025-07-19 16:16:25 - [Item]Abbey update [1529774]500329 plus [3] s1[SuperFuryGem]s2[SuperFuryGem]
2025-07-19 16:16:25 - [Item]Abbey update [1506131]151239 plus [3] s1[NoSocket]s2[NoSocket]
2025-07-19 16:17:12 - [Item]Abbey update [1529774]500329 plus [3] s1[SuperFuryGem]s2[SuperFuryGem]
2025-07-19 16:17:12 - [Item]Abbey update [1506131]151239 plus [3] s1[NoSocket]s2[NoSocket]
2025-07-19 16:17:46 - [Item]Abbey update [1529774]500329 plus [3] s1[SuperFuryGem]s2[SuperFuryGem]
2025-07-19 16:17:46 - [Item]Abbey update [1506131]151239 plus [3] s1[NoSocket]s2[NoSocket]
2025-07-19 16:18:09 - [Item]Abbey update [1529774]500329 plus [3] s1[SuperFuryGem]s2[SuperFuryGem]
2025-07-19 16:18:09 - [Item]Abbey update [1506131]151239 plus [3] s1[NoSocket]s2[NoSocket]
2025-07-19 16:18:25 - [Item]Abbey update [1529774]500329 plus [3] s1[SuperFuryGem]s2[SuperFuryGem]
2025-07-19 16:18:25 - [Item]Abbey update [1506131]151239 plus [3] s1[NoSocket]s2[NoSocket]
2025-07-19 16:18:33 - [Item]Abbey update [1529774]500329 plus [3] s1[SuperFuryGem]s2[SuperFuryGem]
2025-07-19 16:18:33 - [Item]Abbey update [1506131]151239 plus [3] s1[NoSocket]s2[NoSocket]
2025-07-19 16:18:37 - [Item]Abbey update [1529774]500329 plus [3] s1[SuperFuryGem]s2[SuperFuryGem]
2025-07-19 16:18:37 - [Item]Abbey update [1506131]151239 plus [3] s1[NoSocket]s2[NoSocket]
2025-07-19 16:18:46 - [Item]Abbey update [1529774]500329 plus [3] s1[SuperFuryGem]s2[SuperFuryGem]
2025-07-19 16:18:46 - [Item]Abbey update [1506131]151239 plus [3] s1[NoSocket]s2[NoSocket]
2025-07-19 16:18:50 - [Item]Abbey update [1529774]500329 plus [3] s1[SuperFuryGem]s2[SuperFuryGem]
2025-07-19 16:18:50 - [Item]Abbey update [1506131]151239 plus [3] s1[NoSocket]s2[NoSocket]
2025-07-19 16:19:19 - [Item]Abbey update [1529774]500329 plus [3] s1[SuperFuryGem]s2[SuperFuryGem]
2025-07-19 16:19:19 - [Item]Abbey update [1506131]151239 plus [3] s1[NoSocket]s2[NoSocket]
2025-07-19 16:20:23 - [Item]Abbey update [1529774]500329 plus [3] s1[SuperFuryGem]s2[SuperFuryGem]
2025-07-19 16:20:23 - [Item]Abbey update [1506131]151239 plus [3] s1[NoSocket]s2[NoSocket]
2025-07-19 16:20:50 - [Item]Abbey update [1529774]500329 plus [3] s1[SuperFuryGem]s2[SuperFuryGem]
2025-07-19 16:20:50 - [Item]Abbey update [1506131]151239 plus [3] s1[NoSocket]s2[NoSocket]
2025-07-19 16:23:22 - [Item]Abbey update [1529774]500329 plus [3] s1[SuperFuryGem]s2[SuperFuryGem]
2025-07-19 16:23:22 - [Item]Abbey update [1506131]151239 plus [3] s1[NoSocket]s2[NoSocket]
2025-07-19 16:23:28 - [Item]Abbey update [1529774]500329 plus [3] s1[SuperFuryGem]s2[SuperFuryGem]
2025-07-19 16:23:28 - [Item]Abbey update [1506131]151239 plus [3] s1[NoSocket]s2[NoSocket]
2025-07-19 16:23:32 - [Item]Abbey update [1529774]500329 plus [3] s1[SuperFuryGem]s2[SuperFuryGem]
2025-07-19 16:23:32 - [Item]Abbey update [1506131]151239 plus [3] s1[NoSocket]s2[NoSocket]
2025-07-19 16:24:36 - [Item]Abbey update [1529774]500329 plus [3] s1[SuperFuryGem]s2[SuperFuryGem]
2025-07-19 16:24:36 - [Item]Abbey update [1506131]151239 plus [3] s1[NoSocket]s2[NoSocket]
2025-07-19 16:25:10 - [Item]Abbey update [1529774]500329 plus [3] s1[SuperFuryGem]s2[SuperFuryGem]
2025-07-19 16:25:10 - [Item]Abbey update [1506131]151239 plus [3] s1[NoSocket]s2[NoSocket]
2025-07-19 16:25:16 - [Item]Abbey update [1529774]500329 plus [3] s1[SuperFuryGem]s2[SuperFuryGem]
2025-07-19 16:25:16 - [Item]Abbey update [1506131]151239 plus [3] s1[NoSocket]s2[NoSocket]
2025-07-19 16:25:38 - [Item]Abbey update [1529774]500329 plus [3] s1[SuperFuryGem]s2[SuperFuryGem]
2025-07-19 16:25:38 - [Item]Abbey update [1506131]151239 plus [3] s1[NoSocket]s2[NoSocket]
2025-07-19 16:26:24 - [Item]Abbey update [1529774]500329 plus [3] s1[SuperFuryGem]s2[SuperFuryGem]
2025-07-19 16:26:24 - [Item]Abbey update [1506131]151239 plus [3] s1[NoSocket]s2[NoSocket]
2025-07-19 16:26:28 - [Item]Abbey update [1529774]500329 plus [3] s1[SuperFuryGem]s2[SuperFuryGem]
2025-07-19 16:26:28 - [Item]Abbey update [1506131]151239 plus [3] s1[NoSocket]s2[NoSocket]
2025-07-19 16:27:09 - [Item]Abbey update [1529774]500329 plus [3] s1[SuperFuryGem]s2[SuperFuryGem]
2025-07-19 16:27:09 - [Item]Abbey update [1506131]151239 plus [3] s1[NoSocket]s2[NoSocket]
2025-07-19 16:27:47 - [Item]Abbey update [1529774]500329 plus [3] s1[SuperFuryGem]s2[SuperFuryGem]
2025-07-19 16:27:47 - [Item]Abbey update [1506131]151239 plus [3] s1[NoSocket]s2[NoSocket]
2025-07-19 16:28:50 - [Item]Abbey update [1529774]500329 plus [3] s1[SuperFuryGem]s2[SuperFuryGem]
2025-07-19 16:28:50 - [Item]Abbey update [1506131]151239 plus [3] s1[NoSocket]s2[NoSocket]
2025-07-19 16:30:24 - [Item]Abbey update [1529774]500329 plus [3] s1[SuperFuryGem]s2[SuperFuryGem]
2025-07-19 16:30:24 - [Item]Abbey update [1506131]151239 plus [3] s1[NoSocket]s2[NoSocket]
2025-07-19 16:30:41 - [Item]Abbey update [1529774]500329 plus [3] s1[SuperFuryGem]s2[SuperFuryGem]
2025-07-19 16:30:41 - [Item]Abbey update [1506131]151239 plus [3] s1[NoSocket]s2[NoSocket]
2025-07-19 16:31:00 - [Item]Abbey update [1529774]500329 plus [3] s1[SuperFuryGem]s2[SuperFuryGem]
2025-07-19 16:31:00 - [Item]Abbey update [1506131]151239 plus [3] s1[NoSocket]s2[NoSocket]
2025-07-19 16:32:00 - [Item]Abbey update [1529774]500329 plus [3] s1[SuperFuryGem]s2[SuperFuryGem]
2025-07-19 16:32:00 - [Item]Abbey update [1506131]151239 plus [3] s1[NoSocket]s2[NoSocket]
2025-07-19 16:32:31 - [Item]Abbey update [1529774]500329 plus [3] s1[SuperFuryGem]s2[SuperFuryGem]
2025-07-19 16:32:31 - [Item]Abbey update [1506131]151239 plus [3] s1[NoSocket]s2[NoSocket]
2025-07-19 16:32:58 - [Item]Abbey update [1529774]500329 plus [3] s1[SuperFuryGem]s2[SuperFuryGem]
2025-07-19 16:32:58 - [Item]Abbey update [1506131]151239 plus [3] s1[NoSocket]s2[NoSocket]
2025-07-19 16:33:14 - [Item]Abbey update [1529774]500329 plus [3] s1[SuperFuryGem]s2[SuperFuryGem]
2025-07-19 16:33:14 - [Item]Abbey update [1506131]151239 plus [3] s1[NoSocket]s2[NoSocket]
2025-07-19 16:33:19 - [Item]Abbey update [1529774]500329 plus [3] s1[SuperFuryGem]s2[SuperFuryGem]
2025-07-19 16:33:19 - [Item]Abbey update [1506131]151239 plus [3] s1[NoSocket]s2[NoSocket]
2025-07-19 16:33:20 - [Item]Abbey update [1529774]500329 plus [3] s1[SuperFuryGem]s2[SuperFuryGem]
2025-07-19 16:33:20 - [Item]Abbey update [1506131]151239 plus [3] s1[NoSocket]s2[NoSocket]
2025-07-19 16:33:40 - [Item]Abbey update [1529774]500329 plus [3] s1[SuperFuryGem]s2[SuperFuryGem]
2025-07-19 16:33:40 - [Item]Abbey update [1506131]151239 plus [3] s1[NoSocket]s2[NoSocket]
2025-07-19 16:34:07 - [Item]Abbey update [1529774]500329 plus [3] s1[SuperFuryGem]s2[SuperFuryGem]
2025-07-19 16:34:07 - [Item]Abbey update [1506131]151239 plus [3] s1[NoSocket]s2[NoSocket]
2025-07-19 16:34:34 - [Item]Abbey update [1529774]500329 plus [3] s1[SuperFuryGem]s2[SuperFuryGem]
2025-07-19 16:34:34 - [Item]Abbey update [1506131]151239 plus [3] s1[NoSocket]s2[NoSocket]
2025-07-19 16:34:37 - [Item]Abbey update [1529774]500329 plus [3] s1[SuperFuryGem]s2[SuperFuryGem]
2025-07-19 16:34:37 - [Item]Abbey update [1506131]151239 plus [3] s1[NoSocket]s2[NoSocket]
2025-07-19 16:34:54 - [Item]Abbey update [1529774]500329 plus [3] s1[SuperFuryGem]s2[SuperFuryGem]
2025-07-19 16:34:54 - [Item]Abbey update [1506131]151239 plus [3] s1[NoSocket]s2[NoSocket]
2025-07-19 16:35:29 - [Item]Abbey update [1529774]500329 plus [3] s1[SuperFuryGem]s2[SuperFuryGem]
2025-07-19 16:35:29 - [Item]Abbey update [1506131]151239 plus [3] s1[NoSocket]s2[NoSocket]
2025-07-19 17:02:48 - [Item]DSConquer[PM] update [1358302]150249 plus [12] s1[SuperDragonGem]s2[SuperDragonGem]
2025-07-19 17:02:48 - [Item]DSConquer[PM] update [1358305]420339 plus [12] s1[SuperDragonGem]s2[SuperDragonGem]
2025-07-19 17:02:48 - [Item]DSConquer[PM] update [1358306]480339 plus [12] s1[SuperDragonGem]s2[SuperDragonGem]
2025-07-19 17:04:55 - [Item]DSConquer[PM] update [1530181]192225 plus [0] s1[NoSocket]s2[NoSocket]
2025-07-19 17:05:17 - [Item]DSConquer[PM] update [1358302]150249 plus [12] s1[SuperDragonGem]s2[SuperDragonGem]
2025-07-19 17:05:17 - [Item]DSConquer[PM] update [1358305]420339 plus [12] s1[SuperDragonGem]s2[SuperDragonGem]
2025-07-19 17:05:17 - [Item]DSConquer[PM] update [1358306]480339 plus [12] s1[SuperDragonGem]s2[SuperDragonGem]
2025-07-19 17:06:14 - [Item]DSConquer[PM] update [1358302]150249 plus [12] s1[SuperDragonGem]s2[SuperDragonGem]
2025-07-19 17:06:14 - [Item]DSConquer[PM] update [1358305]420339 plus [12] s1[SuperDragonGem]s2[SuperDragonGem]
2025-07-19 17:06:14 - [Item]DSConquer[PM] update [1358306]480339 plus [12] s1[SuperDragonGem]s2[SuperDragonGem]
2025-07-19 17:06:35 - [Item]Abbey update [1529774]500329 plus [3] s1[SuperFuryGem]s2[SuperFuryGem]
2025-07-19 17:06:35 - [Item]Abbey update [1506131]151239 plus [3] s1[NoSocket]s2[NoSocket]
2025-07-19 17:06:55 - [Item]DSConquer[PM] update [1530181]192225 plus [0] s1[NoSocket]s2[NoSocket]
2025-07-19 18:02:29 - [Item]Abbey update [1529774]500329 plus [3] s1[SuperFuryGem]s2[SuperFuryGem]
2025-07-19 18:02:29 - [Item]Abbey update [1506131]151239 plus [3] s1[NoSocket]s2[NoSocket]
2025-07-19 18:02:32 - [Item]Abbey update [1529774]500329 plus [3] s1[SuperFuryGem]s2[SuperFuryGem]
2025-07-19 18:02:32 - [Item]Abbey update [1506131]151239 plus [3] s1[NoSocket]s2[NoSocket]
2025-07-19 18:02:53 - [Item]Abbey update [1529774]500329 plus [3] s1[SuperFuryGem]s2[SuperFuryGem]
2025-07-19 18:02:53 - [Item]Abbey update [1506131]151239 plus [3] s1[NoSocket]s2[NoSocket]
2025-07-19 18:02:59 - [Item]Abbey update [1529774]500329 plus [3] s1[SuperFuryGem]s2[SuperFuryGem]
2025-07-19 18:02:59 - [Item]Abbey update [1506131]151239 plus [3] s1[NoSocket]s2[NoSocket]
2025-07-19 18:03:29 - [Item]Abbey update [1529774]500329 plus [3] s1[SuperFuryGem]s2[SuperFuryGem]
2025-07-19 18:03:29 - [Item]Abbey update [1506131]151239 plus [3] s1[NoSocket]s2[NoSocket]
2025-07-19 18:03:29 - [Item]Abbey update [1529774]500329 plus [3] s1[SuperFuryGem]s2[SuperFuryGem]
2025-07-19 18:03:29 - [Item]Abbey update [1506131]151239 plus [3] s1[NoSocket]s2[NoSocket]
2025-07-19 18:03:47 - [Item]Abbey update [1529774]500329 plus [3] s1[SuperFuryGem]s2[SuperFuryGem]
2025-07-19 18:03:47 - [Item]Abbey update [1506131]151239 plus [3] s1[NoSocket]s2[NoSocket]
2025-07-19 18:04:01 - [Item]Abbey update [1529774]500329 plus [3] s1[SuperFuryGem]s2[SuperFuryGem]
2025-07-19 18:04:01 - [Item]Abbey update [1506131]151239 plus [3] s1[NoSocket]s2[NoSocket]
2025-07-19 18:05:01 - [Item]Abbey update [1529774]500329 plus [3] s1[SuperFuryGem]s2[SuperFuryGem]
2025-07-19 18:05:01 - [Item]Abbey update [1506131]151239 plus [3] s1[NoSocket]s2[NoSocket]
2025-07-19 18:05:30 - [Item]Abbey update [1529774]500329 plus [3] s1[SuperFuryGem]s2[SuperFuryGem]
2025-07-19 18:05:30 - [Item]Abbey update [1506131]151239 plus [3] s1[NoSocket]s2[NoSocket]
2025-07-19 18:06:26 - [Item]Abbey update [1529774]500329 plus [3] s1[SuperFuryGem]s2[SuperFuryGem]
2025-07-19 18:06:26 - [Item]Abbey update [1506131]151239 plus [3] s1[NoSocket]s2[NoSocket]
2025-07-19 18:07:17 - [Item]Abbey update [1529774]500329 plus [3] s1[SuperFuryGem]s2[SuperFuryGem]
2025-07-19 18:07:17 - [Item]Abbey update [1506131]151239 plus [3] s1[NoSocket]s2[NoSocket]
2025-07-19 18:07:26 - [Item]Abbey update [1529774]500329 plus [3] s1[SuperFuryGem]s2[SuperFuryGem]
2025-07-19 18:07:26 - [Item]Abbey update [1506131]151239 plus [3] s1[NoSocket]s2[NoSocket]
2025-07-19 18:08:31 - [Item]Abbey update [1529774]500329 plus [3] s1[SuperFuryGem]s2[SuperFuryGem]
2025-07-19 18:08:31 - [Item]Abbey update [1506131]151239 plus [3] s1[NoSocket]s2[NoSocket]
2025-07-19 18:09:00 - [Item]Abbey update [1529774]500329 plus [3] s1[SuperFuryGem]s2[SuperFuryGem]
2025-07-19 18:09:00 - [Item]Abbey update [1506131]151239 plus [3] s1[NoSocket]s2[NoSocket]
2025-07-19 18:09:11 - [Item]Abbey update [1529774]500329 plus [3] s1[SuperFuryGem]s2[SuperFuryGem]
2025-07-19 18:09:11 - [Item]Abbey update [1506131]151239 plus [3] s1[NoSocket]s2[NoSocket]
2025-07-19 18:09:21 - [Item]Abbey update [1529774]500329 plus [3] s1[SuperFuryGem]s2[SuperFuryGem]
2025-07-19 18:09:21 - [Item]Abbey update [1506131]151239 plus [3] s1[NoSocket]s2[NoSocket]
2025-07-19 18:10:27 - [Item]Abbey update [1529774]500329 plus [3] s1[SuperFuryGem]s2[SuperFuryGem]
2025-07-19 18:10:27 - [Item]Abbey update [1506131]151239 plus [3] s1[NoSocket]s2[NoSocket]
2025-07-19 18:10:28 - [Item]Abbey update [1529774]500329 plus [3] s1[SuperFuryGem]s2[SuperFuryGem]
2025-07-19 18:10:28 - [Item]Abbey update [1506131]151239 plus [3] s1[NoSocket]s2[NoSocket]
2025-07-19 18:11:14 - [Item]Abbey update [1529774]500329 plus [3] s1[SuperFuryGem]s2[SuperFuryGem]
2025-07-19 18:11:14 - [Item]Abbey update [1506131]151239 plus [3] s1[NoSocket]s2[NoSocket]
2025-07-19 18:11:54 - [Item]Abbey update [1529774]500329 plus [3] s1[SuperFuryGem]s2[SuperFuryGem]
2025-07-19 18:11:54 - [Item]Abbey update [1506131]151239 plus [3] s1[NoSocket]s2[NoSocket]
2025-07-19 18:12:37 - [Item]Abbey update [1529774]500329 plus [3] s1[SuperFuryGem]s2[SuperFuryGem]
2025-07-19 18:12:37 - [Item]Abbey update [1506131]151239 plus [3] s1[NoSocket]s2[NoSocket]
2025-07-19 18:12:56 - [Item]Abbey update [1529774]500329 plus [3] s1[SuperFuryGem]s2[SuperFuryGem]
2025-07-19 18:12:56 - [Item]Abbey update [1506131]151239 plus [3] s1[NoSocket]s2[NoSocket]
2025-07-19 18:13:13 - [Item]Abbey update [1529774]500329 plus [3] s1[SuperFuryGem]s2[SuperFuryGem]
2025-07-19 18:13:13 - [Item]Abbey update [1506131]151239 plus [3] s1[NoSocket]s2[NoSocket]
2025-07-19 18:15:08 - [Item]Abbey update [1529774]500329 plus [3] s1[SuperFuryGem]s2[SuperFuryGem]
2025-07-19 18:15:08 - [Item]Abbey update [1506131]151239 plus [3] s1[NoSocket]s2[NoSocket]
2025-07-19 18:15:47 - [Item]Abbey update [1529774]500329 plus [3] s1[SuperFuryGem]s2[SuperFuryGem]
2025-07-19 18:15:47 - [Item]Abbey update [1506131]151239 plus [3] s1[NoSocket]s2[NoSocket]
2025-07-19 18:16:04 - [Item]Abbey update [1529774]500329 plus [3] s1[SuperFuryGem]s2[SuperFuryGem]
2025-07-19 18:16:04 - [Item]Abbey update [1506131]151239 plus [3] s1[NoSocket]s2[NoSocket]
2025-07-19 18:16:20 - [Item]Abbey update [1529774]500329 plus [3] s1[SuperFuryGem]s2[SuperFuryGem]
2025-07-19 18:16:20 - [Item]Abbey update [1506131]151239 plus [3] s1[NoSocket]s2[NoSocket]
2025-07-19 18:16:27 - [Item]Abbey update [1529774]500329 plus [3] s1[SuperFuryGem]s2[SuperFuryGem]
2025-07-19 18:16:27 - [Item]Abbey update [1506131]151239 plus [3] s1[NoSocket]s2[NoSocket]
2025-07-19 18:16:36 - [Item]Abbey update [1529774]500329 plus [3] s1[SuperFuryGem]s2[SuperFuryGem]
2025-07-19 18:16:36 - [Item]Abbey update [1506131]151239 plus [3] s1[NoSocket]s2[NoSocket]
2025-07-19 18:17:13 - [Item]Abbey update [1529774]500329 plus [3] s1[SuperFuryGem]s2[SuperFuryGem]
2025-07-19 18:17:13 - [Item]Abbey update [1506131]151239 plus [3] s1[NoSocket]s2[NoSocket]
2025-07-19 18:17:25 - [Item]Abbey update [1529774]500329 plus [3] s1[SuperFuryGem]s2[SuperFuryGem]
2025-07-19 18:17:25 - [Item]Abbey update [1506131]151239 plus [3] s1[NoSocket]s2[NoSocket]
2025-07-19 18:18:10 - [Item]Abbey update [1529774]500329 plus [3] s1[SuperFuryGem]s2[SuperFuryGem]
2025-07-19 18:18:10 - [Item]Abbey update [1506131]151239 plus [3] s1[NoSocket]s2[NoSocket]
2025-07-19 18:18:13 - [Item]Abbey update [1529774]500329 plus [3] s1[SuperFuryGem]s2[SuperFuryGem]
2025-07-19 18:18:13 - [Item]Abbey update [1506131]151239 plus [3] s1[NoSocket]s2[NoSocket]
2025-07-19 18:19:11 - [Item]Abbey update [1529774]500329 plus [3] s1[SuperFuryGem]s2[SuperFuryGem]
2025-07-19 18:19:11 - [Item]Abbey update [1506131]151239 plus [3] s1[NoSocket]s2[NoSocket]
2025-07-19 18:19:14 - [Item]Abbey update [1529774]500329 plus [3] s1[SuperFuryGem]s2[SuperFuryGem]
2025-07-19 18:19:14 - [Item]Abbey update [1506131]151239 plus [3] s1[NoSocket]s2[NoSocket]
2025-07-19 18:19:24 - [Item]Abbey update [1529774]500329 plus [3] s1[SuperFuryGem]s2[SuperFuryGem]
2025-07-19 18:19:24 - [Item]Abbey update [1506131]151239 plus [3] s1[NoSocket]s2[NoSocket]
2025-07-19 18:20:10 - [Item]Abbey update [1529774]500329 plus [3] s1[SuperFuryGem]s2[SuperFuryGem]
2025-07-19 18:20:10 - [Item]Abbey update [1506131]151239 plus [3] s1[NoSocket]s2[NoSocket]
2025-07-19 18:21:01 - [Item]Abbey update [1529774]500329 plus [3] s1[SuperFuryGem]s2[SuperFuryGem]
2025-07-19 18:21:01 - [Item]Abbey update [1506131]151239 plus [3] s1[NoSocket]s2[NoSocket]
2025-07-19 18:22:31 - [Item]Abbey update [1529774]500329 plus [3] s1[SuperFuryGem]s2[SuperFuryGem]
2025-07-19 18:22:31 - [Item]Abbey update [1506131]151239 plus [3] s1[NoSocket]s2[NoSocket]
2025-07-19 18:23:12 - [Item]Abbey update [1529774]500329 plus [3] s1[SuperFuryGem]s2[SuperFuryGem]
2025-07-19 18:23:12 - [Item]Abbey update [1506131]151239 plus [3] s1[NoSocket]s2[NoSocket]
2025-07-19 18:23:37 - [Item]Abbey update [1529774]500329 plus [3] s1[SuperFuryGem]s2[SuperFuryGem]
2025-07-19 18:23:37 - [Item]Abbey update [1506131]151239 plus [3] s1[NoSocket]s2[NoSocket]
2025-07-19 18:34:26 - [Item]Abbey update [1358562]1050002 plus [0] s1[NoSocket]s2[NoSocket]
2025-07-19 18:35:08 - [Item]Abbey update [1529774]500329 plus [3] s1[SuperFuryGem]s2[SuperFuryGem]
2025-07-19 18:35:08 - [Item]Abbey update [1506131]151239 plus [3] s1[NoSocket]s2[NoSocket]
2025-07-19 18:35:33 - [Item]Abbey update [1529774]500329 plus [3] s1[SuperFuryGem]s2[SuperFuryGem]
2025-07-19 18:35:33 - [Item]Abbey update [1506131]151239 plus [3] s1[NoSocket]s2[NoSocket]
2025-07-19 18:37:16 - [Item]DSConquer[PM] update [1358302]150249 plus [12] s1[SuperDragonGem]s2[SuperDragonGem]
2025-07-19 18:37:16 - [Item]DSConquer[PM] update [1358305]420339 plus [12] s1[SuperDragonGem]s2[SuperDragonGem]
2025-07-19 18:37:16 - [Item]DSConquer[PM] update [1358306]480339 plus [12] s1[SuperDragonGem]s2[SuperDragonGem]
2025-07-19 18:38:02 - [Item]DSConquer[PM] update [1358302]150249 plus [12] s1[SuperDragonGem]s2[SuperDragonGem]
2025-07-19 18:38:02 - [Item]DSConquer[PM] update [1358305]420339 plus [12] s1[SuperDragonGem]s2[SuperDragonGem]
2025-07-19 18:38:02 - [Item]DSConquer[PM] update [1358306]480339 plus [12] s1[SuperDragonGem]s2[SuperDragonGem]
2025-07-19 18:39:18 - [Item]DSConquer[PM] update [1358302]150249 plus [12] s1[SuperDragonGem]s2[SuperDragonGem]
2025-07-19 18:39:18 - [Item]DSConquer[PM] update [1358305]420339 plus [12] s1[SuperDragonGem]s2[SuperDragonGem]
2025-07-19 18:39:18 - [Item]DSConquer[PM] update [1358306]480339 plus [12] s1[SuperDragonGem]s2[SuperDragonGem]
2025-07-19 18:39:34 - [Item]DSConquer[PM] update [1358302]150249 plus [12] s1[SuperDragonGem]s2[SuperDragonGem]
2025-07-19 18:39:34 - [Item]DSConquer[PM] update [1358305]420339 plus [12] s1[SuperDragonGem]s2[SuperDragonGem]
2025-07-19 18:39:34 - [Item]DSConquer[PM] update [1358306]480339 plus [12] s1[SuperDragonGem]s2[SuperDragonGem]
2025-07-19 18:40:09 - [Item]DSConquer[PM] update [1358302]150249 plus [12] s1[SuperDragonGem]s2[SuperDragonGem]
2025-07-19 18:40:09 - [Item]DSConquer[PM] update [1358305]420339 plus [12] s1[SuperDragonGem]s2[SuperDragonGem]
2025-07-19 18:40:09 - [Item]DSConquer[PM] update [1358306]480339 plus [12] s1[SuperDragonGem]s2[SuperDragonGem]
2025-07-19 18:40:29 - [Item]DSConquer[PM] update [1358302]150249 plus [12] s1[SuperDragonGem]s2[SuperDragonGem]
2025-07-19 18:40:29 - [Item]DSConquer[PM] update [1358305]420339 plus [12] s1[SuperDragonGem]s2[SuperDragonGem]
2025-07-19 18:40:29 - [Item]DSConquer[PM] update [1358306]480339 plus [12] s1[SuperDragonGem]s2[SuperDragonGem]
2025-07-19 18:40:38 - [Item]DSConquer[PM] update [1358302]150249 plus [12] s1[SuperDragonGem]s2[SuperDragonGem]
2025-07-19 18:40:38 - [Item]DSConquer[PM] update [1358305]420339 plus [12] s1[SuperDragonGem]s2[SuperDragonGem]
2025-07-19 18:40:38 - [Item]DSConquer[PM] update [1358306]480339 plus [12] s1[SuperDragonGem]s2[SuperDragonGem]
2025-07-19 18:40:59 - [Item]DSConquer[PM] update [1358302]150249 plus [12] s1[SuperDragonGem]s2[SuperDragonGem]
2025-07-19 18:40:59 - [Item]DSConquer[PM] update [1358305]420339 plus [12] s1[SuperDragonGem]s2[SuperDragonGem]
2025-07-19 18:40:59 - [Item]DSConquer[PM] update [1358306]480339 plus [12] s1[SuperDragonGem]s2[SuperDragonGem]
2025-07-19 18:41:32 - [Item]DSConquer[PM] update [1358302]150249 plus [12] s1[SuperDragonGem]s2[SuperDragonGem]
2025-07-19 18:41:32 - [Item]DSConquer[PM] update [1358305]420339 plus [12] s1[SuperDragonGem]s2[SuperDragonGem]
2025-07-19 18:41:32 - [Item]DSConquer[PM] update [1358306]480339 plus [12] s1[SuperDragonGem]s2[SuperDragonGem]
2025-07-19 18:41:35 - [Item]DSConquer[PM] update [1358302]150249 plus [12] s1[SuperDragonGem]s2[SuperDragonGem]
2025-07-19 18:41:35 - [Item]DSConquer[PM] update [1358305]420339 plus [12] s1[SuperDragonGem]s2[SuperDragonGem]
2025-07-19 18:41:35 - [Item]DSConquer[PM] update [1358306]480339 plus [12] s1[SuperDragonGem]s2[SuperDragonGem]
2025-07-19 18:42:04 - [Item]DSConquer[PM] update [1358302]150249 plus [12] s1[SuperDragonGem]s2[SuperDragonGem]
2025-07-19 18:42:04 - [Item]DSConquer[PM] update [1358305]420339 plus [12] s1[SuperDragonGem]s2[SuperDragonGem]
2025-07-19 18:42:04 - [Item]DSConquer[PM] update [1358306]480339 plus [12] s1[SuperDragonGem]s2[SuperDragonGem]
2025-07-19 18:42:07 - [Item]DSConquer[PM] update [1358302]150249 plus [12] s1[SuperDragonGem]s2[SuperDragonGem]
2025-07-19 18:42:07 - [Item]DSConquer[PM] update [1358305]420339 plus [12] s1[SuperDragonGem]s2[SuperDragonGem]
2025-07-19 18:42:07 - [Item]DSConquer[PM] update [1358306]480339 plus [12] s1[SuperDragonGem]s2[SuperDragonGem]
2025-07-19 18:42:07 - [Item]DSConquer[PM] update [1358302]150249 plus [12] s1[SuperDragonGem]s2[SuperDragonGem]
2025-07-19 18:42:07 - [Item]DSConquer[PM] update [1358305]420339 plus [12] s1[SuperDragonGem]s2[SuperDragonGem]
2025-07-19 18:42:07 - [Item]DSConquer[PM] update [1358306]480339 plus [12] s1[SuperDragonGem]s2[SuperDragonGem]
2025-07-19 18:42:40 - [Item]DSConquer[PM] update [1358302]150249 plus [12] s1[SuperDragonGem]s2[SuperDragonGem]
2025-07-19 18:42:40 - [Item]DSConquer[PM] update [1358305]420339 plus [12] s1[SuperDragonGem]s2[SuperDragonGem]
2025-07-19 18:42:40 - [Item]DSConquer[PM] update [1358306]480339 plus [12] s1[SuperDragonGem]s2[SuperDragonGem]
2025-07-19 18:43:21 - [Item]DSConquer[PM] update [1358302]150249 plus [12] s1[SuperDragonGem]s2[SuperDragonGem]
2025-07-19 18:43:21 - [Item]DSConquer[PM] update [1358305]420339 plus [12] s1[SuperDragonGem]s2[SuperDragonGem]
2025-07-19 18:43:21 - [Item]DSConquer[PM] update [1358306]480339 plus [12] s1[SuperDragonGem]s2[SuperDragonGem]
2025-07-19 19:52:46 - [Item]Abbey update [1529774]500329 plus [3] s1[SuperFuryGem]s2[SuperFuryGem]
2025-07-19 19:52:46 - [Item]Abbey update [1506131]151239 plus [3] s1[NoSocket]s2[NoSocket]
2025-07-19 19:52:50 - [Item]Abbey update [1529774]500329 plus [3] s1[SuperFuryGem]s2[SuperFuryGem]
2025-07-19 19:52:50 - [Item]Abbey update [1506131]151239 plus [3] s1[NoSocket]s2[NoSocket]
2025-07-19 19:52:58 - [Item]Abbey update [1529774]500329 plus [3] s1[SuperFuryGem]s2[SuperFuryGem]
2025-07-19 19:52:58 - [Item]Abbey update [1506131]151239 plus [3] s1[NoSocket]s2[NoSocket]
2025-07-19 19:53:31 - [Item]Abbey update [1529774]500329 plus [3] s1[SuperFuryGem]s2[SuperFuryGem]
2025-07-19 19:53:31 - [Item]Abbey update [1506131]151239 plus [3] s1[NoSocket]s2[NoSocket]
2025-07-19 19:53:56 - [Item]Abbey update [1529774]500329 plus [3] s1[SuperFuryGem]s2[SuperFuryGem]
2025-07-19 19:53:56 - [Item]Abbey update [1506131]151239 plus [3] s1[NoSocket]s2[NoSocket]
2025-07-19 19:58:28 - [Item]Abbey update [1529774]500329 plus [3] s1[SuperFuryGem]s2[SuperFuryGem]
2025-07-19 19:58:28 - [Item]Abbey update [1506131]151239 plus [3] s1[NoSocket]s2[NoSocket]
2025-07-19 19:58:56 - [Item]Abbey update [1529774]500329 plus [3] s1[SuperFuryGem]s2[SuperFuryGem]
2025-07-19 19:58:56 - [Item]Abbey update [1506131]151239 plus [3] s1[NoSocket]s2[NoSocket]
2025-07-19 19:59:13 - [Item]Abbey update [1529774]500329 plus [3] s1[SuperFuryGem]s2[SuperFuryGem]
2025-07-19 19:59:13 - [Item]Abbey update [1506131]151239 plus [3] s1[NoSocket]s2[NoSocket]
2025-07-19 19:59:29 - [Item]Abbey update [1529774]500329 plus [3] s1[SuperFuryGem]s2[SuperFuryGem]
2025-07-19 19:59:29 - [Item]Abbey update [1506131]151239 plus [3] s1[NoSocket]s2[NoSocket]
2025-07-19 19:59:50 - [Item]Abbey update [1529774]500329 plus [3] s1[SuperFuryGem]s2[SuperFuryGem]
2025-07-19 19:59:50 - [Item]Abbey update [1506131]151239 plus [3] s1[NoSocket]s2[NoSocket]
2025-07-19 20:00:03 - [Item]Abbey update [1529774]500329 plus [3] s1[SuperFuryGem]s2[SuperFuryGem]
2025-07-19 20:00:03 - [Item]Abbey update [1506131]151239 plus [3] s1[NoSocket]s2[NoSocket]
2025-07-19 20:00:59 - [Item]Abbey update [1529774]500329 plus [3] s1[SuperFuryGem]s2[SuperFuryGem]
2025-07-19 20:00:59 - [Item]Abbey update [1506131]151239 plus [3] s1[NoSocket]s2[NoSocket]
2025-07-19 20:01:27 - [Item]Abbey update [1529774]500329 plus [3] s1[SuperFuryGem]s2[SuperFuryGem]
2025-07-19 20:01:27 - [Item]Abbey update [1506131]151239 plus [3] s1[NoSocket]s2[NoSocket]
2025-07-19 20:01:31 - [Item]Abbey update [1529774]500329 plus [3] s1[SuperFuryGem]s2[SuperFuryGem]
2025-07-19 20:01:31 - [Item]Abbey update [1506131]151239 plus [3] s1[NoSocket]s2[NoSocket]
2025-07-19 20:02:13 - [Item]Abbey update [1529774]500329 plus [3] s1[SuperFuryGem]s2[SuperFuryGem]
2025-07-19 20:02:13 - [Item]Abbey update [1506131]151239 plus [3] s1[NoSocket]s2[NoSocket]
2025-07-19 20:03:56 - [Item]Abbey update [1529774]500329 plus [3] s1[SuperFuryGem]s2[SuperFuryGem]
2025-07-19 20:03:56 - [Item]Abbey update [1506131]151239 plus [3] s1[NoSocket]s2[NoSocket]
2025-07-19 20:04:01 - [Item]Abbey update [1529774]500329 plus [3] s1[SuperFuryGem]s2[SuperFuryGem]
2025-07-19 20:04:01 - [Item]Abbey update [1506131]151239 plus [3] s1[NoSocket]s2[NoSocket]
2025-07-19 20:04:41 - [Item]Abbey update [1529774]500329 plus [3] s1[SuperFuryGem]s2[SuperFuryGem]
2025-07-19 20:04:41 - [Item]Abbey update [1506131]151239 plus [3] s1[NoSocket]s2[NoSocket]
2025-07-19 20:04:44 - [Item]Abbey update [1529774]500329 plus [3] s1[SuperFuryGem]s2[SuperFuryGem]
2025-07-19 20:04:44 - [Item]Abbey update [1506131]151239 plus [3] s1[NoSocket]s2[NoSocket]
2025-07-19 20:04:59 - [Item]Abbey update [1529774]500329 plus [3] s1[SuperFuryGem]s2[SuperFuryGem]
2025-07-19 20:04:59 - [Item]Abbey update [1506131]151239 plus [3] s1[NoSocket]s2[NoSocket]
2025-07-19 20:05:05 - [Item]Abbey update [1529774]500329 plus [3] s1[SuperFuryGem]s2[SuperFuryGem]
2025-07-19 20:05:05 - [Item]Abbey update [1506131]151239 plus [3] s1[NoSocket]s2[NoSocket]
2025-07-19 20:05:09 - [Item]Abbey update [1529774]500329 plus [3] s1[SuperFuryGem]s2[SuperFuryGem]
2025-07-19 20:05:09 - [Item]Abbey update [1506131]151239 plus [3] s1[NoSocket]s2[NoSocket]
2025-07-19 20:05:22 - [Item]Abbey update [1529774]500329 plus [3] s1[SuperFuryGem]s2[SuperFuryGem]
2025-07-19 20:05:22 - [Item]Abbey update [1506131]151239 plus [3] s1[NoSocket]s2[NoSocket]
2025-07-19 20:05:22 - [Item]Abbey update [1529774]500329 plus [3] s1[SuperFuryGem]s2[SuperFuryGem]
2025-07-19 20:05:22 - [Item]Abbey update [1506131]151239 plus [3] s1[NoSocket]s2[NoSocket]
2025-07-19 20:06:54 - [Item]Abbey update [1529774]500329 plus [3] s1[SuperFuryGem]s2[SuperFuryGem]
2025-07-19 20:06:54 - [Item]Abbey update [1506131]151239 plus [3] s1[NoSocket]s2[NoSocket]
2025-07-19 20:06:57 - [Item]Abbey update [1529774]500329 plus [3] s1[SuperFuryGem]s2[SuperFuryGem]
2025-07-19 20:06:57 - [Item]Abbey update [1506131]151239 plus [3] s1[NoSocket]s2[NoSocket]
2025-07-19 20:07:35 - [Item]Abbey update [1529774]500329 plus [3] s1[SuperFuryGem]s2[SuperFuryGem]
2025-07-19 20:07:35 - [Item]Abbey update [1506131]151239 plus [3] s1[NoSocket]s2[NoSocket]
2025-07-19 20:08:03 - [Item]Abbey update [1529774]500329 plus [3] s1[SuperFuryGem]s2[SuperFuryGem]
2025-07-19 20:08:03 - [Item]Abbey update [1506131]151239 plus [3] s1[NoSocket]s2[NoSocket]
2025-07-19 20:13:42 - [Item]Abbey update [1529774]500329 plus [3] s1[SuperFuryGem]s2[SuperFuryGem]
2025-07-19 20:13:42 - [Item]Abbey update [1506131]151239 plus [3] s1[NoSocket]s2[NoSocket]
2025-07-19 20:18:08 - [Item]Abbey update [1529774]500329 plus [3] s1[SuperFuryGem]s2[SuperFuryGem]
2025-07-19 20:18:08 - [Item]Abbey update [1506131]151239 plus [3] s1[NoSocket]s2[NoSocket]
2025-07-19 20:19:21 - [Item]Abbey update [1529774]500329 plus [3] s1[SuperFuryGem]s2[SuperFuryGem]
2025-07-19 20:19:21 - [Item]Abbey update [1506131]151239 plus [3] s1[NoSocket]s2[NoSocket]
2025-07-19 20:19:54 - [Item]Abbey update [1529774]500329 plus [3] s1[SuperFuryGem]s2[SuperFuryGem]
2025-07-19 20:19:54 - [Item]Abbey update [1506131]151239 plus [3] s1[NoSocket]s2[NoSocket]
2025-07-19 20:19:56 - [Item]Abbey update [1529774]500329 plus [3] s1[SuperFuryGem]s2[SuperFuryGem]
2025-07-19 20:19:56 - [Item]Abbey update [1506131]151239 plus [3] s1[NoSocket]s2[NoSocket]
2025-07-19 20:20:01 - [Item]Abbey update [1529774]500329 plus [3] s1[SuperFuryGem]s2[SuperFuryGem]
2025-07-19 20:20:01 - [Item]Abbey update [1506131]151239 plus [3] s1[NoSocket]s2[NoSocket]
2025-07-19 20:20:43 - [Item]Abbey update [1529774]500329 plus [3] s1[SuperFuryGem]s2[SuperFuryGem]
2025-07-19 20:20:43 - [Item]Abbey update [1506131]151239 plus [3] s1[NoSocket]s2[NoSocket]
2025-07-19 20:21:55 - [Item]Abbey update [1529774]500329 plus [3] s1[SuperFuryGem]s2[SuperFuryGem]
2025-07-19 20:21:55 - [Item]Abbey update [1506131]151239 plus [3] s1[NoSocket]s2[NoSocket]
2025-07-19 20:22:15 - [Item]Abbey update [1529774]500329 plus [3] s1[SuperFuryGem]s2[SuperFuryGem]
2025-07-19 20:22:15 - [Item]Abbey update [1506131]151239 plus [3] s1[NoSocket]s2[NoSocket]
2025-07-19 20:22:50 - [Item]Abbey update [1529774]500329 plus [3] s1[SuperFuryGem]s2[SuperFuryGem]
2025-07-19 20:22:50 - [Item]Abbey update [1506131]151239 plus [3] s1[NoSocket]s2[NoSocket]
2025-07-19 20:23:36 - [Item]Abbey update [1529774]500329 plus [3] s1[SuperFuryGem]s2[SuperFuryGem]
2025-07-19 20:23:36 - [Item]Abbey update [1506131]151239 plus [3] s1[NoSocket]s2[NoSocket]
2025-07-19 20:23:54 - [Item]Abbey update [1529774]500329 plus [3] s1[SuperFuryGem]s2[SuperFuryGem]
2025-07-19 20:23:54 - [Item]Abbey update [1506131]151239 plus [3] s1[NoSocket]s2[NoSocket]
2025-07-19 20:24:16 - [Item]Abbey update [1529774]500329 plus [3] s1[SuperFuryGem]s2[SuperFuryGem]
2025-07-19 20:24:16 - [Item]Abbey update [1506131]151239 plus [3] s1[NoSocket]s2[NoSocket]
2025-07-19 20:24:21 - [Item]Abbey update [1529774]500329 plus [3] s1[SuperFuryGem]s2[SuperFuryGem]
2025-07-19 20:24:21 - [Item]Abbey update [1506131]151239 plus [3] s1[NoSocket]s2[NoSocket]
2025-07-19 20:24:59 - [Item]Abbey update [1529774]500329 plus [3] s1[SuperFuryGem]s2[SuperFuryGem]
2025-07-19 20:24:59 - [Item]Abbey update [1506131]151239 plus [3] s1[NoSocket]s2[NoSocket]
2025-07-19 20:26:40 - [Item]Abbey update [1529774]500329 plus [3] s1[SuperFuryGem]s2[SuperFuryGem]
2025-07-19 20:26:40 - [Item]Abbey update [1506131]151239 plus [3] s1[NoSocket]s2[NoSocket]
2025-07-19 20:27:25 - [Item]Abbey update [1529774]500329 plus [3] s1[SuperFuryGem]s2[SuperFuryGem]
2025-07-19 20:27:25 - [Item]Abbey update [1506131]151239 plus [3] s1[NoSocket]s2[NoSocket]
2025-07-19 20:27:55 - [Item]Abbey update [1529774]500329 plus [3] s1[SuperFuryGem]s2[SuperFuryGem]
2025-07-19 20:27:55 - [Item]Abbey update [1506131]151239 plus [3] s1[NoSocket]s2[NoSocket]
2025-07-19 20:27:56 - [Item]Abbey update [1529774]500329 plus [3] s1[SuperFuryGem]s2[SuperFuryGem]
2025-07-19 20:27:56 - [Item]Abbey update [1506131]151239 plus [3] s1[NoSocket]s2[NoSocket]
2025-07-19 20:29:24 - [Item]Abbey update [1529774]500329 plus [3] s1[SuperFuryGem]s2[SuperFuryGem]
2025-07-19 20:29:24 - [Item]Abbey update [1506131]151239 plus [3] s1[NoSocket]s2[NoSocket]
