2025-07-29 00:12:18 - [Item]SpeedVack update [1767906]410339 plus [5] s1[SuperDragonGem]s2[SuperDragonGem]
2025-07-29 00:12:18 - [Item]SpeedVack update [1767910]410339 plus [5] s1[SuperDragonGem]s2[SuperDragonGem]
2025-07-29 00:12:18 - [Item]SpeedVack update [1767927]150249 plus [4] s1[NoSocket]s2[NoSocket]
2025-07-29 00:23:46 - [Item]PapaMoMink update [1816768]1002050 plus [0] s1[NoSocket]s2[NoSocket]
2025-07-29 00:23:47 - [Item]PapaMoMink update [1816768]1002050 plus [0] s1[NoSocket]s2[NoSocket]
2025-07-29 00:23:48 - [Item]PapaMoMink update [1816768]1002050 plus [0] s1[NoSocket]s2[NoSocket]
2025-07-29 00:23:49 - [Item]PapaMoMink update [1816768]1002050 plus [0] s1[NoSocket]s2[NoSocket]
2025-07-29 00:23:53 - [Item]PapaMoMink update [1816769]1002050 plus [0] s1[NoSocket]s2[NoSocket]
2025-07-29 00:24:15 - [Item]PapaMoMink update [1816769]1002050 plus [0] s1[NoSocket]s2[NoSocket]
2025-07-29 00:24:16 - [Item]PapaMoMink update [1816769]1002050 plus [0] s1[NoSocket]s2[NoSocket]
2025-07-29 00:24:16 - [Item]PapaMoMink update [1816769]1002050 plus [0] s1[NoSocket]s2[NoSocket]
2025-07-29 00:27:24 - [Item]PapaMoMink update [1816770]1002050 plus [0] s1[NoSocket]s2[NoSocket]
2025-07-29 00:27:24 - [Item]PapaMoMink update [1816770]1002050 plus [0] s1[NoSocket]s2[NoSocket]
2025-07-29 01:10:12 - [Item]SpeedVack update [1767906]410339 plus [5] s1[SuperDragonGem]s2[SuperDragonGem]
2025-07-29 01:10:12 - [Item]SpeedVack update [1767910]410339 plus [5] s1[SuperDragonGem]s2[SuperDragonGem]
2025-07-29 01:44:11 - [Item]PapaMoMink update [1816770]1002050 plus [0] s1[NoSocket]s2[NoSocket]
2025-07-29 01:44:11 - [Item]PapaMoMink update [1816770]1002050 plus [0] s1[NoSocket]s2[NoSocket]
2025-07-29 01:49:56 - [Item]SpeedVack update [1767906]410339 plus [5] s1[SuperDragonGem]s2[SuperDragonGem]
2025-07-29 01:49:56 - [Item]SpeedVack update [1767910]410339 plus [5] s1[SuperDragonGem]s2[SuperDragonGem]
2025-07-29 02:07:47 - [Item]SpeedVack update [1767906]410339 plus [5] s1[SuperDragonGem]s2[SuperDragonGem]
2025-07-29 02:07:47 - [Item]SpeedVack update [1767910]410339 plus [5] s1[SuperDragonGem]s2[SuperDragonGem]
2025-07-29 02:13:49 - [Item]SpeedVack update [1821146]1001040 plus [0] s1[NoSocket]s2[NoSocket]
2025-07-29 02:15:46 - [Item]PapaMoMink update [1821122]1002050 plus [0] s1[NoSocket]s2[NoSocket]
2025-07-29 02:15:47 - [Item]PapaMoMink update [1821122]1002050 plus [0] s1[NoSocket]s2[NoSocket]
2025-07-29 02:15:48 - [Item]PapaMoMink update [1821122]1002050 plus [0] s1[NoSocket]s2[NoSocket]
2025-07-29 02:16:21 - [Item]PapaMoMink update [1821122]1002050 plus [0] s1[NoSocket]s2[NoSocket]
2025-07-29 02:16:42 - [Item]PapaMoMink update [1821123]1002050 plus [0] s1[NoSocket]s2[NoSocket]
2025-07-29 02:16:53 - [Item]PapaMoMink update [1821123]1002050 plus [0] s1[NoSocket]s2[NoSocket]
2025-07-29 02:16:54 - [Item]PapaMoMink update [1821123]1002050 plus [0] s1[NoSocket]s2[NoSocket]
2025-07-29 02:17:26 - [Item]PapaMoMink update [1821123]1002050 plus [0] s1[NoSocket]s2[NoSocket]
2025-07-29 02:17:48 - [Item]PapaMoMink update [1359088]1002050 plus [0] s1[NoSocket]s2[NoSocket]
2025-07-29 02:17:48 - [Item]PapaMoMink update [1359088]1002050 plus [0] s1[NoSocket]s2[NoSocket]
2025-07-29 02:17:48 - [Item]PapaMoMink update [1359088]1002050 plus [0] s1[NoSocket]s2[NoSocket]
2025-07-29 02:17:48 - [Item]PapaMoMink update [1359088]1002050 plus [0] s1[NoSocket]s2[NoSocket]
2025-07-29 02:17:48 - [Item]PapaMoMink update [1359089]1002050 plus [0] s1[NoSocket]s2[NoSocket]
2025-07-29 02:17:48 - [Item]PapaMoMink update [1359089]1002050 plus [0] s1[NoSocket]s2[NoSocket]
2025-07-29 02:17:48 - [Item]PapaMoMink update [1359089]1002050 plus [0] s1[NoSocket]s2[NoSocket]
2025-07-29 02:17:48 - [Item]PapaMoMink update [1359089]1002050 plus [0] s1[NoSocket]s2[NoSocket]
2025-07-29 02:17:48 - [Item]PapaMoMink update [1359090]1002050 plus [0] s1[NoSocket]s2[NoSocket]
2025-07-29 02:17:48 - [Item]PapaMoMink update [1359090]1002050 plus [0] s1[NoSocket]s2[NoSocket]
2025-07-29 02:17:48 - [Item]PapaMoMink update [1359090]1002050 plus [0] s1[NoSocket]s2[NoSocket]
2025-07-29 02:17:48 - [Item]PapaMoMink update [1359090]1002050 plus [0] s1[NoSocket]s2[NoSocket]
2025-07-29 02:17:48 - [Item]PapaMoMink update [1359091]1002050 plus [0] s1[NoSocket]s2[NoSocket]
2025-07-29 02:17:48 - [Item]PapaMoMink update [1359091]1002050 plus [0] s1[NoSocket]s2[NoSocket]
2025-07-29 02:17:48 - [Item]PapaMoMink update [1359091]1002050 plus [0] s1[NoSocket]s2[NoSocket]
2025-07-29 02:17:48 - [Item]PapaMoMink update [1359091]1002050 plus [0] s1[NoSocket]s2[NoSocket]
2025-07-29 02:17:48 - [Item]PapaMoMink update [1359092]1002050 plus [0] s1[NoSocket]s2[NoSocket]
2025-07-29 02:17:48 - [Item]PapaMoMink update [1359092]1002050 plus [0] s1[NoSocket]s2[NoSocket]
2025-07-29 02:17:48 - [Item]PapaMoMink update [1359092]1002050 plus [0] s1[NoSocket]s2[NoSocket]
2025-07-29 02:17:48 - [Item]PapaMoMink update [1359092]1002050 plus [0] s1[NoSocket]s2[NoSocket]
2025-07-29 02:17:48 - [Item]PapaMoMink update [1359093]1002050 plus [0] s1[NoSocket]s2[NoSocket]
2025-07-29 02:17:48 - [Item]PapaMoMink update [1359093]1002050 plus [0] s1[NoSocket]s2[NoSocket]
2025-07-29 02:17:48 - [Item]PapaMoMink update [1359093]1002050 plus [0] s1[NoSocket]s2[NoSocket]
2025-07-29 02:17:48 - [Item]PapaMoMink update [1359093]1002050 plus [0] s1[NoSocket]s2[NoSocket]
2025-07-29 02:17:48 - [Item]PapaMoMink update [1359094]1002050 plus [0] s1[NoSocket]s2[NoSocket]
2025-07-29 02:17:48 - [Item]PapaMoMink update [1359094]1002050 plus [0] s1[NoSocket]s2[NoSocket]
2025-07-29 02:17:48 - [Item]PapaMoMink update [1359094]1002050 plus [0] s1[NoSocket]s2[NoSocket]
2025-07-29 02:17:48 - [Item]PapaMoMink update [1359094]1002050 plus [0] s1[NoSocket]s2[NoSocket]
2025-07-29 02:17:48 - [Item]PapaMoMink update [1359095]1002050 plus [0] s1[NoSocket]s2[NoSocket]
2025-07-29 02:17:48 - [Item]PapaMoMink update [1359095]1002050 plus [0] s1[NoSocket]s2[NoSocket]
2025-07-29 02:17:48 - [Item]PapaMoMink update [1359095]1002050 plus [0] s1[NoSocket]s2[NoSocket]
2025-07-29 02:17:48 - [Item]PapaMoMink update [1359095]1002050 plus [0] s1[NoSocket]s2[NoSocket]
2025-07-29 02:17:48 - [Item]PapaMoMink update [1359096]1002050 plus [0] s1[NoSocket]s2[NoSocket]
2025-07-29 02:17:48 - [Item]PapaMoMink update [1359096]1002050 plus [0] s1[NoSocket]s2[NoSocket]
2025-07-29 02:17:48 - [Item]PapaMoMink update [1359096]1002050 plus [0] s1[NoSocket]s2[NoSocket]
2025-07-29 02:17:48 - [Item]PapaMoMink update [1359096]1002050 plus [0] s1[NoSocket]s2[NoSocket]
2025-07-29 02:17:48 - [Item]PapaMoMink update [1359097]1002050 plus [0] s1[NoSocket]s2[NoSocket]
2025-07-29 02:17:48 - [Item]PapaMoMink update [1359097]1002050 plus [0] s1[NoSocket]s2[NoSocket]
2025-07-29 02:17:48 - [Item]PapaMoMink update [1359097]1002050 plus [0] s1[NoSocket]s2[NoSocket]
2025-07-29 02:17:48 - [Item]PapaMoMink update [1359097]1002050 plus [0] s1[NoSocket]s2[NoSocket]
2025-07-29 02:17:48 - [Item]PapaMoMink update [1359098]1002050 plus [0] s1[NoSocket]s2[NoSocket]
2025-07-29 02:17:48 - [Item]PapaMoMink update [1359098]1002050 plus [0] s1[NoSocket]s2[NoSocket]
2025-07-29 02:17:48 - [Item]PapaMoMink update [1359098]1002050 plus [0] s1[NoSocket]s2[NoSocket]
2025-07-29 02:17:48 - [Item]PapaMoMink update [1359098]1002050 plus [0] s1[NoSocket]s2[NoSocket]
2025-07-29 02:17:48 - [Item]PapaMoMink update [1359099]1002050 plus [0] s1[NoSocket]s2[NoSocket]
2025-07-29 02:17:48 - [Item]PapaMoMink update [1359099]1002050 plus [0] s1[NoSocket]s2[NoSocket]
2025-07-29 02:17:48 - [Item]PapaMoMink update [1359099]1002050 plus [0] s1[NoSocket]s2[NoSocket]
2025-07-29 02:17:48 - [Item]PapaMoMink update [1359099]1002050 plus [0] s1[NoSocket]s2[NoSocket]
2025-07-29 02:17:48 - [Item]PapaMoMink update [1359100]1002050 plus [0] s1[NoSocket]s2[NoSocket]
2025-07-29 02:17:48 - [Item]PapaMoMink update [1359100]1002050 plus [0] s1[NoSocket]s2[NoSocket]
2025-07-29 02:17:48 - [Item]PapaMoMink update [1359100]1002050 plus [0] s1[NoSocket]s2[NoSocket]
2025-07-29 02:17:48 - [Item]PapaMoMink update [1359100]1002050 plus [0] s1[NoSocket]s2[NoSocket]
2025-07-29 02:17:48 - [Item]PapaMoMink update [1359101]1002050 plus [0] s1[NoSocket]s2[NoSocket]
2025-07-29 02:17:48 - [Item]PapaMoMink update [1359101]1002050 plus [0] s1[NoSocket]s2[NoSocket]
2025-07-29 02:17:48 - [Item]PapaMoMink update [1359101]1002050 plus [0] s1[NoSocket]s2[NoSocket]
2025-07-29 02:17:48 - [Item]PapaMoMink update [1359101]1002050 plus [0] s1[NoSocket]s2[NoSocket]
2025-07-29 02:17:48 - [Item]PapaMoMink update [1359102]1002050 plus [0] s1[NoSocket]s2[NoSocket]
2025-07-29 02:17:48 - [Item]PapaMoMink update [1359102]1002050 plus [0] s1[NoSocket]s2[NoSocket]
2025-07-29 02:17:48 - [Item]PapaMoMink update [1359102]1002050 plus [0] s1[NoSocket]s2[NoSocket]
2025-07-29 02:17:48 - [Item]PapaMoMink update [1359102]1002050 plus [0] s1[NoSocket]s2[NoSocket]
2025-07-29 02:17:48 - [Item]PapaMoMink update [1359103]1002050 plus [0] s1[NoSocket]s2[NoSocket]
2025-07-29 02:17:48 - [Item]PapaMoMink update [1359103]1002050 plus [0] s1[NoSocket]s2[NoSocket]
2025-07-29 02:17:48 - [Item]PapaMoMink update [1359103]1002050 plus [0] s1[NoSocket]s2[NoSocket]
2025-07-29 02:17:48 - [Item]PapaMoMink update [1359103]1002050 plus [0] s1[NoSocket]s2[NoSocket]
2025-07-29 02:17:48 - [Item]PapaMoMink update [1359104]1002050 plus [0] s1[NoSocket]s2[NoSocket]
2025-07-29 02:17:48 - [Item]PapaMoMink update [1359104]1002050 plus [0] s1[NoSocket]s2[NoSocket]
2025-07-29 02:17:48 - [Item]PapaMoMink update [1359104]1002050 plus [0] s1[NoSocket]s2[NoSocket]
2025-07-29 02:17:48 - [Item]PapaMoMink update [1359104]1002050 plus [0] s1[NoSocket]s2[NoSocket]
2025-07-29 02:17:48 - [Item]PapaMoMink update [1359105]1002050 plus [0] s1[NoSocket]s2[NoSocket]
2025-07-29 02:17:48 - [Item]PapaMoMink update [1359105]1002050 plus [0] s1[NoSocket]s2[NoSocket]
2025-07-29 02:17:48 - [Item]PapaMoMink update [1359105]1002050 plus [0] s1[NoSocket]s2[NoSocket]
2025-07-29 02:17:48 - [Item]PapaMoMink update [1359105]1002050 plus [0] s1[NoSocket]s2[NoSocket]
2025-07-29 02:17:48 - [Item]PapaMoMink update [1359106]1002050 plus [0] s1[NoSocket]s2[NoSocket]
2025-07-29 02:17:48 - [Item]PapaMoMink update [1359106]1002050 plus [0] s1[NoSocket]s2[NoSocket]
2025-07-29 02:17:48 - [Item]PapaMoMink update [1359106]1002050 plus [0] s1[NoSocket]s2[NoSocket]
2025-07-29 02:17:48 - [Item]PapaMoMink update [1359106]1002050 plus [0] s1[NoSocket]s2[NoSocket]
2025-07-29 02:17:48 - [Item]PapaMoMink update [1359107]1002050 plus [0] s1[NoSocket]s2[NoSocket]
2025-07-29 02:17:48 - [Item]PapaMoMink update [1359107]1002050 plus [0] s1[NoSocket]s2[NoSocket]
2025-07-29 02:17:48 - [Item]PapaMoMink update [1359107]1002050 plus [0] s1[NoSocket]s2[NoSocket]
2025-07-29 02:17:48 - [Item]PapaMoMink update [1359107]1002050 plus [0] s1[NoSocket]s2[NoSocket]
2025-07-29 02:17:48 - [Item]PapaMoMink update [1359108]1002050 plus [0] s1[NoSocket]s2[NoSocket]
2025-07-29 02:17:48 - [Item]PapaMoMink update [1359108]1002050 plus [0] s1[NoSocket]s2[NoSocket]
2025-07-29 02:17:48 - [Item]PapaMoMink update [1359108]1002050 plus [0] s1[NoSocket]s2[NoSocket]
2025-07-29 02:17:48 - [Item]PapaMoMink update [1359108]1002050 plus [0] s1[NoSocket]s2[NoSocket]
2025-07-29 02:17:48 - [Item]PapaMoMink update [1359109]1002050 plus [0] s1[NoSocket]s2[NoSocket]
2025-07-29 02:17:48 - [Item]PapaMoMink update [1359109]1002050 plus [0] s1[NoSocket]s2[NoSocket]
2025-07-29 02:17:48 - [Item]PapaMoMink update [1359109]1002050 plus [0] s1[NoSocket]s2[NoSocket]
2025-07-29 02:17:48 - [Item]PapaMoMink update [1359109]1002050 plus [0] s1[NoSocket]s2[NoSocket]
2025-07-29 02:17:48 - [Item]PapaMoMink update [1359110]1002050 plus [0] s1[NoSocket]s2[NoSocket]
2025-07-29 02:17:48 - [Item]PapaMoMink update [1359110]1002050 plus [0] s1[NoSocket]s2[NoSocket]
2025-07-29 02:17:48 - [Item]PapaMoMink update [1359110]1002050 plus [0] s1[NoSocket]s2[NoSocket]
2025-07-29 02:17:48 - [Item]PapaMoMink update [1359110]1002050 plus [0] s1[NoSocket]s2[NoSocket]
2025-07-29 02:17:48 - [Item]PapaMoMink update [1359111]1002050 plus [0] s1[NoSocket]s2[NoSocket]
2025-07-29 02:17:48 - [Item]PapaMoMink update [1359111]1002050 plus [0] s1[NoSocket]s2[NoSocket]
2025-07-29 02:17:48 - [Item]PapaMoMink update [1359111]1002050 plus [0] s1[NoSocket]s2[NoSocket]
2025-07-29 02:17:48 - [Item]PapaMoMink update [1359111]1002050 plus [0] s1[NoSocket]s2[NoSocket]
2025-07-29 02:17:48 - [Item]PapaMoMink update [1359112]1002050 plus [0] s1[NoSocket]s2[NoSocket]
2025-07-29 02:17:48 - [Item]PapaMoMink update [1359112]1002050 plus [0] s1[NoSocket]s2[NoSocket]
2025-07-29 02:17:48 - [Item]PapaMoMink update [1359112]1002050 plus [0] s1[NoSocket]s2[NoSocket]
2025-07-29 02:17:48 - [Item]PapaMoMink update [1359112]1002050 plus [0] s1[NoSocket]s2[NoSocket]
2025-07-29 02:17:48 - [Item]PapaMoMink update [1359113]1002050 plus [0] s1[NoSocket]s2[NoSocket]
2025-07-29 02:17:48 - [Item]PapaMoMink update [1359113]1002050 plus [0] s1[NoSocket]s2[NoSocket]
2025-07-29 02:17:48 - [Item]PapaMoMink update [1359113]1002050 plus [0] s1[NoSocket]s2[NoSocket]
2025-07-29 02:17:48 - [Item]PapaMoMink update [1359113]1002050 plus [0] s1[NoSocket]s2[NoSocket]
2025-07-29 02:17:48 - [Item]PapaMoMink update [1359114]1002050 plus [0] s1[NoSocket]s2[NoSocket]
2025-07-29 02:17:48 - [Item]PapaMoMink update [1359114]1002050 plus [0] s1[NoSocket]s2[NoSocket]
2025-07-29 02:17:48 - [Item]PapaMoMink update [1359114]1002050 plus [0] s1[NoSocket]s2[NoSocket]
2025-07-29 02:17:48 - [Item]PapaMoMink update [1359114]1002050 plus [0] s1[NoSocket]s2[NoSocket]
2025-07-29 02:17:48 - [Item]PapaMoMink update [1359115]1002050 plus [0] s1[NoSocket]s2[NoSocket]
2025-07-29 02:17:48 - [Item]PapaMoMink update [1359115]1002050 plus [0] s1[NoSocket]s2[NoSocket]
2025-07-29 02:17:48 - [Item]PapaMoMink update [1359115]1002050 plus [0] s1[NoSocket]s2[NoSocket]
2025-07-29 02:17:48 - [Item]PapaMoMink update [1359115]1002050 plus [0] s1[NoSocket]s2[NoSocket]
2025-07-29 02:17:48 - [Item]PapaMoMink update [1359116]1002050 plus [0] s1[NoSocket]s2[NoSocket]
2025-07-29 02:17:48 - [Item]PapaMoMink update [1359116]1002050 plus [0] s1[NoSocket]s2[NoSocket]
2025-07-29 02:17:48 - [Item]PapaMoMink update [1359116]1002050 plus [0] s1[NoSocket]s2[NoSocket]
2025-07-29 02:17:48 - [Item]PapaMoMink update [1359116]1002050 plus [0] s1[NoSocket]s2[NoSocket]
2025-07-29 02:17:48 - [Item]PapaMoMink update [1359117]1002050 plus [0] s1[NoSocket]s2[NoSocket]
2025-07-29 02:17:48 - [Item]PapaMoMink update [1359117]1002050 plus [0] s1[NoSocket]s2[NoSocket]
2025-07-29 02:17:48 - [Item]PapaMoMink update [1359117]1002050 plus [0] s1[NoSocket]s2[NoSocket]
2025-07-29 02:17:48 - [Item]PapaMoMink update [1359117]1002050 plus [0] s1[NoSocket]s2[NoSocket]
2025-07-29 02:17:48 - [Item]PapaMoMink update [1359118]1002050 plus [0] s1[NoSocket]s2[NoSocket]
2025-07-29 02:17:48 - [Item]PapaMoMink update [1359118]1002050 plus [0] s1[NoSocket]s2[NoSocket]
2025-07-29 02:17:48 - [Item]PapaMoMink update [1359118]1002050 plus [0] s1[NoSocket]s2[NoSocket]
2025-07-29 02:17:48 - [Item]PapaMoMink update [1359118]1002050 plus [0] s1[NoSocket]s2[NoSocket]
2025-07-29 02:17:59 - [Item]SpeedVack update [1767906]410339 plus [5] s1[SuperDragonGem]s2[SuperDragonGem]
2025-07-29 02:17:59 - [Item]SpeedVack update [1767910]410339 plus [5] s1[SuperDragonGem]s2[SuperDragonGem]
2025-07-29 02:18:17 - [Item]PapaMoMink update [1359095]1002050 plus [0] s1[NoSocket]s2[NoSocket]
2025-07-29 02:18:18 - [Item]PapaMoMink update [1359095]1002050 plus [0] s1[NoSocket]s2[NoSocket]
2025-07-29 02:18:18 - [Item]PapaMoMink update [1359095]1002050 plus [0] s1[NoSocket]s2[NoSocket]
2025-07-29 02:45:22 - [Item]DSConquer[PM] update [1359130]900109 plus [1] s1[NoSocket]s2[NoSocket]
2025-07-29 03:31:21 - [Item]DSConquer[PM] update [1359136]151033 plus [0] s1[EmptySocket]s2[NoSocket]
2025-07-29 03:31:44 - [Item]DSConquer[PM] update [1820275]410013 plus [0] s1[NoSocket]s2[NoSocket]
2025-07-29 03:31:49 - [Item]DSConquer[PM] update [1820275]410023 plus [0] s1[NoSocket]s2[NoSocket]
2025-07-29 03:32:25 - [Item]DSConquer[PM] update [1359158]150075 plus [0] s1[NoSocket]s2[NoSocket]
2025-07-29 03:33:05 - [Item]DSConquer[PM] update [1359158]150095 plus [0] s1[NoSocket]s2[NoSocket]
2025-07-29 03:33:14 - [Item]DSConquer[PM] update [1359158]150115 plus [0] s1[EmptySocket]s2[NoSocket]
2025-07-29 03:39:03 - [Item]DSConquer[PM] update [1359130]900109 plus [1] s1[NoSocket]s2[NoSocket]
2025-07-29 03:40:25 - [Item]DSConquer[PM] update [1820275]410023 plus [0] s1[NoSocket]s2[NoSocket]
2025-07-29 07:47:22 - [Item]DSConquer[PM] update [1359172]185935 plus [0] s1[NoSocket]s2[NoSocket]
2025-07-29 07:48:00 - [Item]DSConquer[PM] update [1359176]185655 plus [0] s1[NoSocket]s2[NoSocket]
2025-07-29 07:49:41 - [Item]DSConquer[PM] update [1359182]198020 plus [0] s1[NoSocket]s2[NoSocket]
2025-07-29 07:56:31 - [Item]DSConquer[PM] update [1359133]131109 plus [1] s1[NoSocket]s2[NoSocket]
2025-07-29 07:56:32 - [Item]DSConquer[PM] update [1547446]160249 plus [6] s1[SuperDragonGem]s2[SuperDragonGem]
2025-07-29 07:57:51 - [Item]DSConquer[PM] update [1359208]185755 plus [0] s1[NoSocket]s2[NoSocket]
2025-07-29 07:59:09 - [Item]DSConquer[PM] update [1359209]185955 plus [0] s1[NoSocket]s2[NoSocket]
2025-07-29 07:59:22 - [Item]DSConquer[PM] update [1359211]350263 plus [0] s1[NoSocket]s2[NoSocket]
2025-07-29 08:00:59 - [Item]DSConquer[PM] update [1359211]350263 plus [0] s1[NoSocket]s2[NoSocket]
2025-07-29 08:02:17 - [Item]DSConquer[PM] update [1359214]199160 plus [0] s1[NoSocket]s2[NoSocket]
2025-07-29 08:02:52 - [Item]DSConquer[PM] update [1359218]199060 plus [0] s1[NoSocket]s2[NoSocket]
2025-07-29 08:03:08 - [Item]DSConquer[PM] update [1359222]197070 plus [0] s1[NoSocket]s2[NoSocket]
2025-07-29 08:03:11 - [Item]DSConquer[PM] update [1359218]199060 plus [0] s1[NoSocket]s2[NoSocket]
2025-07-29 08:03:13 - [Item]DSConquer[PM] update [1359221]198030 plus [0] s1[NoSocket]s2[NoSocket]
2025-07-29 08:03:36 - [Item]DSConquer[PM] update [1359228]183685 plus [0] s1[NoSocket]s2[NoSocket]
2025-07-29 08:04:29 - [Item]DSConquer[PM] update [1359226]183745 plus [0] s1[NoSocket]s2[NoSocket]
2025-07-29 08:07:58 - [Item]DSConquer[PM] update [1359231]120005 plus [7] s1[NoSocket]s2[NoSocket]
2025-07-29 15:24:49 - [Item]PapaMoMink update [1359088]1002050 plus [0] s1[NoSocket]s2[NoSocket]
2025-07-29 15:24:50 - [Item]PapaMoMink update [1359088]1002050 plus [0] s1[NoSocket]s2[NoSocket]
2025-07-29 15:24:50 - [Item]PapaMoMink update [1359088]1002050 plus [0] s1[NoSocket]s2[NoSocket]
2025-07-29 15:25:04 - [Item]SpeedVack update [1767910]410339 plus [5] s1[SuperDragonGem]s2[SuperDragonGem]
2025-07-29 15:25:05 - [Item]SpeedVack update [1767906]410339 plus [5] s1[SuperDragonGem]s2[SuperDragonGem]
2025-07-29 15:32:19 - [Item]PapaMoMink update [1359088]1002050 plus [0] s1[NoSocket]s2[NoSocket]
2025-07-29 15:32:20 - [Item]PapaMoMink update [1359089]1002050 plus [0] s1[NoSocket]s2[NoSocket]
2025-07-29 15:32:21 - [Item]PapaMoMink update [1359089]1002050 plus [0] s1[NoSocket]s2[NoSocket]
2025-07-29 15:32:24 - [Item]PapaMoMink update [1359089]1002050 plus [0] s1[NoSocket]s2[NoSocket]
2025-07-29 15:32:25 - [Item]PapaMoMink update [1359089]1002050 plus [0] s1[NoSocket]s2[NoSocket]
2025-07-29 15:45:04 - [Item]SpeedVack update [1767906]410339 plus [5] s1[SuperDragonGem]s2[SuperDragonGem]
2025-07-29 15:45:04 - [Item]SpeedVack update [1767910]410339 plus [5] s1[SuperDragonGem]s2[SuperDragonGem]
2025-07-29 15:46:10 - [Item]SpeedVack update [1821147]1001040 plus [0] s1[NoSocket]s2[NoSocket]
2025-07-29 15:49:25 - [Item]SpeedVack update [1359120]150249 plus [1] s1[NoSocket]s2[NoSocket]
2025-07-29 15:49:37 - [Item]SpeedVack update [1767933]120249 plus [3] s1[NoSocket]s2[NoSocket]
2025-07-29 15:50:04 - [Item]SpeedVack update [1767969]160249 plus [3] s1[NoSocket]s2[NoSocket]
2025-07-29 15:50:27 - [Item]SpeedVack update [1359365]130109 plus [4] s1[NoSocket]s2[NoSocket]
2025-07-29 15:50:45 - [Item]SpeedVack update [1359374]118109 plus [4] s1[SuperDragonGem]s2[NoSocket]
2025-07-29 15:53:07 - [Item]DSConquer[PM] update [1359386]900109 plus [3] s1[NoSocket]s2[NoSocket]
2025-07-29 15:53:22 - [Item]DSConquer[PM] update [1359386]900109 plus [3] s1[NoSocket]s2[NoSocket]
2025-07-29 16:03:48 - [Item]DSConquer[PM] update [1359386]900109 plus [3] s1[NoSocket]s2[NoSocket]
2025-07-29 16:04:47 - [Item]DSConquer[PM] update [1359386]900109 plus [3] s1[NoSocket]s2[NoSocket]
2025-07-29 16:05:21 - [Item]DSConquer[PM] update [1359386]900109 plus [3] s1[NoSocket]s2[NoSocket]
2025-07-29 16:05:31 - [Item]DSConquer[PM] update [1359384]150249 plus [3] s1[NoSocket]s2[NoSocket]
2025-07-29 16:06:04 - [Item]DSConquer[PM] update [1359396]560339 plus [5] s1[SuperDragonGem]s2[SuperDragonGem]
2025-07-29 16:06:52 - [Item]DSConquer[PM] update [1359396]560339 plus [5] s1[SuperDragonGem]s2[SuperDragonGem]
2025-07-29 16:11:44 - [Item]DSConquer[PM] update [1359386]900109 plus [3] s1[NoSocket]s2[NoSocket]
2025-07-29 16:13:06 - [Item]DSConquer[PM] update [1359386]900109 plus [3] s1[NoSocket]s2[NoSocket]
2025-07-29 16:22:49 - [Item]DSConquer[PM] update [1359386]900109 plus [3] s1[NoSocket]s2[NoSocket]
2025-07-29 16:23:47 - [Item]DSConquer[PM] update [1359386]900109 plus [3] s1[NoSocket]s2[NoSocket]
2025-07-29 16:25:12 - [Item]DSConquer[PM] update [1359386]900109 plus [3] s1[NoSocket]s2[NoSocket]
2025-07-29 16:29:02 - [Item]DSConquer[PM] update [1359386]900109 plus [3] s1[NoSocket]s2[NoSocket]
2025-07-29 16:30:11 - [Item]DSConquer[PM] update [1359386]900109 plus [3] s1[NoSocket]s2[NoSocket]
2025-07-29 16:31:54 - [Item]DSConquer[PM] update [1359386]900109 plus [3] s1[NoSocket]s2[NoSocket]
2025-07-29 16:35:21 - [Item]DSConquer[PM] update [1359386]900109 plus [3] s1[NoSocket]s2[NoSocket]
2025-07-29 16:35:38 - [Item]DSConquer[PM] update [1359386]900109 plus [3] s1[NoSocket]s2[NoSocket]
2025-07-29 16:36:28 - [Item]DSConquer[PM] update [1359386]900109 plus [3] s1[NoSocket]s2[NoSocket]
2025-07-29 16:39:41 - [Item]DSConquer[PM] update [1359386]900109 plus [3] s1[NoSocket]s2[NoSocket]
2025-07-29 16:39:49 - [Item]DSConquer[PM] update [1359386]900109 plus [3] s1[NoSocket]s2[NoSocket]
2025-07-29 16:39:53 - [Item]DSConquer[PM] update [1359386]900109 plus [3] s1[NoSocket]s2[NoSocket]
2025-07-29 16:40:07 - [Item]DSConquer[PM] update [1820275]410023 plus [0] s1[NoSocket]s2[NoSocket]
2025-07-29 16:43:11 - [Item]DSConquer[PM] update [1359386]900109 plus [3] s1[NoSocket]s2[NoSocket]
2025-07-29 16:43:27 - [Item]DSConquer[PM] update [1359386]900109 plus [3] s1[NoSocket]s2[NoSocket]
2025-07-29 16:43:53 - [Item]DSConquer[PM] update [1359386]900109 plus [3] s1[NoSocket]s2[NoSocket]
2025-07-29 16:45:36 - [Item]DSConquer[PM] update [1359386]900109 plus [3] s1[NoSocket]s2[NoSocket]
2025-07-29 16:45:39 - [Item]DSConquer[PM] update [1359386]900109 plus [3] s1[NoSocket]s2[NoSocket]
2025-07-29 16:46:05 - [Item]DSConquer[PM] update [1359386]900109 plus [3] s1[NoSocket]s2[NoSocket]
2025-07-29 16:46:32 - [Item]DSConquer[PM] update [1359386]900109 plus [3] s1[NoSocket]s2[NoSocket]
2025-07-29 16:48:12 - [Item]DSConquer[PM] update [1359386]900109 plus [3] s1[NoSocket]s2[NoSocket]
2025-07-29 16:49:36 - [Item]DSConquer[PM] update [1820275]410023 plus [0] s1[NoSocket]s2[NoSocket]
2025-07-29 16:49:38 - [Item]DSConquer[PM] update [1359386]900109 plus [3] s1[NoSocket]s2[NoSocket]
2025-07-29 16:49:50 - [Item]DSConquer[PM] update [1820275]410023 plus [0] s1[NoSocket]s2[NoSocket]
2025-07-29 16:49:53 - [Item]DSConquer[PM] update [1359386]900109 plus [3] s1[NoSocket]s2[NoSocket]
2025-07-29 16:49:53 - [Item]DSConquer[PM] update [1359386]900109 plus [3] s1[NoSocket]s2[NoSocket]
2025-07-29 16:49:55 - [Item]DSConquer[PM] update [1359386]900109 plus [3] s1[NoSocket]s2[NoSocket]
2025-07-29 16:50:00 - [Item]DSConquer[PM] update [1359386]900109 plus [3] s1[NoSocket]s2[NoSocket]
2025-07-29 16:50:15 - [Item]DSConquer[PM] update [1359386]900109 plus [3] s1[NoSocket]s2[NoSocket]
2025-07-29 16:51:27 - [Item]DSConquer[PM] update [1820275]410023 plus [0] s1[NoSocket]s2[NoSocket]
2025-07-29 16:51:28 - [Item]DSConquer[PM] update [1359386]900109 plus [3] s1[NoSocket]s2[NoSocket]
2025-07-29 16:52:36 - [Item]DSConquer[PM] update [1359386]900109 plus [3] s1[NoSocket]s2[NoSocket]
2025-07-29 16:53:20 - [Item]DSConquer[PM] update [1820275]410023 plus [0] s1[NoSocket]s2[NoSocket]
2025-07-29 17:02:55 - [Item]DSConquer[PM] update [1610959]150249 plus [3] s1[NoSocket]s2[NoSocket]
2025-07-29 17:02:56 - [Item]DSConquer[PM] update [1359381]131109 plus [4] s1[SuperDragonGem]s2[NoSocket]
2025-07-29 17:02:59 - [Item]DSConquer[PM] update [1610960]160249 plus [3] s1[NoSocket]s2[NoSocket]
2025-07-29 17:03:02 - [Item]DSConquer[PM] update [1359390]111109 plus [3] s1[NoSocket]s2[NoSocket]
2025-07-29 17:03:02 - [Item]DSConquer[PM] update [1359383]120249 plus [3] s1[NoSocket]s2[NoSocket]
2025-07-29 17:16:02 - [Item]DSConquer[PM] update [1359385]160249 plus [3] s1[NoSocket]s2[NoSocket]
2025-07-29 17:18:56 - [Item]DSConquer[PM] update [1359403]150249 plus [4] s1[NoSocket]s2[NoSocket]
2025-07-29 17:23:25 - [Item]SpeedVack update [1359374]118109 plus [4] s1[SuperDragonGem]s2[NoSocket]
2025-07-29 17:30:05 - [Item]DSConquer[PM] update [1359432]131109 plus [4] s1[SuperDragonGem]s2[NoSocket]
2025-07-29 17:30:05 - [Item]DSConquer[PM] update [1359383]120249 plus [3] s1[NoSocket]s2[NoSocket]
2025-07-29 17:30:05 - [Item]DSConquer[PM] update [1359385]160249 plus [3] s1[NoSocket]s2[NoSocket]
2025-07-29 17:30:05 - [Item]DSConquer[PM] update [1359390]111109 plus [3] s1[NoSocket]s2[NoSocket]
2025-07-29 17:34:39 - [Item]Hygienix update [1796246]160249 plus [2] s1[NoSocket]s2[NoSocket]
2025-07-29 17:46:22 - [Item]Bingkat update [1612468]152259 plus [4] s1[NoSocket]s2[NoSocket]
2025-07-29 17:46:22 - [Item]Bingkat update [1615654]421339 plus [4] s1[SuperPhoenixGem]s2[SuperPhoenixGem]
2025-07-29 17:48:04 - [Item]Bingkat update [1615654]421339 plus [4] s1[SuperPhoenixGem]s2[SuperPhoenixGem]
2025-07-29 17:48:06 - [Item]Bingkat update [1612468]152259 plus [4] s1[NoSocket]s2[NoSocket]
2025-07-29 17:56:53 - [Item]Bingkat update [1359460]160249 plus [5] s1[SuperPhoenixGem]s2[SuperPhoenixGem]
2025-07-29 17:56:53 - [Item]Bingkat update [1359462]134109 plus [5] s1[SuperPhoenixGem]s2[SuperPhoenixGem]
2025-07-29 17:56:53 - [Item]Bingkat update [1359463]114109 plus [5] s1[SuperPhoenixGem]s2[SuperPhoenixGem]
2025-07-29 17:56:53 - [Item]Bingkat update [1359464]121249 plus [5] s1[NoSocket]s2[NoSocket]
2025-07-29 17:58:27 - [Item]Bingkat update [1612468]152259 plus [4] s1[NoSocket]s2[NoSocket]
2025-07-29 17:58:27 - [Item]Bingkat update [1615654]421339 plus [4] s1[SuperPhoenixGem]s2[SuperPhoenixGem]
2025-07-29 17:59:09 - [Item]Bingkat update [1359465]152259 plus [5] s1[NoSocket]s2[NoSocket]
2025-07-29 17:59:09 - [Item]Bingkat update [1615654]421339 plus [4] s1[SuperPhoenixGem]s2[SuperPhoenixGem]
2025-07-29 18:14:29 - [Item]Bingkat update [1359465]152259 plus [5] s1[NoSocket]s2[NoSocket]
2025-07-29 18:14:29 - [Item]Bingkat update [1615654]421339 plus [4] s1[SuperPhoenixGem]s2[SuperPhoenixGem]
2025-07-29 18:47:58 - [Item]DSConquer[PM] update [1359475]410339 plus [5] s1[SuperDragonGem]s2[SuperDragonGem]
2025-07-29 18:47:58 - [Item]DSConquer[PM] update [1359403]150249 plus [4] s1[NoSocket]s2[NoSocket]
2025-07-29 18:48:05 - [Item]DSConquer[PM] update [1359429]900109 plus [4] s1[SuperDragonGem]s2[NoSocket]
2025-07-29 18:48:10 - [Item]DSConquer[PM] update [1359421]900109 plus [0] s1[NoSocket]s2[NoSocket]
