2025-08-03 00:51:37 - Archer[Test] speaks to All : g
2025-08-03 00:51:50 - Archer[Test] speaks to All : g
2025-08-03 00:52:03 - Fire[TEST] speaks to All : +5 set ni
2025-08-03 00:52:03 - Archer[Test] speaks to All : nice
2025-08-03 00:52:36 - Archer[Test] speaks to All : earings
2025-08-03 00:52:43 - Archer[Test] speaks to All : g
2025-08-03 00:53:11 - Archer[Test] speaks to All : wala mi minus ang magic def
2025-08-03 00:53:12 - Warrior[Test] speaks to All : cge kog ka dc gyod atay 
2025-08-03 00:53:35 - Warrior[Test] speaks to All : cge kog ka dc gyod atay +
2025-08-03 00:53:41 - Archer[Test] speaks to All : ahah
2025-08-03 00:54:19 - Archer[Test] speaks to All : wala na minus ang 94 percent na magic def
2025-08-03 00:54:38 - Warrior[Test] speaks to All : hit nako fire daw
2025-08-03 00:54:47 - Warrior[Test] speaks to All : 5 8 ?
2025-08-03 00:54:59 - Warrior[Test] speaks to All : 56k
2025-08-03 00:55:00 - Archer[Test] speaks to All : kana2x
2025-08-03 00:55:04 - Warrior[Test] speaks to All : 5k
2025-08-03 00:55:17 - Fire[TEST] speaks to All : oo 1hit raman sad
2025-08-03 00:55:23 - Fire[TEST] speaks to All : 1hit ra siya
2025-08-03 00:55:38 - Archer[Test] speaks to All : g
2025-08-03 00:55:39 - Warrior[Test] speaks to All : kani daw
2025-08-03 00:55:44 - Fire[TEST] speaks to All : ang fire bahala dako damage
2025-08-03 00:55:44 - Warrior[Test] speaks to All : hit fire
2025-08-03 00:55:45 - Fire[TEST] speaks to All : 1hit raman
2025-08-03 00:55:59 - Warrior[Test] speaks to All : mao ra goods nani
2025-08-03 00:56:03 - Archer[Test] speaks to All : +4 na coat bu
2025-08-03 00:56:06 - Archer[Test] speaks to All : +4 na coat bi
2025-08-03 00:56:44 - Fire[TEST] speaks to All : ako ge buhat
2025-08-03 00:56:47 - Fire[TEST] speaks to All : ang ranking 
2025-08-03 00:56:56 - Fire[TEST] speaks to All : naay add Attack ug Magic
2025-08-03 00:57:05 - Archer[Test] speaks to All : +4 na coat bi
2025-08-03 00:57:12 - Archer[Test] speaks to All : gae ko coat +4
2025-08-03 00:57:29 - Archer[Test] speaks to All : ge try
2025-08-03 00:57:36 - Warrior[Test] speaks to All : ako ?
2025-08-03 00:57:49 - Warrior[Test] speaks to All : 19k
2025-08-03 00:58:03 - Archer[Test] speaks to All : midako man
2025-08-03 00:58:09 - Fire[TEST] speaks to All : ako ge usab
2025-08-03 00:58:12 - Archer[Test] speaks to All : aw
2025-08-03 00:58:23 - Warrior[Test] speaks to All : 5k sa fire +5 set ok nana kay warrior mane akoa 
2025-08-03 00:58:31 - Fire[TEST] speaks to All : awa 
2025-08-03 00:58:31 - Warrior[Test] speaks to All : physical def mane 
2025-08-03 00:58:34 - Fire[TEST] speaks to All : kung naa 1soc ang fire
2025-08-03 00:58:38 - Warrior[Test] speaks to All : g
2025-08-03 00:58:39 - Archer[Test] speaks to All : g
2025-08-03 00:58:43 - Fire[TEST] speaks to All : bracelet
2025-08-03 00:58:55 - Warrior[Test] speaks to All : 500 ray add
2025-08-03 00:58:57 - Warrior[Test] speaks to All : 500 ray add
2025-08-03 00:58:59 - Archer[Test] speaks to All : gamay ra add
2025-08-03 00:59:06 - Fire[TEST] speaks to All : wait
2025-08-03 00:59:07 - Warrior[Test] speaks to All : with out 1 soc 5.2
2025-08-03 00:59:20 - Warrior[Test] speaks to All : with 5.7
2025-08-03 00:59:49 - Warrior[Test] speaks to All : sobra rsad ang 8
2025-08-03 00:59:54 - Archer[Test] speaks to All : aw 15percent raman add sa phoenix gem
2025-08-03 01:00:03 - Warrior[Test] speaks to All : 6k  dpat dle mo lapas
2025-08-03 01:00:06 - Warrior[Test] speaks to All : 6k  dpat dle mo lapas
2025-08-03 01:00:46 - Warrior[Test] speaks to All : katon 1 soc daw
2025-08-03 01:01:02 - Warrior[Test] speaks to All : usab
2025-08-03 01:01:14 - Warrior[Test] speaks to All : sige titra
2025-08-03 01:01:18 - Warrior[Test] speaks to All : sige titra
2025-08-03 01:01:20 - Trojan[Test] speaks to All : @scroll pka
2025-08-03 01:01:27 - Warrior[Test] speaks to All : sige titra
2025-08-03 01:01:33 - Warrior[Test] speaks to All : mao2 ras troj
2025-08-03 01:01:42 - Fire[TEST] speaks to All : oo ang tro -1 set mana
2025-08-03 01:01:47 - Warrior[Test] speaks to All : ge
2025-08-03 01:01:49 - Archer[Test] speaks to All : naa mana magic def ang troj
2025-08-03 01:01:50 - Fire[TEST] speaks to All : wait
2025-08-03 01:01:57 - Fire[TEST] speaks to All : mao ni ako suggest ganiha
2025-08-03 01:02:01 - Fire[TEST] speaks to All : dapat -1 set ato water
2025-08-03 01:02:36 - Trojan[Test] speaks to All : awa
2025-08-03 01:02:39 - Trojan[Test] speaks to All : gamay ko damage
2025-08-03 01:02:48 - Trojan[Test] speaks to All : kau sfg
2025-08-03 01:03:01 - Archer[Test] speaks to All : gamay ra kaayu
2025-08-03 01:03:07 - Fire[TEST] speaks to All : awa
2025-08-03 01:03:09 - Fire[TEST] speaks to All : 1soc set
2025-08-03 01:03:23 - Fire[TEST] speaks to All : max ani 7k raman
2025-08-03 01:04:13 - Warrior[Test] speaks to All : cge ko ka dc
2025-08-03 01:04:34 - Warrior[Test] speaks to All : dako mn sad kay nig hp gd
2025-08-03 01:04:42 - Warrior[Test] speaks to All : ang fire ane mg lisod
2025-08-03 01:06:14 - Warrior[Test] speaks to All : dugaya ka patay sa archer dre oi
2025-08-03 01:06:31 - Archer[Test] speaks to All : naa mana shied
2025-08-03 01:06:50 - Warrior[Test] speaks to All : 1.0 archer  +3 +4 weapon items agn damge ana 3to 500 ra
2025-08-03 01:14:47 - Trojan[Test] speaks to All : sakto ra guro ni fire sa
2025-08-03 01:16:55 - Trojan[Test] speaks to All : sakto ra guro ni fire sa?
2025-08-03 01:17:09 - Fire[TEST] speaks to All : non sock
2025-08-03 01:17:16 - Fire[TEST] speaks to All : with sock
2025-08-03 01:17:30 - Fire[TEST] speaks to All : 1soc +500 damage
2025-08-03 01:17:35 - Fire[TEST] speaks to All : 1soc na 
2025-08-03 01:17:42 - Fire[TEST] speaks to All : 4170
2025-08-03 01:17:53 - Fire[TEST] speaks to All : 3779
2025-08-03 01:19:08 - Fire[TEST] speaks to All : max kay 7k
2025-08-03 01:19:33 - Archer[Test] speaks to All : sakita
2025-08-03 01:19:35 - Fire[TEST] speaks to All : awa
2025-08-03 01:19:37 - Fire[TEST] speaks to All : @reallot
2025-08-03 01:19:42 - Fire[TEST] speaks to All : full vital ko 
2025-08-03 01:19:45 - Fire[TEST] speaks to All : @vit 528
2025-08-03 01:19:48 - Fire[TEST] speaks to All : awa ako dmg
2025-08-03 01:19:54 - Fire[TEST] speaks to All : 4453
2025-08-03 01:20:13 - Archer[Test] speaks to All : mugamay
2025-08-03 01:20:20 - Archer[Test] speaks to All : mugamay
2025-08-03 01:20:40 - Trojan[Test] speaks to All : gamay pero dako ka hp
2025-08-03 01:27:01 - Fire[TEST] speaks to All : sakto ra
2025-08-03 02:55:17 - Trojan[Test] speaks to All : @sockrate
2025-08-03 03:16:53 - Archer[Test] speaks to All : @reallot
2025-08-03 03:16:57 - Archer[Test] speaks to All : @agi 420
2025-08-03 03:17:00 - Archer[Test] speaks to All : @vit 108
2025-08-03 03:22:45 - Trojan[Test] speaks to All : @reallot
2025-08-03 03:23:33 - Trojan[Test] speaks to All : @scroll pc
2025-08-03 03:24:07 - Trojan[Test] speaks to All : @agi 420
2025-08-03 03:24:10 - Trojan[Test] speaks to All : @scroll tc
2025-08-03 03:31:37 - Trojan[Test] speaks to All : @scroll pc
2025-08-03 03:32:48 - Trojan[Test] speaks to All : @scroll tc
2025-08-03 03:33:46 - Trojan[Test] speaks to All : @scroll tc
2025-08-03 03:59:22 - Trojan[Test] speaks to Trojan[Test]: @scroll pc
2025-08-03 04:00:06 - Trojan[Test] speaks to Trojan[Test]: @scroll tc
2025-08-03 04:10:40 - Trojan[Test] speaks to All : [Item ClanCertification 1360098 4294967295]
2025-08-03 04:20:56 - Trojan[Test] speaks to All : @scroll tc
2025-08-03 04:22:46 - Trojan[Test] speaks to All : @scroll tc
2025-08-03 04:26:15 - Trojan[Test] speaks to All : [Item MegaDBPack 1360104 4294967295]
2025-08-03 04:33:39 - Archer[Test] speaks to All : @scroll tc
2025-08-03 04:52:46 - Archer[Test] speaks to All : @scroll tc
2025-08-03 05:01:20 - Trojan[Test] speaks to All : @scroll tc
2025-08-03 05:12:24 - Archer[Test] speaks to All : @clear
2025-08-03 05:16:34 - Archer[Test] speaks to All : @map
