2025-08-02 11:19:02 - Hygienix speaks to All : @scroll pka
2025-08-02 11:19:11 - Hygienix speaks to All : /rolescale 50
2025-08-02 11:19:16 - PapaMoMink speaks to All : @clearinv
2025-08-02 11:19:50 - PapaMoMink speaks to All : @scroll tc
2025-08-02 11:20:12 - PapaMoMink speaks to All : @dc
2025-08-02 11:32:36 - Archer[Test] speaks to All : /cd
2025-08-02 11:32:51 - Archer[Test] speaks to All : @cd
2025-08-02 12:25:25 - Archer[Test] speaks to All : /rolescale 50
2025-08-02 13:37:04 - Fire[TEST] speaks to All : @clear
2025-08-02 14:00:39 - Archer[Test] speaks to All : @reallot
2025-08-02 14:00:47 - Archer[Test] speaks to All : @vit 528
2025-08-02 14:51:22 - Archer[Test] speaks to All : @scroll tc
2025-08-02 15:47:35 - Fire[TEST] speaks to All : @reallot
2025-08-02 15:48:20 - Fire[TEST] speaks to All : @vit 528
2025-08-02 15:52:51 - Warrior[Test] speaks to All : @clear
2025-08-02 15:54:50 - Archer[Test] speaks to All : @scroll pka
2025-08-02 16:05:00 - Fire[TEST] speaks to All : @clear
2025-08-02 16:07:32 - Fire[TEST] speaks to All : @clear
2025-08-02 16:14:01 - Fire[TEST] speaks to All : @reallot
2025-08-02 16:14:09 - Fire[TEST] speaks to All : @spi 
2025-08-02 16:14:11 - Fire[TEST] speaks to All : @spi 528
2025-08-02 18:04:40 - Fire[TEST] speaks to All : @reallot
2025-08-02 18:13:03 - Archer[Test] speaks to All : @clear
2025-08-02 18:14:36 - Archer[Test] speaks to All : @scroll tc
2025-08-02 18:24:58 - Fire[TEST] speaks to All : @reallot
2025-08-02 18:25:29 - Fire[TEST] speaks to All : @vit 528
2025-08-02 18:27:54 - Archer[Test] speaks to All : @scroll pka
2025-08-02 18:33:11 - Archer[Test] speaks to All : @reallot
2025-08-02 18:33:16 - Archer[Test] speaks to All : @agi 528
2025-08-02 18:41:05 - Archer[Test] speaks to All : @scroll pc
2025-08-02 19:14:57 - Archer[Test] speaks to All : @clear
2025-08-02 19:16:40 - Archer[Test] speaks to All : @scroll tc
2025-08-02 20:04:14 - Fire[TEST] speaks to All : @reallot
2025-08-02 20:04:16 - Fire[TEST] speaks to All : @spi 528
2025-08-02 21:29:20 - Fire[TEST] speaks to All : @scroll tc
