2025-08-05 00:00:57 - [Item]DSConquer[PM] update [1359897]420339 plus [6] s1[SuperDragonGem]s2[SuperDragonGem]
2025-08-05 00:00:57 - [Item]DSConquer[PM] update [1359898]480339 plus [6] s1[SuperDragonGem]s2[SuperDragonGem]
2025-08-05 00:06:20 - [Item]DSConquer[PM] update [1359897]420339 plus [6] s1[SuperDragonGem]s2[SuperDragonGem]
2025-08-05 00:06:20 - [Item]DSConquer[PM] update [1359898]480339 plus [6] s1[SuperDragonGem]s2[SuperDragonGem]
2025-08-05 00:06:52 - [Item]DSConquer[PM] update [1359897]420339 plus [6] s1[SuperDragonGem]s2[SuperDragonGem]
2025-08-05 00:06:52 - [Item]DSConquer[PM] update [1359898]480339 plus [6] s1[SuperDragonGem]s2[SuperDragonGem]
2025-08-05 00:07:12 - [Item]DSConquer[PM] update [1359897]420339 plus [6] s1[SuperDragonGem]s2[SuperDragonGem]
2025-08-05 00:07:12 - [Item]DSConquer[PM] update [1359898]480339 plus [6] s1[SuperDragonGem]s2[SuperDragonGem]
2025-08-05 00:08:00 - [Item]DSConquer[PM] update [1359897]420339 plus [6] s1[SuperDragonGem]s2[SuperDragonGem]
2025-08-05 00:08:00 - [Item]DSConquer[PM] update [1359898]480339 plus [6] s1[SuperDragonGem]s2[SuperDragonGem]
2025-08-05 00:08:59 - [Item]DSConquer[PM] update [1359897]420339 plus [6] s1[SuperDragonGem]s2[SuperDragonGem]
2025-08-05 00:08:59 - [Item]DSConquer[PM] update [1359898]480339 plus [6] s1[SuperDragonGem]s2[SuperDragonGem]
2025-08-05 00:09:00 - [Item]DSConquer[PM] update [1359897]420339 plus [6] s1[SuperDragonGem]s2[SuperDragonGem]
2025-08-05 00:09:00 - [Item]DSConquer[PM] update [1359898]480339 plus [6] s1[SuperDragonGem]s2[SuperDragonGem]
2025-08-05 00:09:46 - [Item]DSConquer[PM] update [1359897]420339 plus [6] s1[SuperDragonGem]s2[SuperDragonGem]
2025-08-05 00:09:46 - [Item]DSConquer[PM] update [1359898]480339 plus [6] s1[SuperDragonGem]s2[SuperDragonGem]
2025-08-05 00:10:15 - [Item]DSConquer[PM] update [1359897]420339 plus [6] s1[SuperDragonGem]s2[SuperDragonGem]
2025-08-05 00:10:15 - [Item]DSConquer[PM] update [1359898]480339 plus [6] s1[SuperDragonGem]s2[SuperDragonGem]
2025-08-05 00:10:28 - [Item]DSConquer[PM] update [1359897]420339 plus [6] s1[SuperDragonGem]s2[SuperDragonGem]
2025-08-05 00:10:28 - [Item]DSConquer[PM] update [1359898]480339 plus [6] s1[SuperDragonGem]s2[SuperDragonGem]
2025-08-05 00:11:16 - [Item]DSConquer[PM] update [1359897]420339 plus [6] s1[SuperDragonGem]s2[SuperDragonGem]
2025-08-05 00:11:16 - [Item]DSConquer[PM] update [1359898]480339 plus [6] s1[SuperDragonGem]s2[SuperDragonGem]
2025-08-05 00:11:36 - [Item]DSConquer[PM] update [1359897]420339 plus [6] s1[SuperDragonGem]s2[SuperDragonGem]
2025-08-05 00:11:36 - [Item]DSConquer[PM] update [1359898]480339 plus [6] s1[SuperDragonGem]s2[SuperDragonGem]
2025-08-05 00:11:49 - [Item]DSConquer[PM] update [1359897]420339 plus [6] s1[SuperDragonGem]s2[SuperDragonGem]
2025-08-05 00:11:49 - [Item]DSConquer[PM] update [1359898]480339 plus [6] s1[SuperDragonGem]s2[SuperDragonGem]
2025-08-05 00:11:53 - [Item]DSConquer[PM] update [1359897]420339 plus [6] s1[SuperDragonGem]s2[SuperDragonGem]
2025-08-05 00:11:53 - [Item]DSConquer[PM] update [1359898]480339 plus [6] s1[SuperDragonGem]s2[SuperDragonGem]
2025-08-05 00:12:28 - [Item]DSConquer[PM] update [1359897]420339 plus [6] s1[SuperDragonGem]s2[SuperDragonGem]
2025-08-05 00:12:28 - [Item]DSConquer[PM] update [1359898]480339 plus [6] s1[SuperDragonGem]s2[SuperDragonGem]
2025-08-05 00:12:38 - [Item]DSConquer[PM] update [1359897]420339 plus [6] s1[SuperDragonGem]s2[SuperDragonGem]
2025-08-05 00:12:38 - [Item]DSConquer[PM] update [1359898]480339 plus [6] s1[SuperDragonGem]s2[SuperDragonGem]
2025-08-05 00:19:48 - [Item]DSConquer[PM] update [1359897]420339 plus [6] s1[SuperDragonGem]s2[SuperDragonGem]
2025-08-05 00:19:48 - [Item]DSConquer[PM] update [1359898]480339 plus [6] s1[SuperDragonGem]s2[SuperDragonGem]
2025-08-05 00:19:52 - [Item]DSConquer[PM] update [1359897]420339 plus [6] s1[SuperDragonGem]s2[SuperDragonGem]
2025-08-05 00:19:52 - [Item]DSConquer[PM] update [1359898]480339 plus [6] s1[SuperDragonGem]s2[SuperDragonGem]
2025-08-05 00:20:26 - [Item]DSConquer[PM] update [1359897]420339 plus [6] s1[SuperDragonGem]s2[SuperDragonGem]
2025-08-05 00:24:24 - [Item]DSConquer[PM] update [1359897]420339 plus [6] s1[SuperDragonGem]s2[SuperDragonGem]
2025-08-05 00:24:24 - [Item]DSConquer[PM] update [1359898]480339 plus [6] s1[SuperDragonGem]s2[SuperDragonGem]
2025-08-05 00:24:34 - [Item]DSConquer[PM] update [1359897]420339 plus [6] s1[SuperDragonGem]s2[SuperDragonGem]
2025-08-05 00:24:34 - [Item]DSConquer[PM] update [1359898]480339 plus [6] s1[SuperDragonGem]s2[SuperDragonGem]
2025-08-05 00:25:42 - [Item]DSConquer[PM] update [1359897]420339 plus [6] s1[SuperDragonGem]s2[SuperDragonGem]
2025-08-05 00:25:42 - [Item]DSConquer[PM] update [1359898]480339 plus [6] s1[SuperDragonGem]s2[SuperDragonGem]
2025-08-05 00:25:58 - [Item]DSConquer[PM] update [1359897]420339 plus [6] s1[SuperDragonGem]s2[SuperDragonGem]
2025-08-05 00:25:59 - [Item]DSConquer[PM] update [1359898]480339 plus [6] s1[SuperDragonGem]s2[SuperDragonGem]
2025-08-05 00:25:59 - [Item]DSConquer[PM] update [1359897]420339 plus [6] s1[SuperDragonGem]s2[SuperDragonGem]
2025-08-05 00:25:59 - [Item]DSConquer[PM] update [1359898]480339 plus [6] s1[SuperDragonGem]s2[SuperDragonGem]
2025-08-05 00:31:07 - [Item]DSConquer[PM] update [1359897]420339 plus [6] s1[SuperDragonGem]s2[SuperDragonGem]
2025-08-05 00:31:07 - [Item]DSConquer[PM] update [1359898]480339 plus [6] s1[SuperDragonGem]s2[SuperDragonGem]
2025-08-05 00:31:32 - [Item]DSConquer[PM] update [1881514]181395 plus [0] s1[NoSocket]s2[NoSocket]
2025-08-05 00:40:41 - [Item]DSConquer[PM] update [1359897]420339 plus [6] s1[SuperDragonGem]s2[SuperDragonGem]
2025-08-05 00:40:41 - [Item]DSConquer[PM] update [1359898]480339 plus [6] s1[SuperDragonGem]s2[SuperDragonGem]
2025-08-05 00:41:37 - [Item]Trojan[Test] update [1420271]150249 plus [4] s1[NoSocket]s2[NoSocket]
2025-08-05 00:41:37 - [Item]Trojan[Test] update [1359992]420339 plus [5] s1[SuperDragonGem]s2[SuperFuryGem]
2025-08-05 00:41:37 - [Item]Trojan[Test] update [1359999]490339 plus [4] s1[SuperDragonGem]s2[SuperFuryGem]
2025-08-05 00:41:57 - [Item]Trojan[Test] update [1420271]150249 plus [4] s1[NoSocket]s2[NoSocket]
2025-08-05 00:41:57 - [Item]Trojan[Test] update [1359992]420339 plus [5] s1[SuperDragonGem]s2[SuperFuryGem]
2025-08-05 00:41:57 - [Item]Trojan[Test] update [1359999]490339 plus [4] s1[SuperDragonGem]s2[SuperFuryGem]
2025-08-05 00:42:00 - [Item]Trojan[Test] update [1420271]150249 plus [4] s1[NoSocket]s2[NoSocket]
2025-08-05 00:42:00 - [Item]Trojan[Test] update [1359992]420339 plus [5] s1[SuperDragonGem]s2[SuperFuryGem]
2025-08-05 00:42:00 - [Item]Trojan[Test] update [1359999]490339 plus [4] s1[SuperDragonGem]s2[SuperFuryGem]
2025-08-05 00:42:12 - [Item]Trojan[Test] update [1420271]150249 plus [4] s1[NoSocket]s2[NoSocket]
2025-08-05 00:42:12 - [Item]Trojan[Test] update [1359992]420339 plus [5] s1[SuperDragonGem]s2[SuperFuryGem]
2025-08-05 00:42:12 - [Item]Trojan[Test] update [1359999]490339 plus [4] s1[SuperDragonGem]s2[SuperFuryGem]
2025-08-05 00:42:57 - [Item]Trojan[Test] update [1420271]150249 plus [4] s1[NoSocket]s2[NoSocket]
2025-08-05 00:42:57 - [Item]Trojan[Test] update [1359992]420339 plus [5] s1[SuperDragonGem]s2[SuperFuryGem]
2025-08-05 00:42:57 - [Item]Trojan[Test] update [1359999]490339 plus [4] s1[SuperDragonGem]s2[SuperFuryGem]
2025-08-05 00:43:15 - [Item]Trojan[Test] update [1420271]150249 plus [4] s1[NoSocket]s2[NoSocket]
2025-08-05 00:43:15 - [Item]Trojan[Test] update [1359992]420339 plus [5] s1[SuperDragonGem]s2[SuperFuryGem]
2025-08-05 00:43:15 - [Item]Trojan[Test] update [1359999]490339 plus [4] s1[SuperDragonGem]s2[SuperFuryGem]
2025-08-05 00:43:23 - [Item]Trojan[Test] update [1420271]150249 plus [4] s1[NoSocket]s2[NoSocket]
2025-08-05 00:43:23 - [Item]Trojan[Test] update [1359992]420339 plus [5] s1[SuperDragonGem]s2[SuperFuryGem]
2025-08-05 00:43:23 - [Item]Trojan[Test] update [1359999]490339 plus [4] s1[SuperDragonGem]s2[SuperFuryGem]
2025-08-05 00:43:57 - [Item]Trojan[Test] update [1420271]150249 plus [4] s1[NoSocket]s2[NoSocket]
2025-08-05 00:43:57 - [Item]Trojan[Test] update [1359992]420339 plus [5] s1[SuperDragonGem]s2[SuperFuryGem]
2025-08-05 00:43:57 - [Item]Trojan[Test] update [1359999]490339 plus [4] s1[SuperDragonGem]s2[SuperFuryGem]
2025-08-05 00:44:10 - [Item]Trojan[Test] update [1420271]150249 plus [4] s1[NoSocket]s2[NoSocket]
2025-08-05 00:44:10 - [Item]Trojan[Test] update [1359992]420339 plus [5] s1[SuperDragonGem]s2[SuperFuryGem]
2025-08-05 00:44:10 - [Item]Trojan[Test] update [1359999]490339 plus [4] s1[SuperDragonGem]s2[SuperFuryGem]
2025-08-05 00:44:35 - [Item]Trojan[Test] update [1420271]150249 plus [4] s1[NoSocket]s2[NoSocket]
2025-08-05 00:44:35 - [Item]Trojan[Test] update [1359992]420339 plus [5] s1[SuperDragonGem]s2[SuperFuryGem]
2025-08-05 00:44:35 - [Item]Trojan[Test] update [1359999]490339 plus [4] s1[SuperDragonGem]s2[SuperFuryGem]
2025-08-05 00:44:48 - [Item]Trojan[Test] update [1420271]150249 plus [4] s1[NoSocket]s2[NoSocket]
2025-08-05 00:44:48 - [Item]Trojan[Test] update [1359992]420339 plus [5] s1[SuperDragonGem]s2[SuperFuryGem]
2025-08-05 00:44:48 - [Item]Trojan[Test] update [1359999]490339 plus [4] s1[SuperDragonGem]s2[SuperFuryGem]
2025-08-05 00:45:14 - [Item]Trojan[Test] update [1420271]150249 plus [4] s1[NoSocket]s2[NoSocket]
2025-08-05 00:45:14 - [Item]Trojan[Test] update [1359992]420339 plus [5] s1[SuperDragonGem]s2[SuperFuryGem]
2025-08-05 00:45:14 - [Item]Trojan[Test] update [1359999]490339 plus [4] s1[SuperDragonGem]s2[SuperFuryGem]
2025-08-05 00:45:31 - [Item]Trojan[Test] update [1420271]150249 plus [4] s1[NoSocket]s2[NoSocket]
2025-08-05 00:45:31 - [Item]Trojan[Test] update [1359992]420339 plus [5] s1[SuperDragonGem]s2[SuperFuryGem]
2025-08-05 00:45:31 - [Item]Trojan[Test] update [1359999]490339 plus [4] s1[SuperDragonGem]s2[SuperFuryGem]
2025-08-05 00:45:36 - [Item]Trojan[Test] update [1420271]150249 plus [4] s1[NoSocket]s2[NoSocket]
2025-08-05 00:45:36 - [Item]Trojan[Test] update [1359992]420339 plus [5] s1[SuperDragonGem]s2[SuperFuryGem]
2025-08-05 00:45:36 - [Item]Trojan[Test] update [1359999]490339 plus [4] s1[SuperDragonGem]s2[SuperFuryGem]
2025-08-05 00:45:56 - [Item]Trojan[Test] update [1420271]150249 plus [4] s1[NoSocket]s2[NoSocket]
2025-08-05 00:45:56 - [Item]Trojan[Test] update [1359992]420339 plus [5] s1[SuperDragonGem]s2[SuperFuryGem]
2025-08-05 00:45:56 - [Item]Trojan[Test] update [1359999]490339 plus [4] s1[SuperDragonGem]s2[SuperFuryGem]
2025-08-05 00:45:57 - [Item]Trojan[Test] update [1420271]150249 plus [4] s1[NoSocket]s2[NoSocket]
2025-08-05 00:45:57 - [Item]Trojan[Test] update [1359992]420339 plus [5] s1[SuperDragonGem]s2[SuperFuryGem]
2025-08-05 00:45:57 - [Item]Trojan[Test] update [1359999]490339 plus [4] s1[SuperDragonGem]s2[SuperFuryGem]
2025-08-05 00:46:01 - [Item]Trojan[Test] update [1420271]150249 plus [4] s1[NoSocket]s2[NoSocket]
2025-08-05 00:46:01 - [Item]Trojan[Test] update [1359992]420339 plus [5] s1[SuperDragonGem]s2[SuperFuryGem]
2025-08-05 00:46:01 - [Item]Trojan[Test] update [1359999]490339 plus [4] s1[SuperDragonGem]s2[SuperFuryGem]
2025-08-05 00:46:05 - [Item]Trojan[Test] update [1420271]150249 plus [4] s1[NoSocket]s2[NoSocket]
2025-08-05 00:46:05 - [Item]Trojan[Test] update [1359992]420339 plus [5] s1[SuperDragonGem]s2[SuperFuryGem]
2025-08-05 00:46:05 - [Item]Trojan[Test] update [1359999]490339 plus [4] s1[SuperDragonGem]s2[SuperFuryGem]
2025-08-05 00:46:16 - [Item]Trojan[Test] update [1420271]150249 plus [4] s1[NoSocket]s2[NoSocket]
2025-08-05 00:46:16 - [Item]Trojan[Test] update [1359992]420339 plus [5] s1[SuperDragonGem]s2[SuperFuryGem]
2025-08-05 00:46:16 - [Item]Trojan[Test] update [1359999]490339 plus [4] s1[SuperDragonGem]s2[SuperFuryGem]
2025-08-05 00:47:00 - [Item]Trojan[Test] update [1420271]150249 plus [4] s1[NoSocket]s2[NoSocket]
2025-08-05 00:47:00 - [Item]Trojan[Test] update [1359992]420339 plus [5] s1[SuperDragonGem]s2[SuperFuryGem]
2025-08-05 00:47:00 - [Item]Trojan[Test] update [1359999]490339 plus [4] s1[SuperDragonGem]s2[SuperFuryGem]
2025-08-05 00:47:14 - [Item]Trojan[Test] update [1420271]150249 plus [4] s1[NoSocket]s2[NoSocket]
2025-08-05 00:47:14 - [Item]Trojan[Test] update [1359992]420339 plus [5] s1[SuperDragonGem]s2[SuperFuryGem]
2025-08-05 00:47:14 - [Item]Trojan[Test] update [1359999]490339 plus [4] s1[SuperDragonGem]s2[SuperFuryGem]
2025-08-05 00:47:19 - [Item]Trojan[Test] update [1420271]150249 plus [4] s1[NoSocket]s2[NoSocket]
2025-08-05 00:47:19 - [Item]Trojan[Test] update [1359992]420339 plus [5] s1[SuperDragonGem]s2[SuperFuryGem]
2025-08-05 00:47:19 - [Item]Trojan[Test] update [1359999]490339 plus [4] s1[SuperDragonGem]s2[SuperFuryGem]
2025-08-05 00:47:26 - [Item]Trojan[Test] update [1420271]150249 plus [4] s1[NoSocket]s2[NoSocket]
2025-08-05 00:47:26 - [Item]Trojan[Test] update [1359992]420339 plus [5] s1[SuperDragonGem]s2[SuperFuryGem]
2025-08-05 00:47:26 - [Item]Trojan[Test] update [1359999]490339 plus [4] s1[SuperDragonGem]s2[SuperFuryGem]
2025-08-05 00:48:42 - [Item]Trojan[Test] update [1420271]150249 plus [4] s1[NoSocket]s2[NoSocket]
2025-08-05 00:48:42 - [Item]Trojan[Test] update [1359992]420339 plus [5] s1[SuperDragonGem]s2[SuperFuryGem]
2025-08-05 00:48:42 - [Item]Trojan[Test] update [1359999]490339 plus [4] s1[SuperDragonGem]s2[SuperFuryGem]
2025-08-05 00:49:18 - [Item]Trojan[Test] update [1420271]150249 plus [4] s1[NoSocket]s2[NoSocket]
2025-08-05 00:49:18 - [Item]Trojan[Test] update [1359992]420339 plus [5] s1[SuperDragonGem]s2[SuperFuryGem]
2025-08-05 00:49:18 - [Item]Trojan[Test] update [1359999]490339 plus [4] s1[SuperDragonGem]s2[SuperFuryGem]
2025-08-05 00:49:40 - [Item]Trojan[Test] update [1420271]150249 plus [4] s1[NoSocket]s2[NoSocket]
2025-08-05 00:49:40 - [Item]Trojan[Test] update [1359992]420339 plus [5] s1[SuperDragonGem]s2[SuperFuryGem]
2025-08-05 00:49:40 - [Item]Trojan[Test] update [1359999]490339 plus [4] s1[SuperDragonGem]s2[SuperFuryGem]
2025-08-05 00:49:58 - [Item]Trojan[Test] update [1420271]150249 plus [4] s1[NoSocket]s2[NoSocket]
2025-08-05 00:49:58 - [Item]Trojan[Test] update [1359992]420339 plus [5] s1[SuperDragonGem]s2[SuperFuryGem]
2025-08-05 00:49:58 - [Item]Trojan[Test] update [1359999]490339 plus [4] s1[SuperDragonGem]s2[SuperFuryGem]
2025-08-05 00:49:59 - [Item]Trojan[Test] update [1420271]150249 plus [4] s1[NoSocket]s2[NoSocket]
2025-08-05 00:49:59 - [Item]Trojan[Test] update [1359992]420339 plus [5] s1[SuperDragonGem]s2[SuperFuryGem]
2025-08-05 00:49:59 - [Item]Trojan[Test] update [1359999]490339 plus [4] s1[SuperDragonGem]s2[SuperFuryGem]
2025-08-05 01:01:21 - [Item]Trojan[Test] update [1420271]150249 plus [4] s1[NoSocket]s2[NoSocket]
2025-08-05 01:01:21 - [Item]Trojan[Test] update [1359992]420339 plus [5] s1[SuperDragonGem]s2[SuperFuryGem]
2025-08-05 01:01:21 - [Item]Trojan[Test] update [1359999]490339 plus [4] s1[SuperDragonGem]s2[SuperFuryGem]
2025-08-05 01:01:26 - [Item]Trojan[Test] update [1420271]150249 plus [4] s1[NoSocket]s2[NoSocket]
2025-08-05 01:01:26 - [Item]Trojan[Test] update [1359992]420339 plus [5] s1[SuperDragonGem]s2[SuperFuryGem]
2025-08-05 01:01:26 - [Item]Trojan[Test] update [1359999]490339 plus [4] s1[SuperDragonGem]s2[SuperFuryGem]
2025-08-05 01:03:07 - [Item]DSConquer[PM] update [1359897]420339 plus [6] s1[SuperDragonGem]s2[SuperDragonGem]
2025-08-05 01:03:07 - [Item]DSConquer[PM] update [1359898]480339 plus [6] s1[SuperDragonGem]s2[SuperDragonGem]
2025-08-05 01:26:09 - [Item]DSConquer[PM] update [1359897]420339 plus [6] s1[SuperDragonGem]s2[SuperDragonGem]
2025-08-05 01:26:09 - [Item]DSConquer[PM] update [1359898]480339 plus [6] s1[SuperDragonGem]s2[SuperDragonGem]
2025-08-05 01:26:28 - [Item]DSConquer[PM] update [1359897]420339 plus [6] s1[SuperDragonGem]s2[SuperDragonGem]
2025-08-05 01:26:28 - [Item]DSConquer[PM] update [1359898]480339 plus [6] s1[SuperDragonGem]s2[SuperDragonGem]
2025-08-05 01:26:32 - [Item]DSConquer[PM] update [1359897]420339 plus [6] s1[SuperDragonGem]s2[SuperDragonGem]
2025-08-05 01:26:32 - [Item]DSConquer[PM] update [1359898]480339 plus [6] s1[SuperDragonGem]s2[SuperDragonGem]
2025-08-05 01:26:54 - [Item]DSConquer[PM] update [1359897]420339 plus [6] s1[SuperDragonGem]s2[SuperDragonGem]
2025-08-05 01:26:54 - [Item]DSConquer[PM] update [1359898]480339 plus [6] s1[SuperDragonGem]s2[SuperDragonGem]
2025-08-05 01:27:02 - [Item]DSConquer[PM] update [1359897]420339 plus [6] s1[SuperDragonGem]s2[SuperDragonGem]
2025-08-05 01:27:02 - [Item]DSConquer[PM] update [1359898]480339 plus [6] s1[SuperDragonGem]s2[SuperDragonGem]
2025-08-05 01:27:30 - [Item]DSConquer[PM] update [1359897]420339 plus [6] s1[SuperDragonGem]s2[SuperDragonGem]
2025-08-05 01:27:30 - [Item]DSConquer[PM] update [1359898]480339 plus [6] s1[SuperDragonGem]s2[SuperDragonGem]
2025-08-05 01:28:06 - [Item]DSConquer[PM] update [1359897]420339 plus [6] s1[SuperDragonGem]s2[SuperDragonGem]
2025-08-05 01:28:06 - [Item]DSConquer[PM] update [1359898]480339 plus [6] s1[SuperDragonGem]s2[SuperDragonGem]
2025-08-05 01:28:37 - [Item]DSConquer[PM] update [1881514]181395 plus [0] s1[NoSocket]s2[NoSocket]
2025-08-05 01:29:56 - [Item]Trojan[Test] update [1360160]150249 plus [12] s1[SuperDragonGem]s2[SuperDragonGem]
2025-08-05 01:29:56 - [Item]Trojan[Test] update [1360163]420339 plus [12] s1[SuperDragonGem]s2[SuperDragonGem]
2025-08-05 01:29:56 - [Item]Trojan[Test] update [1360164]480339 plus [12] s1[SuperDragonGem]s2[SuperDragonGem]
2025-08-05 01:29:57 - [Item]Trojan[Test] update [1360160]150249 plus [12] s1[SuperDragonGem]s2[SuperDragonGem]
2025-08-05 01:29:57 - [Item]Trojan[Test] update [1360163]420339 plus [12] s1[SuperDragonGem]s2[SuperDragonGem]
2025-08-05 01:29:57 - [Item]Trojan[Test] update [1360164]480339 plus [12] s1[SuperDragonGem]s2[SuperDragonGem]
2025-08-05 01:30:58 - [Item]Trojan[Test] update [1360160]150249 plus [12] s1[SuperDragonGem]s2[SuperDragonGem]
2025-08-05 01:30:58 - [Item]Trojan[Test] update [1360163]420339 plus [12] s1[SuperDragonGem]s2[SuperDragonGem]
2025-08-05 01:30:58 - [Item]Trojan[Test] update [1360164]480339 plus [12] s1[SuperDragonGem]s2[SuperDragonGem]
2025-08-05 01:31:11 - [Item]Trojan[Test] update [1360160]150249 plus [12] s1[SuperDragonGem]s2[SuperDragonGem]
2025-08-05 01:31:11 - [Item]Trojan[Test] update [1360163]420339 plus [12] s1[SuperDragonGem]s2[SuperDragonGem]
2025-08-05 01:31:11 - [Item]Trojan[Test] update [1360164]480339 plus [12] s1[SuperDragonGem]s2[SuperDragonGem]
2025-08-05 01:31:29 - [Item]Trojan[Test] update [1360160]150249 plus [12] s1[SuperDragonGem]s2[SuperDragonGem]
2025-08-05 01:31:29 - [Item]Trojan[Test] update [1360163]420339 plus [12] s1[SuperDragonGem]s2[SuperDragonGem]
2025-08-05 01:31:29 - [Item]Trojan[Test] update [1360164]480339 plus [12] s1[SuperDragonGem]s2[SuperDragonGem]
2025-08-05 01:31:37 - [Item]Trojan[Test] update [1360160]150249 plus [12] s1[SuperDragonGem]s2[SuperDragonGem]
2025-08-05 01:31:37 - [Item]Trojan[Test] update [1360163]420339 plus [12] s1[SuperDragonGem]s2[SuperDragonGem]
2025-08-05 01:31:37 - [Item]Trojan[Test] update [1360164]480339 plus [12] s1[SuperDragonGem]s2[SuperDragonGem]
2025-08-05 01:31:48 - [Item]Trojan[Test] update [1360160]150249 plus [12] s1[SuperDragonGem]s2[SuperDragonGem]
2025-08-05 01:31:48 - [Item]Trojan[Test] update [1360163]420339 plus [12] s1[SuperDragonGem]s2[SuperDragonGem]
2025-08-05 01:31:48 - [Item]Trojan[Test] update [1360164]480339 plus [12] s1[SuperDragonGem]s2[SuperDragonGem]
2025-08-05 01:31:51 - [Item]Trojan[Test] update [1360160]150249 plus [12] s1[SuperDragonGem]s2[SuperDragonGem]
2025-08-05 01:31:51 - [Item]Trojan[Test] update [1360163]420339 plus [12] s1[SuperDragonGem]s2[SuperDragonGem]
2025-08-05 01:31:51 - [Item]Trojan[Test] update [1360164]480339 plus [12] s1[SuperDragonGem]s2[SuperDragonGem]
2025-08-05 01:32:16 - [Item]Trojan[Test] update [1360160]150249 plus [12] s1[SuperDragonGem]s2[SuperDragonGem]
2025-08-05 01:32:16 - [Item]Trojan[Test] update [1360163]420339 plus [12] s1[SuperDragonGem]s2[SuperDragonGem]
2025-08-05 01:32:16 - [Item]Trojan[Test] update [1360164]480339 plus [12] s1[SuperDragonGem]s2[SuperDragonGem]
2025-08-05 01:32:20 - [Item]Trojan[Test] update [1360160]150249 plus [12] s1[SuperDragonGem]s2[SuperDragonGem]
2025-08-05 01:32:20 - [Item]Trojan[Test] update [1360163]420339 plus [12] s1[SuperDragonGem]s2[SuperDragonGem]
2025-08-05 01:32:20 - [Item]Trojan[Test] update [1360164]480339 plus [12] s1[SuperDragonGem]s2[SuperDragonGem]
2025-08-05 01:32:33 - [Item]Trojan[Test] update [1360160]150249 plus [12] s1[SuperDragonGem]s2[SuperDragonGem]
2025-08-05 01:32:33 - [Item]Trojan[Test] update [1360163]420339 plus [12] s1[SuperDragonGem]s2[SuperDragonGem]
2025-08-05 01:32:33 - [Item]Trojan[Test] update [1360164]480339 plus [12] s1[SuperDragonGem]s2[SuperDragonGem]
2025-08-05 01:33:30 - [Item]Trojan[Test] update [1360160]150249 plus [12] s1[SuperDragonGem]s2[SuperDragonGem]
2025-08-05 01:33:30 - [Item]Trojan[Test] update [1360163]420339 plus [12] s1[SuperDragonGem]s2[SuperDragonGem]
2025-08-05 01:33:30 - [Item]Trojan[Test] update [1360164]480339 plus [12] s1[SuperDragonGem]s2[SuperDragonGem]
2025-08-05 01:33:39 - [Item]Trojan[Test] update [1360160]150249 plus [12] s1[SuperDragonGem]s2[SuperDragonGem]
2025-08-05 01:33:39 - [Item]Trojan[Test] update [1360163]420339 plus [12] s1[SuperDragonGem]s2[SuperDragonGem]
2025-08-05 01:33:39 - [Item]Trojan[Test] update [1360164]480339 plus [12] s1[SuperDragonGem]s2[SuperDragonGem]
2025-08-05 01:34:02 - [Item]Trojan[Test] update [1360160]150249 plus [12] s1[SuperDragonGem]s2[SuperDragonGem]
2025-08-05 01:34:02 - [Item]Trojan[Test] update [1360163]420339 plus [12] s1[SuperDragonGem]s2[SuperDragonGem]
2025-08-05 01:34:02 - [Item]Trojan[Test] update [1360164]480339 plus [12] s1[SuperDragonGem]s2[SuperDragonGem]
2025-08-05 01:34:19 - [Item]Trojan[Test] update [1360160]150249 plus [12] s1[SuperDragonGem]s2[SuperDragonGem]
2025-08-05 01:34:19 - [Item]Trojan[Test] update [1360163]420339 plus [12] s1[SuperDragonGem]s2[SuperDragonGem]
2025-08-05 01:34:19 - [Item]Trojan[Test] update [1360164]480339 plus [12] s1[SuperDragonGem]s2[SuperDragonGem]
2025-08-05 01:34:23 - [Item]Trojan[Test] update [1360160]150249 plus [12] s1[SuperDragonGem]s2[SuperDragonGem]
2025-08-05 01:34:23 - [Item]Trojan[Test] update [1360163]420339 plus [12] s1[SuperDragonGem]s2[SuperDragonGem]
2025-08-05 01:34:23 - [Item]Trojan[Test] update [1360164]480339 plus [12] s1[SuperDragonGem]s2[SuperDragonGem]
2025-08-05 01:34:26 - [Item]Trojan[Test] update [1360160]150249 plus [12] s1[SuperDragonGem]s2[SuperDragonGem]
2025-08-05 01:34:26 - [Item]Trojan[Test] update [1360163]420339 plus [12] s1[SuperDragonGem]s2[SuperDragonGem]
2025-08-05 01:34:26 - [Item]Trojan[Test] update [1360164]480339 plus [12] s1[SuperDragonGem]s2[SuperDragonGem]
2025-08-05 01:34:40 - [Item]Trojan[Test] update [1360160]150249 plus [12] s1[SuperDragonGem]s2[SuperDragonGem]
2025-08-05 01:34:40 - [Item]Trojan[Test] update [1360163]420339 plus [12] s1[SuperDragonGem]s2[SuperDragonGem]
2025-08-05 01:34:40 - [Item]Trojan[Test] update [1360164]480339 plus [12] s1[SuperDragonGem]s2[SuperDragonGem]
2025-08-05 01:39:35 - [Item]Trojan[Test] update [1360160]150249 plus [12] s1[SuperDragonGem]s2[SuperDragonGem]
2025-08-05 01:39:35 - [Item]Trojan[Test] update [1360163]420339 plus [12] s1[SuperDragonGem]s2[SuperDragonGem]
2025-08-05 01:39:35 - [Item]Trojan[Test] update [1360164]480339 plus [12] s1[SuperDragonGem]s2[SuperDragonGem]
2025-08-05 01:39:59 - [Item]Archer[Test] update [1360034]500329 plus [4] s1[SuperFuryGem]s2[SuperFuryGem]
2025-08-05 01:39:59 - [Item]Archer[Test] update [1360036]150249 plus [4] s1[NoSocket]s2[NoSocket]
2025-08-05 01:40:00 - [Item]Archer[Test] update [1360034]500329 plus [4] s1[SuperFuryGem]s2[SuperFuryGem]
2025-08-05 01:40:00 - [Item]Archer[Test] update [1360036]150249 plus [4] s1[NoSocket]s2[NoSocket]
2025-08-05 01:40:01 - [Item]Trojan[Test] update [1360160]150249 plus [12] s1[SuperDragonGem]s2[SuperDragonGem]
2025-08-05 01:40:01 - [Item]Trojan[Test] update [1360163]420339 plus [12] s1[SuperDragonGem]s2[SuperDragonGem]
2025-08-05 01:40:01 - [Item]Trojan[Test] update [1360164]480339 plus [12] s1[SuperDragonGem]s2[SuperDragonGem]
2025-08-05 01:40:17 - [Item]Trojan[Test] update [1360160]150249 plus [12] s1[SuperDragonGem]s2[SuperDragonGem]
2025-08-05 01:40:17 - [Item]Trojan[Test] update [1360163]420339 plus [12] s1[SuperDragonGem]s2[SuperDragonGem]
2025-08-05 01:40:17 - [Item]Trojan[Test] update [1360164]480339 plus [12] s1[SuperDragonGem]s2[SuperDragonGem]
2025-08-05 01:40:19 - [Item]Archer[Test] update [1360034]500329 plus [4] s1[SuperFuryGem]s2[SuperFuryGem]
2025-08-05 01:40:19 - [Item]Archer[Test] update [1360036]150249 plus [4] s1[NoSocket]s2[NoSocket]
2025-08-05 01:40:20 - [Item]Archer[Test] update [1360034]500329 plus [4] s1[SuperFuryGem]s2[SuperFuryGem]
2025-08-05 01:40:20 - [Item]Archer[Test] update [1360036]150249 plus [4] s1[NoSocket]s2[NoSocket]
2025-08-05 01:40:39 - [Item]Trojan[Test] update [1360160]150249 plus [12] s1[SuperDragonGem]s2[SuperDragonGem]
2025-08-05 01:40:39 - [Item]Trojan[Test] update [1360163]420339 plus [12] s1[SuperDragonGem]s2[SuperDragonGem]
2025-08-05 01:40:39 - [Item]Trojan[Test] update [1360164]480339 plus [12] s1[SuperDragonGem]s2[SuperDragonGem]
2025-08-05 01:41:04 - [Item]Archer[Test] update [1360034]500329 plus [4] s1[SuperFuryGem]s2[SuperFuryGem]
2025-08-05 01:41:04 - [Item]Archer[Test] update [1360036]150249 plus [4] s1[NoSocket]s2[NoSocket]
2025-08-05 01:41:05 - [Item]Archer[Test] update [1360034]500329 plus [4] s1[SuperFuryGem]s2[SuperFuryGem]
2025-08-05 01:41:05 - [Item]Archer[Test] update [1360036]150249 plus [4] s1[NoSocket]s2[NoSocket]
2025-08-05 01:41:23 - [Item]Archer[Test] update [1360034]500329 plus [4] s1[SuperFuryGem]s2[SuperFuryGem]
2025-08-05 01:41:23 - [Item]Archer[Test] update [1360036]150249 plus [4] s1[NoSocket]s2[NoSocket]
2025-08-05 01:45:20 - [Item]Trojan[Test] update [1360160]150249 plus [12] s1[SuperDragonGem]s2[SuperDragonGem]
2025-08-05 01:45:20 - [Item]Trojan[Test] update [1360163]420339 plus [12] s1[SuperDragonGem]s2[SuperDragonGem]
2025-08-05 01:45:20 - [Item]Trojan[Test] update [1360164]480339 plus [12] s1[SuperDragonGem]s2[SuperDragonGem]
2025-08-05 01:45:28 - [Item]Trojan[Test] update [1360160]150249 plus [12] s1[SuperDragonGem]s2[SuperDragonGem]
2025-08-05 01:45:28 - [Item]Trojan[Test] update [1360163]420339 plus [12] s1[SuperDragonGem]s2[SuperDragonGem]
2025-08-05 01:45:28 - [Item]Trojan[Test] update [1360164]480339 plus [12] s1[SuperDragonGem]s2[SuperDragonGem]
2025-08-05 01:45:40 - [Item]Trojan[Test] update [1360160]150249 plus [12] s1[SuperDragonGem]s2[SuperDragonGem]
2025-08-05 01:45:40 - [Item]Trojan[Test] update [1360163]420339 plus [12] s1[SuperDragonGem]s2[SuperDragonGem]
2025-08-05 01:45:40 - [Item]Trojan[Test] update [1360164]480339 plus [12] s1[SuperDragonGem]s2[SuperDragonGem]
2025-08-05 01:45:46 - [Item]Archer[Test] update [1360034]500329 plus [4] s1[SuperFuryGem]s2[SuperFuryGem]
2025-08-05 01:45:46 - [Item]Archer[Test] update [1360036]150249 plus [4] s1[NoSocket]s2[NoSocket]
2025-08-05 01:45:49 - [Item]Trojan[Test] update [1360160]150249 plus [12] s1[SuperDragonGem]s2[SuperDragonGem]
2025-08-05 01:45:49 - [Item]Trojan[Test] update [1360163]420339 plus [12] s1[SuperDragonGem]s2[SuperDragonGem]
2025-08-05 01:45:49 - [Item]Trojan[Test] update [1360164]480339 plus [12] s1[SuperDragonGem]s2[SuperDragonGem]
2025-08-05 01:45:58 - [Item]Trojan[Test] update [1360160]150249 plus [12] s1[SuperDragonGem]s2[SuperDragonGem]
2025-08-05 01:45:58 - [Item]Trojan[Test] update [1360163]420339 plus [12] s1[SuperDragonGem]s2[SuperDragonGem]
2025-08-05 01:45:58 - [Item]Trojan[Test] update [1360164]480339 plus [12] s1[SuperDragonGem]s2[SuperDragonGem]
2025-08-05 01:46:08 - [Item]Trojan[Test] update [1360160]150249 plus [12] s1[SuperDragonGem]s2[SuperDragonGem]
2025-08-05 01:46:08 - [Item]Trojan[Test] update [1360163]420339 plus [12] s1[SuperDragonGem]s2[SuperDragonGem]
2025-08-05 01:46:08 - [Item]Trojan[Test] update [1360164]480339 plus [12] s1[SuperDragonGem]s2[SuperDragonGem]
2025-08-05 01:46:30 - [Item]Archer[Test] update [1360034]500329 plus [4] s1[SuperFuryGem]s2[SuperFuryGem]
2025-08-05 01:46:30 - [Item]Archer[Test] update [1360036]150249 plus [4] s1[NoSocket]s2[NoSocket]
2025-08-05 01:46:37 - [Item]Trojan[Test] update [1360160]150249 plus [12] s1[SuperDragonGem]s2[SuperDragonGem]
2025-08-05 01:46:37 - [Item]Trojan[Test] update [1360163]420339 plus [12] s1[SuperDragonGem]s2[SuperDragonGem]
2025-08-05 01:46:37 - [Item]Trojan[Test] update [1360164]480339 plus [12] s1[SuperDragonGem]s2[SuperDragonGem]
2025-08-05 01:46:39 - [Item]Trojan[Test] update [1360160]150249 plus [12] s1[SuperDragonGem]s2[SuperDragonGem]
2025-08-05 01:46:39 - [Item]Trojan[Test] update [1360163]420339 plus [12] s1[SuperDragonGem]s2[SuperDragonGem]
2025-08-05 01:46:39 - [Item]Trojan[Test] update [1360164]480339 plus [12] s1[SuperDragonGem]s2[SuperDragonGem]
2025-08-05 01:46:46 - [Item]Archer[Test] update [1360034]500329 plus [4] s1[SuperFuryGem]s2[SuperFuryGem]
2025-08-05 01:46:46 - [Item]Archer[Test] update [1360036]150249 plus [4] s1[NoSocket]s2[NoSocket]
2025-08-05 01:46:50 - [Item]Archer[Test] update [1360034]500329 plus [4] s1[SuperFuryGem]s2[SuperFuryGem]
2025-08-05 01:46:50 - [Item]Archer[Test] update [1360036]150249 plus [4] s1[NoSocket]s2[NoSocket]
2025-08-05 01:46:59 - [Item]Archer[Test] update [1360034]500329 plus [4] s1[SuperFuryGem]s2[SuperFuryGem]
2025-08-05 01:46:59 - [Item]Archer[Test] update [1360036]150249 plus [4] s1[NoSocket]s2[NoSocket]
2025-08-05 01:47:34 - [Item]Trojan[Test] update [1360160]150249 plus [12] s1[SuperDragonGem]s2[SuperDragonGem]
2025-08-05 01:47:34 - [Item]Trojan[Test] update [1360163]420339 plus [12] s1[SuperDragonGem]s2[SuperDragonGem]
2025-08-05 01:47:34 - [Item]Trojan[Test] update [1360164]480339 plus [12] s1[SuperDragonGem]s2[SuperDragonGem]
2025-08-05 01:47:36 - [Item]Trojan[Test] update [1360160]150249 plus [12] s1[SuperDragonGem]s2[SuperDragonGem]
2025-08-05 01:47:36 - [Item]Trojan[Test] update [1360163]420339 plus [12] s1[SuperDragonGem]s2[SuperDragonGem]
2025-08-05 01:47:36 - [Item]Trojan[Test] update [1360164]480339 plus [12] s1[SuperDragonGem]s2[SuperDragonGem]
2025-08-05 01:47:56 - [Item]Archer[Test] update [1360034]500329 plus [4] s1[SuperFuryGem]s2[SuperFuryGem]
2025-08-05 01:47:56 - [Item]Archer[Test] update [1360036]150249 plus [4] s1[NoSocket]s2[NoSocket]
2025-08-05 01:48:04 - [Item]Archer[Test] update [1360034]500329 plus [4] s1[SuperFuryGem]s2[SuperFuryGem]
2025-08-05 01:48:04 - [Item]Archer[Test] update [1360036]150249 plus [4] s1[NoSocket]s2[NoSocket]
2025-08-05 01:48:15 - [Item]Archer[Test] update [1360034]500329 plus [4] s1[SuperFuryGem]s2[SuperFuryGem]
2025-08-05 01:48:15 - [Item]Archer[Test] update [1360036]150249 plus [4] s1[NoSocket]s2[NoSocket]
2025-08-05 01:48:35 - [Item]Archer[Test] update [1360034]500329 plus [4] s1[SuperFuryGem]s2[SuperFuryGem]
2025-08-05 01:48:35 - [Item]Archer[Test] update [1360036]150249 plus [4] s1[NoSocket]s2[NoSocket]
2025-08-05 01:48:41 - [Item]Fire[TEST] update [1359964]152259 plus [5] s1[NoSocket]s2[NoSocket]
2025-08-05 01:48:42 - [Item]Fire[TEST] update [1359965]160249 plus [5] s1[NoSocket]s2[NoSocket]
2025-08-05 01:48:42 - [Item]Fire[TEST] update [1359961]134109 plus [5] s1[SuperPhoenixGem]s2[NoSocket]
2025-08-05 01:48:44 - [Item]Fire[TEST] update [1556478]421339 plus [5] s1[SuperPhoenixGem]s2[SuperPhoenixGem]
2025-08-05 01:48:53 - [Item]Fire[TEST] update [1359957]121249 plus [5] s1[SuperPhoenixGem]s2[NoSocket]
2025-08-05 01:50:11 - [Item]Fire[TEST] update [1359958]152259 plus [5] s1[SuperPhoenixGem]s2[NoSocket]
2025-08-05 01:50:11 - [Item]Fire[TEST] update [1556478]421339 plus [5] s1[SuperPhoenixGem]s2[SuperPhoenixGem]
2025-08-05 01:50:40 - [Item]Archer[Test] update [1360034]500329 plus [4] s1[SuperFuryGem]s2[SuperFuryGem]
2025-08-05 01:50:40 - [Item]Archer[Test] update [1360036]150249 plus [4] s1[NoSocket]s2[NoSocket]
2025-08-05 01:50:42 - [Item]Fire[TEST] update [1359958]152259 plus [5] s1[SuperPhoenixGem]s2[NoSocket]
2025-08-05 01:50:42 - [Item]Fire[TEST] update [1556478]421339 plus [5] s1[SuperPhoenixGem]s2[SuperPhoenixGem]
2025-08-05 01:50:54 - [Item]Archer[Test] update [1360034]500329 plus [4] s1[SuperFuryGem]s2[SuperFuryGem]
2025-08-05 01:50:54 - [Item]Archer[Test] update [1360036]150249 plus [4] s1[NoSocket]s2[NoSocket]
2025-08-05 01:51:05 - [Item]Archer[Test] update [1360034]500329 plus [4] s1[SuperFuryGem]s2[SuperFuryGem]
2025-08-05 01:51:05 - [Item]Archer[Test] update [1360036]150249 plus [4] s1[NoSocket]s2[NoSocket]
2025-08-05 01:51:45 - [Item]Archer[Test] update [1360034]500329 plus [4] s1[SuperFuryGem]s2[SuperFuryGem]
2025-08-05 01:51:45 - [Item]Archer[Test] update [1360036]150249 plus [4] s1[NoSocket]s2[NoSocket]
2025-08-05 01:51:45 - [Item]Archer[Test] update [1360034]500329 plus [4] s1[SuperFuryGem]s2[SuperFuryGem]
2025-08-05 01:51:45 - [Item]Archer[Test] update [1360036]150249 plus [4] s1[NoSocket]s2[NoSocket]
2025-08-05 01:51:56 - [Item]Archer[Test] update [1360034]500329 plus [4] s1[SuperFuryGem]s2[SuperFuryGem]
2025-08-05 01:51:56 - [Item]Archer[Test] update [1360036]150249 plus [4] s1[NoSocket]s2[NoSocket]
2025-08-05 01:52:38 - [Item]Archer[Test] update [1360034]500329 plus [4] s1[SuperFuryGem]s2[SuperFuryGem]
2025-08-05 01:52:38 - [Item]Archer[Test] update [1360036]150249 plus [4] s1[NoSocket]s2[NoSocket]
2025-08-05 01:53:17 - [Item]Archer[Test] update [1360034]500329 plus [4] s1[SuperFuryGem]s2[SuperFuryGem]
2025-08-05 01:53:17 - [Item]Archer[Test] update [1360036]150249 plus [4] s1[NoSocket]s2[NoSocket]
2025-08-05 01:53:25 - [Item]Archer[Test] update [1360034]500329 plus [4] s1[SuperFuryGem]s2[SuperFuryGem]
2025-08-05 01:53:25 - [Item]Archer[Test] update [1360036]150249 plus [4] s1[NoSocket]s2[NoSocket]
2025-08-05 01:53:30 - [Item]Archer[Test] update [1360034]500329 plus [4] s1[SuperFuryGem]s2[SuperFuryGem]
2025-08-05 01:53:30 - [Item]Archer[Test] update [1360036]150249 plus [4] s1[NoSocket]s2[NoSocket]
2025-08-05 21:22:19 - [Item]DSConquer[PM] update [1359895]160249 plus [6] s1[SuperDragonGem]s2[SuperDragonGem]
2025-08-05 21:22:19 - [Item]DSConquer[PM] update [1359899]130109 plus [6] s1[SuperDragonGem]s2[SuperDragonGem]
2025-08-05 21:22:19 - [Item]DSConquer[PM] update [1359900]118109 plus [6] s1[SuperDragonGem]s2[SuperDragonGem]
2025-08-05 21:26:00 - [Item]DSConquer[PM] update [1359895]160249 plus [6] s1[SuperDragonGem]s2[SuperDragonGem]
2025-08-05 21:26:00 - [Item]DSConquer[PM] update [1359899]130109 plus [6] s1[SuperDragonGem]s2[SuperDragonGem]
2025-08-05 21:26:00 - [Item]DSConquer[PM] update [1359900]118109 plus [6] s1[SuperDragonGem]s2[SuperDragonGem]
2025-08-05 21:45:40 - [Item]DSConquer[PM] update [1359897]420339 plus [6] s1[SuperDragonGem]s2[SuperDragonGem]
2025-08-05 21:45:40 - [Item]DSConquer[PM] update [1359898]480339 plus [6] s1[SuperDragonGem]s2[SuperDragonGem]
2025-08-05 21:45:58 - [Item]DSConquer[PM] update [1359897]420339 plus [6] s1[SuperDragonGem]s2[SuperDragonGem]
2025-08-05 21:45:58 - [Item]DSConquer[PM] update [1359898]480339 plus [6] s1[SuperDragonGem]s2[SuperDragonGem]
2025-08-05 21:46:17 - [Item]DSConquer[PM] update [1359897]420339 plus [6] s1[SuperDragonGem]s2[SuperDragonGem]
2025-08-05 21:46:17 - [Item]DSConquer[PM] update [1359898]480339 plus [6] s1[SuperDragonGem]s2[SuperDragonGem]
2025-08-05 21:46:23 - [Item]DSConquer[PM] update [1359897]420339 plus [6] s1[SuperDragonGem]s2[SuperDragonGem]
2025-08-05 21:46:23 - [Item]DSConquer[PM] update [1359898]480339 plus [6] s1[SuperDragonGem]s2[SuperDragonGem]
2025-08-05 21:46:28 - [Item]DSConquer[PM] update [1359897]420339 plus [6] s1[SuperDragonGem]s2[SuperDragonGem]
2025-08-05 21:46:28 - [Item]DSConquer[PM] update [1359898]480339 plus [6] s1[SuperDragonGem]s2[SuperDragonGem]
2025-08-05 21:46:35 - [Item]DSConquer[PM] update [1359897]420339 plus [6] s1[SuperDragonGem]s2[SuperDragonGem]
2025-08-05 21:46:35 - [Item]DSConquer[PM] update [1359898]480339 plus [6] s1[SuperDragonGem]s2[SuperDragonGem]
2025-08-05 21:46:58 - [Item]DSConquer[PM] update [1359897]420339 plus [6] s1[SuperDragonGem]s2[SuperDragonGem]
2025-08-05 21:46:58 - [Item]DSConquer[PM] update [1359898]480339 plus [6] s1[SuperDragonGem]s2[SuperDragonGem]
2025-08-05 21:46:59 - [Item]DSConquer[PM] update [1359897]420339 plus [6] s1[SuperDragonGem]s2[SuperDragonGem]
2025-08-05 21:46:59 - [Item]DSConquer[PM] update [1359898]480339 plus [6] s1[SuperDragonGem]s2[SuperDragonGem]
2025-08-05 21:49:03 - [Item]DSConquer[PM] update [1359897]420339 plus [6] s1[SuperDragonGem]s2[SuperDragonGem]
2025-08-05 21:49:03 - [Item]DSConquer[PM] update [1359898]480339 plus [6] s1[SuperDragonGem]s2[SuperDragonGem]
2025-08-05 21:49:07 - [Item]DSConquer[PM] update [1359897]420339 plus [6] s1[SuperDragonGem]s2[SuperDragonGem]
2025-08-05 21:49:07 - [Item]DSConquer[PM] update [1359898]480339 plus [6] s1[SuperDragonGem]s2[SuperDragonGem]
2025-08-05 21:49:59 - [Item]DSConquer[PM] update [1359897]420339 plus [6] s1[SuperDragonGem]s2[SuperDragonGem]
2025-08-05 21:49:59 - [Item]DSConquer[PM] update [1359898]480339 plus [6] s1[SuperDragonGem]s2[SuperDragonGem]
2025-08-05 21:51:08 - [Item]DSConquer[PM] update [1359897]420339 plus [6] s1[SuperDragonGem]s2[SuperDragonGem]
2025-08-05 21:51:08 - [Item]DSConquer[PM] update [1359898]480339 plus [6] s1[SuperDragonGem]s2[SuperDragonGem]
2025-08-05 21:51:23 - [Item]DSConquer[PM] update [1359897]420339 plus [6] s1[SuperDragonGem]s2[SuperDragonGem]
2025-08-05 21:51:23 - [Item]DSConquer[PM] update [1359898]480339 plus [6] s1[SuperDragonGem]s2[SuperDragonGem]
2025-08-05 21:51:46 - [Item]DSConquer[PM] update [1359897]420339 plus [6] s1[SuperDragonGem]s2[SuperDragonGem]
2025-08-05 21:51:46 - [Item]DSConquer[PM] update [1359898]480339 plus [6] s1[SuperDragonGem]s2[SuperDragonGem]
