2025-08-01 19:22:18 - [Item]DSConquer[PM] update [1359803]500329 plus [5] s1[SuperDragonGem]s2[EmptySocket]
2025-08-01 19:22:20 - [Item]DSConquer[PM] update [1359803]500329 plus [5] s1[EmptySocket]s2[EmptySocket]
2025-08-01 19:22:24 - [Item]DSConquer[PM] update [1359803]500329 plus [5] s1[SuperFuryGem]s2[EmptySocket]
2025-08-01 19:22:24 - [Item]DSConquer[PM] update [1359803]500329 plus [5] s1[SuperFuryGem]s2[SuperFuryGem]
2025-08-01 19:22:44 - [Item]DSConquer[PM] update [1359812]133109 plus [5] s1[EmptySocket]s2[NoSocket]
2025-08-01 19:22:51 - [Item]DSConquer[PM] update [1359812]133109 plus [5] s1[SuperFuryGem]s2[NoSocket]
2025-08-01 19:23:23 - [Item]DSConquer[PM] update [1359811]500329 plus [5] s1[SuperDragonGem]s2[NoSocket]
2025-08-01 19:23:41 - [Item]DSConquer[PM] update [1359817]1050002 plus [0] s1[NoSocket]s2[NoSocket]
2025-08-01 19:24:27 - [Item]DSConquer[PM] update [1359811]500329 plus [5] s1[SuperDragonGem]s2[NoSocket]
2025-08-01 19:24:27 - [Item]DSConquer[PM] update [1359816]151249 plus [4] s1[NoSocket]s2[NoSocket]
2025-08-01 19:24:28 - [Item]DSConquer[PM] update [1359811]500329 plus [5] s1[SuperDragonGem]s2[NoSocket]
2025-08-01 19:24:28 - [Item]DSConquer[PM] update [1359816]151249 plus [4] s1[NoSocket]s2[NoSocket]
2025-08-01 19:25:34 - [Item]DSConquer[PM] update [1359811]500329 plus [5] s1[SuperDragonGem]s2[NoSocket]
2025-08-01 19:25:34 - [Item]DSConquer[PM] update [1359816]151249 plus [4] s1[NoSocket]s2[NoSocket]
2025-08-01 19:25:47 - [Item]DSConquer[PM] update [1359811]500329 plus [5] s1[SuperDragonGem]s2[NoSocket]
2025-08-01 19:25:47 - [Item]DSConquer[PM] update [1359816]151249 plus [4] s1[NoSocket]s2[NoSocket]
2025-08-01 19:27:35 - [Item]DSConquer[PM] update [1359821]500329 plus [5] s1[SuperDragonGem]s2[EmptySocket]
2025-08-01 19:27:37 - [Item]DSConquer[PM] update [1359821]500329 plus [5] s1[EmptySocket]s2[EmptySocket]
2025-08-01 19:27:41 - [Item]DSConquer[PM] update [1359821]500329 plus [5] s1[SuperFuryGem]s2[EmptySocket]
2025-08-01 19:27:41 - [Item]DSConquer[PM] update [1359821]500329 plus [5] s1[SuperFuryGem]s2[SuperFuryGem]
2025-08-01 19:27:43 - [Item]DSConquer[PM] update [1359817]1050002 plus [0] s1[NoSocket]s2[NoSocket]
2025-08-01 19:29:37 - [Item]DSConquer[PM] update [1359816]151249 plus [4] s1[NoSocket]s2[NoSocket]
2025-08-01 19:29:37 - [Item]DSConquer[PM] update [1359821]500329 plus [5] s1[SuperFuryGem]s2[SuperFuryGem]
2025-08-01 19:31:33 - [Item]DSConquer[PM] update [1359816]151249 plus [4] s1[NoSocket]s2[NoSocket]
2025-08-01 19:31:33 - [Item]DSConquer[PM] update [1359821]500329 plus [5] s1[SuperFuryGem]s2[SuperFuryGem]
2025-08-01 19:32:23 - [Item]DSConquer[PM] update [1359816]151249 plus [4] s1[NoSocket]s2[NoSocket]
2025-08-01 19:32:23 - [Item]DSConquer[PM] update [1359821]500329 plus [5] s1[SuperFuryGem]s2[SuperFuryGem]
2025-08-01 19:33:01 - [Item]DSConquer[PM] update [1359816]151249 plus [4] s1[NoSocket]s2[NoSocket]
2025-08-01 19:33:01 - [Item]DSConquer[PM] update [1359821]500329 plus [5] s1[SuperFuryGem]s2[SuperFuryGem]
2025-08-01 19:33:02 - [Item]DSConquer[PM] update [1359816]151249 plus [4] s1[NoSocket]s2[NoSocket]
2025-08-01 19:33:02 - [Item]DSConquer[PM] update [1359821]500329 plus [5] s1[SuperFuryGem]s2[SuperFuryGem]
2025-08-01 19:33:05 - [Item]DSConquer[PM] update [1359816]151249 plus [4] s1[NoSocket]s2[NoSocket]
2025-08-01 19:33:05 - [Item]DSConquer[PM] update [1359821]500329 plus [5] s1[SuperFuryGem]s2[SuperFuryGem]
2025-08-01 19:33:19 - [Item]DSConquer[PM] update [1359816]151249 plus [4] s1[NoSocket]s2[NoSocket]
2025-08-01 19:33:19 - [Item]DSConquer[PM] update [1359821]500329 plus [5] s1[SuperFuryGem]s2[SuperFuryGem]
2025-08-01 19:33:36 - [Item]DSConquer[PM] update [1359816]151249 plus [4] s1[NoSocket]s2[NoSocket]
2025-08-01 19:33:36 - [Item]DSConquer[PM] update [1359821]500329 plus [5] s1[SuperFuryGem]s2[SuperFuryGem]
2025-08-01 19:34:01 - [Item]DSConquer[PM] update [1359821]500329 plus [5] s1[SuperFuryGem]s2[SuperFuryGem]
2025-08-01 19:34:02 - [Item]DSConquer[PM] update [1359816]151249 plus [4] s1[NoSocket]s2[NoSocket]
2025-08-01 19:34:47 - [Item]DSConquer[PM] update [1359816]151249 plus [4] s1[NoSocket]s2[NoSocket]
2025-08-01 19:34:47 - [Item]DSConquer[PM] update [1359821]500329 plus [5] s1[SuperFuryGem]s2[SuperFuryGem]
2025-08-01 19:34:55 - [Item]DSConquer[PM] update [1359816]151249 plus [4] s1[NoSocket]s2[NoSocket]
2025-08-01 19:34:55 - [Item]DSConquer[PM] update [1359821]500329 plus [5] s1[SuperFuryGem]s2[SuperFuryGem]
2025-08-01 19:35:06 - [Item]DSConquer[PM] update [1359816]151249 plus [4] s1[NoSocket]s2[NoSocket]
2025-08-01 19:35:06 - [Item]DSConquer[PM] update [1359821]500329 plus [5] s1[SuperFuryGem]s2[SuperFuryGem]
2025-08-01 19:35:36 - [Item]DSConquer[PM] update [1359816]151249 plus [4] s1[NoSocket]s2[NoSocket]
2025-08-01 19:35:36 - [Item]DSConquer[PM] update [1359821]500329 plus [5] s1[SuperFuryGem]s2[SuperFuryGem]
2025-08-01 19:35:51 - [Item]DSConquer[PM] update [1359816]151249 plus [4] s1[NoSocket]s2[NoSocket]
2025-08-01 19:35:51 - [Item]DSConquer[PM] update [1359821]500329 plus [5] s1[SuperFuryGem]s2[SuperFuryGem]
2025-08-01 19:36:22 - [Item]DSConquer[PM] update [1359816]151249 plus [4] s1[NoSocket]s2[NoSocket]
2025-08-01 19:36:22 - [Item]DSConquer[PM] update [1359821]500329 plus [5] s1[SuperFuryGem]s2[SuperFuryGem]
2025-08-01 19:36:39 - [Item]DSConquer[PM] update [1359816]151249 plus [4] s1[NoSocket]s2[NoSocket]
2025-08-01 19:36:39 - [Item]DSConquer[PM] update [1359821]500329 plus [5] s1[SuperFuryGem]s2[SuperFuryGem]
2025-08-01 19:38:16 - [Item]DSConquer[PM] update [1359817]1050002 plus [0] s1[NoSocket]s2[NoSocket]
2025-08-01 19:38:23 - [Item]DSConquer[PM] update [1359826]490339 plus [4] s1[NoSocket]s2[NoSocket]
2025-08-01 19:38:27 - [Item]DSConquer[PM] update [1359826]490339 plus [4] s1[EmptySocket]s2[NoSocket]
2025-08-01 19:38:30 - [Item]DSConquer[PM] update [1359826]490339 plus [4] s1[EmptySocket]s2[EmptySocket]
2025-08-01 19:39:00 - [Item]DSConquer[PM] update [1359826]490339 plus [4] s1[SuperFuryGem]s2[EmptySocket]
2025-08-01 19:39:00 - [Item]DSConquer[PM] update [1359826]490339 plus [4] s1[SuperFuryGem]s2[SuperFuryGem]
2025-08-01 19:39:01 - [Item]DSConquer[PM] update [1359826]490339 plus [4] s1[SuperFuryGem]s2[SuperFuryGem]
2025-08-01 19:39:25 - [Item]DSConquer[PM] update [1359844]420339 plus [5] s1[SuperDragonGem]s2[EmptySocket]
2025-08-01 19:39:28 - [Item]DSConquer[PM] update [1359844]420339 plus [5] s1[EmptySocket]s2[EmptySocket]
2025-08-01 19:39:35 - [Item]DSConquer[PM] update [1359844]420339 plus [5] s1[SuperFuryGem]s2[EmptySocket]
2025-08-01 19:39:35 - [Item]DSConquer[PM] update [1359844]420339 plus [5] s1[SuperFuryGem]s2[SuperFuryGem]
2025-08-01 19:39:59 - [Item]DSConquer[PM] update [1359844]420339 plus [5] s1[SuperFuryGem]s2[SuperFuryGem]
2025-08-01 19:40:41 - [Item]DSConquer[PM] update [1359844]420339 plus [5] s1[SuperFuryGem]s2[SuperFuryGem]
2025-08-01 19:40:41 - [Item]DSConquer[PM] update [1359816]151249 plus [4] s1[NoSocket]s2[NoSocket]
2025-08-01 19:40:41 - [Item]DSConquer[PM] update [1359826]490339 plus [4] s1[SuperFuryGem]s2[SuperFuryGem]
2025-08-01 19:41:49 - [Item]DSConquer[PM] update [1359844]420339 plus [5] s1[SuperFuryGem]s2[SuperFuryGem]
2025-08-01 19:41:49 - [Item]DSConquer[PM] update [1359816]151249 plus [4] s1[NoSocket]s2[NoSocket]
2025-08-01 19:41:49 - [Item]DSConquer[PM] update [1359826]490339 plus [4] s1[SuperFuryGem]s2[SuperFuryGem]
2025-08-01 19:41:49 - [Item]DSConquer[PM] update [1359844]420339 plus [5] s1[SuperFuryGem]s2[SuperFuryGem]
2025-08-01 19:41:49 - [Item]DSConquer[PM] update [1359816]151249 plus [4] s1[NoSocket]s2[NoSocket]
2025-08-01 19:41:49 - [Item]DSConquer[PM] update [1359826]490339 plus [4] s1[SuperFuryGem]s2[SuperFuryGem]
2025-08-01 19:42:05 - [Item]DSConquer[PM] update [1359844]420339 plus [5] s1[SuperFuryGem]s2[SuperFuryGem]
2025-08-01 19:42:05 - [Item]DSConquer[PM] update [1359816]151249 plus [4] s1[NoSocket]s2[NoSocket]
2025-08-01 19:42:05 - [Item]DSConquer[PM] update [1359826]490339 plus [4] s1[SuperFuryGem]s2[SuperFuryGem]
2025-08-01 19:43:41 - [Item]DSConquer[PM] update [1359844]420339 plus [5] s1[SuperFuryGem]s2[SuperFuryGem]
2025-08-01 19:43:41 - [Item]DSConquer[PM] update [1359816]151249 plus [4] s1[NoSocket]s2[NoSocket]
2025-08-01 19:43:41 - [Item]DSConquer[PM] update [1359826]490339 plus [4] s1[SuperFuryGem]s2[SuperFuryGem]
2025-08-01 19:43:57 - [Item]DSConquer[PM] update [1359844]420339 plus [5] s1[SuperFuryGem]s2[SuperFuryGem]
2025-08-01 19:43:57 - [Item]DSConquer[PM] update [1359816]151249 plus [4] s1[NoSocket]s2[NoSocket]
2025-08-01 19:43:57 - [Item]DSConquer[PM] update [1359826]490339 plus [4] s1[SuperFuryGem]s2[SuperFuryGem]
2025-08-01 19:44:09 - [Item]DSConquer[PM] update [1359844]420339 plus [5] s1[SuperFuryGem]s2[SuperFuryGem]
2025-08-01 19:44:09 - [Item]DSConquer[PM] update [1359816]151249 plus [4] s1[NoSocket]s2[NoSocket]
2025-08-01 19:44:09 - [Item]DSConquer[PM] update [1359826]490339 plus [4] s1[SuperFuryGem]s2[SuperFuryGem]
2025-08-01 19:44:20 - [Item]DSConquer[PM] update [1359844]420339 plus [5] s1[SuperFuryGem]s2[SuperFuryGem]
2025-08-01 19:44:20 - [Item]DSConquer[PM] update [1359816]151249 plus [4] s1[NoSocket]s2[NoSocket]
2025-08-01 19:44:20 - [Item]DSConquer[PM] update [1359826]490339 plus [4] s1[SuperFuryGem]s2[SuperFuryGem]
2025-08-01 19:44:44 - [Item]DSConquer[PM] update [1359844]420339 plus [5] s1[SuperFuryGem]s2[SuperFuryGem]
2025-08-01 19:44:44 - [Item]DSConquer[PM] update [1359816]151249 plus [4] s1[NoSocket]s2[NoSocket]
2025-08-01 19:44:44 - [Item]DSConquer[PM] update [1359826]490339 plus [4] s1[SuperFuryGem]s2[SuperFuryGem]
2025-08-01 19:46:04 - [Item]DSConquer[PM] update [1359844]420339 plus [5] s1[SuperFuryGem]s2[SuperFuryGem]
2025-08-01 19:46:04 - [Item]DSConquer[PM] update [1359816]151249 plus [4] s1[NoSocket]s2[NoSocket]
2025-08-01 19:46:04 - [Item]DSConquer[PM] update [1359826]490339 plus [4] s1[SuperFuryGem]s2[SuperFuryGem]
2025-08-01 19:47:04 - [Item]DSConquer[PM] update [1359844]420339 plus [5] s1[SuperFuryGem]s2[SuperFuryGem]
2025-08-01 19:47:04 - [Item]DSConquer[PM] update [1359816]151249 plus [4] s1[NoSocket]s2[NoSocket]
2025-08-01 19:47:04 - [Item]DSConquer[PM] update [1359826]490339 plus [4] s1[SuperFuryGem]s2[SuperFuryGem]
2025-08-01 19:47:32 - [Item]DSConquer[PM] update [1359844]420339 plus [5] s1[SuperFuryGem]s2[SuperFuryGem]
2025-08-01 19:47:32 - [Item]DSConquer[PM] update [1359816]151249 plus [4] s1[NoSocket]s2[NoSocket]
2025-08-01 19:47:32 - [Item]DSConquer[PM] update [1359826]490339 plus [4] s1[SuperFuryGem]s2[SuperFuryGem]
2025-08-01 19:48:12 - [Item]DSConquer[PM] update [1359844]420339 plus [5] s1[SuperFuryGem]s2[SuperFuryGem]
2025-08-01 19:48:12 - [Item]DSConquer[PM] update [1359816]151249 plus [4] s1[NoSocket]s2[NoSocket]
2025-08-01 19:48:12 - [Item]DSConquer[PM] update [1359826]490339 plus [4] s1[SuperFuryGem]s2[SuperFuryGem]
2025-08-01 19:48:12 - [Item]DSConquer[PM] update [1359844]420339 plus [5] s1[SuperFuryGem]s2[SuperFuryGem]
2025-08-01 19:48:12 - [Item]DSConquer[PM] update [1359816]151249 plus [4] s1[NoSocket]s2[NoSocket]
2025-08-01 19:48:12 - [Item]DSConquer[PM] update [1359826]490339 plus [4] s1[SuperFuryGem]s2[SuperFuryGem]
2025-08-01 19:48:19 - [Item]DSConquer[PM] update [1359844]420339 plus [5] s1[SuperFuryGem]s2[SuperFuryGem]
2025-08-01 19:48:19 - [Item]DSConquer[PM] update [1359816]151249 plus [4] s1[NoSocket]s2[NoSocket]
2025-08-01 19:48:19 - [Item]DSConquer[PM] update [1359826]490339 plus [4] s1[SuperFuryGem]s2[SuperFuryGem]
2025-08-01 19:49:41 - [Item]DSConquer[PM] update [1359844]420339 plus [5] s1[SuperFuryGem]s2[SuperFuryGem]
2025-08-01 19:49:41 - [Item]DSConquer[PM] update [1359816]151249 plus [4] s1[NoSocket]s2[NoSocket]
2025-08-01 19:49:41 - [Item]DSConquer[PM] update [1359826]490339 plus [4] s1[SuperFuryGem]s2[SuperFuryGem]
2025-08-01 19:49:51 - [Item]DSConquer[PM] update [1359844]420339 plus [5] s1[SuperFuryGem]s2[SuperFuryGem]
2025-08-01 19:49:51 - [Item]DSConquer[PM] update [1359816]151249 plus [4] s1[NoSocket]s2[NoSocket]
2025-08-01 19:49:51 - [Item]DSConquer[PM] update [1359826]490339 plus [4] s1[SuperFuryGem]s2[SuperFuryGem]
2025-08-01 19:50:11 - [Item]DSConquer[PM] update [1359844]420339 plus [5] s1[SuperFuryGem]s2[SuperFuryGem]
2025-08-01 19:50:11 - [Item]DSConquer[PM] update [1359816]151249 plus [4] s1[NoSocket]s2[NoSocket]
2025-08-01 19:50:11 - [Item]DSConquer[PM] update [1359826]490339 plus [4] s1[SuperFuryGem]s2[SuperFuryGem]
2025-08-01 19:52:08 - [Item]DSConquer[PM] update [1359844]420339 plus [5] s1[SuperFuryGem]s2[SuperFuryGem]
2025-08-01 19:52:08 - [Item]DSConquer[PM] update [1359816]151249 plus [4] s1[NoSocket]s2[NoSocket]
2025-08-01 19:52:08 - [Item]DSConquer[PM] update [1359826]490339 plus [4] s1[SuperFuryGem]s2[SuperFuryGem]
2025-08-01 19:52:22 - [Item]DSConquer[PM] update [1359844]420339 plus [5] s1[SuperFuryGem]s2[SuperFuryGem]
2025-08-01 19:52:22 - [Item]DSConquer[PM] update [1359816]151249 plus [4] s1[NoSocket]s2[NoSocket]
2025-08-01 19:52:22 - [Item]DSConquer[PM] update [1359826]490339 plus [4] s1[SuperFuryGem]s2[SuperFuryGem]
2025-08-01 19:52:28 - [Item]DSConquer[PM] update [1359844]420339 plus [5] s1[SuperFuryGem]s2[SuperFuryGem]
2025-08-01 19:52:28 - [Item]DSConquer[PM] update [1359816]151249 plus [4] s1[NoSocket]s2[NoSocket]
2025-08-01 19:52:28 - [Item]DSConquer[PM] update [1359826]490339 plus [4] s1[SuperFuryGem]s2[SuperFuryGem]
2025-08-01 19:53:01 - [Item]DSConquer[PM] update [1359844]420339 plus [5] s1[SuperFuryGem]s2[SuperFuryGem]
2025-08-01 19:53:01 - [Item]DSConquer[PM] update [1359816]151249 plus [4] s1[NoSocket]s2[NoSocket]
2025-08-01 19:53:01 - [Item]DSConquer[PM] update [1359826]490339 plus [4] s1[SuperFuryGem]s2[SuperFuryGem]
2025-08-01 19:53:15 - [Item]DSConquer[PM] update [1359844]420339 plus [5] s1[SuperFuryGem]s2[SuperFuryGem]
2025-08-01 19:53:15 - [Item]DSConquer[PM] update [1359816]151249 plus [4] s1[NoSocket]s2[NoSocket]
2025-08-01 19:53:15 - [Item]DSConquer[PM] update [1359826]490339 plus [4] s1[SuperFuryGem]s2[SuperFuryGem]
2025-08-01 19:53:18 - [Item]DSConquer[PM] update [1359844]420339 plus [5] s1[SuperFuryGem]s2[SuperFuryGem]
2025-08-01 19:53:18 - [Item]DSConquer[PM] update [1359816]151249 plus [4] s1[NoSocket]s2[NoSocket]
2025-08-01 19:53:18 - [Item]DSConquer[PM] update [1359826]490339 plus [4] s1[SuperFuryGem]s2[SuperFuryGem]
2025-08-01 19:53:54 - [Item]DSConquer[PM] update [1359844]420339 plus [5] s1[SuperFuryGem]s2[SuperFuryGem]
2025-08-01 19:53:54 - [Item]DSConquer[PM] update [1359816]151249 plus [4] s1[NoSocket]s2[NoSocket]
2025-08-01 19:53:54 - [Item]DSConquer[PM] update [1359826]490339 plus [4] s1[SuperFuryGem]s2[SuperFuryGem]
2025-08-01 19:54:32 - [Item]DSConquer[PM] update [1359844]420339 plus [5] s1[SuperFuryGem]s2[SuperFuryGem]
2025-08-01 19:54:32 - [Item]DSConquer[PM] update [1359816]151249 plus [4] s1[NoSocket]s2[NoSocket]
2025-08-01 19:54:32 - [Item]DSConquer[PM] update [1359826]490339 plus [4] s1[SuperFuryGem]s2[SuperFuryGem]
2025-08-01 20:17:15 - [Item]DSConquer[PM] update [1359811]500329 plus [5] s1[SuperDragonGem]s2[NoSocket]
2025-08-01 20:17:23 - [Item]DSConquer[PM] update [1359850]1050002 plus [0] s1[NoSocket]s2[NoSocket]
