2025-08-02 11:19:34 - [Item]PapaMoMink update [1359853]1002050 plus [0] s1[NoSocket]s2[NoSocket]
2025-08-02 11:19:34 - [Item]PapaMoMink update [1359853]1002050 plus [0] s1[NoSocket]s2[NoSocket]
2025-08-02 11:19:34 - [Item]PapaMoMink update [1359853]1002050 plus [0] s1[NoSocket]s2[NoSocket]
2025-08-02 11:19:34 - [Item]PapaMoMink update [1359853]1002050 plus [0] s1[NoSocket]s2[NoSocket]
2025-08-02 11:19:34 - [Item]PapaMoMink update [1359854]1002050 plus [0] s1[NoSocket]s2[NoSocket]
2025-08-02 11:19:34 - [Item]PapaMoMink update [1359854]1002050 plus [0] s1[NoSocket]s2[NoSocket]
2025-08-02 11:19:34 - [Item]PapaMoMink update [1359854]1002050 plus [0] s1[NoSocket]s2[NoSocket]
2025-08-02 11:19:34 - [Item]PapaMoMink update [1359854]1002050 plus [0] s1[NoSocket]s2[NoSocket]
2025-08-02 11:19:34 - [Item]PapaMoMink update [1359855]1002050 plus [0] s1[NoSocket]s2[NoSocket]
2025-08-02 11:19:34 - [Item]PapaMoMink update [1359855]1002050 plus [0] s1[NoSocket]s2[NoSocket]
2025-08-02 11:19:34 - [Item]PapaMoMink update [1359855]1002050 plus [0] s1[NoSocket]s2[NoSocket]
2025-08-02 11:19:34 - [Item]PapaMoMink update [1359855]1002050 plus [0] s1[NoSocket]s2[NoSocket]
2025-08-02 11:19:34 - [Item]PapaMoMink update [1359856]1002050 plus [0] s1[NoSocket]s2[NoSocket]
2025-08-02 11:19:34 - [Item]PapaMoMink update [1359856]1002050 plus [0] s1[NoSocket]s2[NoSocket]
2025-08-02 11:19:34 - [Item]PapaMoMink update [1359856]1002050 plus [0] s1[NoSocket]s2[NoSocket]
2025-08-02 11:19:34 - [Item]PapaMoMink update [1359856]1002050 plus [0] s1[NoSocket]s2[NoSocket]
2025-08-02 11:19:34 - [Item]PapaMoMink update [1359857]1002050 plus [0] s1[NoSocket]s2[NoSocket]
2025-08-02 11:19:34 - [Item]PapaMoMink update [1359857]1002050 plus [0] s1[NoSocket]s2[NoSocket]
2025-08-02 11:19:34 - [Item]PapaMoMink update [1359857]1002050 plus [0] s1[NoSocket]s2[NoSocket]
2025-08-02 11:19:34 - [Item]PapaMoMink update [1359857]1002050 plus [0] s1[NoSocket]s2[NoSocket]
2025-08-02 11:19:34 - [Item]PapaMoMink update [1359858]1002050 plus [0] s1[NoSocket]s2[NoSocket]
2025-08-02 11:19:34 - [Item]PapaMoMink update [1359858]1002050 plus [0] s1[NoSocket]s2[NoSocket]
2025-08-02 11:19:34 - [Item]PapaMoMink update [1359858]1002050 plus [0] s1[NoSocket]s2[NoSocket]
2025-08-02 11:19:34 - [Item]PapaMoMink update [1359858]1002050 plus [0] s1[NoSocket]s2[NoSocket]
2025-08-02 11:19:34 - [Item]PapaMoMink update [1359859]1002050 plus [0] s1[NoSocket]s2[NoSocket]
2025-08-02 11:19:34 - [Item]PapaMoMink update [1359859]1002050 plus [0] s1[NoSocket]s2[NoSocket]
2025-08-02 11:19:34 - [Item]PapaMoMink update [1359859]1002050 plus [0] s1[NoSocket]s2[NoSocket]
2025-08-02 11:19:34 - [Item]PapaMoMink update [1359859]1002050 plus [0] s1[NoSocket]s2[NoSocket]
2025-08-02 11:19:34 - [Item]PapaMoMink update [1359860]1002050 plus [0] s1[NoSocket]s2[NoSocket]
2025-08-02 11:19:34 - [Item]PapaMoMink update [1359860]1002050 plus [0] s1[NoSocket]s2[NoSocket]
2025-08-02 11:19:34 - [Item]PapaMoMink update [1359860]1002050 plus [0] s1[NoSocket]s2[NoSocket]
2025-08-02 11:19:34 - [Item]PapaMoMink update [1359860]1002050 plus [0] s1[NoSocket]s2[NoSocket]
2025-08-02 11:19:34 - [Item]PapaMoMink update [1359861]1002050 plus [0] s1[NoSocket]s2[NoSocket]
2025-08-02 11:19:34 - [Item]PapaMoMink update [1359861]1002050 plus [0] s1[NoSocket]s2[NoSocket]
2025-08-02 11:19:34 - [Item]PapaMoMink update [1359861]1002050 plus [0] s1[NoSocket]s2[NoSocket]
2025-08-02 11:19:34 - [Item]PapaMoMink update [1359861]1002050 plus [0] s1[NoSocket]s2[NoSocket]
2025-08-02 11:19:34 - [Item]PapaMoMink update [1359862]1002050 plus [0] s1[NoSocket]s2[NoSocket]
2025-08-02 11:19:34 - [Item]PapaMoMink update [1359862]1002050 plus [0] s1[NoSocket]s2[NoSocket]
2025-08-02 11:19:34 - [Item]PapaMoMink update [1359862]1002050 plus [0] s1[NoSocket]s2[NoSocket]
2025-08-02 11:19:34 - [Item]PapaMoMink update [1359862]1002050 plus [0] s1[NoSocket]s2[NoSocket]
2025-08-02 11:19:34 - [Item]PapaMoMink update [1359863]1002050 plus [0] s1[NoSocket]s2[NoSocket]
2025-08-02 11:19:34 - [Item]PapaMoMink update [1359863]1002050 plus [0] s1[NoSocket]s2[NoSocket]
2025-08-02 11:19:34 - [Item]PapaMoMink update [1359863]1002050 plus [0] s1[NoSocket]s2[NoSocket]
2025-08-02 11:19:34 - [Item]PapaMoMink update [1359863]1002050 plus [0] s1[NoSocket]s2[NoSocket]
2025-08-02 11:19:34 - [Item]PapaMoMink update [1359864]1002050 plus [0] s1[NoSocket]s2[NoSocket]
2025-08-02 11:19:34 - [Item]PapaMoMink update [1359864]1002050 plus [0] s1[NoSocket]s2[NoSocket]
2025-08-02 11:19:34 - [Item]PapaMoMink update [1359864]1002050 plus [0] s1[NoSocket]s2[NoSocket]
2025-08-02 11:19:34 - [Item]PapaMoMink update [1359864]1002050 plus [0] s1[NoSocket]s2[NoSocket]
2025-08-02 11:19:34 - [Item]PapaMoMink update [1359865]1002050 plus [0] s1[NoSocket]s2[NoSocket]
2025-08-02 11:19:34 - [Item]PapaMoMink update [1359865]1002050 plus [0] s1[NoSocket]s2[NoSocket]
2025-08-02 11:19:34 - [Item]PapaMoMink update [1359865]1002050 plus [0] s1[NoSocket]s2[NoSocket]
2025-08-02 11:19:34 - [Item]PapaMoMink update [1359865]1002050 plus [0] s1[NoSocket]s2[NoSocket]
2025-08-02 11:19:34 - [Item]PapaMoMink update [1359866]1002050 plus [0] s1[NoSocket]s2[NoSocket]
2025-08-02 11:19:34 - [Item]PapaMoMink update [1359866]1002050 plus [0] s1[NoSocket]s2[NoSocket]
2025-08-02 11:19:34 - [Item]PapaMoMink update [1359866]1002050 plus [0] s1[NoSocket]s2[NoSocket]
2025-08-02 11:19:34 - [Item]PapaMoMink update [1359866]1002050 plus [0] s1[NoSocket]s2[NoSocket]
2025-08-02 11:19:34 - [Item]PapaMoMink update [1359867]1002050 plus [0] s1[NoSocket]s2[NoSocket]
2025-08-02 11:19:34 - [Item]PapaMoMink update [1359867]1002050 plus [0] s1[NoSocket]s2[NoSocket]
2025-08-02 11:19:34 - [Item]PapaMoMink update [1359867]1002050 plus [0] s1[NoSocket]s2[NoSocket]
2025-08-02 11:19:34 - [Item]PapaMoMink update [1359867]1002050 plus [0] s1[NoSocket]s2[NoSocket]
2025-08-02 11:19:34 - [Item]PapaMoMink update [1359868]1002050 plus [0] s1[NoSocket]s2[NoSocket]
2025-08-02 11:19:34 - [Item]PapaMoMink update [1359868]1002050 plus [0] s1[NoSocket]s2[NoSocket]
2025-08-02 11:19:34 - [Item]PapaMoMink update [1359868]1002050 plus [0] s1[NoSocket]s2[NoSocket]
2025-08-02 11:19:34 - [Item]PapaMoMink update [1359868]1002050 plus [0] s1[NoSocket]s2[NoSocket]
2025-08-02 11:19:34 - [Item]PapaMoMink update [1359869]1002050 plus [0] s1[NoSocket]s2[NoSocket]
2025-08-02 11:19:34 - [Item]PapaMoMink update [1359869]1002050 plus [0] s1[NoSocket]s2[NoSocket]
2025-08-02 11:19:34 - [Item]PapaMoMink update [1359869]1002050 plus [0] s1[NoSocket]s2[NoSocket]
2025-08-02 11:19:34 - [Item]PapaMoMink update [1359869]1002050 plus [0] s1[NoSocket]s2[NoSocket]
2025-08-02 11:19:34 - [Item]PapaMoMink update [1359870]1002050 plus [0] s1[NoSocket]s2[NoSocket]
2025-08-02 11:19:34 - [Item]PapaMoMink update [1359870]1002050 plus [0] s1[NoSocket]s2[NoSocket]
2025-08-02 11:19:34 - [Item]PapaMoMink update [1359870]1002050 plus [0] s1[NoSocket]s2[NoSocket]
2025-08-02 11:19:34 - [Item]PapaMoMink update [1359870]1002050 plus [0] s1[NoSocket]s2[NoSocket]
2025-08-02 11:19:34 - [Item]PapaMoMink update [1359871]1002050 plus [0] s1[NoSocket]s2[NoSocket]
2025-08-02 11:19:34 - [Item]PapaMoMink update [1359871]1002050 plus [0] s1[NoSocket]s2[NoSocket]
2025-08-02 11:19:34 - [Item]PapaMoMink update [1359871]1002050 plus [0] s1[NoSocket]s2[NoSocket]
2025-08-02 11:19:34 - [Item]PapaMoMink update [1359871]1002050 plus [0] s1[NoSocket]s2[NoSocket]
2025-08-02 11:19:34 - [Item]PapaMoMink update [1359872]1002050 plus [0] s1[NoSocket]s2[NoSocket]
2025-08-02 11:19:34 - [Item]PapaMoMink update [1359872]1002050 plus [0] s1[NoSocket]s2[NoSocket]
2025-08-02 11:19:34 - [Item]PapaMoMink update [1359872]1002050 plus [0] s1[NoSocket]s2[NoSocket]
2025-08-02 11:19:34 - [Item]PapaMoMink update [1359872]1002050 plus [0] s1[NoSocket]s2[NoSocket]
2025-08-02 11:19:34 - [Item]PapaMoMink update [1359873]1002050 plus [0] s1[NoSocket]s2[NoSocket]
2025-08-02 11:19:34 - [Item]PapaMoMink update [1359873]1002050 plus [0] s1[NoSocket]s2[NoSocket]
2025-08-02 11:19:34 - [Item]PapaMoMink update [1359873]1002050 plus [0] s1[NoSocket]s2[NoSocket]
2025-08-02 11:19:34 - [Item]PapaMoMink update [1359873]1002050 plus [0] s1[NoSocket]s2[NoSocket]
2025-08-02 11:19:34 - [Item]PapaMoMink update [1359874]1002050 plus [0] s1[NoSocket]s2[NoSocket]
2025-08-02 11:19:34 - [Item]PapaMoMink update [1359874]1002050 plus [0] s1[NoSocket]s2[NoSocket]
2025-08-02 11:19:34 - [Item]PapaMoMink update [1359874]1002050 plus [0] s1[NoSocket]s2[NoSocket]
2025-08-02 11:19:34 - [Item]PapaMoMink update [1359874]1002050 plus [0] s1[NoSocket]s2[NoSocket]
2025-08-02 11:19:34 - [Item]PapaMoMink update [1359875]1002050 plus [0] s1[NoSocket]s2[NoSocket]
2025-08-02 11:19:34 - [Item]PapaMoMink update [1359875]1002050 plus [0] s1[NoSocket]s2[NoSocket]
2025-08-02 11:19:34 - [Item]PapaMoMink update [1359875]1002050 plus [0] s1[NoSocket]s2[NoSocket]
2025-08-02 11:19:34 - [Item]PapaMoMink update [1359875]1002050 plus [0] s1[NoSocket]s2[NoSocket]
2025-08-02 11:19:34 - [Item]PapaMoMink update [1359876]1002050 plus [0] s1[NoSocket]s2[NoSocket]
2025-08-02 11:19:34 - [Item]PapaMoMink update [1359876]1002050 plus [0] s1[NoSocket]s2[NoSocket]
2025-08-02 11:19:34 - [Item]PapaMoMink update [1359876]1002050 plus [0] s1[NoSocket]s2[NoSocket]
2025-08-02 11:19:34 - [Item]PapaMoMink update [1359876]1002050 plus [0] s1[NoSocket]s2[NoSocket]
2025-08-02 11:19:34 - [Item]PapaMoMink update [1359877]1002050 plus [0] s1[NoSocket]s2[NoSocket]
2025-08-02 11:19:34 - [Item]PapaMoMink update [1359877]1002050 plus [0] s1[NoSocket]s2[NoSocket]
2025-08-02 11:19:34 - [Item]PapaMoMink update [1359877]1002050 plus [0] s1[NoSocket]s2[NoSocket]
2025-08-02 11:19:34 - [Item]PapaMoMink update [1359877]1002050 plus [0] s1[NoSocket]s2[NoSocket]
2025-08-02 11:19:34 - [Item]PapaMoMink update [1359878]1002050 plus [0] s1[NoSocket]s2[NoSocket]
2025-08-02 11:19:34 - [Item]PapaMoMink update [1359878]1002050 plus [0] s1[NoSocket]s2[NoSocket]
2025-08-02 11:19:34 - [Item]PapaMoMink update [1359878]1002050 plus [0] s1[NoSocket]s2[NoSocket]
2025-08-02 11:19:34 - [Item]PapaMoMink update [1359878]1002050 plus [0] s1[NoSocket]s2[NoSocket]
2025-08-02 11:19:34 - [Item]PapaMoMink update [1359879]1002050 plus [0] s1[NoSocket]s2[NoSocket]
2025-08-02 11:19:34 - [Item]PapaMoMink update [1359879]1002050 plus [0] s1[NoSocket]s2[NoSocket]
2025-08-02 11:19:34 - [Item]PapaMoMink update [1359879]1002050 plus [0] s1[NoSocket]s2[NoSocket]
2025-08-02 11:19:34 - [Item]PapaMoMink update [1359879]1002050 plus [0] s1[NoSocket]s2[NoSocket]
2025-08-02 11:19:34 - [Item]PapaMoMink update [1359880]1002050 plus [0] s1[NoSocket]s2[NoSocket]
2025-08-02 11:19:34 - [Item]PapaMoMink update [1359880]1002050 plus [0] s1[NoSocket]s2[NoSocket]
2025-08-02 11:19:34 - [Item]PapaMoMink update [1359880]1002050 plus [0] s1[NoSocket]s2[NoSocket]
2025-08-02 11:19:34 - [Item]PapaMoMink update [1359880]1002050 plus [0] s1[NoSocket]s2[NoSocket]
2025-08-02 11:19:34 - [Item]PapaMoMink update [1359881]1002050 plus [0] s1[NoSocket]s2[NoSocket]
2025-08-02 11:19:34 - [Item]PapaMoMink update [1359881]1002050 plus [0] s1[NoSocket]s2[NoSocket]
2025-08-02 11:19:34 - [Item]PapaMoMink update [1359881]1002050 plus [0] s1[NoSocket]s2[NoSocket]
2025-08-02 11:19:34 - [Item]PapaMoMink update [1359881]1002050 plus [0] s1[NoSocket]s2[NoSocket]
2025-08-02 11:19:34 - [Item]PapaMoMink update [1359882]1002050 plus [0] s1[NoSocket]s2[NoSocket]
2025-08-02 11:19:34 - [Item]PapaMoMink update [1359882]1002050 plus [0] s1[NoSocket]s2[NoSocket]
2025-08-02 11:19:34 - [Item]PapaMoMink update [1359882]1002050 plus [0] s1[NoSocket]s2[NoSocket]
2025-08-02 11:19:34 - [Item]PapaMoMink update [1359882]1002050 plus [0] s1[NoSocket]s2[NoSocket]
2025-08-02 11:19:34 - [Item]PapaMoMink update [1359883]1002050 plus [0] s1[NoSocket]s2[NoSocket]
2025-08-02 11:19:34 - [Item]PapaMoMink update [1359883]1002050 plus [0] s1[NoSocket]s2[NoSocket]
2025-08-02 11:19:34 - [Item]PapaMoMink update [1359883]1002050 plus [0] s1[NoSocket]s2[NoSocket]
2025-08-02 11:19:34 - [Item]PapaMoMink update [1359883]1002050 plus [0] s1[NoSocket]s2[NoSocket]
2025-08-02 11:19:34 - [Item]PapaMoMink update [1359884]1002050 plus [0] s1[NoSocket]s2[NoSocket]
2025-08-02 11:19:34 - [Item]PapaMoMink update [1359884]1002050 plus [0] s1[NoSocket]s2[NoSocket]
2025-08-02 11:19:34 - [Item]PapaMoMink update [1359884]1002050 plus [0] s1[NoSocket]s2[NoSocket]
2025-08-02 11:19:34 - [Item]PapaMoMink update [1359884]1002050 plus [0] s1[NoSocket]s2[NoSocket]
2025-08-02 11:19:34 - [Item]PapaMoMink update [1359885]1002050 plus [0] s1[NoSocket]s2[NoSocket]
2025-08-02 11:19:34 - [Item]PapaMoMink update [1359885]1002050 plus [0] s1[NoSocket]s2[NoSocket]
2025-08-02 11:19:34 - [Item]PapaMoMink update [1359885]1002050 plus [0] s1[NoSocket]s2[NoSocket]
2025-08-02 11:19:34 - [Item]PapaMoMink update [1359885]1002050 plus [0] s1[NoSocket]s2[NoSocket]
2025-08-02 11:19:34 - [Item]PapaMoMink update [1359886]1002050 plus [0] s1[NoSocket]s2[NoSocket]
2025-08-02 11:19:34 - [Item]PapaMoMink update [1359886]1002050 plus [0] s1[NoSocket]s2[NoSocket]
2025-08-02 11:19:34 - [Item]PapaMoMink update [1359886]1002050 plus [0] s1[NoSocket]s2[NoSocket]
2025-08-02 11:19:34 - [Item]PapaMoMink update [1359886]1002050 plus [0] s1[NoSocket]s2[NoSocket]
2025-08-02 11:19:34 - [Item]PapaMoMink update [1359887]1002050 plus [0] s1[NoSocket]s2[NoSocket]
2025-08-02 11:19:34 - [Item]PapaMoMink update [1359887]1002050 plus [0] s1[NoSocket]s2[NoSocket]
2025-08-02 11:19:34 - [Item]PapaMoMink update [1359887]1002050 plus [0] s1[NoSocket]s2[NoSocket]
2025-08-02 11:19:34 - [Item]PapaMoMink update [1359887]1002050 plus [0] s1[NoSocket]s2[NoSocket]
2025-08-02 11:19:34 - [Item]PapaMoMink update [1359888]1002050 plus [0] s1[NoSocket]s2[NoSocket]
2025-08-02 11:19:34 - [Item]PapaMoMink update [1359888]1002050 plus [0] s1[NoSocket]s2[NoSocket]
2025-08-02 11:19:34 - [Item]PapaMoMink update [1359888]1002050 plus [0] s1[NoSocket]s2[NoSocket]
2025-08-02 11:19:34 - [Item]PapaMoMink update [1359888]1002050 plus [0] s1[NoSocket]s2[NoSocket]
2025-08-02 11:19:34 - [Item]PapaMoMink update [1359889]1002050 plus [0] s1[NoSocket]s2[NoSocket]
2025-08-02 11:19:34 - [Item]PapaMoMink update [1359889]1002050 plus [0] s1[NoSocket]s2[NoSocket]
2025-08-02 11:19:34 - [Item]PapaMoMink update [1359889]1002050 plus [0] s1[NoSocket]s2[NoSocket]
2025-08-02 11:19:34 - [Item]PapaMoMink update [1359889]1002050 plus [0] s1[NoSocket]s2[NoSocket]
2025-08-02 11:19:34 - [Item]PapaMoMink update [1359890]1002050 plus [0] s1[NoSocket]s2[NoSocket]
2025-08-02 11:19:34 - [Item]PapaMoMink update [1359890]1002050 plus [0] s1[NoSocket]s2[NoSocket]
2025-08-02 11:19:34 - [Item]PapaMoMink update [1359890]1002050 plus [0] s1[NoSocket]s2[NoSocket]
2025-08-02 11:19:34 - [Item]PapaMoMink update [1359890]1002050 plus [0] s1[NoSocket]s2[NoSocket]
2025-08-02 11:19:34 - [Item]PapaMoMink update [1359891]1002050 plus [0] s1[NoSocket]s2[NoSocket]
2025-08-02 11:19:34 - [Item]PapaMoMink update [1359891]1002050 plus [0] s1[NoSocket]s2[NoSocket]
2025-08-02 11:19:34 - [Item]PapaMoMink update [1359891]1002050 plus [0] s1[NoSocket]s2[NoSocket]
2025-08-02 11:19:34 - [Item]PapaMoMink update [1359891]1002050 plus [0] s1[NoSocket]s2[NoSocket]
2025-08-02 11:19:34 - [Item]PapaMoMink update [1359892]1002050 plus [0] s1[NoSocket]s2[NoSocket]
2025-08-02 11:19:34 - [Item]PapaMoMink update [1359892]1002050 plus [0] s1[NoSocket]s2[NoSocket]
2025-08-02 11:19:34 - [Item]PapaMoMink update [1359892]1002050 plus [0] s1[NoSocket]s2[NoSocket]
2025-08-02 11:19:34 - [Item]PapaMoMink update [1359892]1002050 plus [0] s1[NoSocket]s2[NoSocket]
2025-08-02 11:19:35 - [Item]PapaMoMink update [1359862]1002050 plus [0] s1[NoSocket]s2[NoSocket]
2025-08-02 11:22:18 - [Item]Archer[Test] update [1359853]1002050 plus [0] s1[NoSocket]s2[NoSocket]
2025-08-02 11:23:30 - [Item]Warrior[Test] update [1795623]150249 plus [3] s1[NoSocket]s2[NoSocket]
2025-08-02 11:23:30 - [Item]Warrior[Test] update [1863108]900109 plus [5] s1[NoSocket]s2[NoSocket]
2025-08-02 11:23:30 - [Item]Warrior[Test] update [1359896]410339 plus [6] s1[SuperDragonGem]s2[SuperDragonGem]
2025-08-02 11:23:38 - [Item]Warrior[Test] update [1795623]150249 plus [3] s1[NoSocket]s2[NoSocket]
2025-08-02 11:23:38 - [Item]Warrior[Test] update [1863108]900109 plus [5] s1[NoSocket]s2[NoSocket]
2025-08-02 11:23:38 - [Item]Warrior[Test] update [1359896]410339 plus [6] s1[SuperDragonGem]s2[SuperDragonGem]
2025-08-02 11:26:58 - [Item]Archer[Test] update [1359853]1002050 plus [0] s1[NoSocket]s2[NoSocket]
2025-08-02 11:27:00 - [Item]Warrior[Test] update [1767997]111109 plus [4] s1[NoSocket]s2[NoSocket]
2025-08-02 11:27:00 - [Item]Warrior[Test] update [1768081]131109 plus [4] s1[SuperDragonGem]s2[NoSocket]
2025-08-02 11:27:00 - [Item]Warrior[Test] update [1796244]120249 plus [2] s1[NoSocket]s2[NoSocket]
2025-08-02 11:27:00 - [Item]Warrior[Test] update [1870691]160249 plus [3] s1[NoSocket]s2[NoSocket]
2025-08-02 11:27:00 - [Item]Archer[Test] update [1359853]1002050 plus [0] s1[NoSocket]s2[NoSocket]
2025-08-02 11:27:02 - [Item]Archer[Test] update [1359853]1002050 plus [0] s1[NoSocket]s2[NoSocket]
2025-08-02 11:30:19 - [Item]Archer[Test] update [1588197]500329 plus [4] s1[SuperFuryGem]s2[SuperFuryGem]
2025-08-02 11:30:19 - [Item]Archer[Test] update [1883690]151249 plus [4] s1[NoSocket]s2[NoSocket]
2025-08-02 11:30:30 - [Item]Archer[Test] update [1588197]500329 plus [4] s1[SuperFuryGem]s2[SuperFuryGem]
2025-08-02 11:30:30 - [Item]Archer[Test] update [1883690]151249 plus [4] s1[NoSocket]s2[NoSocket]
2025-08-02 11:30:31 - [Item]Archer[Test] update [1588197]500329 plus [4] s1[SuperFuryGem]s2[SuperFuryGem]
2025-08-02 11:30:31 - [Item]Archer[Test] update [1883690]151249 plus [4] s1[NoSocket]s2[NoSocket]
2025-08-02 11:32:17 - [Item]Archer[Test] update [1588197]500329 plus [4] s1[SuperFuryGem]s2[SuperFuryGem]
2025-08-02 11:32:17 - [Item]Archer[Test] update [1883690]151249 plus [4] s1[NoSocket]s2[NoSocket]
2025-08-02 11:34:33 - [Item]Warrior[Test] update [1359888]1002050 plus [0] s1[NoSocket]s2[NoSocket]
2025-08-02 11:34:36 - [Item]Warrior[Test] update [1359888]1002050 plus [0] s1[NoSocket]s2[NoSocket]
2025-08-02 11:34:37 - [Item]Warrior[Test] update [1359888]1002050 plus [0] s1[NoSocket]s2[NoSocket]
2025-08-02 11:34:37 - [Item]Warrior[Test] update [1359888]1002050 plus [0] s1[NoSocket]s2[NoSocket]
2025-08-02 11:34:39 - [Item]Warrior[Test] update [1359889]1002050 plus [0] s1[NoSocket]s2[NoSocket]
2025-08-02 11:34:40 - [Item]Warrior[Test] update [1359889]1002050 plus [0] s1[NoSocket]s2[NoSocket]
2025-08-02 11:38:12 - [Item]Fire[TEST] update [1749456]160249 plus [2] s1[NoSocket]s2[NoSocket]
2025-08-02 11:38:12 - [Item]Fire[TEST] update [1765484]121249 plus [5] s1[NoSocket]s2[NoSocket]
2025-08-02 11:38:12 - [Item]Fire[TEST] update [1621337]114109 plus [4] s1[NoSocket]s2[NoSocket]
2025-08-02 11:38:12 - [Item]Fire[TEST] update [1564196]134109 plus [5] s1[SuperPhoenixGem]s2[NoSocket]
2025-08-02 11:38:13 - [Item]Warrior[Test] update [1359889]1002050 plus [0] s1[NoSocket]s2[NoSocket]
2025-08-02 11:38:14 - [Item]Warrior[Test] update [1359889]1002050 plus [0] s1[NoSocket]s2[NoSocket]
2025-08-02 11:39:35 - [Item]Archer[Test] update [1359853]1002050 plus [0] s1[NoSocket]s2[NoSocket]
2025-08-02 11:39:40 - [Item]Archer[Test] update [1359853]1002050 plus [0] s1[NoSocket]s2[NoSocket]
2025-08-02 11:39:40 - [Item]Archer[Test] update [1359853]1002050 plus [0] s1[NoSocket]s2[NoSocket]
2025-08-02 11:39:42 - [Item]Archer[Test] update [1359854]1002050 plus [0] s1[NoSocket]s2[NoSocket]
2025-08-02 11:39:43 - [Item]Archer[Test] update [1359854]1002050 plus [0] s1[NoSocket]s2[NoSocket]
2025-08-02 11:39:55 - [Item]Archer[Test] update [1580579]133109 plus [4] s1[SuperFuryGem]s2[NoSocket]
2025-08-02 11:39:55 - [Item]Archer[Test] update [1378293]160249 plus [4] s1[NoSocket]s2[NoSocket]
2025-08-02 11:39:55 - [Item]Archer[Test] update [1416158]120249 plus [4] s1[NoSocket]s2[NoSocket]
2025-08-02 11:39:56 - [Item]Archer[Test] update [1415694]117109 plus [4] s1[NoSocket]s2[NoSocket]
2025-08-02 11:39:56 - [Item]Archer[Test] update [1896497]1050002 plus [0] s1[NoSocket]s2[NoSocket]
2025-08-02 11:39:56 - [Item]Archer[Test] update [1883690]151249 plus [4] s1[NoSocket]s2[NoSocket]
2025-08-02 11:40:27 - [Item]Archer[Test] update [1378293]160249 plus [4] s1[NoSocket]s2[NoSocket]
2025-08-02 11:40:28 - [Item]Archer[Test] update [1883690]151249 plus [4] s1[NoSocket]s2[NoSocket]
2025-08-02 11:40:30 - [Item]Archer[Test] update [1686570]183485 plus [0] s1[NoSocket]s2[NoSocket]
2025-08-02 11:40:30 - [Item]Archer[Test] update [1580579]133109 plus [4] s1[SuperFuryGem]s2[NoSocket]
2025-08-02 11:40:31 - [Item]Archer[Test] update [1750464]370040 plus [0] s1[NoSocket]s2[NoSocket]
2025-08-02 11:40:32 - [Item]Archer[Test] update [1588197]500329 plus [4] s1[SuperFuryGem]s2[SuperFuryGem]
2025-08-02 11:40:32 - [Item]Archer[Test] update [1896497]1050002 plus [0] s1[NoSocket]s2[NoSocket]
2025-08-02 11:40:33 - [Item]Archer[Test] update [1416158]120249 plus [4] s1[NoSocket]s2[NoSocket]
2025-08-02 11:40:34 - [Item]Archer[Test] update [1415694]117109 plus [4] s1[NoSocket]s2[NoSocket]
2025-08-02 11:41:15 - [Item]Warrior[Test] update [1359890]1002050 plus [0] s1[NoSocket]s2[NoSocket]
2025-08-02 11:41:23 - [Item]Archer[Test] update [1359854]1002050 plus [0] s1[NoSocket]s2[NoSocket]
2025-08-02 11:41:24 - [Item]Archer[Test] update [1359854]1002050 plus [0] s1[NoSocket]s2[NoSocket]
2025-08-02 11:41:25 - [Item]Archer[Test] update [1359855]1002050 plus [0] s1[NoSocket]s2[NoSocket]
2025-08-02 11:41:26 - [Item]Archer[Test] update [1359855]1002050 plus [0] s1[NoSocket]s2[NoSocket]
2025-08-02 11:41:29 - [Item]Archer[Test] update [1359855]1002050 plus [0] s1[NoSocket]s2[NoSocket]
2025-08-02 11:41:43 - [Item]Archer[Test] update [1359855]1002050 plus [0] s1[NoSocket]s2[NoSocket]
2025-08-02 11:42:27 - [Item]Archer[Test] update [1359856]1002050 plus [0] s1[NoSocket]s2[NoSocket]
2025-08-02 11:42:29 - [Item]Archer[Test] update [1359856]1002050 plus [0] s1[NoSocket]s2[NoSocket]
2025-08-02 11:42:38 - [Item]Archer[Test] update [1359856]1002050 plus [0] s1[NoSocket]s2[NoSocket]
2025-08-02 11:42:39 - [Item]Archer[Test] update [1359856]1002050 plus [0] s1[NoSocket]s2[NoSocket]
2025-08-02 11:42:40 - [Item]Archer[Test] update [1359857]1002050 plus [0] s1[NoSocket]s2[NoSocket]
2025-08-02 11:42:45 - [Item]Archer[Test] update [1359857]1002050 plus [0] s1[NoSocket]s2[NoSocket]
2025-08-02 11:42:46 - [Item]Archer[Test] update [1359857]1002050 plus [0] s1[NoSocket]s2[NoSocket]
2025-08-02 11:43:01 - [Item]Archer[Test] update [1359857]1002050 plus [0] s1[NoSocket]s2[NoSocket]
2025-08-02 11:45:02 - [Item]Archer[Test] update [1359858]1002050 plus [0] s1[NoSocket]s2[NoSocket]
2025-08-02 11:45:04 - [Item]Archer[Test] update [1359858]1002050 plus [0] s1[NoSocket]s2[NoSocket]
2025-08-02 11:45:05 - [Item]Archer[Test] update [1359858]1002050 plus [0] s1[NoSocket]s2[NoSocket]
2025-08-02 11:45:05 - [Item]Archer[Test] update [1359858]1002050 plus [0] s1[NoSocket]s2[NoSocket]
2025-08-02 11:45:37 - [Item]Fire[TEST] update [1749456]160249 plus [2] s1[NoSocket]s2[NoSocket]
2025-08-02 11:45:37 - [Item]Fire[TEST] update [1765484]121249 plus [5] s1[NoSocket]s2[NoSocket]
2025-08-02 11:45:37 - [Item]Fire[TEST] update [1621337]114109 plus [4] s1[NoSocket]s2[NoSocket]
2025-08-02 11:45:37 - [Item]Fire[TEST] update [1564196]134109 plus [5] s1[SuperPhoenixGem]s2[NoSocket]
2025-08-02 11:53:50 - [Item]Archer[Test] update [1359859]1002050 plus [0] s1[NoSocket]s2[NoSocket]
2025-08-02 11:55:05 - [Item]Archer[Test] update [1588197]500329 plus [4] s1[SuperFuryGem]s2[SuperFuryGem]
2025-08-02 11:55:05 - [Item]Archer[Test] update [1883690]151249 plus [4] s1[NoSocket]s2[NoSocket]
2025-08-02 11:55:31 - [Item]Archer[Test] update [1359859]1002050 plus [0] s1[NoSocket]s2[NoSocket]
2025-08-02 11:56:00 - [Item]Archer[Test] update [1359859]1002050 plus [0] s1[NoSocket]s2[NoSocket]
2025-08-02 11:56:02 - [Item]Archer[Test] update [1359859]1002050 plus [0] s1[NoSocket]s2[NoSocket]
2025-08-02 11:56:08 - [Item]Archer[Test] update [1359860]1002050 plus [0] s1[NoSocket]s2[NoSocket]
2025-08-02 11:56:24 - [Item]Archer[Test] update [1359860]1002050 plus [0] s1[NoSocket]s2[NoSocket]
2025-08-02 11:57:37 - [Item]Archer[Test] update [1359860]1002050 plus [0] s1[NoSocket]s2[NoSocket]
2025-08-02 11:57:38 - [Item]Archer[Test] update [1359860]1002050 plus [0] s1[NoSocket]s2[NoSocket]
2025-08-02 13:34:06 - [Item]Fire[TEST] update [1402382]152259 plus [5] s1[NoSocket]s2[NoSocket]
2025-08-02 13:34:06 - [Item]Fire[TEST] update [1556478]421339 plus [5] s1[SuperPhoenixGem]s2[SuperPhoenixGem]
2025-08-02 13:40:40 - [Item]Warrior[Test] update [1359902]150249 plus [4] s1[NoSocket]s2[NoSocket]
2025-08-02 13:40:40 - [Item]Warrior[Test] update [1863108]900109 plus [5] s1[NoSocket]s2[NoSocket]
2025-08-02 13:40:40 - [Item]Warrior[Test] update [1359896]410339 plus [6] s1[SuperDragonGem]s2[SuperDragonGem]
2025-08-02 13:40:49 - [Item]Warrior[Test] update [1767997]111109 plus [4] s1[NoSocket]s2[NoSocket]
2025-08-02 13:40:49 - [Item]Warrior[Test] update [1768081]131109 plus [4] s1[SuperDragonGem]s2[NoSocket]
2025-08-02 13:40:49 - [Item]Warrior[Test] update [1796244]120249 plus [2] s1[NoSocket]s2[NoSocket]
2025-08-02 13:40:49 - [Item]Warrior[Test] update [1870691]160249 plus [3] s1[NoSocket]s2[NoSocket]
2025-08-02 13:41:15 - [Item]Warrior[Test] update [1359902]150249 plus [4] s1[NoSocket]s2[NoSocket]
2025-08-02 13:41:15 - [Item]Warrior[Test] update [1863108]900109 plus [5] s1[NoSocket]s2[NoSocket]
2025-08-02 13:41:15 - [Item]Warrior[Test] update [1359896]410339 plus [6] s1[SuperDragonGem]s2[SuperDragonGem]
2025-08-02 13:41:41 - [Item]Warrior[Test] update [1359902]150249 plus [4] s1[NoSocket]s2[NoSocket]
2025-08-02 13:41:41 - [Item]Warrior[Test] update [1863108]900109 plus [5] s1[NoSocket]s2[NoSocket]
2025-08-02 13:41:41 - [Item]Warrior[Test] update [1359896]410339 plus [6] s1[SuperDragonGem]s2[SuperDragonGem]
2025-08-02 13:42:23 - [Item]Warrior[Test] update [1359902]150249 plus [4] s1[NoSocket]s2[NoSocket]
2025-08-02 13:42:23 - [Item]Warrior[Test] update [1863108]900109 plus [5] s1[NoSocket]s2[NoSocket]
2025-08-02 13:42:23 - [Item]Warrior[Test] update [1359896]410339 plus [6] s1[SuperDragonGem]s2[SuperDragonGem]
2025-08-02 13:42:57 - [Item]Warrior[Test] update [1767997]111109 plus [4] s1[NoSocket]s2[NoSocket]
2025-08-02 13:42:57 - [Item]Warrior[Test] update [1768081]131109 plus [4] s1[SuperDragonGem]s2[NoSocket]
2025-08-02 13:42:57 - [Item]Warrior[Test] update [1796244]120249 plus [2] s1[NoSocket]s2[NoSocket]
2025-08-02 13:42:57 - [Item]Warrior[Test] update [1870691]160249 plus [3] s1[NoSocket]s2[NoSocket]
2025-08-02 13:43:14 - [Item]Warrior[Test] update [1359902]150249 plus [4] s1[NoSocket]s2[NoSocket]
2025-08-02 13:43:14 - [Item]Warrior[Test] update [1863108]900109 plus [5] s1[NoSocket]s2[NoSocket]
2025-08-02 13:43:14 - [Item]Warrior[Test] update [1359896]410339 plus [6] s1[SuperDragonGem]s2[SuperDragonGem]
2025-08-02 13:43:18 - [Item]Warrior[Test] update [1767997]111109 plus [4] s1[NoSocket]s2[NoSocket]
2025-08-02 13:43:18 - [Item]Warrior[Test] update [1768081]131109 plus [4] s1[SuperDragonGem]s2[NoSocket]
2025-08-02 13:43:18 - [Item]Warrior[Test] update [1796244]120249 plus [2] s1[NoSocket]s2[NoSocket]
2025-08-02 13:43:18 - [Item]Warrior[Test] update [1870691]160249 plus [3] s1[NoSocket]s2[NoSocket]
2025-08-02 13:43:29 - [Item]Warrior[Test] update [1359902]150249 plus [4] s1[NoSocket]s2[NoSocket]
2025-08-02 13:43:29 - [Item]Warrior[Test] update [1863108]900109 plus [5] s1[NoSocket]s2[NoSocket]
2025-08-02 13:43:29 - [Item]Warrior[Test] update [1359896]410339 plus [6] s1[SuperDragonGem]s2[SuperDragonGem]
2025-08-02 13:43:33 - [Item]Warrior[Test] update [1767997]111109 plus [4] s1[NoSocket]s2[NoSocket]
2025-08-02 13:43:33 - [Item]Warrior[Test] update [1768081]131109 plus [4] s1[SuperDragonGem]s2[NoSocket]
2025-08-02 13:43:33 - [Item]Warrior[Test] update [1796244]120249 plus [2] s1[NoSocket]s2[NoSocket]
2025-08-02 13:43:33 - [Item]Warrior[Test] update [1870691]160249 plus [3] s1[NoSocket]s2[NoSocket]
2025-08-02 13:43:34 - [Item]Warrior[Test] update [1767997]111109 plus [4] s1[NoSocket]s2[NoSocket]
2025-08-02 13:43:34 - [Item]Warrior[Test] update [1768081]131109 plus [4] s1[SuperDragonGem]s2[NoSocket]
2025-08-02 13:43:34 - [Item]Warrior[Test] update [1796244]120249 plus [2] s1[NoSocket]s2[NoSocket]
2025-08-02 13:43:34 - [Item]Warrior[Test] update [1870691]160249 plus [3] s1[NoSocket]s2[NoSocket]
2025-08-02 13:43:48 - [Item]Warrior[Test] update [1359902]150249 plus [4] s1[NoSocket]s2[NoSocket]
2025-08-02 13:43:48 - [Item]Warrior[Test] update [1863108]900109 plus [5] s1[NoSocket]s2[NoSocket]
2025-08-02 13:43:48 - [Item]Warrior[Test] update [1359896]410339 plus [6] s1[SuperDragonGem]s2[SuperDragonGem]
2025-08-02 13:44:20 - [Item]Warrior[Test] update [1359902]150249 plus [4] s1[NoSocket]s2[NoSocket]
2025-08-02 13:44:20 - [Item]Warrior[Test] update [1863108]900109 plus [5] s1[NoSocket]s2[NoSocket]
2025-08-02 13:44:20 - [Item]Warrior[Test] update [1359896]410339 plus [6] s1[SuperDragonGem]s2[SuperDragonGem]
2025-08-02 13:44:20 - [Item]Warrior[Test] update [1359902]150249 plus [4] s1[NoSocket]s2[NoSocket]
2025-08-02 13:44:20 - [Item]Warrior[Test] update [1863108]900109 plus [5] s1[NoSocket]s2[NoSocket]
2025-08-02 13:44:20 - [Item]Warrior[Test] update [1359896]410339 plus [6] s1[SuperDragonGem]s2[SuperDragonGem]
2025-08-02 13:45:38 - [Item]Warrior[Test] update [1767997]111109 plus [4] s1[NoSocket]s2[NoSocket]
2025-08-02 13:45:38 - [Item]Warrior[Test] update [1768081]131109 plus [4] s1[SuperDragonGem]s2[NoSocket]
2025-08-02 13:45:38 - [Item]Warrior[Test] update [1796244]120249 plus [2] s1[NoSocket]s2[NoSocket]
2025-08-02 13:45:38 - [Item]Warrior[Test] update [1870691]160249 plus [3] s1[NoSocket]s2[NoSocket]
2025-08-02 13:45:51 - [Item]Warrior[Test] update [1767997]111109 plus [4] s1[NoSocket]s2[NoSocket]
2025-08-02 13:45:51 - [Item]Warrior[Test] update [1768081]131109 plus [4] s1[SuperDragonGem]s2[NoSocket]
2025-08-02 13:45:51 - [Item]Warrior[Test] update [1796244]120249 plus [2] s1[NoSocket]s2[NoSocket]
2025-08-02 13:45:51 - [Item]Warrior[Test] update [1870691]160249 plus [3] s1[NoSocket]s2[NoSocket]
2025-08-02 13:46:09 - [Item]Warrior[Test] update [1359902]150249 plus [4] s1[NoSocket]s2[NoSocket]
2025-08-02 13:46:09 - [Item]Warrior[Test] update [1863108]900109 plus [5] s1[NoSocket]s2[NoSocket]
2025-08-02 13:46:09 - [Item]Warrior[Test] update [1359896]410339 plus [6] s1[SuperDragonGem]s2[SuperDragonGem]
2025-08-02 13:46:12 - [Item]Warrior[Test] update [1359902]150249 plus [4] s1[NoSocket]s2[NoSocket]
2025-08-02 13:46:12 - [Item]Warrior[Test] update [1863108]900109 plus [5] s1[NoSocket]s2[NoSocket]
2025-08-02 13:46:12 - [Item]Warrior[Test] update [1359896]410339 plus [6] s1[SuperDragonGem]s2[SuperDragonGem]
2025-08-02 13:50:27 - [Item]Fire[TEST] update [1359913]421339 plus [6] s1[SuperPhoenixGem]s2[SuperPhoenixGem]
2025-08-02 13:50:29 - [Item]Fire[TEST] update [1359920]134109 plus [6] s1[SuperPhoenixGem]s2[NoSocket]
2025-08-02 13:50:30 - [Item]Fire[TEST] update [1359921]114109 plus [6] s1[SuperPhoenixGem]s2[NoSocket]
2025-08-02 13:50:37 - [Item]Fire[TEST] update [1359904]121249 plus [6] s1[NoSocket]s2[NoSocket]
2025-08-02 13:50:40 - [Item]Fire[TEST] update [1359906]160249 plus [6] s1[NoSocket]s2[NoSocket]
2025-08-02 13:50:43 - [Item]Fire[TEST] update [1359905]152259 plus [6] s1[NoSocket]s2[NoSocket]
2025-08-02 13:55:07 - [Item]Trojan[Test] update [1585086]130109 plus [4] s1[SuperDragonGem]s2[NoSocket]
2025-08-02 13:55:08 - [Item]Trojan[Test] update [1420271]150249 plus [4] s1[NoSocket]s2[NoSocket]
2025-08-02 13:55:09 - [Item]Trojan[Test] update [1412314]480339 plus [6] s1[SuperDragonGem]s2[SuperDragonGem]
2025-08-02 13:55:10 - [Item]Trojan[Test] update [1420698]120249 plus [4] s1[NoSocket]s2[NoSocket]
2025-08-02 13:55:11 - [Item]Trojan[Test] update [1862434]160249 plus [4] s1[NoSocket]s2[NoSocket]
2025-08-02 13:55:11 - [Item]Trojan[Test] update [1392157]118109 plus [5] s1[NoSocket]s2[NoSocket]
2025-08-02 13:55:15 - [Item]Trojan[Test] update [1862456]410339 plus [6] s1[SuperDragonGem]s2[SuperDragonGem]
2025-08-02 13:58:05 - [Item]Fire[TEST] update [1765484]121249 plus [5] s1[NoSocket]s2[NoSocket]
2025-08-02 13:58:12 - [Item]Fire[TEST] update [1621337]114109 plus [4] s1[NoSocket]s2[NoSocket]
2025-08-02 14:04:29 - [Item]Archer[Test] update [1415694]117109 plus [4] s1[NoSocket]s2[NoSocket]
2025-08-02 14:05:28 - [Item]Archer[Test] update [1416158]120249 plus [4] s1[NoSocket]s2[NoSocket]
2025-08-02 14:11:12 - [Item]Warrior[Test] update [1863108]900109 plus [5] s1[NoSocket]s2[NoSocket]
2025-08-02 14:11:12 - [Item]Warrior[Test] update [1796244]120249 plus [2] s1[NoSocket]s2[NoSocket]
2025-08-02 14:11:12 - [Item]Warrior[Test] update [1870691]160249 plus [3] s1[NoSocket]s2[NoSocket]
2025-08-02 14:18:44 - [Item]Trojan[Test] update [1585086]130109 plus [4] s1[SuperDragonGem]s2[NoSocket]
2025-08-02 14:18:44 - [Item]Trojan[Test] update [1392157]118109 plus [5] s1[NoSocket]s2[NoSocket]
2025-08-02 14:18:44 - [Item]Trojan[Test] update [1420698]120249 plus [4] s1[NoSocket]s2[NoSocket]
2025-08-02 14:18:45 - [Item]Trojan[Test] update [1862434]160249 plus [4] s1[NoSocket]s2[NoSocket]
2025-08-02 14:18:46 - [Item]Trojan[Test] update [1660081]2100105 plus [0] s1[NoSocket]s2[NoSocket]
2025-08-02 14:20:49 - [Item]Warrior[Test] update [1863108]900109 plus [5] s1[NoSocket]s2[NoSocket]
2025-08-02 14:22:53 - [Item]Fire[TEST] update [1621337]114109 plus [4] s1[NoSocket]s2[NoSocket]
2025-08-02 14:22:53 - [Item]Fire[TEST] update [1564196]134109 plus [5] s1[SuperPhoenixGem]s2[NoSocket]
2025-08-02 14:22:53 - [Item]Fire[TEST] update [1749456]160249 plus [2] s1[NoSocket]s2[NoSocket]
2025-08-02 14:22:53 - [Item]Fire[TEST] update [1765484]121249 plus [5] s1[NoSocket]s2[NoSocket]
2025-08-02 14:23:41 - [Item]Fire[TEST] update [1556478]421339 plus [5] s1[SuperPhoenixGem]s2[SuperPhoenixGem]
2025-08-02 14:23:41 - [Item]Fire[TEST] update [1402382]152259 plus [5] s1[NoSocket]s2[NoSocket]
2025-08-02 14:38:14 - [Item]Fire[TEST] update [1556478]421339 plus [5] s1[SuperPhoenixGem]s2[SuperPhoenixGem]
2025-08-02 14:38:14 - [Item]Fire[TEST] update [1359917]152259 plus [6] s1[SuperPhoenixGem]s2[NoSocket]
2025-08-02 14:41:36 - [Item]Fire[TEST] update [1556478]421339 plus [5] s1[SuperPhoenixGem]s2[SuperPhoenixGem]
2025-08-02 14:41:36 - [Item]Fire[TEST] update [1402382]152259 plus [5] s1[NoSocket]s2[NoSocket]
2025-08-02 14:43:39 - [Item]Fire[TEST] update [1556478]421339 plus [5] s1[SuperPhoenixGem]s2[SuperPhoenixGem]
2025-08-02 14:43:39 - [Item]Fire[TEST] update [1402382]152259 plus [5] s1[NoSocket]s2[NoSocket]
2025-08-02 14:44:20 - [Item]Fire[TEST] update [1556478]421339 plus [5] s1[SuperPhoenixGem]s2[SuperPhoenixGem]
2025-08-02 14:44:20 - [Item]Fire[TEST] update [1402382]152259 plus [5] s1[NoSocket]s2[NoSocket]
2025-08-02 14:45:36 - [Item]Fire[TEST] update [1621337]114109 plus [4] s1[NoSocket]s2[NoSocket]
2025-08-02 14:45:36 - [Item]Fire[TEST] update [1564196]134109 plus [5] s1[SuperPhoenixGem]s2[NoSocket]
2025-08-02 14:45:36 - [Item]Fire[TEST] update [1749456]160249 plus [2] s1[NoSocket]s2[NoSocket]
2025-08-02 14:45:36 - [Item]Fire[TEST] update [1765484]121249 plus [5] s1[NoSocket]s2[NoSocket]
2025-08-02 14:46:12 - [Item]Archer[Test] update [1588197]500329 plus [4] s1[SuperFuryGem]s2[SuperFuryGem]
2025-08-02 14:46:12 - [Item]Archer[Test] update [1896497]1050002 plus [0] s1[NoSocket]s2[NoSocket]
2025-08-02 14:46:13 - [Item]Archer[Test] update [1883690]151249 plus [4] s1[NoSocket]s2[NoSocket]
2025-08-02 14:46:31 - [Item]Archer[Test] update [1378293]160249 plus [4] s1[NoSocket]s2[NoSocket]
2025-08-02 14:48:02 - [Item]Archer[Test] update [1588197]500329 plus [4] s1[SuperFuryGem]s2[SuperFuryGem]
2025-08-02 14:48:02 - [Item]Archer[Test] update [1883690]151249 plus [4] s1[NoSocket]s2[NoSocket]
2025-08-02 14:48:12 - [Item]Archer[Test] update [1588197]500329 plus [4] s1[SuperFuryGem]s2[SuperFuryGem]
2025-08-02 14:48:12 - [Item]Archer[Test] update [1883690]151249 plus [4] s1[NoSocket]s2[NoSocket]
2025-08-02 14:48:17 - [Item]Archer[Test] update [1588197]500329 plus [4] s1[SuperFuryGem]s2[SuperFuryGem]
2025-08-02 14:48:17 - [Item]Archer[Test] update [1883690]151249 plus [4] s1[NoSocket]s2[NoSocket]
2025-08-02 14:48:33 - [Item]Archer[Test] update [1588197]500329 plus [4] s1[SuperFuryGem]s2[SuperFuryGem]
2025-08-02 14:48:33 - [Item]Archer[Test] update [1883690]151249 plus [4] s1[NoSocket]s2[NoSocket]
2025-08-02 14:48:43 - [Item]Archer[Test] update [1588197]500329 plus [4] s1[SuperFuryGem]s2[SuperFuryGem]
2025-08-02 14:48:43 - [Item]Archer[Test] update [1883690]151249 plus [4] s1[NoSocket]s2[NoSocket]
2025-08-02 14:48:49 - [Item]Archer[Test] update [1588197]500329 plus [4] s1[SuperFuryGem]s2[SuperFuryGem]
2025-08-02 14:48:49 - [Item]Archer[Test] update [1883690]151249 plus [4] s1[NoSocket]s2[NoSocket]
2025-08-02 15:47:46 - [Item]Fire[TEST] update [1556478]421339 plus [5] s1[SuperPhoenixGem]s2[SuperPhoenixGem]
2025-08-02 15:47:46 - [Item]Fire[TEST] update [1402382]152259 plus [5] s1[NoSocket]s2[NoSocket]
2025-08-02 15:47:57 - [Item]Fire[TEST] update [1749456]160249 plus [2] s1[NoSocket]s2[NoSocket]
2025-08-02 15:48:08 - [Item]Fire[TEST] update [1556478]421339 plus [5] s1[SuperPhoenixGem]s2[SuperPhoenixGem]
2025-08-02 15:48:08 - [Item]Fire[TEST] update [1402382]152259 plus [5] s1[NoSocket]s2[NoSocket]
2025-08-02 15:56:41 - [Item]Fire[TEST] update [1564196]134109 plus [5] s1[SuperPhoenixGem]s2[NoSocket]
2025-08-02 15:56:41 - [Item]Fire[TEST] update [1359925]121249 plus [1] s1[NoSocket]s2[NoSocket]
2025-08-02 15:56:41 - [Item]Fire[TEST] update [1359927]160249 plus [1] s1[NoSocket]s2[NoSocket]
2025-08-02 15:56:41 - [Item]Fire[TEST] update [1359930]114109 plus [1] s1[NoSocket]s2[NoSocket]
2025-08-02 15:58:40 - [Item]Fire[TEST] update [1556478]421339 plus [5] s1[SuperPhoenixGem]s2[SuperPhoenixGem]
2025-08-02 15:58:40 - [Item]Fire[TEST] update [1402382]152259 plus [5] s1[NoSocket]s2[NoSocket]
2025-08-02 15:58:56 - [Item]Fire[TEST] update [1556478]421339 plus [5] s1[SuperPhoenixGem]s2[SuperPhoenixGem]
2025-08-02 15:58:56 - [Item]Fire[TEST] update [1402382]152259 plus [5] s1[NoSocket]s2[NoSocket]
2025-08-02 16:00:01 - [Item]Warrior[Test] update [1359902]150249 plus [4] s1[NoSocket]s2[NoSocket]
2025-08-02 16:00:01 - [Item]Warrior[Test] update [1359934]900109 plus [5] s1[SuperDragonGem]s2[NoSocket]
2025-08-02 16:00:01 - [Item]Warrior[Test] update [1359896]410339 plus [6] s1[SuperDragonGem]s2[SuperDragonGem]
2025-08-02 16:02:54 - [Item]Fire[TEST] update [1556478]421339 plus [5] s1[SuperPhoenixGem]s2[SuperPhoenixGem]
2025-08-02 16:02:54 - [Item]Fire[TEST] update [1402382]152259 plus [5] s1[NoSocket]s2[NoSocket]
2025-08-02 16:04:40 - [Item]Fire[TEST] update [1556478]421339 plus [5] s1[SuperPhoenixGem]s2[SuperPhoenixGem]
2025-08-02 16:04:40 - [Item]Fire[TEST] update [1402382]152259 plus [5] s1[NoSocket]s2[NoSocket]
2025-08-02 16:09:46 - [Item]Fire[TEST] update [1359957]121249 plus [5] s1[SuperPhoenixGem]s2[NoSocket]
2025-08-02 16:09:46 - [Item]Fire[TEST] update [1359959]160249 plus [5] s1[SuperPhoenixGem]s2[NoSocket]
2025-08-02 16:09:46 - [Item]Fire[TEST] update [1359961]134109 plus [5] s1[SuperPhoenixGem]s2[NoSocket]
2025-08-02 16:09:46 - [Item]Fire[TEST] update [1359962]114109 plus [5] s1[SuperPhoenixGem]s2[NoSocket]
2025-08-02 16:11:46 - [Item]Fire[TEST] update [1556478]421339 plus [5] s1[SuperPhoenixGem]s2[SuperPhoenixGem]
2025-08-02 16:11:46 - [Item]Fire[TEST] update [1359964]152259 plus [5] s1[NoSocket]s2[NoSocket]
2025-08-02 16:13:40 - [Item]Fire[TEST] update [1556478]421339 plus [5] s1[SuperPhoenixGem]s2[SuperPhoenixGem]
2025-08-02 16:13:40 - [Item]Fire[TEST] update [1359964]152259 plus [5] s1[NoSocket]s2[NoSocket]
2025-08-02 16:14:16 - [Item]Fire[TEST] update [1359964]152259 plus [5] s1[NoSocket]s2[NoSocket]
2025-08-02 18:05:10 - [Item]Fire[TEST] update [1359963]121249 plus [5] s1[NoSocket]s2[NoSocket]
2025-08-02 18:13:13 - [Item]Archer[Test] update [1359974]500329 plus [0] s1[NoSocket]s2[NoSocket]
2025-08-02 18:13:13 - [Item]Archer[Test] update [1359973]160249 plus [0] s1[NoSocket]s2[NoSocket]
2025-08-02 18:13:14 - [Item]Archer[Test] update [1359972]150249 plus [0] s1[NoSocket]s2[NoSocket]
2025-08-02 18:13:14 - [Item]Archer[Test] update [1359971]120249 plus [0] s1[NoSocket]s2[NoSocket]
2025-08-02 18:13:52 - [Item]Archer[Test] update [1359978]1050002 plus [0] s1[NoSocket]s2[NoSocket]
2025-08-02 18:14:01 - [Item]Archer[Test] update [1359972]150249 plus [0] s1[NoSocket]s2[NoSocket]
2025-08-02 18:14:01 - [Item]Archer[Test] update [1359974]500329 plus [0] s1[NoSocket]s2[NoSocket]
2025-08-02 18:14:04 - [Item]Archer[Test] update [1359972]150249 plus [0] s1[NoSocket]s2[NoSocket]
2025-08-02 18:14:04 - [Item]Archer[Test] update [1359974]500329 plus [0] s1[NoSocket]s2[NoSocket]
2025-08-02 18:24:23 - [Item]Warrior[Test] update [1767997]111109 plus [4] s1[NoSocket]s2[NoSocket]
2025-08-02 18:24:23 - [Item]Warrior[Test] update [1768081]131109 plus [4] s1[SuperDragonGem]s2[NoSocket]
2025-08-02 18:24:23 - [Item]Warrior[Test] update [1796244]120249 plus [2] s1[NoSocket]s2[NoSocket]
2025-08-02 18:24:23 - [Item]Warrior[Test] update [1870691]160249 plus [3] s1[NoSocket]s2[NoSocket]
2025-08-02 18:25:11 - [Item]Fire[TEST] update [1752508]2100105 plus [0] s1[NoSocket]s2[NoSocket]
2025-08-02 18:25:34 - [Item]Fire[TEST] update [1359964]152259 plus [5] s1[NoSocket]s2[NoSocket]
2025-08-02 18:27:08 - [Item]Fire[TEST] update [1556478]421339 plus [5] s1[SuperPhoenixGem]s2[SuperPhoenixGem]
2025-08-02 18:27:08 - [Item]Fire[TEST] update [1359964]152259 plus [5] s1[NoSocket]s2[NoSocket]
2025-08-02 18:30:57 - [Item]Fire[TEST] update [1556478]421339 plus [5] s1[SuperPhoenixGem]s2[SuperPhoenixGem]
2025-08-02 18:30:57 - [Item]Fire[TEST] update [1359964]152259 plus [5] s1[NoSocket]s2[NoSocket]
2025-08-02 18:32:21 - [Item]Archer[Test] update [1359984]500329 plus [0] s1[NoSocket]s2[NoSocket]
2025-08-02 18:32:22 - [Item]Archer[Test] update [1359983]160249 plus [0] s1[NoSocket]s2[NoSocket]
2025-08-02 18:32:22 - [Item]Archer[Test] update [1359982]150249 plus [0] s1[NoSocket]s2[NoSocket]
2025-08-02 18:32:23 - [Item]Archer[Test] update [1359981]120249 plus [0] s1[NoSocket]s2[NoSocket]
2025-08-02 18:32:50 - [Item]Fire[TEST] update [1359968]114109 plus [5] s1[NoSocket]s2[NoSocket]
2025-08-02 18:32:50 - [Item]Fire[TEST] update [1359961]134109 plus [5] s1[SuperPhoenixGem]s2[NoSocket]
2025-08-02 18:32:50 - [Item]Fire[TEST] update [1359963]121249 plus [5] s1[NoSocket]s2[NoSocket]
2025-08-02 18:32:50 - [Item]Fire[TEST] update [1359965]160249 plus [5] s1[NoSocket]s2[NoSocket]
2025-08-02 18:33:19 - [Item]Archer[Test] update [1359986]113109 plus [0] s1[NoSocket]s2[NoSocket]
2025-08-02 18:33:19 - [Item]Archer[Test] update [1359985]133109 plus [0] s1[NoSocket]s2[NoSocket]
2025-08-02 18:34:20 - [Item]Archer[Test] update [1359978]1050002 plus [0] s1[NoSocket]s2[NoSocket]
2025-08-02 18:38:17 - [Item]Trojan[Test] update [1750433]195765 plus [0] s1[NoSocket]s2[NoSocket]
2025-08-02 18:38:18 - [Item]Trojan[Test] update [1555483]360397 plus [0] s1[NoSocket]s2[NoSocket]
2025-08-02 18:38:20 - [Item]Trojan[Test] update [1583665]360397 plus [0] s1[NoSocket]s2[NoSocket]
2025-08-02 18:38:24 - [Item]Trojan[Test] update [1750433]195765 plus [0] s1[NoSocket]s2[NoSocket]
2025-08-02 18:39:05 - [Item]Trojan[Test] update [1359992]420339 plus [5] s1[SuperDragonGem]s2[EmptySocket]
2025-08-02 18:39:06 - [Item]Trojan[Test] update [1359992]420339 plus [5] s1[EmptySocket]s2[EmptySocket]
2025-08-02 18:39:25 - [Item]Trojan[Test] update [1359992]420339 plus [5] s1[SuperFuryGem]s2[EmptySocket]
2025-08-02 18:39:25 - [Item]Trojan[Test] update [1359992]420339 plus [5] s1[SuperFuryGem]s2[SuperFuryGem]
2025-08-02 18:40:35 - [Item]Trojan[Test] update [1359999]490339 plus [4] s1[EmptySocket]s2[NoSocket]
2025-08-02 18:40:38 - [Item]Trojan[Test] update [1359999]490339 plus [4] s1[EmptySocket]s2[EmptySocket]
2025-08-02 18:41:47 - [Item]Trojan[Test] update [1359999]490339 plus [4] s1[SuperFuryGem]s2[EmptySocket]
2025-08-02 18:41:47 - [Item]Trojan[Test] update [1359999]490339 plus [4] s1[SuperFuryGem]s2[SuperFuryGem]
2025-08-02 19:05:42 - [Item]Trojan[Test] update [1660081]2100105 plus [0] s1[NoSocket]s2[NoSocket]
2025-08-02 19:15:27 - [Item]Archer[Test] update [1360016]500329 plus [0] s1[SuperDragonGem]s2[EmptySocket]
2025-08-02 19:15:29 - [Item]Archer[Test] update [1360016]500329 plus [0] s1[EmptySocket]s2[EmptySocket]
2025-08-02 19:15:46 - [Item]Archer[Test] update [1360016]500329 plus [0] s1[SuperFuryGem]s2[EmptySocket]
2025-08-02 19:15:46 - [Item]Archer[Test] update [1360016]500329 plus [0] s1[SuperFuryGem]s2[SuperFuryGem]
2025-08-02 19:15:56 - [Item]Archer[Test] update [1360023]133109 plus [0] s1[EmptySocket]s2[NoSocket]
2025-08-02 19:15:58 - [Item]Archer[Test] update [1360023]133109 plus [0] s1[SuperFuryGem]s2[NoSocket]
2025-08-02 19:16:34 - [Item]Archer[Test] update [1359978]1050002 plus [0] s1[NoSocket]s2[NoSocket]
2025-08-02 19:20:53 - [Item]Trojan[Test] update [1359992]420339 plus [5] s1[SuperFuryGem]s2[SuperFuryGem]
2025-08-02 19:52:59 - [Item]Fire[TEST] update [1556478]421339 plus [5] s1[SuperPhoenixGem]s2[SuperPhoenixGem]
2025-08-02 19:52:59 - [Item]Fire[TEST] update [1359964]152259 plus [5] s1[NoSocket]s2[NoSocket]
2025-08-02 19:53:06 - [Item]Fire[TEST] update [1359968]114109 plus [5] s1[NoSocket]s2[NoSocket]
2025-08-02 19:53:06 - [Item]Fire[TEST] update [1359961]134109 plus [5] s1[SuperPhoenixGem]s2[NoSocket]
2025-08-02 19:53:06 - [Item]Fire[TEST] update [1359963]121249 plus [5] s1[NoSocket]s2[NoSocket]
2025-08-02 19:53:06 - [Item]Fire[TEST] update [1359965]160249 plus [5] s1[NoSocket]s2[NoSocket]
2025-08-02 20:02:40 - [Item]Trojan[Test] update [1412314]480339 plus [6] s1[SuperDragonGem]s2[SuperDragonGem]
2025-08-02 20:02:40 - [Item]Trojan[Test] update [1360012]151249 plus [4] s1[NoSocket]s2[NoSocket]
2025-08-02 20:02:40 - [Item]Trojan[Test] update [1862456]410339 plus [6] s1[SuperDragonGem]s2[SuperDragonGem]
2025-08-02 20:03:23 - [Item]Fire[TEST] update [1359913]421339 plus [6] s1[SuperPhoenixGem]s2[SuperPhoenixGem]
2025-08-02 20:03:23 - [Item]Fire[TEST] update [1359905]152259 plus [6] s1[NoSocket]s2[NoSocket]
2025-08-02 20:04:20 - [Item]Fire[TEST] update [1752508]2100105 plus [0] s1[NoSocket]s2[NoSocket]
2025-08-02 20:05:27 - [Item]Fire[TEST] update [1556478]421339 plus [5] s1[SuperPhoenixGem]s2[SuperPhoenixGem]
2025-08-02 20:05:27 - [Item]Fire[TEST] update [1359964]152259 plus [5] s1[NoSocket]s2[NoSocket]
2025-08-02 20:05:47 - [Item]Fire[TEST] update [1359968]114109 plus [5] s1[NoSocket]s2[NoSocket]
2025-08-02 20:05:47 - [Item]Fire[TEST] update [1359961]134109 plus [5] s1[SuperPhoenixGem]s2[NoSocket]
2025-08-02 20:05:47 - [Item]Fire[TEST] update [1359963]121249 plus [5] s1[NoSocket]s2[NoSocket]
2025-08-02 20:05:47 - [Item]Fire[TEST] update [1359965]160249 plus [5] s1[NoSocket]s2[NoSocket]
2025-08-02 20:09:03 - [Item]Fire[TEST] update [1752508]2100105 plus [0] s1[NoSocket]s2[NoSocket]
2025-08-02 20:12:05 - [Item]Fire[TEST] update [1752508]2100105 plus [0] s1[NoSocket]s2[NoSocket]
2025-08-02 20:12:51 - [Item]Fire[TEST] update [1752508]2100105 plus [0] s1[NoSocket]s2[NoSocket]
2025-08-02 20:15:37 - [Item]Trojan[Test] update [1660081]2100105 plus [0] s1[NoSocket]s2[NoSocket]
2025-08-02 20:40:43 - [Item]Trojan[Test] update [1360012]151249 plus [4] s1[NoSocket]s2[NoSocket]
2025-08-02 20:48:41 - [Item]Fire[TEST] update [1556478]421339 plus [5] s1[SuperPhoenixGem]s2[SuperPhoenixGem]
2025-08-02 20:48:41 - [Item]Fire[TEST] update [1359964]152259 plus [5] s1[NoSocket]s2[NoSocket]
2025-08-02 21:15:02 - [Item]Archer[Test] update [1359978]1050002 plus [0] s1[NoSocket]s2[NoSocket]
2025-08-02 21:17:05 - [Item]Fire[TEST] update [1359968]114109 plus [5] s1[NoSocket]s2[NoSocket]
2025-08-02 21:17:05 - [Item]Fire[TEST] update [1359961]134109 plus [5] s1[SuperPhoenixGem]s2[NoSocket]
2025-08-02 21:17:05 - [Item]Fire[TEST] update [1359963]121249 plus [5] s1[NoSocket]s2[NoSocket]
2025-08-02 21:17:05 - [Item]Fire[TEST] update [1359965]160249 plus [5] s1[NoSocket]s2[NoSocket]
2025-08-02 21:19:22 - [Item]Fire[TEST] update [1752508]2100105 plus [0] s1[NoSocket]s2[NoSocket]
2025-08-02 21:26:54 - [Item]Fire[TEST] update [1556478]421339 plus [5] s1[SuperPhoenixGem]s2[SuperPhoenixGem]
2025-08-02 21:26:59 - [Item]Fire[TEST] update [1556478]421339 plus [5] s1[SuperPhoenixGem]s2[SuperPhoenixGem]
2025-08-02 21:27:03 - [Item]Fire[TEST] update [1556478]421339 plus [5] s1[SuperPhoenixGem]s2[SuperPhoenixGem]
2025-08-02 21:42:50 - [Item]Archer[Test] update [1360025]151249 plus [4] s1[NoSocket]s2[NoSocket]
2025-08-02 21:50:07 - [Item]Fire[TEST] update [1820393]360424 plus [0] s1[NoSocket]s2[NoSocket]
2025-08-02 22:20:04 - [Item]Trojan[Test] update [1360012]151249 plus [4] s1[NoSocket]s2[NoSocket]
