2025-08-03 00:51:39 - [Item]Fire[TEST] update [1359961]134109 plus [5] s1[SuperPhoenixGem]s2[NoSocket]
2025-08-03 00:51:43 - [Item]Fire[TEST] update [1359965]160249 plus [5] s1[NoSocket]s2[NoSocket]
2025-08-03 00:51:44 - [Item]Fire[TEST] update [1359963]121249 plus [5] s1[NoSocket]s2[NoSocket]
2025-08-03 00:51:45 - [Item]Fire[TEST] update [1359958]152259 plus [5] s1[SuperPhoenixGem]s2[NoSocket]
2025-08-03 00:51:54 - [Item]Fire[TEST] update [1359968]114109 plus [5] s1[NoSocket]s2[NoSocket]
2025-08-03 00:52:22 - [Item]Archer[Test] update [1360025]151249 plus [4] s1[NoSocket]s2[NoSocket]
2025-08-03 00:52:22 - [Item]Archer[Test] update [1360023]133109 plus [0] s1[SuperFuryGem]s2[NoSocket]
2025-08-03 00:52:24 - [Item]Archer[Test] update [1359983]160249 plus [0] s1[NoSocket]s2[NoSocket]
2025-08-03 00:52:25 - [Item]Archer[Test] update [1360034]500329 plus [4] s1[SuperFuryGem]s2[SuperFuryGem]
2025-08-03 00:52:26 - [Item]Archer[Test] update [1359978]1050002 plus [0] s1[NoSocket]s2[NoSocket]
2025-08-03 00:52:30 - [Item]Archer[Test] update [1359981]120249 plus [0] s1[NoSocket]s2[NoSocket]
2025-08-03 00:52:39 - [Item]Archer[Test] update [1360038]117109 plus [4] s1[NoSocket]s2[NoSocket]
2025-08-03 00:55:25 - [Item]Archer[Test] update [1360034]500329 plus [4] s1[SuperFuryGem]s2[SuperFuryGem]
2025-08-03 00:55:25 - [Item]Archer[Test] update [1360038]117109 plus [4] s1[NoSocket]s2[NoSocket]
2025-08-03 00:55:26 - [Item]Archer[Test] update [1360023]133109 plus [0] s1[SuperFuryGem]s2[NoSocket]
2025-08-03 00:55:26 - [Item]Archer[Test] update [1359981]120249 plus [0] s1[NoSocket]s2[NoSocket]
2025-08-03 00:55:27 - [Item]Archer[Test] update [1359978]1050002 plus [0] s1[NoSocket]s2[NoSocket]
2025-08-03 00:55:28 - [Item]Archer[Test] update [1359983]160249 plus [0] s1[NoSocket]s2[NoSocket]
2025-08-03 00:55:30 - [Item]Archer[Test] update [1360036]150249 plus [4] s1[NoSocket]s2[NoSocket]
2025-08-03 01:04:10 - [Item]Fire[TEST] update [1556478]421339 plus [5] s1[SuperPhoenixGem]s2[SuperPhoenixGem]
2025-08-03 01:04:10 - [Item]Fire[TEST] update [1359964]152259 plus [5] s1[NoSocket]s2[NoSocket]
2025-08-03 01:05:42 - [Item]Archer[Test] update [1360038]117109 plus [4] s1[NoSocket]s2[NoSocket]
2025-08-03 01:05:42 - [Item]Archer[Test] update [1360040]133109 plus [4] s1[NoSocket]s2[NoSocket]
2025-08-03 01:05:42 - [Item]Archer[Test] update [1359981]120249 plus [0] s1[NoSocket]s2[NoSocket]
2025-08-03 01:05:42 - [Item]Archer[Test] update [1359983]160249 plus [0] s1[NoSocket]s2[NoSocket]
2025-08-03 01:05:55 - [Item]Archer[Test] update [1360038]117109 plus [4] s1[NoSocket]s2[NoSocket]
2025-08-03 01:05:55 - [Item]Archer[Test] update [1360040]133109 plus [4] s1[NoSocket]s2[NoSocket]
2025-08-03 01:05:55 - [Item]Archer[Test] update [1359981]120249 plus [0] s1[NoSocket]s2[NoSocket]
2025-08-03 01:05:55 - [Item]Archer[Test] update [1359983]160249 plus [0] s1[NoSocket]s2[NoSocket]
2025-08-03 01:06:20 - [Item]Archer[Test] update [1360034]500329 plus [4] s1[SuperFuryGem]s2[SuperFuryGem]
2025-08-03 01:06:20 - [Item]Archer[Test] update [1360025]151249 plus [4] s1[NoSocket]s2[NoSocket]
2025-08-03 01:07:01 - [Item]Archer[Test] update [1360034]500329 plus [4] s1[SuperFuryGem]s2[SuperFuryGem]
2025-08-03 01:07:01 - [Item]Archer[Test] update [1360025]151249 plus [4] s1[NoSocket]s2[NoSocket]
2025-08-03 01:07:30 - [Item]Archer[Test] update [1360023]133109 plus [4] s1[SuperFuryGem]s2[NoSocket]
2025-08-03 01:17:23 - [Item]Fire[TEST] update [1556478]421339 plus [5] s1[SuperPhoenixGem]s2[SuperPhoenixGem]
2025-08-03 01:17:23 - [Item]Fire[TEST] update [1359958]152259 plus [5] s1[SuperPhoenixGem]s2[NoSocket]
2025-08-03 01:38:51 - [Item]Trojan[Test] update [1412314]480339 plus [6] s1[SuperDragonGem]s2[SuperDragonGem]
2025-08-03 01:38:53 - [Item]Trojan[Test] update [1862456]410339 plus [6] s1[SuperDragonGem]s2[SuperDragonGem]
2025-08-03 02:19:25 - [Item]Trojan[Test] update [1420271]150249 plus [4] s1[NoSocket]s2[NoSocket]
2025-08-03 02:19:25 - [Item]Trojan[Test] update [1359992]420339 plus [5] s1[SuperFuryGem]s2[SuperFuryGem]
2025-08-03 02:19:25 - [Item]Trojan[Test] update [1359999]490339 plus [4] s1[SuperFuryGem]s2[SuperFuryGem]
2025-08-03 02:19:53 - [Item]Trojan[Test] update [1420271]150249 plus [4] s1[NoSocket]s2[NoSocket]
2025-08-03 02:19:53 - [Item]Trojan[Test] update [1862456]410339 plus [6] s1[SuperDragonGem]s2[SuperDragonGem]
2025-08-03 02:19:53 - [Item]Trojan[Test] update [1412314]480339 plus [6] s1[SuperDragonGem]s2[SuperDragonGem]
2025-08-03 02:20:12 - [Item]Trojan[Test] update [1420271]150249 plus [4] s1[NoSocket]s2[NoSocket]
2025-08-03 02:20:12 - [Item]Trojan[Test] update [1862456]410339 plus [6] s1[SuperDragonGem]s2[SuperDragonGem]
2025-08-03 02:20:12 - [Item]Trojan[Test] update [1412314]480339 plus [6] s1[SuperDragonGem]s2[SuperDragonGem]
2025-08-03 02:21:32 - [Item]Trojan[Test] update [1420271]150249 plus [4] s1[NoSocket]s2[NoSocket]
2025-08-03 02:21:32 - [Item]Trojan[Test] update [1359992]420339 plus [5] s1[SuperFuryGem]s2[SuperFuryGem]
2025-08-03 02:21:32 - [Item]Trojan[Test] update [1359999]490339 plus [4] s1[SuperFuryGem]s2[SuperFuryGem]
2025-08-03 02:21:45 - [Item]Trojan[Test] update [1420271]150249 plus [4] s1[NoSocket]s2[NoSocket]
2025-08-03 02:21:45 - [Item]Trojan[Test] update [1359992]420339 plus [5] s1[SuperFuryGem]s2[SuperFuryGem]
2025-08-03 02:21:45 - [Item]Trojan[Test] update [1359999]490339 plus [4] s1[SuperFuryGem]s2[SuperFuryGem]
2025-08-03 02:22:25 - [Item]Archer[Test] update [1360034]500329 plus [4] s1[SuperFuryGem]s2[SuperFuryGem]
2025-08-03 02:22:25 - [Item]Archer[Test] update [1360036]150249 plus [4] s1[NoSocket]s2[NoSocket]
2025-08-03 02:22:37 - [Item]Trojan[Test] update [1420271]150249 plus [4] s1[NoSocket]s2[NoSocket]
2025-08-03 02:22:37 - [Item]Trojan[Test] update [1359992]420339 plus [5] s1[SuperFuryGem]s2[SuperFuryGem]
2025-08-03 02:22:37 - [Item]Trojan[Test] update [1359999]490339 plus [4] s1[SuperFuryGem]s2[SuperFuryGem]
2025-08-03 02:22:55 - [Item]Trojan[Test] update [1420271]150249 plus [4] s1[NoSocket]s2[NoSocket]
2025-08-03 02:22:55 - [Item]Trojan[Test] update [1359992]420339 plus [5] s1[SuperFuryGem]s2[SuperFuryGem]
2025-08-03 02:22:55 - [Item]Trojan[Test] update [1359999]490339 plus [4] s1[SuperFuryGem]s2[SuperFuryGem]
2025-08-03 02:22:59 - [Item]Archer[Test] update [1360034]500329 plus [4] s1[SuperFuryGem]s2[SuperFuryGem]
2025-08-03 02:22:59 - [Item]Archer[Test] update [1360036]150249 plus [4] s1[NoSocket]s2[NoSocket]
2025-08-03 02:23:05 - [Item]Trojan[Test] update [1420271]150249 plus [4] s1[NoSocket]s2[NoSocket]
2025-08-03 02:23:05 - [Item]Trojan[Test] update [1359992]420339 plus [5] s1[SuperFuryGem]s2[SuperFuryGem]
2025-08-03 02:23:05 - [Item]Trojan[Test] update [1359999]490339 plus [4] s1[SuperFuryGem]s2[SuperFuryGem]
2025-08-03 02:23:45 - [Item]Trojan[Test] update [1420271]150249 plus [4] s1[NoSocket]s2[NoSocket]
2025-08-03 02:23:45 - [Item]Trojan[Test] update [1359992]420339 plus [5] s1[SuperFuryGem]s2[SuperFuryGem]
2025-08-03 02:23:45 - [Item]Trojan[Test] update [1359999]490339 plus [4] s1[SuperFuryGem]s2[SuperFuryGem]
2025-08-03 02:23:47 - [Item]Archer[Test] update [1360034]500329 plus [4] s1[SuperFuryGem]s2[SuperFuryGem]
2025-08-03 02:23:47 - [Item]Archer[Test] update [1360036]150249 plus [4] s1[NoSocket]s2[NoSocket]
2025-08-03 02:24:12 - [Item]Trojan[Test] update [1420271]150249 plus [4] s1[NoSocket]s2[NoSocket]
2025-08-03 02:24:12 - [Item]Trojan[Test] update [1359992]420339 plus [5] s1[SuperFuryGem]s2[SuperFuryGem]
2025-08-03 02:24:12 - [Item]Trojan[Test] update [1359999]490339 plus [4] s1[SuperFuryGem]s2[SuperFuryGem]
2025-08-03 02:24:24 - [Item]Archer[Test] update [1360034]500329 plus [4] s1[SuperFuryGem]s2[SuperFuryGem]
2025-08-03 02:24:24 - [Item]Archer[Test] update [1360036]150249 plus [4] s1[NoSocket]s2[NoSocket]
2025-08-03 02:24:47 - [Item]Archer[Test] update [1360034]500329 plus [4] s1[SuperFuryGem]s2[SuperFuryGem]
2025-08-03 02:24:47 - [Item]Archer[Test] update [1360036]150249 plus [4] s1[NoSocket]s2[NoSocket]
2025-08-03 02:25:12 - [Item]Archer[Test] update [1360034]500329 plus [4] s1[SuperFuryGem]s2[SuperFuryGem]
2025-08-03 02:25:12 - [Item]Archer[Test] update [1360036]150249 plus [4] s1[NoSocket]s2[NoSocket]
2025-08-03 02:25:31 - [Item]Archer[Test] update [1360034]500329 plus [4] s1[SuperFuryGem]s2[SuperFuryGem]
2025-08-03 02:25:31 - [Item]Archer[Test] update [1360036]150249 plus [4] s1[NoSocket]s2[NoSocket]
2025-08-03 02:25:59 - [Item]Archer[Test] update [1360034]500329 plus [4] s1[SuperFuryGem]s2[SuperFuryGem]
2025-08-03 02:25:59 - [Item]Archer[Test] update [1360036]150249 plus [4] s1[NoSocket]s2[NoSocket]
2025-08-03 02:26:02 - [Item]Archer[Test] update [1360034]500329 plus [4] s1[SuperFuryGem]s2[SuperFuryGem]
2025-08-03 02:26:02 - [Item]Archer[Test] update [1360036]150249 plus [4] s1[NoSocket]s2[NoSocket]
2025-08-03 02:26:05 - [Item]Archer[Test] update [1360034]500329 plus [4] s1[SuperFuryGem]s2[SuperFuryGem]
2025-08-03 02:26:05 - [Item]Archer[Test] update [1360036]150249 plus [4] s1[NoSocket]s2[NoSocket]
2025-08-03 02:26:32 - [Item]Trojan[Test] update [1420271]150249 plus [4] s1[NoSocket]s2[NoSocket]
2025-08-03 02:26:32 - [Item]Trojan[Test] update [1359992]420339 plus [5] s1[SuperFuryGem]s2[SuperFuryGem]
2025-08-03 02:26:32 - [Item]Trojan[Test] update [1359999]490339 plus [4] s1[SuperFuryGem]s2[SuperFuryGem]
2025-08-03 02:27:33 - [Item]Trojan[Test] update [1420271]150249 plus [4] s1[NoSocket]s2[NoSocket]
2025-08-03 02:27:33 - [Item]Trojan[Test] update [1359992]420339 plus [5] s1[SuperFuryGem]s2[SuperFuryGem]
2025-08-03 02:27:33 - [Item]Trojan[Test] update [1359999]490339 plus [4] s1[SuperFuryGem]s2[SuperFuryGem]
2025-08-03 02:27:38 - [Item]Archer[Test] update [1360034]500329 plus [4] s1[SuperFuryGem]s2[SuperFuryGem]
2025-08-03 02:27:38 - [Item]Archer[Test] update [1360036]150249 plus [4] s1[NoSocket]s2[NoSocket]
2025-08-03 02:28:14 - [Item]Archer[Test] update [1360034]500329 plus [4] s1[SuperFuryGem]s2[SuperFuryGem]
2025-08-03 02:28:14 - [Item]Archer[Test] update [1360036]150249 plus [4] s1[NoSocket]s2[NoSocket]
2025-08-03 02:31:05 - [Item]Trojan[Test] update [1420271]150249 plus [4] s1[NoSocket]s2[NoSocket]
2025-08-03 02:31:05 - [Item]Trojan[Test] update [1359992]420339 plus [5] s1[SuperFuryGem]s2[SuperFuryGem]
2025-08-03 02:31:05 - [Item]Trojan[Test] update [1359999]490339 plus [4] s1[SuperFuryGem]s2[SuperFuryGem]
2025-08-03 02:31:11 - [Item]Trojan[Test] update [1420271]150249 plus [4] s1[NoSocket]s2[NoSocket]
2025-08-03 02:31:11 - [Item]Trojan[Test] update [1359992]420339 plus [5] s1[SuperFuryGem]s2[SuperFuryGem]
2025-08-03 02:31:11 - [Item]Trojan[Test] update [1359999]490339 plus [4] s1[SuperFuryGem]s2[SuperFuryGem]
2025-08-03 02:31:20 - [Item]Trojan[Test] update [1420271]150249 plus [4] s1[NoSocket]s2[NoSocket]
2025-08-03 02:31:20 - [Item]Trojan[Test] update [1359992]420339 plus [5] s1[SuperFuryGem]s2[SuperFuryGem]
2025-08-03 02:31:20 - [Item]Trojan[Test] update [1359999]490339 plus [4] s1[SuperFuryGem]s2[SuperFuryGem]
2025-08-03 02:31:20 - [Item]Archer[Test] update [1360034]500329 plus [4] s1[SuperFuryGem]s2[SuperFuryGem]
2025-08-03 02:31:20 - [Item]Archer[Test] update [1360036]150249 plus [4] s1[NoSocket]s2[NoSocket]
2025-08-03 02:31:20 - [Item]Archer[Test] update [1360034]500329 plus [4] s1[SuperFuryGem]s2[SuperFuryGem]
2025-08-03 02:31:20 - [Item]Archer[Test] update [1360036]150249 plus [4] s1[NoSocket]s2[NoSocket]
2025-08-03 02:31:29 - [Item]Archer[Test] update [1360034]500329 plus [4] s1[SuperFuryGem]s2[SuperFuryGem]
2025-08-03 02:31:29 - [Item]Archer[Test] update [1360036]150249 plus [4] s1[NoSocket]s2[NoSocket]
2025-08-03 02:32:28 - [Item]Trojan[Test] update [1420271]150249 plus [4] s1[NoSocket]s2[NoSocket]
2025-08-03 02:32:28 - [Item]Trojan[Test] update [1359992]420339 plus [5] s1[SuperFuryGem]s2[SuperFuryGem]
2025-08-03 02:32:28 - [Item]Trojan[Test] update [1359999]490339 plus [4] s1[SuperFuryGem]s2[SuperFuryGem]
2025-08-03 02:32:31 - [Item]Trojan[Test] update [1420271]150249 plus [4] s1[NoSocket]s2[NoSocket]
2025-08-03 02:32:31 - [Item]Trojan[Test] update [1359992]420339 plus [5] s1[SuperFuryGem]s2[SuperFuryGem]
2025-08-03 02:32:31 - [Item]Trojan[Test] update [1359999]490339 plus [4] s1[SuperFuryGem]s2[SuperFuryGem]
2025-08-03 02:32:32 - [Item]Archer[Test] update [1360034]500329 plus [4] s1[SuperFuryGem]s2[SuperFuryGem]
2025-08-03 02:32:32 - [Item]Archer[Test] update [1360036]150249 plus [4] s1[NoSocket]s2[NoSocket]
2025-08-03 02:32:37 - [Item]Trojan[Test] update [1420271]150249 plus [4] s1[NoSocket]s2[NoSocket]
2025-08-03 02:32:37 - [Item]Trojan[Test] update [1359992]420339 plus [5] s1[SuperFuryGem]s2[SuperFuryGem]
2025-08-03 02:32:37 - [Item]Trojan[Test] update [1359999]490339 plus [4] s1[SuperFuryGem]s2[SuperFuryGem]
2025-08-03 02:32:59 - [Item]Trojan[Test] update [1420271]150249 plus [4] s1[NoSocket]s2[NoSocket]
2025-08-03 02:32:59 - [Item]Trojan[Test] update [1359992]420339 plus [5] s1[SuperFuryGem]s2[SuperFuryGem]
2025-08-03 02:32:59 - [Item]Trojan[Test] update [1359999]490339 plus [4] s1[SuperFuryGem]s2[SuperFuryGem]
2025-08-03 02:33:19 - [Item]Trojan[Test] update [1420271]150249 plus [4] s1[NoSocket]s2[NoSocket]
2025-08-03 02:33:19 - [Item]Trojan[Test] update [1359992]420339 plus [5] s1[SuperFuryGem]s2[SuperFuryGem]
2025-08-03 02:33:19 - [Item]Trojan[Test] update [1359999]490339 plus [4] s1[SuperFuryGem]s2[SuperFuryGem]
2025-08-03 02:33:27 - [Item]Trojan[Test] update [1420271]150249 plus [4] s1[NoSocket]s2[NoSocket]
2025-08-03 02:33:27 - [Item]Trojan[Test] update [1359992]420339 plus [5] s1[SuperFuryGem]s2[SuperFuryGem]
2025-08-03 02:33:27 - [Item]Trojan[Test] update [1359999]490339 plus [4] s1[SuperFuryGem]s2[SuperFuryGem]
2025-08-03 02:33:53 - [Item]Trojan[Test] update [1420271]150249 plus [4] s1[NoSocket]s2[NoSocket]
2025-08-03 02:33:53 - [Item]Trojan[Test] update [1359992]420339 plus [5] s1[SuperFuryGem]s2[SuperFuryGem]
2025-08-03 02:33:53 - [Item]Trojan[Test] update [1359999]490339 plus [4] s1[SuperFuryGem]s2[SuperFuryGem]
2025-08-03 02:34:23 - [Item]Trojan[Test] update [1420271]150249 plus [4] s1[NoSocket]s2[NoSocket]
2025-08-03 02:34:23 - [Item]Trojan[Test] update [1359992]420339 plus [5] s1[SuperFuryGem]s2[SuperFuryGem]
2025-08-03 02:34:23 - [Item]Trojan[Test] update [1359999]490339 plus [4] s1[SuperFuryGem]s2[SuperFuryGem]
2025-08-03 02:34:36 - [Item]Archer[Test] update [1360034]500329 plus [4] s1[SuperFuryGem]s2[SuperFuryGem]
2025-08-03 02:34:36 - [Item]Archer[Test] update [1360036]150249 plus [4] s1[NoSocket]s2[NoSocket]
2025-08-03 02:34:46 - [Item]Trojan[Test] update [1420271]150249 plus [4] s1[NoSocket]s2[NoSocket]
2025-08-03 02:34:46 - [Item]Trojan[Test] update [1359992]420339 plus [5] s1[SuperFuryGem]s2[SuperFuryGem]
2025-08-03 02:34:46 - [Item]Trojan[Test] update [1359999]490339 plus [4] s1[SuperFuryGem]s2[SuperFuryGem]
2025-08-03 02:36:03 - [Item]Archer[Test] update [1360034]500329 plus [4] s1[SuperFuryGem]s2[SuperFuryGem]
2025-08-03 02:36:03 - [Item]Archer[Test] update [1360036]150249 plus [4] s1[NoSocket]s2[NoSocket]
2025-08-03 02:36:27 - [Item]Trojan[Test] update [1420271]150249 plus [4] s1[NoSocket]s2[NoSocket]
2025-08-03 02:36:27 - [Item]Trojan[Test] update [1359992]420339 plus [5] s1[SuperFuryGem]s2[SuperFuryGem]
2025-08-03 02:36:27 - [Item]Trojan[Test] update [1359999]490339 plus [4] s1[SuperFuryGem]s2[SuperFuryGem]
2025-08-03 02:38:02 - [Item]Trojan[Test] update [1420271]150249 plus [4] s1[NoSocket]s2[NoSocket]
2025-08-03 02:38:02 - [Item]Trojan[Test] update [1359992]420339 plus [5] s1[SuperFuryGem]s2[SuperFuryGem]
2025-08-03 02:38:02 - [Item]Trojan[Test] update [1359999]490339 plus [4] s1[SuperFuryGem]s2[SuperFuryGem]
2025-08-03 02:38:05 - [Item]Archer[Test] update [1360034]500329 plus [4] s1[SuperFuryGem]s2[SuperFuryGem]
2025-08-03 02:38:05 - [Item]Archer[Test] update [1360036]150249 plus [4] s1[NoSocket]s2[NoSocket]
2025-08-03 02:38:16 - [Item]Trojan[Test] update [1420271]150249 plus [4] s1[NoSocket]s2[NoSocket]
2025-08-03 02:38:16 - [Item]Trojan[Test] update [1359992]420339 plus [5] s1[SuperFuryGem]s2[SuperFuryGem]
2025-08-03 02:38:16 - [Item]Trojan[Test] update [1359999]490339 plus [4] s1[SuperFuryGem]s2[SuperFuryGem]
2025-08-03 02:38:24 - [Item]Archer[Test] update [1360034]500329 plus [4] s1[SuperFuryGem]s2[SuperFuryGem]
2025-08-03 02:38:24 - [Item]Archer[Test] update [1360036]150249 plus [4] s1[NoSocket]s2[NoSocket]
2025-08-03 02:38:33 - [Item]Trojan[Test] update [1420271]150249 plus [4] s1[NoSocket]s2[NoSocket]
2025-08-03 02:38:33 - [Item]Trojan[Test] update [1359992]420339 plus [5] s1[SuperFuryGem]s2[SuperFuryGem]
2025-08-03 02:38:33 - [Item]Trojan[Test] update [1359999]490339 plus [4] s1[SuperFuryGem]s2[SuperFuryGem]
2025-08-03 02:38:34 - [Item]Archer[Test] update [1360034]500329 plus [4] s1[SuperFuryGem]s2[SuperFuryGem]
2025-08-03 02:38:34 - [Item]Archer[Test] update [1360036]150249 plus [4] s1[NoSocket]s2[NoSocket]
2025-08-03 02:38:44 - [Item]Archer[Test] update [1360034]500329 plus [4] s1[SuperFuryGem]s2[SuperFuryGem]
2025-08-03 02:38:44 - [Item]Archer[Test] update [1360036]150249 plus [4] s1[NoSocket]s2[NoSocket]
2025-08-03 02:38:46 - [Item]Trojan[Test] update [1420271]150249 plus [4] s1[NoSocket]s2[NoSocket]
2025-08-03 02:38:46 - [Item]Trojan[Test] update [1359992]420339 plus [5] s1[SuperFuryGem]s2[SuperFuryGem]
2025-08-03 02:38:46 - [Item]Trojan[Test] update [1359999]490339 plus [4] s1[SuperFuryGem]s2[SuperFuryGem]
2025-08-03 02:39:04 - [Item]Trojan[Test] update [1420271]150249 plus [4] s1[NoSocket]s2[NoSocket]
2025-08-03 02:39:04 - [Item]Trojan[Test] update [1359992]420339 plus [5] s1[SuperFuryGem]s2[SuperFuryGem]
2025-08-03 02:39:04 - [Item]Trojan[Test] update [1359999]490339 plus [4] s1[SuperFuryGem]s2[SuperFuryGem]
2025-08-03 02:39:05 - [Item]Trojan[Test] update [1420271]150249 plus [4] s1[NoSocket]s2[NoSocket]
2025-08-03 02:39:05 - [Item]Trojan[Test] update [1359992]420339 plus [5] s1[SuperFuryGem]s2[SuperFuryGem]
2025-08-03 02:39:05 - [Item]Trojan[Test] update [1359999]490339 plus [4] s1[SuperFuryGem]s2[SuperFuryGem]
2025-08-03 02:39:07 - [Item]Archer[Test] update [1360034]500329 plus [4] s1[SuperFuryGem]s2[SuperFuryGem]
2025-08-03 02:39:07 - [Item]Archer[Test] update [1360036]150249 plus [4] s1[NoSocket]s2[NoSocket]
2025-08-03 02:39:24 - [Item]Archer[Test] update [1360034]500329 plus [4] s1[SuperFuryGem]s2[SuperFuryGem]
2025-08-03 02:39:24 - [Item]Archer[Test] update [1360036]150249 plus [4] s1[NoSocket]s2[NoSocket]
2025-08-03 02:39:36 - [Item]Trojan[Test] update [1420271]150249 plus [4] s1[NoSocket]s2[NoSocket]
2025-08-03 02:39:36 - [Item]Trojan[Test] update [1359992]420339 plus [5] s1[SuperFuryGem]s2[SuperFuryGem]
2025-08-03 02:39:36 - [Item]Trojan[Test] update [1359999]490339 plus [4] s1[SuperFuryGem]s2[SuperFuryGem]
2025-08-03 02:40:25 - [Item]Trojan[Test] update [1420271]150249 plus [4] s1[NoSocket]s2[NoSocket]
2025-08-03 02:40:25 - [Item]Trojan[Test] update [1359992]420339 plus [5] s1[SuperFuryGem]s2[SuperFuryGem]
2025-08-03 02:40:25 - [Item]Trojan[Test] update [1359999]490339 plus [4] s1[SuperFuryGem]s2[SuperFuryGem]
2025-08-03 02:40:30 - [Item]Trojan[Test] update [1420271]150249 plus [4] s1[NoSocket]s2[NoSocket]
2025-08-03 02:40:30 - [Item]Trojan[Test] update [1359992]420339 plus [5] s1[SuperFuryGem]s2[SuperFuryGem]
2025-08-03 02:40:30 - [Item]Trojan[Test] update [1359999]490339 plus [4] s1[SuperFuryGem]s2[SuperFuryGem]
2025-08-03 02:40:46 - [Item]Archer[Test] update [1360034]500329 plus [4] s1[SuperFuryGem]s2[SuperFuryGem]
2025-08-03 02:40:46 - [Item]Archer[Test] update [1360036]150249 plus [4] s1[NoSocket]s2[NoSocket]
2025-08-03 02:40:55 - [Item]Archer[Test] update [1360034]500329 plus [4] s1[SuperFuryGem]s2[SuperFuryGem]
2025-08-03 02:40:55 - [Item]Archer[Test] update [1360036]150249 plus [4] s1[NoSocket]s2[NoSocket]
2025-08-03 02:41:07 - [Item]Trojan[Test] update [1420271]150249 plus [4] s1[NoSocket]s2[NoSocket]
2025-08-03 02:41:07 - [Item]Trojan[Test] update [1359992]420339 plus [5] s1[SuperFuryGem]s2[SuperFuryGem]
2025-08-03 02:41:07 - [Item]Trojan[Test] update [1359999]490339 plus [4] s1[SuperFuryGem]s2[SuperFuryGem]
2025-08-03 02:41:32 - [Item]Trojan[Test] update [1420271]150249 plus [4] s1[NoSocket]s2[NoSocket]
2025-08-03 02:41:32 - [Item]Trojan[Test] update [1359992]420339 plus [5] s1[SuperFuryGem]s2[SuperFuryGem]
2025-08-03 02:41:32 - [Item]Trojan[Test] update [1359999]490339 plus [4] s1[SuperFuryGem]s2[SuperFuryGem]
2025-08-03 02:43:02 - [Item]Trojan[Test] update [1420271]150249 plus [4] s1[NoSocket]s2[NoSocket]
2025-08-03 02:43:02 - [Item]Trojan[Test] update [1359992]420339 plus [5] s1[SuperFuryGem]s2[SuperFuryGem]
2025-08-03 02:43:02 - [Item]Trojan[Test] update [1359999]490339 plus [4] s1[SuperFuryGem]s2[SuperFuryGem]
2025-08-03 02:43:05 - [Item]Trojan[Test] update [1420271]150249 plus [4] s1[NoSocket]s2[NoSocket]
2025-08-03 02:43:05 - [Item]Trojan[Test] update [1359992]420339 plus [5] s1[SuperFuryGem]s2[SuperFuryGem]
2025-08-03 02:43:05 - [Item]Trojan[Test] update [1359999]490339 plus [4] s1[SuperFuryGem]s2[SuperFuryGem]
2025-08-03 02:47:35 - [Item]Archer[Test] update [1359978]1050002 plus [0] s1[NoSocket]s2[NoSocket]
2025-08-03 02:51:15 - [Item]Trojan[Test] update [1360043]1001020 plus [0] s1[NoSocket]s2[NoSocket]
2025-08-03 02:51:15 - [Item]Trojan[Test] update [1360043]1001020 plus [0] s1[NoSocket]s2[NoSocket]
2025-08-03 02:51:15 - [Item]Trojan[Test] update [1360043]1001020 plus [0] s1[NoSocket]s2[NoSocket]
2025-08-03 02:51:15 - [Item]Trojan[Test] update [1360043]1001020 plus [0] s1[NoSocket]s2[NoSocket]
2025-08-03 02:51:15 - [Item]Trojan[Test] update [1360044]1001020 plus [0] s1[NoSocket]s2[NoSocket]
2025-08-03 02:51:15 - [Item]Trojan[Test] update [1360044]1001020 plus [0] s1[NoSocket]s2[NoSocket]
2025-08-03 02:51:16 - [Item]Trojan[Test] update [1360043]1001020 plus [0] s1[NoSocket]s2[NoSocket]
2025-08-03 02:51:17 - [Item]Trojan[Test] update [1360043]1001020 plus [0] s1[NoSocket]s2[NoSocket]
2025-08-03 02:51:18 - [Item]Trojan[Test] update [1360043]1001020 plus [0] s1[NoSocket]s2[NoSocket]
2025-08-03 02:51:29 - [Item]Trojan[Test] update [1360043]1001020 plus [0] s1[NoSocket]s2[NoSocket]
2025-08-03 02:53:14 - [Item]Trojan[Test] update [1360044]1001020 plus [0] s1[NoSocket]s2[NoSocket]
2025-08-03 02:53:15 - [Item]Trojan[Test] update [1360044]1001020 plus [0] s1[NoSocket]s2[NoSocket]
2025-08-03 03:13:15 - [Item]Trojan[Test] update [1583665]360397 plus [0] s1[NoSocket]s2[NoSocket]
2025-08-03 03:13:18 - [Item]Trojan[Test] update [1555483]360397 plus [0] s1[NoSocket]s2[NoSocket]
2025-08-03 03:17:25 - [Item]Archer[Test] update [1360060]1002050 plus [0] s1[NoSocket]s2[NoSocket]
2025-08-03 03:17:25 - [Item]Archer[Test] update [1360060]1002050 plus [0] s1[NoSocket]s2[NoSocket]
2025-08-03 03:17:25 - [Item]Archer[Test] update [1360060]1002050 plus [0] s1[NoSocket]s2[NoSocket]
2025-08-03 03:17:25 - [Item]Archer[Test] update [1360060]1002050 plus [0] s1[NoSocket]s2[NoSocket]
2025-08-03 03:17:25 - [Item]Archer[Test] update [1360061]1002050 plus [0] s1[NoSocket]s2[NoSocket]
2025-08-03 03:17:25 - [Item]Archer[Test] update [1360061]1002050 plus [0] s1[NoSocket]s2[NoSocket]
2025-08-03 03:17:25 - [Item]Archer[Test] update [1360061]1002050 plus [0] s1[NoSocket]s2[NoSocket]
2025-08-03 03:17:25 - [Item]Archer[Test] update [1360061]1002050 plus [0] s1[NoSocket]s2[NoSocket]
2025-08-03 03:17:25 - [Item]Archer[Test] update [1360062]1002050 plus [0] s1[NoSocket]s2[NoSocket]
2025-08-03 03:17:25 - [Item]Archer[Test] update [1360062]1002050 plus [0] s1[NoSocket]s2[NoSocket]
2025-08-03 03:17:25 - [Item]Archer[Test] update [1360062]1002050 plus [0] s1[NoSocket]s2[NoSocket]
2025-08-03 03:17:25 - [Item]Archer[Test] update [1360062]1002050 plus [0] s1[NoSocket]s2[NoSocket]
2025-08-03 03:17:25 - [Item]Archer[Test] update [1360063]1002050 plus [0] s1[NoSocket]s2[NoSocket]
2025-08-03 03:17:25 - [Item]Archer[Test] update [1360063]1002050 plus [0] s1[NoSocket]s2[NoSocket]
2025-08-03 03:17:25 - [Item]Archer[Test] update [1360063]1002050 plus [0] s1[NoSocket]s2[NoSocket]
2025-08-03 03:17:25 - [Item]Archer[Test] update [1360063]1002050 plus [0] s1[NoSocket]s2[NoSocket]
2025-08-03 03:17:25 - [Item]Archer[Test] update [1360064]1002050 plus [0] s1[NoSocket]s2[NoSocket]
2025-08-03 03:17:25 - [Item]Archer[Test] update [1360064]1002050 plus [0] s1[NoSocket]s2[NoSocket]
2025-08-03 03:17:25 - [Item]Archer[Test] update [1360064]1002050 plus [0] s1[NoSocket]s2[NoSocket]
2025-08-03 03:17:25 - [Item]Archer[Test] update [1360064]1002050 plus [0] s1[NoSocket]s2[NoSocket]
2025-08-03 03:17:25 - [Item]Archer[Test] update [1360065]1002050 plus [0] s1[NoSocket]s2[NoSocket]
2025-08-03 03:17:25 - [Item]Archer[Test] update [1360065]1002050 plus [0] s1[NoSocket]s2[NoSocket]
2025-08-03 03:17:25 - [Item]Archer[Test] update [1360065]1002050 plus [0] s1[NoSocket]s2[NoSocket]
2025-08-03 03:17:25 - [Item]Archer[Test] update [1360065]1002050 plus [0] s1[NoSocket]s2[NoSocket]
2025-08-03 03:17:25 - [Item]Archer[Test] update [1360066]1002050 plus [0] s1[NoSocket]s2[NoSocket]
2025-08-03 03:17:25 - [Item]Archer[Test] update [1360066]1002050 plus [0] s1[NoSocket]s2[NoSocket]
2025-08-03 03:17:25 - [Item]Archer[Test] update [1360066]1002050 plus [0] s1[NoSocket]s2[NoSocket]
2025-08-03 03:17:25 - [Item]Archer[Test] update [1360066]1002050 plus [0] s1[NoSocket]s2[NoSocket]
2025-08-03 03:17:25 - [Item]Archer[Test] update [1360067]1002050 plus [0] s1[NoSocket]s2[NoSocket]
2025-08-03 03:17:25 - [Item]Archer[Test] update [1360067]1002050 plus [0] s1[NoSocket]s2[NoSocket]
2025-08-03 03:17:25 - [Item]Archer[Test] update [1360067]1002050 plus [0] s1[NoSocket]s2[NoSocket]
2025-08-03 03:17:25 - [Item]Archer[Test] update [1360067]1002050 plus [0] s1[NoSocket]s2[NoSocket]
2025-08-03 03:17:25 - [Item]Archer[Test] update [1360068]1002050 plus [0] s1[NoSocket]s2[NoSocket]
2025-08-03 03:17:25 - [Item]Archer[Test] update [1360068]1002050 plus [0] s1[NoSocket]s2[NoSocket]
2025-08-03 03:17:25 - [Item]Archer[Test] update [1360068]1002050 plus [0] s1[NoSocket]s2[NoSocket]
2025-08-03 03:17:25 - [Item]Archer[Test] update [1360068]1002050 plus [0] s1[NoSocket]s2[NoSocket]
2025-08-03 03:17:25 - [Item]Archer[Test] update [1360069]1002050 plus [0] s1[NoSocket]s2[NoSocket]
2025-08-03 03:17:25 - [Item]Archer[Test] update [1360069]1002050 plus [0] s1[NoSocket]s2[NoSocket]
2025-08-03 03:17:25 - [Item]Archer[Test] update [1360069]1002050 plus [0] s1[NoSocket]s2[NoSocket]
2025-08-03 03:17:25 - [Item]Archer[Test] update [1360069]1002050 plus [0] s1[NoSocket]s2[NoSocket]
2025-08-03 03:17:25 - [Item]Archer[Test] update [1360070]1002050 plus [0] s1[NoSocket]s2[NoSocket]
2025-08-03 03:17:25 - [Item]Archer[Test] update [1360070]1002050 plus [0] s1[NoSocket]s2[NoSocket]
2025-08-03 03:17:25 - [Item]Archer[Test] update [1360070]1002050 plus [0] s1[NoSocket]s2[NoSocket]
2025-08-03 03:17:25 - [Item]Archer[Test] update [1360070]1002050 plus [0] s1[NoSocket]s2[NoSocket]
2025-08-03 03:17:25 - [Item]Archer[Test] update [1360071]1002050 plus [0] s1[NoSocket]s2[NoSocket]
2025-08-03 03:17:25 - [Item]Archer[Test] update [1360071]1002050 plus [0] s1[NoSocket]s2[NoSocket]
2025-08-03 03:17:25 - [Item]Archer[Test] update [1360071]1002050 plus [0] s1[NoSocket]s2[NoSocket]
2025-08-03 03:17:25 - [Item]Archer[Test] update [1360071]1002050 plus [0] s1[NoSocket]s2[NoSocket]
2025-08-03 03:17:25 - [Item]Archer[Test] update [1360072]1002050 plus [0] s1[NoSocket]s2[NoSocket]
2025-08-03 03:17:25 - [Item]Archer[Test] update [1360072]1002050 plus [0] s1[NoSocket]s2[NoSocket]
2025-08-03 03:17:25 - [Item]Archer[Test] update [1360072]1002050 plus [0] s1[NoSocket]s2[NoSocket]
2025-08-03 03:17:25 - [Item]Archer[Test] update [1360072]1002050 plus [0] s1[NoSocket]s2[NoSocket]
2025-08-03 03:17:25 - [Item]Archer[Test] update [1360073]1002050 plus [0] s1[NoSocket]s2[NoSocket]
2025-08-03 03:17:25 - [Item]Archer[Test] update [1360073]1002050 plus [0] s1[NoSocket]s2[NoSocket]
2025-08-03 03:17:25 - [Item]Archer[Test] update [1360073]1002050 plus [0] s1[NoSocket]s2[NoSocket]
2025-08-03 03:17:25 - [Item]Archer[Test] update [1360073]1002050 plus [0] s1[NoSocket]s2[NoSocket]
2025-08-03 03:17:25 - [Item]Archer[Test] update [1360074]1002050 plus [0] s1[NoSocket]s2[NoSocket]
2025-08-03 03:17:25 - [Item]Archer[Test] update [1360074]1002050 plus [0] s1[NoSocket]s2[NoSocket]
2025-08-03 03:17:25 - [Item]Archer[Test] update [1360074]1002050 plus [0] s1[NoSocket]s2[NoSocket]
2025-08-03 03:17:25 - [Item]Archer[Test] update [1360074]1002050 plus [0] s1[NoSocket]s2[NoSocket]
2025-08-03 03:17:25 - [Item]Archer[Test] update [1360075]1002050 plus [0] s1[NoSocket]s2[NoSocket]
2025-08-03 03:17:25 - [Item]Archer[Test] update [1360075]1002050 plus [0] s1[NoSocket]s2[NoSocket]
2025-08-03 03:17:25 - [Item]Archer[Test] update [1360075]1002050 plus [0] s1[NoSocket]s2[NoSocket]
2025-08-03 03:17:25 - [Item]Archer[Test] update [1360075]1002050 plus [0] s1[NoSocket]s2[NoSocket]
2025-08-03 03:17:25 - [Item]Archer[Test] update [1360076]1002050 plus [0] s1[NoSocket]s2[NoSocket]
2025-08-03 03:17:25 - [Item]Archer[Test] update [1360076]1002050 plus [0] s1[NoSocket]s2[NoSocket]
2025-08-03 03:17:25 - [Item]Archer[Test] update [1360076]1002050 plus [0] s1[NoSocket]s2[NoSocket]
2025-08-03 03:17:25 - [Item]Archer[Test] update [1360076]1002050 plus [0] s1[NoSocket]s2[NoSocket]
2025-08-03 03:17:25 - [Item]Archer[Test] update [1360077]1002050 plus [0] s1[NoSocket]s2[NoSocket]
2025-08-03 03:17:25 - [Item]Archer[Test] update [1360077]1002050 plus [0] s1[NoSocket]s2[NoSocket]
2025-08-03 03:17:25 - [Item]Archer[Test] update [1360077]1002050 plus [0] s1[NoSocket]s2[NoSocket]
2025-08-03 03:17:25 - [Item]Archer[Test] update [1360077]1002050 plus [0] s1[NoSocket]s2[NoSocket]
2025-08-03 03:17:25 - [Item]Archer[Test] update [1360078]1002050 plus [0] s1[NoSocket]s2[NoSocket]
2025-08-03 03:17:25 - [Item]Archer[Test] update [1360078]1002050 plus [0] s1[NoSocket]s2[NoSocket]
2025-08-03 03:17:25 - [Item]Archer[Test] update [1360078]1002050 plus [0] s1[NoSocket]s2[NoSocket]
2025-08-03 03:17:25 - [Item]Archer[Test] update [1360078]1002050 plus [0] s1[NoSocket]s2[NoSocket]
2025-08-03 03:17:25 - [Item]Archer[Test] update [1360079]1002050 plus [0] s1[NoSocket]s2[NoSocket]
2025-08-03 03:17:25 - [Item]Archer[Test] update [1360079]1002050 plus [0] s1[NoSocket]s2[NoSocket]
2025-08-03 03:17:25 - [Item]Archer[Test] update [1360079]1002050 plus [0] s1[NoSocket]s2[NoSocket]
2025-08-03 03:17:25 - [Item]Archer[Test] update [1360079]1002050 plus [0] s1[NoSocket]s2[NoSocket]
2025-08-03 03:17:25 - [Item]Archer[Test] update [1360080]1002050 plus [0] s1[NoSocket]s2[NoSocket]
2025-08-03 03:17:25 - [Item]Archer[Test] update [1360080]1002050 plus [0] s1[NoSocket]s2[NoSocket]
2025-08-03 03:17:25 - [Item]Archer[Test] update [1360080]1002050 plus [0] s1[NoSocket]s2[NoSocket]
2025-08-03 03:17:25 - [Item]Archer[Test] update [1360080]1002050 plus [0] s1[NoSocket]s2[NoSocket]
2025-08-03 03:17:25 - [Item]Archer[Test] update [1360081]1002050 plus [0] s1[NoSocket]s2[NoSocket]
2025-08-03 03:17:25 - [Item]Archer[Test] update [1360081]1002050 plus [0] s1[NoSocket]s2[NoSocket]
2025-08-03 03:17:25 - [Item]Archer[Test] update [1360081]1002050 plus [0] s1[NoSocket]s2[NoSocket]
2025-08-03 03:17:25 - [Item]Archer[Test] update [1360081]1002050 plus [0] s1[NoSocket]s2[NoSocket]
2025-08-03 03:17:25 - [Item]Archer[Test] update [1360082]1002050 plus [0] s1[NoSocket]s2[NoSocket]
2025-08-03 03:17:25 - [Item]Archer[Test] update [1360082]1002050 plus [0] s1[NoSocket]s2[NoSocket]
2025-08-03 03:17:25 - [Item]Archer[Test] update [1360082]1002050 plus [0] s1[NoSocket]s2[NoSocket]
2025-08-03 03:17:25 - [Item]Archer[Test] update [1360082]1002050 plus [0] s1[NoSocket]s2[NoSocket]
2025-08-03 03:17:25 - [Item]Archer[Test] update [1360083]1002050 plus [0] s1[NoSocket]s2[NoSocket]
2025-08-03 03:17:25 - [Item]Archer[Test] update [1360083]1002050 plus [0] s1[NoSocket]s2[NoSocket]
2025-08-03 03:17:25 - [Item]Archer[Test] update [1360083]1002050 plus [0] s1[NoSocket]s2[NoSocket]
2025-08-03 03:17:25 - [Item]Archer[Test] update [1360083]1002050 plus [0] s1[NoSocket]s2[NoSocket]
2025-08-03 03:17:43 - [Item]Archer[Test] update [1360060]1002050 plus [0] s1[NoSocket]s2[NoSocket]
2025-08-03 03:17:59 - [Item]Archer[Test] update [1360060]1002050 plus [0] s1[NoSocket]s2[NoSocket]
2025-08-03 03:18:01 - [Item]Archer[Test] update [1360060]1002050 plus [0] s1[NoSocket]s2[NoSocket]
2025-08-03 03:18:01 - [Item]Archer[Test] update [1360060]1002050 plus [0] s1[NoSocket]s2[NoSocket]
2025-08-03 03:18:18 - [Item]Trojan[Test] update [1555483]360397 plus [0] s1[NoSocket]s2[NoSocket]
2025-08-03 03:18:19 - [Item]Trojan[Test] update [1583665]360397 plus [0] s1[NoSocket]s2[NoSocket]
2025-08-03 03:21:29 - [Item]Archer[Test] update [1360061]1002050 plus [0] s1[NoSocket]s2[NoSocket]
2025-08-03 03:21:31 - [Item]Archer[Test] update [1360061]1002050 plus [0] s1[NoSocket]s2[NoSocket]
2025-08-03 03:21:32 - [Item]Archer[Test] update [1360061]1002050 plus [0] s1[NoSocket]s2[NoSocket]
2025-08-03 03:21:34 - [Item]Archer[Test] update [1360061]1002050 plus [0] s1[NoSocket]s2[NoSocket]
2025-08-03 03:21:35 - [Item]Archer[Test] update [1360062]1002050 plus [0] s1[NoSocket]s2[NoSocket]
2025-08-03 03:21:37 - [Item]Archer[Test] update [1360062]1002050 plus [0] s1[NoSocket]s2[NoSocket]
2025-08-03 03:21:38 - [Item]Archer[Test] update [1360062]1002050 plus [0] s1[NoSocket]s2[NoSocket]
2025-08-03 03:22:36 - [Item]Trojan[Test] update [1359992]420339 plus [5] s1[SuperFuryGem]s2[SuperFuryGem]
2025-08-03 03:23:44 - [Item]Trojan[Test] update [1585086]130109 plus [4] s1[EmptySocket]s2[NoSocket]
2025-08-03 03:23:46 - [Item]Trojan[Test] update [1585086]130109 plus [4] s1[SuperFuryGem]s2[NoSocket]
2025-08-03 03:23:47 - [Item]Trojan[Test] update [1585086]130109 plus [4] s1[SuperFuryGem]s2[NoSocket]
2025-08-03 03:23:54 - [Item]Trojan[Test] update [1359992]420339 plus [5] s1[SuperFuryGem]s2[EmptySocket]
2025-08-03 03:23:56 - [Item]Trojan[Test] update [1359992]420339 plus [5] s1[EmptySocket]s2[EmptySocket]
2025-08-03 03:23:59 - [Item]Trojan[Test] update [1359992]420339 plus [5] s1[SuperDragonGem]s2[EmptySocket]
2025-08-03 03:23:59 - [Item]Trojan[Test] update [1359992]420339 plus [5] s1[SuperDragonGem]s2[SuperDragonGem]
2025-08-03 03:24:02 - [Item]Trojan[Test] update [1359992]420339 plus [5] s1[SuperDragonGem]s2[SuperDragonGem]
2025-08-03 03:24:29 - [Item]Trojan[Test] update [1583665]360397 plus [0] s1[NoSocket]s2[NoSocket]
2025-08-03 03:24:31 - [Item]Trojan[Test] update [1555483]360397 plus [0] s1[NoSocket]s2[NoSocket]
2025-08-03 03:26:10 - [Item]Trojan[Test] update [1420271]150249 plus [4] s1[NoSocket]s2[NoSocket]
2025-08-03 03:26:10 - [Item]Trojan[Test] update [1359992]420339 plus [5] s1[SuperDragonGem]s2[SuperDragonGem]
2025-08-03 03:26:10 - [Item]Trojan[Test] update [1359999]490339 plus [4] s1[SuperFuryGem]s2[SuperFuryGem]
2025-08-03 03:27:10 - [Item]Trojan[Test] update [1420271]150249 plus [4] s1[NoSocket]s2[NoSocket]
2025-08-03 03:27:10 - [Item]Trojan[Test] update [1359992]420339 plus [5] s1[SuperDragonGem]s2[SuperDragonGem]
2025-08-03 03:27:10 - [Item]Trojan[Test] update [1359999]490339 plus [4] s1[SuperFuryGem]s2[SuperFuryGem]
2025-08-03 03:27:32 - [Item]Trojan[Test] update [1420271]150249 plus [4] s1[NoSocket]s2[NoSocket]
2025-08-03 03:27:32 - [Item]Trojan[Test] update [1359992]420339 plus [5] s1[SuperDragonGem]s2[SuperDragonGem]
2025-08-03 03:27:32 - [Item]Trojan[Test] update [1359999]490339 plus [4] s1[SuperFuryGem]s2[SuperFuryGem]
2025-08-03 03:27:48 - [Item]Trojan[Test] update [1420271]150249 plus [4] s1[NoSocket]s2[NoSocket]
2025-08-03 03:27:48 - [Item]Trojan[Test] update [1359992]420339 plus [5] s1[SuperDragonGem]s2[SuperDragonGem]
2025-08-03 03:27:48 - [Item]Trojan[Test] update [1359999]490339 plus [4] s1[SuperFuryGem]s2[SuperFuryGem]
2025-08-03 03:28:28 - [Item]Trojan[Test] update [1420271]150249 plus [4] s1[NoSocket]s2[NoSocket]
2025-08-03 03:28:28 - [Item]Trojan[Test] update [1359992]420339 plus [5] s1[SuperDragonGem]s2[SuperDragonGem]
2025-08-03 03:28:28 - [Item]Trojan[Test] update [1359999]490339 plus [4] s1[SuperFuryGem]s2[SuperFuryGem]
2025-08-03 03:29:03 - [Item]Trojan[Test] update [1420271]150249 plus [4] s1[NoSocket]s2[NoSocket]
2025-08-03 03:29:03 - [Item]Trojan[Test] update [1359992]420339 plus [5] s1[SuperDragonGem]s2[SuperDragonGem]
2025-08-03 03:29:03 - [Item]Trojan[Test] update [1359999]490339 plus [4] s1[SuperFuryGem]s2[SuperFuryGem]
2025-08-03 03:29:10 - [Item]Archer[Test] update [1360063]1002050 plus [0] s1[NoSocket]s2[NoSocket]
2025-08-03 03:29:31 - [Item]Trojan[Test] update [1420271]150249 plus [4] s1[NoSocket]s2[NoSocket]
2025-08-03 03:29:31 - [Item]Trojan[Test] update [1359992]420339 plus [5] s1[SuperDragonGem]s2[SuperDragonGem]
2025-08-03 03:29:31 - [Item]Trojan[Test] update [1359999]490339 plus [4] s1[SuperFuryGem]s2[SuperFuryGem]
2025-08-03 03:31:56 - [Item]Trojan[Test] update [1359999]490339 plus [4] s1[SuperFuryGem]s2[EmptySocket]
2025-08-03 03:31:58 - [Item]Trojan[Test] update [1359999]490339 plus [4] s1[EmptySocket]s2[EmptySocket]
2025-08-03 03:32:08 - [Item]Trojan[Test] update [1359999]490339 plus [4] s1[SuperDragonGem]s2[EmptySocket]
2025-08-03 03:32:08 - [Item]Trojan[Test] update [1359999]490339 plus [4] s1[SuperDragonGem]s2[SuperDragonGem]
2025-08-03 03:32:21 - [Item]Trojan[Test] update [1359999]490339 plus [4] s1[SuperDragonGem]s2[SuperDragonGem]
2025-08-03 03:32:23 - [Item]Trojan[Test] update [1359992]420339 plus [5] s1[SuperDragonGem]s2[SuperDragonGem]
2025-08-03 03:32:26 - [Item]Trojan[Test] update [1585086]130109 plus [4] s1[SuperFuryGem]s2[NoSocket]
2025-08-03 03:32:32 - [Item]Trojan[Test] update [1585086]130109 plus [4] s1[EmptySocket]s2[NoSocket]
2025-08-03 03:32:34 - [Item]Trojan[Test] update [1585086]130109 plus [4] s1[SuperDragonGem]s2[NoSocket]
2025-08-03 03:32:35 - [Item]Trojan[Test] update [1585086]130109 plus [4] s1[SuperDragonGem]s2[NoSocket]
2025-08-03 03:33:32 - [Item]Trojan[Test] update [1420271]150249 plus [4] s1[NoSocket]s2[NoSocket]
2025-08-03 03:33:32 - [Item]Trojan[Test] update [1359992]420339 plus [5] s1[SuperDragonGem]s2[SuperDragonGem]
2025-08-03 03:33:32 - [Item]Trojan[Test] update [1359999]490339 plus [4] s1[SuperDragonGem]s2[SuperDragonGem]
2025-08-03 03:33:36 - [Item]Trojan[Test] update [1420271]150249 plus [4] s1[NoSocket]s2[NoSocket]
2025-08-03 03:33:36 - [Item]Trojan[Test] update [1359992]420339 plus [5] s1[SuperDragonGem]s2[SuperDragonGem]
2025-08-03 03:33:36 - [Item]Trojan[Test] update [1359999]490339 plus [4] s1[SuperDragonGem]s2[SuperDragonGem]
2025-08-03 03:34:05 - [Item]Trojan[Test] update [1583665]360397 plus [0] s1[NoSocket]s2[NoSocket]
2025-08-03 03:34:07 - [Item]Trojan[Test] update [1555483]360397 plus [0] s1[NoSocket]s2[NoSocket]
2025-08-03 03:34:57 - [Item]Trojan[Test] update [1750433]195765 plus [0] s1[NoSocket]s2[NoSocket]
2025-08-03 03:36:08 - [Item]Trojan[Test] update [1555483]360397 plus [0] s1[NoSocket]s2[NoSocket]
2025-08-03 03:36:17 - [Item]Trojan[Test] update [1583665]360397 plus [0] s1[NoSocket]s2[NoSocket]
2025-08-03 03:36:58 - [Item]Trojan[Test] update [1359989]150249 plus [5] s1[SuperDragonGem]s2[SuperDragonGem]
2025-08-03 03:36:58 - [Item]Trojan[Test] update [1359992]420339 plus [5] s1[SuperDragonGem]s2[SuperDragonGem]
2025-08-03 03:36:58 - [Item]Trojan[Test] update [1359993]480339 plus [5] s1[SuperDragonGem]s2[SuperDragonGem]
2025-08-03 03:37:01 - [Item]Trojan[Test] update [1359989]150249 plus [5] s1[SuperDragonGem]s2[SuperDragonGem]
2025-08-03 03:37:01 - [Item]Trojan[Test] update [1359992]420339 plus [5] s1[SuperDragonGem]s2[SuperDragonGem]
2025-08-03 03:37:01 - [Item]Trojan[Test] update [1359993]480339 plus [5] s1[SuperDragonGem]s2[SuperDragonGem]
2025-08-03 03:37:24 - [Item]Trojan[Test] update [1359989]150249 plus [5] s1[SuperDragonGem]s2[SuperDragonGem]
2025-08-03 03:37:24 - [Item]Trojan[Test] update [1359992]420339 plus [5] s1[SuperDragonGem]s2[SuperDragonGem]
2025-08-03 03:37:24 - [Item]Trojan[Test] update [1359993]480339 plus [5] s1[SuperDragonGem]s2[SuperDragonGem]
2025-08-03 03:37:38 - [Item]Trojan[Test] update [1359989]150249 plus [5] s1[SuperDragonGem]s2[SuperDragonGem]
2025-08-03 03:37:38 - [Item]Trojan[Test] update [1359992]420339 plus [5] s1[SuperDragonGem]s2[SuperDragonGem]
2025-08-03 03:37:38 - [Item]Trojan[Test] update [1359993]480339 plus [5] s1[SuperDragonGem]s2[SuperDragonGem]
2025-08-03 03:38:32 - [Item]Trojan[Test] update [1359989]150249 plus [5] s1[SuperDragonGem]s2[SuperDragonGem]
2025-08-03 03:38:32 - [Item]Trojan[Test] update [1359992]420339 plus [5] s1[SuperDragonGem]s2[SuperDragonGem]
2025-08-03 03:38:32 - [Item]Trojan[Test] update [1359993]480339 plus [5] s1[SuperDragonGem]s2[SuperDragonGem]
2025-08-03 03:38:37 - [Item]Trojan[Test] update [1359989]150249 plus [5] s1[SuperDragonGem]s2[SuperDragonGem]
2025-08-03 03:38:37 - [Item]Trojan[Test] update [1359992]420339 plus [5] s1[SuperDragonGem]s2[SuperDragonGem]
2025-08-03 03:38:37 - [Item]Trojan[Test] update [1359993]480339 plus [5] s1[SuperDragonGem]s2[SuperDragonGem]
2025-08-03 03:38:41 - [Item]Trojan[Test] update [1359989]150249 plus [5] s1[SuperDragonGem]s2[SuperDragonGem]
2025-08-03 03:38:41 - [Item]Trojan[Test] update [1359992]420339 plus [5] s1[SuperDragonGem]s2[SuperDragonGem]
2025-08-03 03:38:41 - [Item]Trojan[Test] update [1359993]480339 plus [5] s1[SuperDragonGem]s2[SuperDragonGem]
2025-08-03 03:39:03 - [Item]Trojan[Test] update [1359989]150249 plus [5] s1[SuperDragonGem]s2[SuperDragonGem]
2025-08-03 03:39:03 - [Item]Trojan[Test] update [1359992]420339 plus [5] s1[SuperDragonGem]s2[SuperDragonGem]
2025-08-03 03:39:03 - [Item]Trojan[Test] update [1359993]480339 plus [5] s1[SuperDragonGem]s2[SuperDragonGem]
2025-08-03 03:39:23 - [Item]Trojan[Test] update [1359989]150249 plus [5] s1[SuperDragonGem]s2[SuperDragonGem]
2025-08-03 03:39:23 - [Item]Trojan[Test] update [1359992]420339 plus [5] s1[SuperDragonGem]s2[SuperDragonGem]
2025-08-03 03:39:23 - [Item]Trojan[Test] update [1359993]480339 plus [5] s1[SuperDragonGem]s2[SuperDragonGem]
2025-08-03 03:39:28 - [Item]Trojan[Test] update [1359989]150249 plus [5] s1[SuperDragonGem]s2[SuperDragonGem]
2025-08-03 03:39:28 - [Item]Trojan[Test] update [1359992]420339 plus [5] s1[SuperDragonGem]s2[SuperDragonGem]
2025-08-03 03:39:28 - [Item]Trojan[Test] update [1359993]480339 plus [5] s1[SuperDragonGem]s2[SuperDragonGem]
2025-08-03 03:39:43 - [Item]Trojan[Test] update [1359989]150249 plus [5] s1[SuperDragonGem]s2[SuperDragonGem]
2025-08-03 03:39:43 - [Item]Trojan[Test] update [1359992]420339 plus [5] s1[SuperDragonGem]s2[SuperDragonGem]
2025-08-03 03:39:43 - [Item]Trojan[Test] update [1359993]480339 plus [5] s1[SuperDragonGem]s2[SuperDragonGem]
2025-08-03 03:40:25 - [Item]Trojan[Test] update [1359989]150249 plus [5] s1[SuperDragonGem]s2[SuperDragonGem]
2025-08-03 03:40:25 - [Item]Trojan[Test] update [1359992]420339 plus [5] s1[SuperDragonGem]s2[SuperDragonGem]
2025-08-03 03:40:25 - [Item]Trojan[Test] update [1359993]480339 plus [5] s1[SuperDragonGem]s2[SuperDragonGem]
2025-08-03 03:40:28 - [Item]Trojan[Test] update [1359989]150249 plus [5] s1[SuperDragonGem]s2[SuperDragonGem]
2025-08-03 03:40:28 - [Item]Trojan[Test] update [1359992]420339 plus [5] s1[SuperDragonGem]s2[SuperDragonGem]
2025-08-03 03:40:28 - [Item]Trojan[Test] update [1359993]480339 plus [5] s1[SuperDragonGem]s2[SuperDragonGem]
2025-08-03 03:40:56 - [Item]Trojan[Test] update [1359989]150249 plus [5] s1[SuperDragonGem]s2[SuperDragonGem]
2025-08-03 03:40:56 - [Item]Trojan[Test] update [1359992]420339 plus [5] s1[SuperDragonGem]s2[SuperDragonGem]
2025-08-03 03:40:56 - [Item]Trojan[Test] update [1359993]480339 plus [5] s1[SuperDragonGem]s2[SuperDragonGem]
2025-08-03 03:41:06 - [Item]Trojan[Test] update [1359989]150249 plus [5] s1[SuperDragonGem]s2[SuperDragonGem]
2025-08-03 03:41:06 - [Item]Trojan[Test] update [1359992]420339 plus [5] s1[SuperDragonGem]s2[SuperDragonGem]
2025-08-03 03:41:06 - [Item]Trojan[Test] update [1359993]480339 plus [5] s1[SuperDragonGem]s2[SuperDragonGem]
2025-08-03 03:41:22 - [Item]Trojan[Test] update [1359989]150249 plus [5] s1[SuperDragonGem]s2[SuperDragonGem]
2025-08-03 03:41:22 - [Item]Trojan[Test] update [1359992]420339 plus [5] s1[SuperDragonGem]s2[SuperDragonGem]
2025-08-03 03:41:22 - [Item]Trojan[Test] update [1359993]480339 plus [5] s1[SuperDragonGem]s2[SuperDragonGem]
2025-08-03 03:44:18 - [Item]Trojan[Test] update [1359989]150249 plus [5] s1[SuperDragonGem]s2[SuperDragonGem]
2025-08-03 03:44:18 - [Item]Trojan[Test] update [1359992]420339 plus [5] s1[SuperDragonGem]s2[SuperDragonGem]
2025-08-03 03:44:18 - [Item]Trojan[Test] update [1359993]480339 plus [5] s1[SuperDragonGem]s2[SuperDragonGem]
2025-08-03 03:48:25 - [Item]Trojan[Test] update [1359989]150249 plus [5] s1[SuperDragonGem]s2[SuperDragonGem]
2025-08-03 03:48:25 - [Item]Trojan[Test] update [1359992]420339 plus [5] s1[SuperDragonGem]s2[SuperDragonGem]
2025-08-03 03:48:25 - [Item]Trojan[Test] update [1359999]490339 plus [4] s1[SuperDragonGem]s2[SuperDragonGem]
2025-08-03 03:48:48 - [Item]Trojan[Test] update [1359989]150249 plus [5] s1[SuperDragonGem]s2[SuperDragonGem]
2025-08-03 03:48:48 - [Item]Trojan[Test] update [1359992]420339 plus [5] s1[SuperDragonGem]s2[SuperDragonGem]
2025-08-03 03:48:48 - [Item]Trojan[Test] update [1359999]490339 plus [4] s1[SuperDragonGem]s2[SuperDragonGem]
2025-08-03 03:49:19 - [Item]Trojan[Test] update [1359989]150249 plus [5] s1[SuperDragonGem]s2[SuperDragonGem]
2025-08-03 03:49:19 - [Item]Trojan[Test] update [1359992]420339 plus [5] s1[SuperDragonGem]s2[SuperDragonGem]
2025-08-03 03:49:19 - [Item]Trojan[Test] update [1359999]490339 plus [4] s1[SuperDragonGem]s2[SuperDragonGem]
2025-08-03 03:49:22 - [Item]Trojan[Test] update [1359989]150249 plus [5] s1[SuperDragonGem]s2[SuperDragonGem]
2025-08-03 03:49:22 - [Item]Trojan[Test] update [1359992]420339 plus [5] s1[SuperDragonGem]s2[SuperDragonGem]
2025-08-03 03:49:22 - [Item]Trojan[Test] update [1359999]490339 plus [4] s1[SuperDragonGem]s2[SuperDragonGem]
2025-08-03 03:49:44 - [Item]Trojan[Test] update [1359989]150249 plus [5] s1[SuperDragonGem]s2[SuperDragonGem]
2025-08-03 03:49:44 - [Item]Trojan[Test] update [1359992]420339 plus [5] s1[SuperDragonGem]s2[SuperDragonGem]
2025-08-03 03:49:44 - [Item]Trojan[Test] update [1359999]490339 plus [4] s1[SuperDragonGem]s2[SuperDragonGem]
2025-08-03 03:50:16 - [Item]Trojan[Test] update [1359989]150249 plus [5] s1[SuperDragonGem]s2[SuperDragonGem]
2025-08-03 03:50:16 - [Item]Trojan[Test] update [1359992]420339 plus [5] s1[SuperDragonGem]s2[SuperDragonGem]
2025-08-03 03:50:16 - [Item]Trojan[Test] update [1359999]490339 plus [4] s1[SuperDragonGem]s2[SuperDragonGem]
2025-08-03 03:50:23 - [Item]Trojan[Test] update [1359989]150249 plus [5] s1[SuperDragonGem]s2[SuperDragonGem]
2025-08-03 03:50:23 - [Item]Trojan[Test] update [1359992]420339 plus [5] s1[SuperDragonGem]s2[SuperDragonGem]
2025-08-03 03:50:23 - [Item]Trojan[Test] update [1359999]490339 plus [4] s1[SuperDragonGem]s2[SuperDragonGem]
2025-08-03 03:59:34 - [Item]Trojan[Test] update [1359999]490339 plus [4] s1[SuperDragonGem]s2[EmptySocket]
2025-08-03 03:59:37 - [Item]Trojan[Test] update [1359999]490339 plus [4] s1[SuperDragonGem]s2[SuperFuryGem]
2025-08-03 03:59:42 - [Item]Trojan[Test] update [1359992]420339 plus [5] s1[SuperDragonGem]s2[EmptySocket]
2025-08-03 03:59:45 - [Item]Trojan[Test] update [1359992]420339 plus [5] s1[SuperDragonGem]s2[SuperFuryGem]
2025-08-03 03:59:53 - [Item]Trojan[Test] update [1585086]130109 plus [4] s1[EmptySocket]s2[NoSocket]
2025-08-03 03:59:55 - [Item]Trojan[Test] update [1585086]130109 plus [4] s1[SuperFuryGem]s2[NoSocket]
2025-08-03 03:59:57 - [Item]Trojan[Test] update [1585086]130109 plus [4] s1[SuperFuryGem]s2[NoSocket]
2025-08-03 03:59:58 - [Item]Trojan[Test] update [1359999]490339 plus [4] s1[SuperDragonGem]s2[SuperFuryGem]
2025-08-03 04:00:02 - [Item]Trojan[Test] update [1359992]420339 plus [5] s1[SuperDragonGem]s2[SuperFuryGem]
2025-08-03 04:11:16 - [Item]Trojan[Test] update [1420271]150249 plus [4] s1[NoSocket]s2[NoSocket]
2025-08-03 04:11:16 - [Item]Trojan[Test] update [1359992]420339 plus [5] s1[SuperDragonGem]s2[SuperFuryGem]
2025-08-03 04:11:16 - [Item]Trojan[Test] update [1359999]490339 plus [4] s1[SuperDragonGem]s2[SuperFuryGem]
2025-08-03 04:11:33 - [Item]Archer[Test] update [1360034]500329 plus [4] s1[SuperFuryGem]s2[SuperFuryGem]
2025-08-03 04:11:33 - [Item]Archer[Test] update [1360036]150249 plus [4] s1[NoSocket]s2[NoSocket]
2025-08-03 04:12:28 - [Item]Archer[Test] update [1360034]500329 plus [4] s1[SuperFuryGem]s2[SuperFuryGem]
2025-08-03 04:12:28 - [Item]Archer[Test] update [1360036]150249 plus [4] s1[NoSocket]s2[NoSocket]
2025-08-03 04:12:52 - [Item]Archer[Test] update [1360034]500329 plus [4] s1[SuperFuryGem]s2[SuperFuryGem]
2025-08-03 04:12:52 - [Item]Archer[Test] update [1360036]150249 plus [4] s1[NoSocket]s2[NoSocket]
2025-08-03 04:13:33 - [Item]Trojan[Test] update [1420271]150249 plus [4] s1[NoSocket]s2[NoSocket]
2025-08-03 04:13:33 - [Item]Trojan[Test] update [1359992]420339 plus [5] s1[SuperDragonGem]s2[SuperFuryGem]
2025-08-03 04:13:33 - [Item]Trojan[Test] update [1359999]490339 plus [4] s1[SuperDragonGem]s2[SuperFuryGem]
2025-08-03 04:13:44 - [Item]Trojan[Test] update [1420271]150249 plus [4] s1[NoSocket]s2[NoSocket]
2025-08-03 04:13:44 - [Item]Trojan[Test] update [1359992]420339 plus [5] s1[SuperDragonGem]s2[SuperFuryGem]
2025-08-03 04:13:44 - [Item]Trojan[Test] update [1359999]490339 plus [4] s1[SuperDragonGem]s2[SuperFuryGem]
2025-08-03 04:14:03 - [Item]Archer[Test] update [1360034]500329 plus [4] s1[SuperFuryGem]s2[SuperFuryGem]
2025-08-03 04:14:03 - [Item]Archer[Test] update [1360036]150249 plus [4] s1[NoSocket]s2[NoSocket]
2025-08-03 04:14:04 - [Item]Archer[Test] update [1360034]500329 plus [4] s1[SuperFuryGem]s2[SuperFuryGem]
2025-08-03 04:14:04 - [Item]Archer[Test] update [1360036]150249 plus [4] s1[NoSocket]s2[NoSocket]
2025-08-03 04:14:08 - [Item]Trojan[Test] update [1420271]150249 plus [4] s1[NoSocket]s2[NoSocket]
2025-08-03 04:14:08 - [Item]Trojan[Test] update [1359992]420339 plus [5] s1[SuperDragonGem]s2[SuperFuryGem]
2025-08-03 04:14:08 - [Item]Trojan[Test] update [1359999]490339 plus [4] s1[SuperDragonGem]s2[SuperFuryGem]
2025-08-03 04:14:10 - [Item]Trojan[Test] update [1420271]150249 plus [4] s1[NoSocket]s2[NoSocket]
2025-08-03 04:14:10 - [Item]Trojan[Test] update [1359992]420339 plus [5] s1[SuperDragonGem]s2[SuperFuryGem]
2025-08-03 04:14:10 - [Item]Trojan[Test] update [1359999]490339 plus [4] s1[SuperDragonGem]s2[SuperFuryGem]
2025-08-03 04:15:32 - [Item]Trojan[Test] update [1420271]150249 plus [4] s1[NoSocket]s2[NoSocket]
2025-08-03 04:15:32 - [Item]Trojan[Test] update [1359992]420339 plus [5] s1[SuperDragonGem]s2[SuperFuryGem]
2025-08-03 04:15:32 - [Item]Trojan[Test] update [1359999]490339 plus [4] s1[SuperDragonGem]s2[SuperFuryGem]
2025-08-03 04:15:47 - [Item]Archer[Test] update [1360034]500329 plus [4] s1[SuperFuryGem]s2[SuperFuryGem]
2025-08-03 04:15:47 - [Item]Archer[Test] update [1360036]150249 plus [4] s1[NoSocket]s2[NoSocket]
2025-08-03 04:16:07 - [Item]Archer[Test] update [1360034]500329 plus [4] s1[SuperFuryGem]s2[SuperFuryGem]
2025-08-03 04:16:07 - [Item]Archer[Test] update [1360036]150249 plus [4] s1[NoSocket]s2[NoSocket]
2025-08-03 04:16:12 - [Item]Archer[Test] update [1360034]500329 plus [4] s1[SuperFuryGem]s2[SuperFuryGem]
2025-08-03 04:16:12 - [Item]Archer[Test] update [1360036]150249 plus [4] s1[NoSocket]s2[NoSocket]
2025-08-03 04:16:27 - [Item]Trojan[Test] update [1420271]150249 plus [4] s1[NoSocket]s2[NoSocket]
2025-08-03 04:16:27 - [Item]Trojan[Test] update [1359992]420339 plus [5] s1[SuperDragonGem]s2[SuperFuryGem]
2025-08-03 04:16:27 - [Item]Trojan[Test] update [1359999]490339 plus [4] s1[SuperDragonGem]s2[SuperFuryGem]
2025-08-03 04:16:41 - [Item]Archer[Test] update [1360034]500329 plus [4] s1[SuperFuryGem]s2[SuperFuryGem]
2025-08-03 04:16:41 - [Item]Archer[Test] update [1360036]150249 plus [4] s1[NoSocket]s2[NoSocket]
2025-08-03 04:16:47 - [Item]Trojan[Test] update [1420271]150249 plus [4] s1[NoSocket]s2[NoSocket]
2025-08-03 04:16:47 - [Item]Trojan[Test] update [1359992]420339 plus [5] s1[SuperDragonGem]s2[SuperFuryGem]
2025-08-03 04:16:47 - [Item]Trojan[Test] update [1359999]490339 plus [4] s1[SuperDragonGem]s2[SuperFuryGem]
2025-08-03 04:16:54 - [Item]Archer[Test] update [1360034]500329 plus [4] s1[SuperFuryGem]s2[SuperFuryGem]
2025-08-03 04:16:54 - [Item]Archer[Test] update [1360036]150249 plus [4] s1[NoSocket]s2[NoSocket]
2025-08-03 04:17:07 - [Item]Trojan[Test] update [1420271]150249 plus [4] s1[NoSocket]s2[NoSocket]
2025-08-03 04:17:07 - [Item]Trojan[Test] update [1359992]420339 plus [5] s1[SuperDragonGem]s2[SuperFuryGem]
2025-08-03 04:17:07 - [Item]Trojan[Test] update [1359999]490339 plus [4] s1[SuperDragonGem]s2[SuperFuryGem]
2025-08-03 04:17:12 - [Item]Archer[Test] update [1360034]500329 plus [4] s1[SuperFuryGem]s2[SuperFuryGem]
2025-08-03 04:17:12 - [Item]Archer[Test] update [1360036]150249 plus [4] s1[NoSocket]s2[NoSocket]
2025-08-03 04:18:01 - [Item]Archer[Test] update [1360034]500329 plus [4] s1[SuperFuryGem]s2[SuperFuryGem]
2025-08-03 04:18:01 - [Item]Archer[Test] update [1360036]150249 plus [4] s1[NoSocket]s2[NoSocket]
2025-08-03 04:18:07 - [Item]Trojan[Test] update [1420271]150249 plus [4] s1[NoSocket]s2[NoSocket]
2025-08-03 04:18:07 - [Item]Trojan[Test] update [1359992]420339 plus [5] s1[SuperDragonGem]s2[SuperFuryGem]
2025-08-03 04:18:07 - [Item]Trojan[Test] update [1359999]490339 plus [4] s1[SuperDragonGem]s2[SuperFuryGem]
2025-08-03 04:18:23 - [Item]Archer[Test] update [1360034]500329 plus [4] s1[SuperFuryGem]s2[SuperFuryGem]
2025-08-03 04:18:23 - [Item]Archer[Test] update [1360036]150249 plus [4] s1[NoSocket]s2[NoSocket]
2025-08-03 04:18:24 - [Item]Trojan[Test] update [1420271]150249 plus [4] s1[NoSocket]s2[NoSocket]
2025-08-03 04:18:24 - [Item]Trojan[Test] update [1359992]420339 plus [5] s1[SuperDragonGem]s2[SuperFuryGem]
2025-08-03 04:18:24 - [Item]Trojan[Test] update [1359999]490339 plus [4] s1[SuperDragonGem]s2[SuperFuryGem]
2025-08-03 04:18:37 - [Item]Trojan[Test] update [1420271]150249 plus [4] s1[NoSocket]s2[NoSocket]
2025-08-03 04:18:37 - [Item]Trojan[Test] update [1359992]420339 plus [5] s1[SuperDragonGem]s2[SuperFuryGem]
2025-08-03 04:18:37 - [Item]Trojan[Test] update [1359999]490339 plus [4] s1[SuperDragonGem]s2[SuperFuryGem]
2025-08-03 04:18:47 - [Item]Archer[Test] update [1360034]500329 plus [4] s1[SuperFuryGem]s2[SuperFuryGem]
2025-08-03 04:18:47 - [Item]Archer[Test] update [1360036]150249 plus [4] s1[NoSocket]s2[NoSocket]
2025-08-03 04:18:51 - [Item]Archer[Test] update [1360034]500329 plus [4] s1[SuperFuryGem]s2[SuperFuryGem]
2025-08-03 04:18:51 - [Item]Archer[Test] update [1360036]150249 plus [4] s1[NoSocket]s2[NoSocket]
2025-08-03 04:19:00 - [Item]Trojan[Test] update [1420271]150249 plus [4] s1[NoSocket]s2[NoSocket]
2025-08-03 04:19:00 - [Item]Trojan[Test] update [1359992]420339 plus [5] s1[SuperDragonGem]s2[SuperFuryGem]
2025-08-03 04:19:00 - [Item]Trojan[Test] update [1359999]490339 plus [4] s1[SuperDragonGem]s2[SuperFuryGem]
2025-08-03 04:19:06 - [Item]Archer[Test] update [1360034]500329 plus [4] s1[SuperFuryGem]s2[SuperFuryGem]
2025-08-03 04:19:06 - [Item]Archer[Test] update [1360036]150249 plus [4] s1[NoSocket]s2[NoSocket]
2025-08-03 04:19:36 - [Item]Archer[Test] update [1360034]500329 plus [4] s1[SuperFuryGem]s2[SuperFuryGem]
2025-08-03 04:19:36 - [Item]Archer[Test] update [1360036]150249 plus [4] s1[NoSocket]s2[NoSocket]
2025-08-03 04:19:39 - [Item]Trojan[Test] update [1420271]150249 plus [4] s1[NoSocket]s2[NoSocket]
2025-08-03 04:19:39 - [Item]Trojan[Test] update [1359992]420339 plus [5] s1[SuperDragonGem]s2[SuperFuryGem]
2025-08-03 04:19:39 - [Item]Trojan[Test] update [1359999]490339 plus [4] s1[SuperDragonGem]s2[SuperFuryGem]
2025-08-03 04:19:48 - [Item]Archer[Test] update [1360034]500329 plus [4] s1[SuperFuryGem]s2[SuperFuryGem]
2025-08-03 04:19:48 - [Item]Archer[Test] update [1360036]150249 plus [4] s1[NoSocket]s2[NoSocket]
2025-08-03 04:20:07 - [Item]Trojan[Test] update [1420271]150249 plus [4] s1[NoSocket]s2[NoSocket]
2025-08-03 04:20:07 - [Item]Trojan[Test] update [1359992]420339 plus [5] s1[SuperDragonGem]s2[SuperFuryGem]
2025-08-03 04:20:07 - [Item]Trojan[Test] update [1359999]490339 plus [4] s1[SuperDragonGem]s2[SuperFuryGem]
2025-08-03 04:20:08 - [Item]Archer[Test] update [1360034]500329 plus [4] s1[SuperFuryGem]s2[SuperFuryGem]
2025-08-03 04:20:08 - [Item]Archer[Test] update [1360036]150249 plus [4] s1[NoSocket]s2[NoSocket]
2025-08-03 04:22:19 - [Item]Archer[Test] update [1360034]500329 plus [4] s1[SuperFuryGem]s2[SuperFuryGem]
2025-08-03 04:22:19 - [Item]Archer[Test] update [1360036]150249 plus [4] s1[NoSocket]s2[NoSocket]
2025-08-03 04:24:46 - [Item]Trojan[Test] update [1360106]360269 plus [0] s1[NoSocket]s2[NoSocket]
2025-08-03 04:24:52 - [Item]Trojan[Test] update [1360105]360164 plus [0] s1[NoSocket]s2[NoSocket]
2025-08-03 04:31:38 - [Item]Archer[Test] update [1360034]500329 plus [4] s1[SuperFuryGem]s2[SuperFuryGem]
2025-08-03 04:31:38 - [Item]Archer[Test] update [1360036]150249 plus [4] s1[NoSocket]s2[NoSocket]
2025-08-03 04:31:45 - [Item]Archer[Test] update [1360034]500329 plus [4] s1[SuperFuryGem]s2[SuperFuryGem]
2025-08-03 04:31:45 - [Item]Archer[Test] update [1360036]150249 plus [4] s1[NoSocket]s2[NoSocket]
2025-08-03 04:31:51 - [Item]Archer[Test] update [1360034]500329 plus [4] s1[SuperFuryGem]s2[SuperFuryGem]
2025-08-03 04:31:51 - [Item]Archer[Test] update [1360036]150249 plus [4] s1[NoSocket]s2[NoSocket]
2025-08-03 04:32:21 - [Item]Archer[Test] update [1360034]500329 plus [4] s1[SuperFuryGem]s2[SuperFuryGem]
2025-08-03 04:32:21 - [Item]Archer[Test] update [1360036]150249 plus [4] s1[NoSocket]s2[NoSocket]
2025-08-03 04:34:05 - [Item]Trojan[Test] update [1360107]1002040 plus [0] s1[NoSocket]s2[NoSocket]
2025-08-03 04:34:05 - [Item]Trojan[Test] update [1360107]1002040 plus [0] s1[NoSocket]s2[NoSocket]
2025-08-03 04:34:05 - [Item]Trojan[Test] update [1360107]1002040 plus [0] s1[NoSocket]s2[NoSocket]
2025-08-03 04:34:05 - [Item]Trojan[Test] update [1360107]1002040 plus [0] s1[NoSocket]s2[NoSocket]
2025-08-03 04:34:06 - [Item]Trojan[Test] update [1360108]1002040 plus [0] s1[NoSocket]s2[NoSocket]
2025-08-03 04:34:08 - [Item]Trojan[Test] update [1360108]1002040 plus [0] s1[NoSocket]s2[NoSocket]
2025-08-03 04:34:08 - [Item]Trojan[Test] update [1360108]1002040 plus [0] s1[NoSocket]s2[NoSocket]
2025-08-03 04:34:08 - [Item]Trojan[Test] update [1360108]1002040 plus [0] s1[NoSocket]s2[NoSocket]
2025-08-03 04:34:08 - [Item]Trojan[Test] update [1360109]1002040 plus [0] s1[NoSocket]s2[NoSocket]
2025-08-03 04:34:08 - [Item]Trojan[Test] update [1360109]1002040 plus [0] s1[NoSocket]s2[NoSocket]
2025-08-03 04:34:08 - [Item]Trojan[Test] update [1360109]1002040 plus [0] s1[NoSocket]s2[NoSocket]
2025-08-03 04:34:08 - [Item]Trojan[Test] update [1360109]1002040 plus [0] s1[NoSocket]s2[NoSocket]
2025-08-03 04:34:08 - [Item]Trojan[Test] update [1360110]1002040 plus [0] s1[NoSocket]s2[NoSocket]
2025-08-03 04:34:11 - [Item]Trojan[Test] update [1360107]1002040 plus [0] s1[NoSocket]s2[NoSocket]
2025-08-03 04:34:44 - [Item]Trojan[Test] update [1360107]1002040 plus [0] s1[NoSocket]s2[NoSocket]
2025-08-03 04:34:47 - [Item]Trojan[Test] update [1360107]1002040 plus [0] s1[NoSocket]s2[NoSocket]
2025-08-03 04:34:51 - [Item]Trojan[Test] update [1360107]1002040 plus [0] s1[NoSocket]s2[NoSocket]
2025-08-03 04:36:28 - [Item]Archer[Test] update [1360034]500329 plus [4] s1[SuperFuryGem]s2[SuperFuryGem]
2025-08-03 04:36:28 - [Item]Archer[Test] update [1360036]150249 plus [4] s1[NoSocket]s2[NoSocket]
2025-08-03 04:37:02 - [Item]Archer[Test] update [1360034]500329 plus [4] s1[SuperFuryGem]s2[SuperFuryGem]
2025-08-03 04:37:02 - [Item]Archer[Test] update [1360036]150249 plus [4] s1[NoSocket]s2[NoSocket]
2025-08-03 04:38:46 - [Item]Archer[Test] update [1360034]500329 plus [4] s1[SuperFuryGem]s2[SuperFuryGem]
2025-08-03 04:38:46 - [Item]Archer[Test] update [1360036]150249 plus [4] s1[NoSocket]s2[NoSocket]
2025-08-03 04:38:56 - [Item]Archer[Test] update [1360034]500329 plus [4] s1[SuperFuryGem]s2[SuperFuryGem]
2025-08-03 04:38:56 - [Item]Archer[Test] update [1360036]150249 plus [4] s1[NoSocket]s2[NoSocket]
2025-08-03 04:39:05 - [Item]Archer[Test] update [1360034]500329 plus [4] s1[SuperFuryGem]s2[SuperFuryGem]
2025-08-03 04:39:05 - [Item]Archer[Test] update [1360036]150249 plus [4] s1[NoSocket]s2[NoSocket]
2025-08-03 04:40:01 - [Item]Archer[Test] update [1360034]500329 plus [4] s1[SuperFuryGem]s2[SuperFuryGem]
2025-08-03 04:40:01 - [Item]Archer[Test] update [1360036]150249 plus [4] s1[NoSocket]s2[NoSocket]
2025-08-03 04:40:15 - [Item]Archer[Test] update [1360034]500329 plus [4] s1[SuperFuryGem]s2[SuperFuryGem]
2025-08-03 04:40:15 - [Item]Archer[Test] update [1360036]150249 plus [4] s1[NoSocket]s2[NoSocket]
2025-08-03 04:40:38 - [Item]Archer[Test] update [1360034]500329 plus [4] s1[SuperFuryGem]s2[SuperFuryGem]
2025-08-03 04:40:38 - [Item]Archer[Test] update [1360036]150249 plus [4] s1[NoSocket]s2[NoSocket]
2025-08-03 04:41:13 - [Item]Archer[Test] update [1360034]500329 plus [4] s1[SuperFuryGem]s2[SuperFuryGem]
2025-08-03 04:41:13 - [Item]Archer[Test] update [1360036]150249 plus [4] s1[NoSocket]s2[NoSocket]
2025-08-03 04:41:23 - [Item]Archer[Test] update [1360034]500329 plus [4] s1[SuperFuryGem]s2[SuperFuryGem]
2025-08-03 04:41:23 - [Item]Archer[Test] update [1360036]150249 plus [4] s1[NoSocket]s2[NoSocket]
2025-08-03 04:41:54 - [Item]Archer[Test] update [1360034]500329 plus [4] s1[SuperFuryGem]s2[SuperFuryGem]
2025-08-03 04:41:54 - [Item]Archer[Test] update [1360036]150249 plus [4] s1[NoSocket]s2[NoSocket]
2025-08-03 04:43:14 - [Item]Archer[Test] update [1360034]500329 plus [4] s1[SuperFuryGem]s2[SuperFuryGem]
2025-08-03 04:43:14 - [Item]Archer[Test] update [1360036]150249 plus [4] s1[NoSocket]s2[NoSocket]
2025-08-03 04:43:26 - [Item]Archer[Test] update [1360034]500329 plus [4] s1[SuperFuryGem]s2[SuperFuryGem]
2025-08-03 04:43:26 - [Item]Archer[Test] update [1360036]150249 plus [4] s1[NoSocket]s2[NoSocket]
2025-08-03 04:43:31 - [Item]Archer[Test] update [1360034]500329 plus [4] s1[SuperFuryGem]s2[SuperFuryGem]
2025-08-03 04:43:31 - [Item]Archer[Test] update [1360036]150249 plus [4] s1[NoSocket]s2[NoSocket]
2025-08-03 04:43:43 - [Item]Archer[Test] update [1360034]500329 plus [4] s1[SuperFuryGem]s2[SuperFuryGem]
2025-08-03 04:43:43 - [Item]Archer[Test] update [1360036]150249 plus [4] s1[NoSocket]s2[NoSocket]
2025-08-03 04:43:46 - [Item]Archer[Test] update [1360034]500329 plus [4] s1[SuperFuryGem]s2[SuperFuryGem]
2025-08-03 04:43:46 - [Item]Archer[Test] update [1360036]150249 plus [4] s1[NoSocket]s2[NoSocket]
2025-08-03 04:43:49 - [Item]Archer[Test] update [1360034]500329 plus [4] s1[SuperFuryGem]s2[SuperFuryGem]
2025-08-03 04:43:49 - [Item]Archer[Test] update [1360036]150249 plus [4] s1[NoSocket]s2[NoSocket]
2025-08-03 04:43:58 - [Item]Archer[Test] update [1360034]500329 plus [4] s1[SuperFuryGem]s2[SuperFuryGem]
2025-08-03 04:43:58 - [Item]Archer[Test] update [1360036]150249 plus [4] s1[NoSocket]s2[NoSocket]
2025-08-03 04:44:01 - [Item]Archer[Test] update [1360034]500329 plus [4] s1[SuperFuryGem]s2[SuperFuryGem]
2025-08-03 04:44:01 - [Item]Archer[Test] update [1360036]150249 plus [4] s1[NoSocket]s2[NoSocket]
2025-08-03 04:44:10 - [Item]Archer[Test] update [1360034]500329 plus [4] s1[SuperFuryGem]s2[SuperFuryGem]
2025-08-03 04:44:10 - [Item]Archer[Test] update [1360036]150249 plus [4] s1[NoSocket]s2[NoSocket]
2025-08-03 04:44:13 - [Item]Archer[Test] update [1360034]500329 plus [4] s1[SuperFuryGem]s2[SuperFuryGem]
2025-08-03 04:44:13 - [Item]Archer[Test] update [1360036]150249 plus [4] s1[NoSocket]s2[NoSocket]
2025-08-03 04:53:47 - [Item]Archer[Test] update [1360034]500329 plus [4] s1[SuperFuryGem]s2[SuperFuryGem]
2025-08-03 04:53:47 - [Item]Archer[Test] update [1360036]150249 plus [4] s1[NoSocket]s2[NoSocket]
2025-08-03 04:54:36 - [Item]Archer[Test] update [1360034]500329 plus [4] s1[SuperFuryGem]s2[SuperFuryGem]
2025-08-03 04:54:36 - [Item]Archer[Test] update [1360036]150249 plus [4] s1[NoSocket]s2[NoSocket]
2025-08-03 04:55:35 - [Item]Archer[Test] update [1360034]500329 plus [4] s1[SuperFuryGem]s2[SuperFuryGem]
2025-08-03 04:55:35 - [Item]Archer[Test] update [1360036]150249 plus [4] s1[NoSocket]s2[NoSocket]
2025-08-03 04:55:40 - [Item]Archer[Test] update [1360034]500329 plus [4] s1[SuperFuryGem]s2[SuperFuryGem]
2025-08-03 04:55:40 - [Item]Archer[Test] update [1360036]150249 plus [4] s1[NoSocket]s2[NoSocket]
2025-08-03 04:57:21 - [Item]Archer[Test] update [1360034]500329 plus [4] s1[SuperFuryGem]s2[SuperFuryGem]
2025-08-03 04:57:21 - [Item]Archer[Test] update [1360036]150249 plus [4] s1[NoSocket]s2[NoSocket]
2025-08-03 04:57:49 - [Item]Archer[Test] update [1360034]500329 plus [4] s1[SuperFuryGem]s2[SuperFuryGem]
2025-08-03 04:57:49 - [Item]Archer[Test] update [1360036]150249 plus [4] s1[NoSocket]s2[NoSocket]
2025-08-03 04:58:32 - [Item]Archer[Test] update [1360034]500329 plus [4] s1[SuperFuryGem]s2[SuperFuryGem]
2025-08-03 04:58:32 - [Item]Archer[Test] update [1360036]150249 plus [4] s1[NoSocket]s2[NoSocket]
2025-08-03 04:58:45 - [Item]Archer[Test] update [1360034]500329 plus [4] s1[SuperFuryGem]s2[SuperFuryGem]
2025-08-03 04:58:45 - [Item]Archer[Test] update [1360036]150249 plus [4] s1[NoSocket]s2[NoSocket]
2025-08-03 04:58:50 - [Item]Archer[Test] update [1360034]500329 plus [4] s1[SuperFuryGem]s2[SuperFuryGem]
2025-08-03 04:58:50 - [Item]Archer[Test] update [1360036]150249 plus [4] s1[NoSocket]s2[NoSocket]
2025-08-03 04:58:55 - [Item]Archer[Test] update [1360034]500329 plus [4] s1[SuperFuryGem]s2[SuperFuryGem]
2025-08-03 04:58:55 - [Item]Archer[Test] update [1360036]150249 plus [4] s1[NoSocket]s2[NoSocket]
2025-08-03 04:59:06 - [Item]Archer[Test] update [1360034]500329 plus [4] s1[SuperFuryGem]s2[SuperFuryGem]
2025-08-03 04:59:06 - [Item]Archer[Test] update [1360036]150249 plus [4] s1[NoSocket]s2[NoSocket]
2025-08-03 04:59:07 - [Item]Archer[Test] update [1360034]500329 plus [4] s1[SuperFuryGem]s2[SuperFuryGem]
2025-08-03 04:59:07 - [Item]Archer[Test] update [1360036]150249 plus [4] s1[NoSocket]s2[NoSocket]
2025-08-03 04:59:18 - [Item]Archer[Test] update [1360034]500329 plus [4] s1[SuperFuryGem]s2[SuperFuryGem]
2025-08-03 04:59:18 - [Item]Archer[Test] update [1360036]150249 plus [4] s1[NoSocket]s2[NoSocket]
2025-08-03 04:59:31 - [Item]Archer[Test] update [1360034]500329 plus [4] s1[SuperFuryGem]s2[SuperFuryGem]
2025-08-03 04:59:31 - [Item]Archer[Test] update [1360036]150249 plus [4] s1[NoSocket]s2[NoSocket]
2025-08-03 04:59:55 - [Item]Archer[Test] update [1360034]500329 plus [4] s1[SuperFuryGem]s2[SuperFuryGem]
2025-08-03 04:59:55 - [Item]Archer[Test] update [1360036]150249 plus [4] s1[NoSocket]s2[NoSocket]
2025-08-03 05:00:55 - [Item]Archer[Test] update [1360034]500329 plus [4] s1[SuperFuryGem]s2[SuperFuryGem]
2025-08-03 05:00:55 - [Item]Archer[Test] update [1360036]150249 plus [4] s1[NoSocket]s2[NoSocket]
2025-08-03 05:01:02 - [Item]Archer[Test] update [1360034]500329 plus [4] s1[SuperFuryGem]s2[SuperFuryGem]
2025-08-03 05:01:02 - [Item]Archer[Test] update [1360036]150249 plus [4] s1[NoSocket]s2[NoSocket]
2025-08-03 05:01:20 - [Item]Archer[Test] update [1360034]500329 plus [4] s1[SuperFuryGem]s2[SuperFuryGem]
2025-08-03 05:01:20 - [Item]Archer[Test] update [1360036]150249 plus [4] s1[NoSocket]s2[NoSocket]
2025-08-03 05:07:42 - [Item]Trojan[Test] update [1420271]150249 plus [4] s1[NoSocket]s2[NoSocket]
2025-08-03 05:07:42 - [Item]Trojan[Test] update [1359992]420339 plus [5] s1[SuperDragonGem]s2[SuperFuryGem]
2025-08-03 05:07:42 - [Item]Trojan[Test] update [1359999]490339 plus [4] s1[SuperDragonGem]s2[SuperFuryGem]
2025-08-03 05:08:28 - [Item]Trojan[Test] update [1420271]150249 plus [4] s1[NoSocket]s2[NoSocket]
2025-08-03 05:08:28 - [Item]Trojan[Test] update [1359992]420339 plus [5] s1[SuperDragonGem]s2[SuperFuryGem]
2025-08-03 05:08:28 - [Item]Trojan[Test] update [1359999]490339 plus [4] s1[SuperDragonGem]s2[SuperFuryGem]
2025-08-03 05:08:35 - [Item]Trojan[Test] update [1420271]150249 plus [4] s1[NoSocket]s2[NoSocket]
2025-08-03 05:08:35 - [Item]Trojan[Test] update [1359992]420339 plus [5] s1[SuperDragonGem]s2[SuperFuryGem]
2025-08-03 05:08:35 - [Item]Trojan[Test] update [1359999]490339 plus [4] s1[SuperDragonGem]s2[SuperFuryGem]
2025-08-03 05:08:49 - [Item]Trojan[Test] update [1420271]150249 plus [4] s1[NoSocket]s2[NoSocket]
2025-08-03 05:08:49 - [Item]Trojan[Test] update [1359992]420339 plus [5] s1[SuperDragonGem]s2[SuperFuryGem]
2025-08-03 05:08:49 - [Item]Trojan[Test] update [1359999]490339 plus [4] s1[SuperDragonGem]s2[SuperFuryGem]
2025-08-03 05:08:50 - [Item]Trojan[Test] update [1420271]150249 plus [4] s1[NoSocket]s2[NoSocket]
2025-08-03 05:08:50 - [Item]Trojan[Test] update [1359992]420339 plus [5] s1[SuperDragonGem]s2[SuperFuryGem]
2025-08-03 05:08:50 - [Item]Trojan[Test] update [1359999]490339 plus [4] s1[SuperDragonGem]s2[SuperFuryGem]
2025-08-03 05:08:50 - [Item]Trojan[Test] update [1420271]150249 plus [4] s1[NoSocket]s2[NoSocket]
2025-08-03 05:08:50 - [Item]Trojan[Test] update [1359992]420339 plus [5] s1[SuperDragonGem]s2[SuperFuryGem]
2025-08-03 05:08:50 - [Item]Trojan[Test] update [1359999]490339 plus [4] s1[SuperDragonGem]s2[SuperFuryGem]
2025-08-03 05:09:32 - [Item]Trojan[Test] update [1420271]150249 plus [4] s1[NoSocket]s2[NoSocket]
2025-08-03 05:09:32 - [Item]Trojan[Test] update [1359992]420339 plus [5] s1[SuperDragonGem]s2[SuperFuryGem]
2025-08-03 05:09:32 - [Item]Trojan[Test] update [1359999]490339 plus [4] s1[SuperDragonGem]s2[SuperFuryGem]
2025-08-03 05:10:17 - [Item]Trojan[Test] update [1420271]150249 plus [4] s1[NoSocket]s2[NoSocket]
2025-08-03 05:10:17 - [Item]Trojan[Test] update [1359992]420339 plus [5] s1[SuperDragonGem]s2[SuperFuryGem]
2025-08-03 05:10:17 - [Item]Trojan[Test] update [1359999]490339 plus [4] s1[SuperDragonGem]s2[SuperFuryGem]
2025-08-03 05:10:43 - [Item]Trojan[Test] update [1420271]150249 plus [4] s1[NoSocket]s2[NoSocket]
2025-08-03 05:10:43 - [Item]Trojan[Test] update [1359992]420339 plus [5] s1[SuperDragonGem]s2[SuperFuryGem]
2025-08-03 05:10:43 - [Item]Trojan[Test] update [1359999]490339 plus [4] s1[SuperDragonGem]s2[SuperFuryGem]
2025-08-03 05:10:55 - [Item]Trojan[Test] update [1420271]150249 plus [4] s1[NoSocket]s2[NoSocket]
2025-08-03 05:10:55 - [Item]Trojan[Test] update [1359992]420339 plus [5] s1[SuperDragonGem]s2[SuperFuryGem]
2025-08-03 05:10:55 - [Item]Trojan[Test] update [1359999]490339 plus [4] s1[SuperDragonGem]s2[SuperFuryGem]
2025-08-03 05:11:10 - [Item]Trojan[Test] update [1420271]150249 plus [4] s1[NoSocket]s2[NoSocket]
2025-08-03 05:11:10 - [Item]Trojan[Test] update [1359992]420339 plus [5] s1[SuperDragonGem]s2[SuperFuryGem]
2025-08-03 05:11:10 - [Item]Trojan[Test] update [1359999]490339 plus [4] s1[SuperDragonGem]s2[SuperFuryGem]
2025-08-03 05:11:34 - [Item]Trojan[Test] update [1420271]150249 plus [4] s1[NoSocket]s2[NoSocket]
2025-08-03 05:11:34 - [Item]Trojan[Test] update [1359992]420339 plus [5] s1[SuperDragonGem]s2[SuperFuryGem]
2025-08-03 05:11:34 - [Item]Trojan[Test] update [1359999]490339 plus [4] s1[SuperDragonGem]s2[SuperFuryGem]
2025-08-03 05:11:40 - [Item]Trojan[Test] update [1420271]150249 plus [4] s1[NoSocket]s2[NoSocket]
2025-08-03 05:11:40 - [Item]Trojan[Test] update [1359992]420339 plus [5] s1[SuperDragonGem]s2[SuperFuryGem]
2025-08-03 05:11:40 - [Item]Trojan[Test] update [1359999]490339 plus [4] s1[SuperDragonGem]s2[SuperFuryGem]
2025-08-03 05:11:50 - [Item]Trojan[Test] update [1420271]150249 plus [4] s1[NoSocket]s2[NoSocket]
2025-08-03 05:11:50 - [Item]Trojan[Test] update [1359992]420339 plus [5] s1[SuperDragonGem]s2[SuperFuryGem]
2025-08-03 05:11:50 - [Item]Trojan[Test] update [1359999]490339 plus [4] s1[SuperDragonGem]s2[SuperFuryGem]
2025-08-03 05:12:39 - [Item]Archer[Test] update [1360115]1050002 plus [0] s1[NoSocket]s2[NoSocket]
2025-08-03 05:14:20 - [Item]Trojan[Test] update [1420271]150249 plus [4] s1[NoSocket]s2[NoSocket]
2025-08-03 05:14:20 - [Item]Trojan[Test] update [1359992]420339 plus [5] s1[SuperDragonGem]s2[SuperFuryGem]
2025-08-03 05:14:20 - [Item]Trojan[Test] update [1359999]490339 plus [4] s1[SuperDragonGem]s2[SuperFuryGem]
2025-08-03 05:14:21 - [Item]Trojan[Test] update [1420271]150249 plus [4] s1[NoSocket]s2[NoSocket]
2025-08-03 05:14:21 - [Item]Trojan[Test] update [1359992]420339 plus [5] s1[SuperDragonGem]s2[SuperFuryGem]
2025-08-03 05:14:21 - [Item]Trojan[Test] update [1359999]490339 plus [4] s1[SuperDragonGem]s2[SuperFuryGem]
2025-08-03 05:14:43 - [Item]Trojan[Test] update [1420271]150249 plus [4] s1[NoSocket]s2[NoSocket]
2025-08-03 05:14:43 - [Item]Trojan[Test] update [1359992]420339 plus [5] s1[SuperDragonGem]s2[SuperFuryGem]
2025-08-03 05:14:43 - [Item]Trojan[Test] update [1359999]490339 plus [4] s1[SuperDragonGem]s2[SuperFuryGem]
2025-08-03 05:14:47 - [Item]Archer[Test] update [1360034]500329 plus [4] s1[SuperFuryGem]s2[SuperFuryGem]
2025-08-03 05:14:47 - [Item]Archer[Test] update [1360036]150249 plus [4] s1[NoSocket]s2[NoSocket]
2025-08-03 05:15:37 - [Item]Archer[Test] update [1360034]500329 plus [4] s1[SuperFuryGem]s2[SuperFuryGem]
2025-08-03 05:15:37 - [Item]Archer[Test] update [1360036]150249 plus [4] s1[NoSocket]s2[NoSocket]
2025-08-03 05:18:14 - [Item]Trojan[Test] update [1420271]150249 plus [4] s1[NoSocket]s2[NoSocket]
2025-08-03 05:18:14 - [Item]Trojan[Test] update [1359992]420339 plus [5] s1[SuperDragonGem]s2[SuperFuryGem]
2025-08-03 05:18:14 - [Item]Trojan[Test] update [1359999]490339 plus [4] s1[SuperDragonGem]s2[SuperFuryGem]
2025-08-03 05:18:16 - [Item]Trojan[Test] update [1420271]150249 plus [4] s1[NoSocket]s2[NoSocket]
2025-08-03 05:18:16 - [Item]Trojan[Test] update [1359992]420339 plus [5] s1[SuperDragonGem]s2[SuperFuryGem]
2025-08-03 05:18:16 - [Item]Trojan[Test] update [1359999]490339 plus [4] s1[SuperDragonGem]s2[SuperFuryGem]
2025-08-03 18:20:47 - [Item]Archer[Test] update [1360034]500329 plus [4] s1[SuperFuryGem]s2[SuperFuryGem]
2025-08-03 18:20:47 - [Item]Archer[Test] update [1360036]150249 plus [4] s1[NoSocket]s2[NoSocket]
2025-08-03 18:21:32 - [Item]Archer[Test] update [1360034]500329 plus [4] s1[SuperFuryGem]s2[SuperFuryGem]
2025-08-03 18:21:32 - [Item]Archer[Test] update [1360036]150249 plus [4] s1[NoSocket]s2[NoSocket]
2025-08-03 19:29:26 - [Item]Archer[Test] update [1360034]500329 plus [4] s1[SuperFuryGem]s2[SuperFuryGem]
2025-08-03 19:29:26 - [Item]Archer[Test] update [1360036]150249 plus [4] s1[NoSocket]s2[NoSocket]
