2025-08-10 03:44:59 - [Item]tesasas update [1360231]410301 plus [0] s1[NoSocket]s2[NoSocket]
2025-08-10 09:08:13 - [Item]tesasas update [1360228]420007 plus [0] s1[NoSocket]s2[NoSocket]
2025-08-10 13:57:30 - [Item]UA[OWNER] update [1360243]118109 plus [4] s1[SuperDragonGem]s2[SuperDragonGem]
2025-08-10 13:57:30 - [Item]UA[OWNER] update [1360242]130109 plus [4] s1[SuperDragonGem]s2[SuperDragonGem]
2025-08-10 13:57:31 - [Item]UA[OWNER] update [1360237]150249 plus [4] s1[SuperDragonGem]s2[SuperDragonGem]
2025-08-10 13:57:31 - [Item]UA[OWNER] update [1360238]160249 plus [4] s1[SuperDragonGem]s2[SuperDragonGem]
2025-08-10 13:59:56 - [Item]UA[OWNER] update [1360240]420339 plus [4] s1[SuperDragonGem]s2[SuperDragonGem]
2025-08-10 14:00:07 - [Item]UA[OWNER] update [1360236]120249 plus [4] s1[SuperDragonGem]s2[SuperDragonGem]
2025-08-10 14:19:26 - [Item]UA[OWNER] update [1360229]480007 plus [0] s1[NoSocket]s2[NoSocket]
2025-08-10 15:21:16 - [Item]UA[OWNER] update [1360248]150249 plus [5] s1[NoSocket]s2[NoSocket]
2025-08-10 15:21:26 - [Item]UA[OWNER] update [1360240]420339 plus [4] s1[SuperDragonGem]s2[SuperDragonGem]
2025-08-10 15:21:29 - [Item]UA[OWNER] update [1360242]130109 plus [4] s1[SuperDragonGem]s2[SuperDragonGem]
2025-08-10 15:21:36 - [Item]UA[OWNER] update [1360238]160249 plus [4] s1[SuperDragonGem]s2[SuperDragonGem]
2025-08-10 15:21:37 - [Item]UA[OWNER] update [1360236]120249 plus [4] s1[SuperDragonGem]s2[SuperDragonGem]
2025-08-10 15:21:38 - [Item]UA[OWNER] update [1360243]118109 plus [4] s1[SuperDragonGem]s2[SuperDragonGem]
2025-08-10 16:09:55 - [Item]UA[OWNER] update [1360240]420339 plus [4] s1[SuperDragonGem]s2[SuperDragonGem]
2025-08-10 16:10:02 - [Item]UA[OWNER] update [1360240]420339 plus [4] s1[SuperDragonGem]s2[SuperDragonGem]
2025-08-10 16:11:51 - [Item]UA[OWNER] update [1360241]480339 plus [4] s1[SuperDragonGem]s2[SuperDragonGem]
2025-08-10 16:11:54 - [Item]UA[OWNER] update [1360241]480339 plus [4] s1[SuperDragonGem]s2[SuperDragonGem]
2025-08-10 16:11:55 - [Item]UA[OWNER] update [1360240]420339 plus [4] s1[SuperDragonGem]s2[SuperDragonGem]
2025-08-10 16:13:04 - [Item]UA[OWNER] update [1360236]120249 plus [4] s1[SuperDragonGem]s2[SuperDragonGem]
2025-08-10 16:13:05 - [Item]UA[OWNER] update [1360236]120249 plus [4] s1[SuperDragonGem]s2[SuperDragonGem]
2025-08-10 16:13:35 - [Item]UA[OWNER] update [1360242]130109 plus [4] s1[SuperDragonGem]s2[SuperDragonGem]
2025-08-10 16:13:37 - [Item]UA[OWNER] update [1360242]130109 plus [4] s1[SuperDragonGem]s2[SuperDragonGem]
2025-08-10 16:15:39 - [Item]UA[OWNER] update [1360237]150249 plus [4] s1[SuperDragonGem]s2[SuperDragonGem]
2025-08-10 16:15:49 - [Item]UA[OWNER] update [1360238]160249 plus [4] s1[SuperDragonGem]s2[SuperDragonGem]
2025-08-10 16:15:51 - [Item]UA[OWNER] update [1360238]160249 plus [4] s1[SuperDragonGem]s2[SuperDragonGem]
2025-08-10 19:57:03 - [Item]TestTROJ1 update [1360315]150007 plus [0] s1[NoSocket]s2[NoSocket]
2025-08-10 20:03:02 - [Item]testtojan update [1360331]480007 plus [0] s1[NoSocket]s2[NoSocket]
