2025-08-11 01:20:14 - [Item]UA[OWNER] update [1360241]480339 plus [4] s1[SuperDragonGem]s2[SuperDragonGem]
2025-08-11 01:20:17 - [Item]UA[OWNER] update [1360240]420339 plus [4] s1[SuperDragonGem]s2[SuperDragonGem]
2025-08-11 01:28:50 - [Item]UA[OWNER] update [1360237]150249 plus [4] s1[SuperDragonGem]s2[SuperDragonGem]
2025-08-11 01:28:50 - [Item]UA[OWNER] update [1360240]420339 plus [4] s1[SuperDragonGem]s2[SuperDragonGem]
2025-08-11 01:28:50 - [Item]UA[OWNER] update [1360241]480339 plus [4] s1[SuperDragonGem]s2[SuperDragonGem]
2025-08-11 01:31:09 - [Item]UA[OWNER] update [1360237]150249 plus [4] s1[SuperDragonGem]s2[SuperDragonGem]
2025-08-11 01:31:09 - [Item]UA[OWNER] update [1360240]420339 plus [4] s1[SuperDragonGem]s2[SuperDragonGem]
2025-08-11 01:31:09 - [Item]UA[OWNER] update [1360241]480339 plus [4] s1[SuperDragonGem]s2[SuperDragonGem]
2025-08-11 01:31:10 - [Item]UA[OWNER] update [1360237]150249 plus [4] s1[SuperDragonGem]s2[SuperDragonGem]
2025-08-11 01:31:10 - [Item]UA[OWNER] update [1360240]420339 plus [4] s1[SuperDragonGem]s2[SuperDragonGem]
2025-08-11 01:31:10 - [Item]UA[OWNER] update [1360241]480339 plus [4] s1[SuperDragonGem]s2[SuperDragonGem]
2025-08-11 01:38:28 - [Item]UA[OWNER] update [1360240]420339 plus [4] s1[SuperDragonGem]s2[SuperDragonGem]
2025-08-11 01:38:30 - [Item]UA[OWNER] update [1360237]150249 plus [4] s1[SuperDragonGem]s2[SuperDragonGem]
2025-08-11 01:38:54 - [Item]UA[OWNER] update [1360238]160249 plus [4] s1[SuperDragonGem]s2[SuperDragonGem]
2025-08-11 01:44:15 - [Item]UA[OWNER] update [1360368]410005 plus [0] s1[NoSocket]s2[NoSocket]
2025-08-11 01:44:58 - [Item]UA[OWNER] update [1360240]420339 plus [4] s1[SuperDragonGem]s2[SuperDragonGem]
2025-08-11 01:45:07 - [Item]UA[OWNER] update [1360368]410005 plus [0] s1[NoSocket]s2[NoSocket]
2025-08-11 01:45:10 - [Item]UA[OWNER] update [1360364]420339 plus [3] s1[SuperDragonGem]s2[SuperDragonGem]
2025-08-11 15:45:08 - [Item]Mohammad[OWNER] update [1360372]150007 plus [0] s1[NoSocket]s2[NoSocket]
2025-08-11 15:46:28 - [Item]Mohammad[OWNER] update [1360387]118109 plus [12] s1[SuperDragonGem]s2[SuperDragonGem]
2025-08-11 15:46:29 - [Item]Mohammad[OWNER] update [1360382]160249 plus [12] s1[SuperDragonGem]s2[SuperDragonGem]
2025-08-11 15:46:43 - [Item]UA[OWNER] update [1360393]113109 plus [12] s1[SuperDragonGem]s2[SuperDragonGem]
2025-08-11 15:46:44 - [Item]UA[OWNER] update [1360392]133109 plus [12] s1[SuperDragonGem]s2[SuperDragonGem]
2025-08-11 15:46:44 - [Item]UA[OWNER] update [1360390]160249 plus [12] s1[SuperDragonGem]s2[SuperDragonGem]
2025-08-11 15:46:45 - [Item]UA[OWNER] update [1360388]120249 plus [12] s1[SuperDragonGem]s2[SuperDragonGem]
2025-08-11 15:46:47 - [Item]Mohammad[OWNER] update [1360378]420007 plus [0] s1[NoSocket]s2[NoSocket]
2025-08-11 15:46:51 - [Item]UA[OWNER] update [1360395]1050002 plus [0] s1[NoSocket]s2[NoSocket]
2025-08-11 15:46:55 - [Item]Mohammad[OWNER] update [1360378]420007 plus [0] s1[NoSocket]s2[NoSocket]
2025-08-11 15:47:16 - [Item]UA[OWNER] update [1360395]1050002 plus [0] s1[NoSocket]s2[NoSocket]
2025-08-11 15:47:56 - [Item]Mohammad[OWNER] update [1360381]150249 plus [12] s1[SuperDragonGem]s2[SuperDragonGem]
2025-08-11 15:47:57 - [Item]Mohammad[OWNER] update [1360380]120249 plus [12] s1[SuperDragonGem]s2[SuperDragonGem]
2025-08-11 15:47:58 - [Item]Mohammad[OWNER] update [1360386]130109 plus [12] s1[SuperDragonGem]s2[SuperDragonGem]
2025-08-11 15:50:45 - [Item]UA[OWNER] update [1360396]1001000 plus [0] s1[NoSocket]s2[NoSocket]
2025-08-11 16:21:39 - [Item]Alhassan update [1360413]150249 plus [12] s1[SuperDragonGem]s2[SuperDragonGem]
2025-08-11 16:21:40 - [Item]Alhassan update [1360414]160249 plus [12] s1[SuperDragonGem]s2[SuperDragonGem]
2025-08-11 16:21:41 - [Item]Alhassan update [1360412]120249 plus [12] s1[SuperDragonGem]s2[SuperDragonGem]
2025-08-11 16:23:54 - [Item]Alhassan update [1360417]113109 plus [12] s1[SuperDragonGem]s2[SuperDragonGem]
2025-08-11 16:23:55 - [Item]Alhassan update [1360416]133109 plus [12] s1[SuperDragonGem]s2[SuperDragonGem]
2025-08-11 16:24:12 - [Item]Alhassan update [1360442]500301 plus [0] s1[NoSocket]s2[NoSocket]
2025-08-11 16:25:19 - [Item]Alhassan update [1360448]1050001 plus [0] s1[NoSocket]s2[NoSocket]
2025-08-11 16:25:44 - [Item]Alhassan update [1360448]1050001 plus [0] s1[NoSocket]s2[NoSocket]
