2025-06-26 00:29:57 - [Item]DSConquer[PM] update [1356668]480239 plus [0] s1[NoSocket]s2[NoSocket]
2025-06-26 00:29:59 - [Item]DSConquer[PM] update [1356668]480249 plus [0] s1[NoSocket]s2[NoSocket]
2025-06-26 00:31:34 - [Item]DSConquer[PM] update [1527994]360614 plus [0] s1[NoSocket]s2[NoSocket]
2025-06-26 00:31:39 - [Item]DSConquer[PM] update [1356668]480259 plus [0] s1[NoSocket]s2[NoSocket]
2025-06-26 00:31:45 - [Item]DSConquer[PM] update [1356668]480269 plus [0] s1[NoSocket]s2[NoSocket]
2025-06-26 01:33:24 - [Item]DSConquer[PM] update [1357047]1050002 plus [0] s1[NoSocket]s2[NoSocket]
2025-06-26 01:35:05 - [Item]DSConquer[PM] update [1404254]2100025 plus [0] s1[NoSocket]s2[NoSocket]
2025-06-26 01:35:05 - [Item]DSConquer[PM] update [1547444]120009 plus [12] s1[SuperDragonGem]s2[SuperDragonGem]
2025-06-26 01:35:05 - [Item]DSConquer[PM] update [1435354]120009 plus [12] s1[SuperDragonGem]s2[SuperDragonGem]
2025-06-26 01:35:05 - [Item]DSConquer[PM] update [1547445]150019 plus [12] s1[SuperDragonGem]s2[SuperDragonGem]
2025-06-26 01:35:05 - [Item]DSConquer[PM] update [1435355]150019 plus [12] s1[SuperDragonGem]s2[SuperDragonGem]
2025-06-26 01:35:05 - [Item]DSConquer[PM] update [1547446]160019 plus [12] s1[SuperDragonGem]s2[SuperDragonGem]
2025-06-26 01:35:05 - [Item]DSConquer[PM] update [1435357]500019 plus [12] s1[SuperDragonGem]s2[SuperDragonGem]
2025-06-26 01:35:05 - [Item]DSConquer[PM] update [1547450]130009 plus [12] s1[SuperDragonGem]s2[SuperDragonGem]
2025-06-26 01:35:05 - [Item]DSConquer[PM] update [1547451]118009 plus [12] s1[SuperDragonGem]s2[SuperDragonGem]
2025-06-26 01:35:05 - [Item]DSConquer[PM] update [1357046]500015 plus [0] s1[NoSocket]s2[NoSocket]
2025-06-26 01:35:05 - [Item]DSConquer[PM] update [1435405]1050002 plus [0] s1[NoSocket]s2[NoSocket]
2025-06-26 01:35:05 - [Item]DSConquer[PM] update [1410616]160019 plus [12] s1[SuperDragonGem]s2[SuperDragonGem]
2025-06-26 01:36:01 - [Item]DSConquer[PM] update [1435405]1050002 plus [0] s1[NoSocket]s2[NoSocket]
2025-06-26 01:36:32 - [Item]DSConquer[PM] update [1357046]500015 plus [0] s1[NoSocket]s2[NoSocket]
2025-06-26 01:36:32 - [Item]DSConquer[PM] update [1435354]120009 plus [12] s1[SuperDragonGem]s2[SuperDragonGem]
2025-06-26 01:36:32 - [Item]DSConquer[PM] update [1435355]150019 plus [12] s1[SuperDragonGem]s2[SuperDragonGem]
2025-06-26 01:36:32 - [Item]DSConquer[PM] update [1435357]500019 plus [12] s1[SuperDragonGem]s2[SuperDragonGem]
2025-06-26 01:36:32 - [Item]DSConquer[PM] update [1357046]500015 plus [0] s1[NoSocket]s2[NoSocket]
2025-06-26 01:36:32 - [Item]DSConquer[PM] update [1410616]160019 plus [12] s1[SuperDragonGem]s2[SuperDragonGem]
2025-06-26 01:36:52 - [Item]DSConquer[PM] update [1527994]360614 plus [0] s1[NoSocket]s2[NoSocket]
2025-06-26 01:36:52 - [Item]DSConquer[PM] update [1435354]120009 plus [12] s1[SuperDragonGem]s2[SuperDragonGem]
2025-06-26 01:36:52 - [Item]DSConquer[PM] update [1435355]150019 plus [12] s1[SuperDragonGem]s2[SuperDragonGem]
2025-06-26 01:36:52 - [Item]DSConquer[PM] update [1435357]500019 plus [12] s1[SuperDragonGem]s2[SuperDragonGem]
2025-06-26 01:36:52 - [Item]DSConquer[PM] update [1410616]160019 plus [12] s1[SuperDragonGem]s2[SuperDragonGem]
2025-06-26 22:57:06 - [Item]Abbey update [1588161]1002020 plus [0] s1[NoSocket]s2[NoSocket]
2025-06-26 22:57:08 - [Item]Abbey update [1588161]1002020 plus [0] s1[NoSocket]s2[NoSocket]
2025-06-26 22:57:09 - [Item]Abbey update [1588161]1002020 plus [0] s1[NoSocket]s2[NoSocket]
2025-06-26 23:00:50 - [Item]Abbey update [1529774]500329 plus [3] s1[SuperFuryGem]s2[SuperFuryGem]
2025-06-26 23:00:50 - [Item]Abbey update [1506131]151239 plus [3] s1[NoSocket]s2[NoSocket]
2025-06-26 23:01:21 - [Item]Abbey update [1586269]1050002 plus [0] s1[NoSocket]s2[NoSocket]
2025-06-26 23:01:38 - [Item]Abbey update [1586269]1050002 plus [0] s1[NoSocket]s2[NoSocket]
2025-06-26 23:01:40 - [Item]Abbey update [1586269]1050002 plus [0] s1[NoSocket]s2[NoSocket]
2025-06-26 23:02:17 - [Item]Abbey update [1586269]1050002 plus [0] s1[NoSocket]s2[NoSocket]
2025-06-26 23:04:19 - [Item]Abbey update [1586269]1050002 plus [0] s1[NoSocket]s2[NoSocket]
2025-06-26 23:04:23 - [Item]Abbey update [1586269]1050002 plus [0] s1[NoSocket]s2[NoSocket]
2025-06-26 23:05:00 - [Item]Abbey update [1586269]1050002 plus [0] s1[NoSocket]s2[NoSocket]
2025-06-26 23:05:49 - [Item]Abbey update [1586269]1050002 plus [0] s1[NoSocket]s2[NoSocket]
2025-06-26 23:06:15 - [Item]Abbey update [1586269]1050002 plus [0] s1[NoSocket]s2[NoSocket]
2025-06-26 23:06:49 - [Item]Abbey update [1357114]500329 plus [3] s1[SuperDragonGem]s2[SuperDragonGem]
2025-06-26 23:06:49 - [Item]Abbey update [1506131]151239 plus [3] s1[NoSocket]s2[NoSocket]
2025-06-26 23:06:54 - [Item]Abbey update [1357114]500329 plus [3] s1[SuperDragonGem]s2[SuperDragonGem]
2025-06-26 23:06:54 - [Item]Abbey update [1506131]151239 plus [3] s1[NoSocket]s2[NoSocket]
2025-06-26 23:58:48 - [Item]DSConquer[PM] update [1547450]130009 plus [12] s1[SuperDragonGem]s2[SuperDragonGem]
2025-06-26 23:58:49 - [Item]DSConquer[PM] update [1547451]118009 plus [12] s1[SuperDragonGem]s2[SuperDragonGem]
2025-06-26 23:59:06 - [Item]DSConquer[PM] update [1357122]160249 plus [12] s1[SuperDragonGem]s2[SuperDragonGem]
2025-06-26 23:59:07 - [Item]DSConquer[PM] update [1357120]120249 plus [12] s1[SuperDragonGem]s2[SuperDragonGem]
2025-06-26 23:59:07 - [Item]DSConquer[PM] update [1357121]150249 plus [12] s1[SuperDragonGem]s2[SuperDragonGem]
2025-06-26 23:59:07 - [Item]DSConquer[PM] update [1357124]420339 plus [12] s1[SuperDragonGem]s2[SuperDragonGem]
