2025-06-07 01:33:44 - [Item]DSConquer[PM] update [1355874]160249 plus [12] s1[SuperTortoiseGem]s2[SuperTortoiseGem]
2025-06-07 01:33:44 - [Item]DSConquer[PM] update [1355873]152259 plus [12] s1[SuperTortoiseGem]s2[SuperTortoiseGem]
2025-06-07 01:33:44 - [Item]DSConquer[PM] update [1355872]121249 plus [12] s1[SuperTortoiseGem]s2[SuperTortoiseGem]
2025-06-07 03:28:24 - [Item]Trojan[PM] update [1355900]130109 plus [12] s1[SuperFuryGem]s2[SuperFuryGem]
2025-06-07 03:28:24 - [Item]Trojan[PM] update [1355899]151249 plus [12] s1[SuperFuryGem]s2[SuperFuryGem]
2025-06-07 03:28:25 - [Item]Trojan[PM] update [1355902]118109 plus [12] s1[SuperDragonGem]s2[SuperDragonGem]
2025-06-07 03:28:29 - [Item]Trojan[PM] update [1355892]120249 plus [12] s1[SuperDragonGem]s2[SuperDragonGem]
2025-06-07 03:28:30 - [Item]Trojan[PM] update [1355894]160249 plus [12] s1[SuperDragonGem]s2[SuperDragonGem]
2025-06-07 03:28:30 - [Item]Trojan[PM] update [1355891]2100105 plus [0] s1[NoSocket]s2[NoSocket]
2025-06-07 03:28:35 - [Item]Trojan[PM] update [1355896]420339 plus [12] s1[SuperDragonGem]s2[SuperDragonGem]
2025-06-07 03:29:21 - [Item]Trojan[PM] update [1355893]150249 plus [12] s1[SuperDragonGem]s2[SuperDragonGem]
2025-06-07 03:29:21 - [Item]Trojan[PM] update [1355896]420339 plus [12] s1[SuperDragonGem]s2[SuperDragonGem]
2025-06-07 03:29:21 - [Item]Trojan[PM] update [1355897]480339 plus [12] s1[SuperDragonGem]s2[SuperDragonGem]
2025-06-07 03:31:29 - [Item]Trojan[PM] update [1355893]150249 plus [12] s1[SuperDragonGem]s2[SuperDragonGem]
2025-06-07 03:31:29 - [Item]Trojan[PM] update [1355896]420339 plus [12] s1[SuperDragonGem]s2[SuperDragonGem]
2025-06-07 03:31:29 - [Item]Trojan[PM] update [1355897]480339 plus [12] s1[SuperDragonGem]s2[SuperDragonGem]
2025-06-07 03:35:11 - [Item]Trojan[PM] update [1355892]120249 plus [12] s1[SuperDragonGem]s2[SuperDragonGem]
2025-06-07 03:35:11 - [Item]Trojan[PM] update [1355894]160249 plus [12] s1[SuperDragonGem]s2[SuperDragonGem]
2025-06-07 03:35:11 - [Item]Trojan[PM] update [1355901]130109 plus [12] s1[SuperDragonGem]s2[SuperDragonGem]
2025-06-07 03:35:11 - [Item]Trojan[PM] update [1355902]118109 plus [12] s1[SuperDragonGem]s2[SuperDragonGem]
2025-06-07 03:41:10 - [Item]DSConquer[PM] update [1355870]120249 plus [12] s1[SuperTortoiseGem]s2[SuperTortoiseGem]
2025-06-07 03:41:10 - [Item]DSConquer[PM] update [1355903]131109 plus [12] s1[SuperTortoiseGem]s2[SuperTortoiseGem]
2025-06-07 03:41:10 - [Item]DSConquer[PM] update [1355904]111109 plus [12] s1[SuperTortoiseGem]s2[SuperTortoiseGem]
2025-06-07 03:41:10 - [Item]DSConquer[PM] update [1355874]160249 plus [12] s1[SuperTortoiseGem]s2[SuperTortoiseGem]
2025-06-07 03:41:18 - [Item]DSConquer[PM] update [1355870]120009 plus [12] s1[SuperTortoiseGem]s2[SuperTortoiseGem]
2025-06-07 03:41:18 - [Item]DSConquer[PM] update [1355903]131009 plus [12] s1[SuperTortoiseGem]s2[SuperTortoiseGem]
2025-06-07 03:41:18 - [Item]DSConquer[PM] update [1355873]152019 plus [12] s1[SuperTortoiseGem]s2[SuperTortoiseGem]
2025-06-07 03:41:18 - [Item]DSConquer[PM] update [1355904]111009 plus [12] s1[SuperTortoiseGem]s2[SuperTortoiseGem]
2025-06-07 03:41:18 - [Item]DSConquer[PM] update [1355874]160019 plus [12] s1[SuperTortoiseGem]s2[SuperTortoiseGem]
2025-06-07 03:41:18 - [Item]DSConquer[PM] update [1355875]421029 plus [12] s1[SuperTortoiseGem]s2[SuperTortoiseGem]
2025-06-07 03:42:11 - [Item]DSConquer[PM] update [1355873]152019 plus [12] s1[SuperTortoiseGem]s2[SuperTortoiseGem]
2025-06-07 03:42:11 - [Item]DSConquer[PM] update [1355875]421029 plus [12] s1[SuperTortoiseGem]s2[SuperTortoiseGem]
2025-06-07 03:42:15 - [Item]DSConquer[PM] update [1355873]152019 plus [12] s1[SuperTortoiseGem]s2[SuperTortoiseGem]
2025-06-07 03:42:15 - [Item]DSConquer[PM] update [1355875]421029 plus [12] s1[SuperTortoiseGem]s2[SuperTortoiseGem]
2025-06-07 03:42:19 - [Item]DSConquer[PM] update [1355873]152019 plus [12] s1[SuperTortoiseGem]s2[SuperTortoiseGem]
2025-06-07 03:42:19 - [Item]DSConquer[PM] update [1355875]421029 plus [12] s1[SuperTortoiseGem]s2[SuperTortoiseGem]
2025-06-07 03:42:23 - [Item]DSConquer[PM] update [1355873]152019 plus [12] s1[SuperTortoiseGem]s2[SuperTortoiseGem]
2025-06-07 03:42:23 - [Item]DSConquer[PM] update [1355875]421029 plus [12] s1[SuperTortoiseGem]s2[SuperTortoiseGem]
2025-06-07 03:42:33 - [Item]DSConquer[PM] update [1355873]152019 plus [12] s1[SuperTortoiseGem]s2[SuperTortoiseGem]
2025-06-07 03:42:33 - [Item]DSConquer[PM] update [1355875]421029 plus [12] s1[SuperTortoiseGem]s2[SuperTortoiseGem]
2025-06-07 03:42:46 - [Item]DSConquer[PM] update [1355873]152019 plus [12] s1[SuperTortoiseGem]s2[SuperTortoiseGem]
2025-06-07 03:42:46 - [Item]DSConquer[PM] update [1355875]421029 plus [12] s1[SuperTortoiseGem]s2[SuperTortoiseGem]
2025-06-07 03:42:49 - [Item]DSConquer[PM] update [1355873]152019 plus [12] s1[SuperTortoiseGem]s2[SuperTortoiseGem]
2025-06-07 03:42:49 - [Item]DSConquer[PM] update [1355875]421029 plus [12] s1[SuperTortoiseGem]s2[SuperTortoiseGem]
2025-06-07 03:42:58 - [Item]DSConquer[PM] update [1355873]152019 plus [12] s1[SuperTortoiseGem]s2[SuperTortoiseGem]
2025-06-07 03:42:58 - [Item]DSConquer[PM] update [1355875]421029 plus [12] s1[SuperTortoiseGem]s2[SuperTortoiseGem]
2025-06-07 03:42:58 - [Item]DSConquer[PM] update [1355873]152019 plus [12] s1[SuperTortoiseGem]s2[SuperTortoiseGem]
2025-06-07 03:42:58 - [Item]DSConquer[PM] update [1355875]421029 plus [12] s1[SuperTortoiseGem]s2[SuperTortoiseGem]
2025-06-07 03:43:01 - [Item]DSConquer[PM] update [1355873]152019 plus [12] s1[SuperTortoiseGem]s2[SuperTortoiseGem]
2025-06-07 03:43:01 - [Item]DSConquer[PM] update [1355875]421029 plus [12] s1[SuperTortoiseGem]s2[SuperTortoiseGem]
2025-06-07 03:43:08 - [Item]DSConquer[PM] update [1355873]152019 plus [12] s1[SuperTortoiseGem]s2[SuperTortoiseGem]
2025-06-07 03:43:08 - [Item]DSConquer[PM] update [1355875]421029 plus [12] s1[SuperTortoiseGem]s2[SuperTortoiseGem]
2025-06-07 04:08:34 - [Item]DSConquer[PM] update [1355916]360425 plus [0] s1[NoSocket]s2[NoSocket]
2025-06-07 04:15:41 - [Item]DSConquer[PM] update [1355873]152019 plus [12] s1[SuperTortoiseGem]s2[SuperTortoiseGem]
2025-06-07 04:15:41 - [Item]DSConquer[PM] update [1355875]421029 plus [12] s1[SuperTortoiseGem]s2[SuperTortoiseGem]
2025-06-07 11:33:41 - [Item]DSConquer[PM] update [1355870]120009 plus [12] s1[SuperTortoiseGem]s2[SuperTortoiseGem]
2025-06-07 11:33:41 - [Item]DSConquer[PM] update [1355903]131009 plus [12] s1[SuperTortoiseGem]s2[SuperTortoiseGem]
2025-06-07 11:33:41 - [Item]DSConquer[PM] update [1355904]111009 plus [12] s1[SuperTortoiseGem]s2[SuperTortoiseGem]
2025-06-07 11:33:41 - [Item]DSConquer[PM] update [1355874]160019 plus [12] s1[SuperTortoiseGem]s2[SuperTortoiseGem]
2025-06-07 11:35:38 - [Item]DSConquer[PM] update [1355963]1050002 plus [0] s1[NoSocket]s2[NoSocket]
2025-06-07 11:36:41 - [Item]DSConquer[PM] update [1355954]120249 plus [12] s1[SuperDragonGem]s2[SuperDragonGem]
2025-06-07 11:36:41 - [Item]DSConquer[PM] update [1355956]160249 plus [12] s1[SuperDragonGem]s2[SuperDragonGem]
2025-06-07 11:36:41 - [Item]DSConquer[PM] update [1355958]133109 plus [12] s1[SuperDragonGem]s2[SuperDragonGem]
2025-06-07 11:36:41 - [Item]DSConquer[PM] update [1355959]113109 plus [12] s1[SuperDragonGem]s2[SuperDragonGem]
2025-06-07 11:51:13 - [Item]DSConquer[PM] update [1355955]150249 plus [12] s1[SuperDragonGem]s2[SuperDragonGem]
2025-06-07 11:51:13 - [Item]DSConquer[PM] update [1355957]500329 plus [12] s1[SuperDragonGem]s2[SuperDragonGem]
2025-06-07 12:48:33 - [Item]DSConquer[PM] update [1355983]480339 plus [12] s1[SuperDragonGem]s2[SuperDragonGem]
2025-06-07 12:57:04 - [Item]DSConquer[PM] update [1355981]410339 plus [12] s1[SuperDragonGem]s2[SuperDragonGem]
2025-06-07 12:57:04 - [Item]DSConquer[PM] update [1355955]150249 plus [12] s1[SuperDragonGem]s2[SuperDragonGem]
2025-06-07 12:57:06 - [Item]DSConquer[PM] update [1355981]410339 plus [12] s1[SuperDragonGem]s2[SuperDragonGem]
2025-06-07 12:57:06 - [Item]DSConquer[PM] update [1355955]150249 plus [12] s1[SuperDragonGem]s2[SuperDragonGem]
2025-06-07 14:26:14 - [Item]DSConquer[PM] update [1355981]410339 plus [12] s1[SuperDragonGem]s2[SuperDragonGem]
2025-06-07 14:26:14 - [Item]DSConquer[PM] update [1355955]150249 plus [12] s1[SuperDragonGem]s2[SuperDragonGem]
2025-06-07 14:26:22 - [Item]DSConquer[PM] update [1355981]410339 plus [12] s1[SuperDragonGem]s2[SuperDragonGem]
2025-06-07 14:26:22 - [Item]DSConquer[PM] update [1355955]150249 plus [12] s1[SuperDragonGem]s2[SuperDragonGem]
2025-06-07 14:26:41 - [Item]DSConquer[PM] update [1355981]410339 plus [12] s1[SuperDragonGem]s2[SuperDragonGem]
2025-06-07 14:26:41 - [Item]DSConquer[PM] update [1355955]150249 plus [12] s1[SuperDragonGem]s2[SuperDragonGem]
2025-06-07 14:28:40 - [Item]DSConquer[PM] update [1355919]360591 plus [0] s1[NoSocket]s2[NoSocket]
2025-06-07 14:35:11 - [Item]Girly update [1356009]150249 plus [12] s1[SuperDragonGem]s2[SuperDragonGem]
2025-06-07 14:35:11 - [Item]Girly update [1356010]160249 plus [12] s1[SuperDragonGem]s2[SuperDragonGem]
2025-06-07 14:35:12 - [Item]Girly update [1356008]120249 plus [12] s1[SuperDragonGem]s2[SuperDragonGem]
2025-06-07 14:37:47 - [Item]Girly update [1356009]150249 plus [12] s1[SuperDragonGem]s2[SuperDragonGem]
2025-06-07 20:45:36 - [Item]DSConquer[PM] update [1355983]480339 plus [12] s1[SuperDragonGem]s2[SuperDragonGem]
2025-06-07 20:45:40 - [Item]DSConquer[PM] update [1355981]410339 plus [12] s1[SuperDragonGem]s2[SuperDragonGem]
2025-06-07 20:45:42 - [Item]DSConquer[PM] update [1355956]160249 plus [12] s1[SuperDragonGem]s2[SuperDragonGem]
2025-06-07 20:45:43 - [Item]DSConquer[PM] update [1355955]150249 plus [12] s1[SuperDragonGem]s2[SuperDragonGem]
2025-06-07 20:45:44 - [Item]DSConquer[PM] update [1355988]118109 plus [12] s1[SuperDragonGem]s2[SuperDragonGem]
2025-06-07 20:45:45 - [Item]DSConquer[PM] update [1355987]130109 plus [12] s1[SuperDragonGem]s2[SuperDragonGem]
2025-06-07 20:45:50 - [Item]DSConquer[PM] update [1355978]120249 plus [12] s1[SuperDragonGem]s2[SuperDragonGem]
2025-06-07 20:55:13 - [Item]DSConquer[PM] update [1355981]410339 plus [12] s1[SuperDragonGem]s2[SuperDragonGem]
2025-06-07 20:55:13 - [Item]DSConquer[PM] update [1355983]480339 plus [12] s1[SuperDragonGem]s2[SuperDragonGem]
2025-06-07 20:55:13 - [Item]DSConquer[PM] update [1355985]151249 plus [12] s1[SuperFuryGem]s2[SuperFuryGem]
2025-06-07 21:22:52 - [Item]DSConquer[PM] update [1355981]410339 plus [12] s1[SuperDragonGem]s2[SuperDragonGem]
2025-06-07 21:22:52 - [Item]DSConquer[PM] update [1355983]480339 plus [12] s1[SuperDragonGem]s2[SuperDragonGem]
2025-06-07 21:22:52 - [Item]DSConquer[PM] update [1355985]151249 plus [12] s1[SuperFuryGem]s2[SuperFuryGem]
2025-06-07 21:40:57 - [Item]DSConquer[PM] update [1355981]410339 plus [12] s1[SuperDragonGem]s2[SuperDragonGem]
2025-06-07 21:40:57 - [Item]DSConquer[PM] update [1355983]480339 plus [12] s1[SuperDragonGem]s2[SuperDragonGem]
2025-06-07 21:40:57 - [Item]DSConquer[PM] update [1355985]151249 plus [12] s1[SuperFuryGem]s2[SuperFuryGem]
2025-06-07 21:41:00 - [Item]DSConquer[PM] update [1355981]410339 plus [12] s1[SuperDragonGem]s2[SuperDragonGem]
2025-06-07 21:41:00 - [Item]DSConquer[PM] update [1355983]480339 plus [12] s1[SuperDragonGem]s2[SuperDragonGem]
2025-06-07 21:41:00 - [Item]DSConquer[PM] update [1355985]151249 plus [12] s1[SuperFuryGem]s2[SuperFuryGem]
2025-06-07 21:41:02 - [Item]DSConquer[PM] update [1355981]410339 plus [12] s1[SuperDragonGem]s2[SuperDragonGem]
2025-06-07 21:41:02 - [Item]DSConquer[PM] update [1355983]480339 plus [12] s1[SuperDragonGem]s2[SuperDragonGem]
2025-06-07 21:41:02 - [Item]DSConquer[PM] update [1355985]151249 plus [12] s1[SuperFuryGem]s2[SuperFuryGem]
2025-06-07 21:41:42 - [Item]DSConquer[PM] update [1355978]120249 plus [12] s1[SuperDragonGem]s2[SuperDragonGem]
2025-06-07 21:41:42 - [Item]DSConquer[PM] update [1355986]130109 plus [12] s1[SuperFuryGem]s2[SuperFuryGem]
2025-06-07 21:41:42 - [Item]DSConquer[PM] update [1355956]160249 plus [12] s1[SuperDragonGem]s2[SuperDragonGem]
2025-06-07 21:41:42 - [Item]DSConquer[PM] update [1355988]118109 plus [12] s1[SuperDragonGem]s2[SuperDragonGem]
2025-06-07 21:41:48 - [Item]DSConquer[PM] update [1355978]120249 plus [12] s1[SuperDragonGem]s2[SuperDragonGem]
2025-06-07 21:41:48 - [Item]DSConquer[PM] update [1355986]130109 plus [12] s1[SuperFuryGem]s2[SuperFuryGem]
2025-06-07 21:41:48 - [Item]DSConquer[PM] update [1355956]160249 plus [12] s1[SuperDragonGem]s2[SuperDragonGem]
2025-06-07 21:41:48 - [Item]DSConquer[PM] update [1355988]118109 plus [12] s1[SuperDragonGem]s2[SuperDragonGem]
2025-06-07 21:41:50 - [Item]DSConquer[PM] update [1355978]120249 plus [12] s1[SuperDragonGem]s2[SuperDragonGem]
2025-06-07 21:41:50 - [Item]DSConquer[PM] update [1355986]130109 plus [12] s1[SuperFuryGem]s2[SuperFuryGem]
2025-06-07 21:41:50 - [Item]DSConquer[PM] update [1355956]160249 plus [12] s1[SuperDragonGem]s2[SuperDragonGem]
2025-06-07 21:41:50 - [Item]DSConquer[PM] update [1355988]118109 plus [12] s1[SuperDragonGem]s2[SuperDragonGem]
2025-06-07 21:42:21 - [Item]DSConquer[PM] update [1355978]120249 plus [12] s1[SuperDragonGem]s2[SuperDragonGem]
2025-06-07 21:42:21 - [Item]DSConquer[PM] update [1355986]130109 plus [12] s1[SuperFuryGem]s2[SuperFuryGem]
2025-06-07 21:42:21 - [Item]DSConquer[PM] update [1355956]160249 plus [12] s1[SuperDragonGem]s2[SuperDragonGem]
2025-06-07 21:42:21 - [Item]DSConquer[PM] update [1355988]118109 plus [12] s1[SuperDragonGem]s2[SuperDragonGem]
2025-06-07 21:42:23 - [Item]DSConquer[PM] update [1355978]120249 plus [12] s1[SuperDragonGem]s2[SuperDragonGem]
2025-06-07 21:42:23 - [Item]DSConquer[PM] update [1355986]130109 plus [12] s1[SuperFuryGem]s2[SuperFuryGem]
2025-06-07 21:42:23 - [Item]DSConquer[PM] update [1355956]160249 plus [12] s1[SuperDragonGem]s2[SuperDragonGem]
2025-06-07 21:42:23 - [Item]DSConquer[PM] update [1355988]118109 plus [12] s1[SuperDragonGem]s2[SuperDragonGem]
2025-06-07 21:42:47 - [Item]DSConquer[PM] update [1355981]410339 plus [12] s1[SuperDragonGem]s2[SuperDragonGem]
2025-06-07 21:42:47 - [Item]DSConquer[PM] update [1355983]480339 plus [12] s1[SuperDragonGem]s2[SuperDragonGem]
2025-06-07 21:42:47 - [Item]DSConquer[PM] update [1355985]151249 plus [12] s1[SuperFuryGem]s2[SuperFuryGem]
2025-06-07 21:43:20 - [Item]DSConquer[PM] update [1355978]120249 plus [12] s1[SuperDragonGem]s2[SuperDragonGem]
2025-06-07 21:43:20 - [Item]DSConquer[PM] update [1355986]130109 plus [12] s1[SuperFuryGem]s2[SuperFuryGem]
2025-06-07 21:43:20 - [Item]DSConquer[PM] update [1355956]160249 plus [12] s1[SuperDragonGem]s2[SuperDragonGem]
2025-06-07 21:43:20 - [Item]DSConquer[PM] update [1355988]118109 plus [12] s1[SuperDragonGem]s2[SuperDragonGem]
2025-06-07 21:43:25 - [Item]DSConquer[PM] update [1355981]410339 plus [12] s1[SuperDragonGem]s2[SuperDragonGem]
2025-06-07 21:43:25 - [Item]DSConquer[PM] update [1355983]480339 plus [12] s1[SuperDragonGem]s2[SuperDragonGem]
2025-06-07 21:43:25 - [Item]DSConquer[PM] update [1355985]151249 plus [12] s1[SuperFuryGem]s2[SuperFuryGem]
2025-06-07 21:43:27 - [Item]DSConquer[PM] update [1355981]410339 plus [12] s1[SuperDragonGem]s2[SuperDragonGem]
2025-06-07 21:43:27 - [Item]DSConquer[PM] update [1355983]480339 plus [12] s1[SuperDragonGem]s2[SuperDragonGem]
2025-06-07 21:43:27 - [Item]DSConquer[PM] update [1355985]151249 plus [12] s1[SuperFuryGem]s2[SuperFuryGem]
2025-06-07 21:43:28 - [Item]DSConquer[PM] update [1355981]410339 plus [12] s1[SuperDragonGem]s2[SuperDragonGem]
2025-06-07 21:43:28 - [Item]DSConquer[PM] update [1355983]480339 plus [12] s1[SuperDragonGem]s2[SuperDragonGem]
2025-06-07 21:43:28 - [Item]DSConquer[PM] update [1355985]151249 plus [12] s1[SuperFuryGem]s2[SuperFuryGem]
2025-06-07 21:43:28 - [Item]DSConquer[PM] update [1355981]410339 plus [12] s1[SuperDragonGem]s2[SuperDragonGem]
2025-06-07 21:43:28 - [Item]DSConquer[PM] update [1355983]480339 plus [12] s1[SuperDragonGem]s2[SuperDragonGem]
2025-06-07 21:43:28 - [Item]DSConquer[PM] update [1355985]151249 plus [12] s1[SuperFuryGem]s2[SuperFuryGem]
2025-06-07 21:45:32 - [Item]DSConquer[PM] update [1355981]410339 plus [12] s1[SuperDragonGem]s2[SuperDragonGem]
2025-06-07 21:45:32 - [Item]DSConquer[PM] update [1355983]480339 plus [12] s1[SuperDragonGem]s2[SuperDragonGem]
2025-06-07 21:45:32 - [Item]DSConquer[PM] update [1355985]151249 plus [12] s1[SuperFuryGem]s2[SuperFuryGem]
2025-06-07 21:45:37 - [Item]DSConquer[PM] update [1355981]410339 plus [12] s1[SuperDragonGem]s2[SuperDragonGem]
2025-06-07 21:45:37 - [Item]DSConquer[PM] update [1355983]480339 plus [12] s1[SuperDragonGem]s2[SuperDragonGem]
2025-06-07 21:45:37 - [Item]DSConquer[PM] update [1355985]151249 plus [12] s1[SuperFuryGem]s2[SuperFuryGem]
2025-06-07 21:45:45 - [Item]DSConquer[PM] update [1355981]410339 plus [12] s1[SuperDragonGem]s2[SuperDragonGem]
2025-06-07 21:45:45 - [Item]DSConquer[PM] update [1355983]480339 plus [12] s1[SuperDragonGem]s2[SuperDragonGem]
2025-06-07 21:45:45 - [Item]DSConquer[PM] update [1355985]151249 plus [12] s1[SuperFuryGem]s2[SuperFuryGem]
2025-06-07 21:45:51 - [Item]DSConquer[PM] update [1355978]120249 plus [12] s1[SuperDragonGem]s2[SuperDragonGem]
2025-06-07 21:45:51 - [Item]DSConquer[PM] update [1355986]130109 plus [12] s1[SuperFuryGem]s2[SuperFuryGem]
2025-06-07 21:45:51 - [Item]DSConquer[PM] update [1355956]160249 plus [12] s1[SuperDragonGem]s2[SuperDragonGem]
2025-06-07 21:45:51 - [Item]DSConquer[PM] update [1355988]118109 plus [12] s1[SuperDragonGem]s2[SuperDragonGem]
2025-06-07 21:46:16 - [Item]DSConquer[PM] update [1355981]410339 plus [12] s1[SuperDragonGem]s2[SuperDragonGem]
2025-06-07 21:46:16 - [Item]DSConquer[PM] update [1355983]480339 plus [12] s1[SuperDragonGem]s2[SuperDragonGem]
2025-06-07 21:46:16 - [Item]DSConquer[PM] update [1355985]151249 plus [12] s1[SuperFuryGem]s2[SuperFuryGem]
2025-06-07 21:46:21 - [Item]DSConquer[PM] update [1355981]410339 plus [12] s1[SuperDragonGem]s2[SuperDragonGem]
2025-06-07 21:46:21 - [Item]DSConquer[PM] update [1355983]480339 plus [12] s1[SuperDragonGem]s2[SuperDragonGem]
2025-06-07 21:46:21 - [Item]DSConquer[PM] update [1355985]151249 plus [12] s1[SuperFuryGem]s2[SuperFuryGem]
2025-06-07 21:47:15 - [Item]DSConquer[PM] update [1355978]120249 plus [12] s1[SuperDragonGem]s2[SuperDragonGem]
2025-06-07 21:47:15 - [Item]DSConquer[PM] update [1355986]130109 plus [12] s1[SuperFuryGem]s2[SuperFuryGem]
2025-06-07 21:47:15 - [Item]DSConquer[PM] update [1355956]160249 plus [12] s1[SuperDragonGem]s2[SuperDragonGem]
2025-06-07 21:47:15 - [Item]DSConquer[PM] update [1355988]118109 plus [12] s1[SuperDragonGem]s2[SuperDragonGem]
2025-06-07 21:47:42 - [Item]DSConquer[PM] update [1355978]120249 plus [12] s1[SuperDragonGem]s2[SuperDragonGem]
2025-06-07 21:47:42 - [Item]DSConquer[PM] update [1355986]130109 plus [12] s1[SuperFuryGem]s2[SuperFuryGem]
2025-06-07 21:47:42 - [Item]DSConquer[PM] update [1355956]160249 plus [12] s1[SuperDragonGem]s2[SuperDragonGem]
2025-06-07 21:47:42 - [Item]DSConquer[PM] update [1355988]118109 plus [12] s1[SuperDragonGem]s2[SuperDragonGem]
2025-06-07 21:47:53 - [Item]DSConquer[PM] update [1355978]120249 plus [12] s1[SuperDragonGem]s2[SuperDragonGem]
2025-06-07 21:47:53 - [Item]DSConquer[PM] update [1355986]130109 plus [12] s1[SuperFuryGem]s2[SuperFuryGem]
2025-06-07 21:47:53 - [Item]DSConquer[PM] update [1355956]160249 plus [12] s1[SuperDragonGem]s2[SuperDragonGem]
2025-06-07 21:47:53 - [Item]DSConquer[PM] update [1355988]118109 plus [12] s1[SuperDragonGem]s2[SuperDragonGem]
2025-06-07 21:48:08 - [Item]DSConquer[PM] update [1355978]120249 plus [12] s1[SuperDragonGem]s2[SuperDragonGem]
2025-06-07 21:48:08 - [Item]DSConquer[PM] update [1355986]130109 plus [12] s1[SuperFuryGem]s2[SuperFuryGem]
2025-06-07 21:48:08 - [Item]DSConquer[PM] update [1355956]160249 plus [12] s1[SuperDragonGem]s2[SuperDragonGem]
2025-06-07 21:48:08 - [Item]DSConquer[PM] update [1355988]118109 plus [12] s1[SuperDragonGem]s2[SuperDragonGem]
2025-06-07 21:48:11 - [Item]DSConquer[PM] update [1355978]120249 plus [12] s1[SuperDragonGem]s2[SuperDragonGem]
2025-06-07 21:48:11 - [Item]DSConquer[PM] update [1355986]130109 plus [12] s1[SuperFuryGem]s2[SuperFuryGem]
2025-06-07 21:48:11 - [Item]DSConquer[PM] update [1355956]160249 plus [12] s1[SuperDragonGem]s2[SuperDragonGem]
2025-06-07 21:48:11 - [Item]DSConquer[PM] update [1355988]118109 plus [12] s1[SuperDragonGem]s2[SuperDragonGem]
2025-06-07 21:48:39 - [Item]DSConquer[PM] update [1355978]120249 plus [12] s1[SuperDragonGem]s2[SuperDragonGem]
2025-06-07 21:48:39 - [Item]DSConquer[PM] update [1355986]130109 plus [12] s1[SuperFuryGem]s2[SuperFuryGem]
2025-06-07 21:48:39 - [Item]DSConquer[PM] update [1355956]160249 plus [12] s1[SuperDragonGem]s2[SuperDragonGem]
2025-06-07 21:48:39 - [Item]DSConquer[PM] update [1355988]118109 plus [12] s1[SuperDragonGem]s2[SuperDragonGem]
2025-06-07 21:48:46 - [Item]DSConquer[PM] update [1355978]120249 plus [12] s1[SuperDragonGem]s2[SuperDragonGem]
2025-06-07 21:48:46 - [Item]DSConquer[PM] update [1355986]130109 plus [12] s1[SuperFuryGem]s2[SuperFuryGem]
2025-06-07 21:48:46 - [Item]DSConquer[PM] update [1355956]160249 plus [12] s1[SuperDragonGem]s2[SuperDragonGem]
2025-06-07 21:48:46 - [Item]DSConquer[PM] update [1355988]118109 plus [12] s1[SuperDragonGem]s2[SuperDragonGem]
2025-06-07 21:48:47 - [Item]DSConquer[PM] update [1355978]120249 plus [12] s1[SuperDragonGem]s2[SuperDragonGem]
2025-06-07 21:48:47 - [Item]DSConquer[PM] update [1355986]130109 plus [12] s1[SuperFuryGem]s2[SuperFuryGem]
2025-06-07 21:48:47 - [Item]DSConquer[PM] update [1355956]160249 plus [12] s1[SuperDragonGem]s2[SuperDragonGem]
2025-06-07 21:48:47 - [Item]DSConquer[PM] update [1355988]118109 plus [12] s1[SuperDragonGem]s2[SuperDragonGem]
2025-06-07 21:49:02 - [Item]DSConquer[PM] update [1355978]120249 plus [12] s1[SuperDragonGem]s2[SuperDragonGem]
2025-06-07 21:49:02 - [Item]DSConquer[PM] update [1355986]130109 plus [12] s1[SuperFuryGem]s2[SuperFuryGem]
2025-06-07 21:49:02 - [Item]DSConquer[PM] update [1355956]160249 plus [12] s1[SuperDragonGem]s2[SuperDragonGem]
2025-06-07 21:49:02 - [Item]DSConquer[PM] update [1355988]118109 plus [12] s1[SuperDragonGem]s2[SuperDragonGem]
2025-06-07 21:49:04 - [Item]DSConquer[PM] update [1355978]120249 plus [12] s1[SuperDragonGem]s2[SuperDragonGem]
2025-06-07 21:49:04 - [Item]DSConquer[PM] update [1355986]130109 plus [12] s1[SuperFuryGem]s2[SuperFuryGem]
2025-06-07 21:49:04 - [Item]DSConquer[PM] update [1355956]160249 plus [12] s1[SuperDragonGem]s2[SuperDragonGem]
2025-06-07 21:49:04 - [Item]DSConquer[PM] update [1355988]118109 plus [12] s1[SuperDragonGem]s2[SuperDragonGem]
2025-06-07 21:49:07 - [Item]DSConquer[PM] update [1355978]120249 plus [12] s1[SuperDragonGem]s2[SuperDragonGem]
2025-06-07 21:49:07 - [Item]DSConquer[PM] update [1355986]130109 plus [12] s1[SuperFuryGem]s2[SuperFuryGem]
2025-06-07 21:49:07 - [Item]DSConquer[PM] update [1355956]160249 plus [12] s1[SuperDragonGem]s2[SuperDragonGem]
2025-06-07 21:49:07 - [Item]DSConquer[PM] update [1355988]118109 plus [12] s1[SuperDragonGem]s2[SuperDragonGem]
2025-06-07 21:49:14 - [Item]DSConquer[PM] update [1355978]120249 plus [12] s1[SuperDragonGem]s2[SuperDragonGem]
2025-06-07 21:49:14 - [Item]DSConquer[PM] update [1355986]130109 plus [12] s1[SuperFuryGem]s2[SuperFuryGem]
2025-06-07 21:49:14 - [Item]DSConquer[PM] update [1355956]160249 plus [12] s1[SuperDragonGem]s2[SuperDragonGem]
2025-06-07 21:49:14 - [Item]DSConquer[PM] update [1355988]118109 plus [12] s1[SuperDragonGem]s2[SuperDragonGem]
2025-06-07 21:49:20 - [Item]DSConquer[PM] update [1355978]120249 plus [12] s1[SuperDragonGem]s2[SuperDragonGem]
2025-06-07 21:49:20 - [Item]DSConquer[PM] update [1355986]130109 plus [12] s1[SuperFuryGem]s2[SuperFuryGem]
2025-06-07 21:49:20 - [Item]DSConquer[PM] update [1355956]160249 plus [12] s1[SuperDragonGem]s2[SuperDragonGem]
2025-06-07 21:49:20 - [Item]DSConquer[PM] update [1355988]118109 plus [12] s1[SuperDragonGem]s2[SuperDragonGem]
2025-06-07 21:49:22 - [Item]DSConquer[PM] update [1355978]120249 plus [12] s1[SuperDragonGem]s2[SuperDragonGem]
2025-06-07 21:49:22 - [Item]DSConquer[PM] update [1355986]130109 plus [12] s1[SuperFuryGem]s2[SuperFuryGem]
2025-06-07 21:49:22 - [Item]DSConquer[PM] update [1355956]160249 plus [12] s1[SuperDragonGem]s2[SuperDragonGem]
2025-06-07 21:49:22 - [Item]DSConquer[PM] update [1355988]118109 plus [12] s1[SuperDragonGem]s2[SuperDragonGem]
2025-06-07 21:50:09 - [Item]DSConquer[PM] update [1355978]120249 plus [12] s1[SuperDragonGem]s2[SuperDragonGem]
2025-06-07 21:50:09 - [Item]DSConquer[PM] update [1355986]130109 plus [12] s1[SuperFuryGem]s2[SuperFuryGem]
2025-06-07 21:50:09 - [Item]DSConquer[PM] update [1355956]160249 plus [12] s1[SuperDragonGem]s2[SuperDragonGem]
2025-06-07 21:50:09 - [Item]DSConquer[PM] update [1355988]118109 plus [12] s1[SuperDragonGem]s2[SuperDragonGem]
2025-06-07 21:50:14 - [Item]DSConquer[PM] update [1355978]120249 plus [12] s1[SuperDragonGem]s2[SuperDragonGem]
2025-06-07 21:50:14 - [Item]DSConquer[PM] update [1355986]130109 plus [12] s1[SuperFuryGem]s2[SuperFuryGem]
2025-06-07 21:50:14 - [Item]DSConquer[PM] update [1355956]160249 plus [12] s1[SuperDragonGem]s2[SuperDragonGem]
2025-06-07 21:50:14 - [Item]DSConquer[PM] update [1355988]118109 plus [12] s1[SuperDragonGem]s2[SuperDragonGem]
2025-06-07 21:50:24 - [Item]DSConquer[PM] update [1355978]120249 plus [12] s1[SuperDragonGem]s2[SuperDragonGem]
2025-06-07 21:50:24 - [Item]DSConquer[PM] update [1355986]130109 plus [12] s1[SuperFuryGem]s2[SuperFuryGem]
2025-06-07 21:50:24 - [Item]DSConquer[PM] update [1355956]160249 plus [12] s1[SuperDragonGem]s2[SuperDragonGem]
2025-06-07 21:50:24 - [Item]DSConquer[PM] update [1355988]118109 plus [12] s1[SuperDragonGem]s2[SuperDragonGem]
2025-06-07 21:50:27 - [Item]DSConquer[PM] update [1355978]120249 plus [12] s1[SuperDragonGem]s2[SuperDragonGem]
2025-06-07 21:50:27 - [Item]DSConquer[PM] update [1355986]130109 plus [12] s1[SuperFuryGem]s2[SuperFuryGem]
2025-06-07 21:50:27 - [Item]DSConquer[PM] update [1355956]160249 plus [12] s1[SuperDragonGem]s2[SuperDragonGem]
2025-06-07 21:50:27 - [Item]DSConquer[PM] update [1355988]118109 plus [12] s1[SuperDragonGem]s2[SuperDragonGem]
2025-06-07 21:50:34 - [Item]DSConquer[PM] update [1355978]120249 plus [12] s1[SuperDragonGem]s2[SuperDragonGem]
2025-06-07 21:50:34 - [Item]DSConquer[PM] update [1355986]130109 plus [12] s1[SuperFuryGem]s2[SuperFuryGem]
2025-06-07 21:50:34 - [Item]DSConquer[PM] update [1355956]160249 plus [12] s1[SuperDragonGem]s2[SuperDragonGem]
2025-06-07 21:50:34 - [Item]DSConquer[PM] update [1355988]118109 plus [12] s1[SuperDragonGem]s2[SuperDragonGem]
2025-06-07 21:50:43 - [Item]DSConquer[PM] update [1355978]120249 plus [12] s1[SuperDragonGem]s2[SuperDragonGem]
2025-06-07 21:50:43 - [Item]DSConquer[PM] update [1355986]130109 plus [12] s1[SuperFuryGem]s2[SuperFuryGem]
2025-06-07 21:50:43 - [Item]DSConquer[PM] update [1355956]160249 plus [12] s1[SuperDragonGem]s2[SuperDragonGem]
2025-06-07 21:50:43 - [Item]DSConquer[PM] update [1355988]118109 plus [12] s1[SuperDragonGem]s2[SuperDragonGem]
2025-06-07 21:50:52 - [Item]DSConquer[PM] update [1355978]120249 plus [12] s1[SuperDragonGem]s2[SuperDragonGem]
2025-06-07 21:50:52 - [Item]DSConquer[PM] update [1355986]130109 plus [12] s1[SuperFuryGem]s2[SuperFuryGem]
2025-06-07 21:50:52 - [Item]DSConquer[PM] update [1355956]160249 plus [12] s1[SuperDragonGem]s2[SuperDragonGem]
2025-06-07 21:50:52 - [Item]DSConquer[PM] update [1355988]118109 plus [12] s1[SuperDragonGem]s2[SuperDragonGem]
2025-06-07 21:50:53 - [Item]DSConquer[PM] update [1355978]120249 plus [12] s1[SuperDragonGem]s2[SuperDragonGem]
2025-06-07 21:50:53 - [Item]DSConquer[PM] update [1355986]130109 plus [12] s1[SuperFuryGem]s2[SuperFuryGem]
2025-06-07 21:50:53 - [Item]DSConquer[PM] update [1355956]160249 plus [12] s1[SuperDragonGem]s2[SuperDragonGem]
2025-06-07 21:50:53 - [Item]DSConquer[PM] update [1355988]118109 plus [12] s1[SuperDragonGem]s2[SuperDragonGem]
2025-06-07 21:51:08 - [Item]DSConquer[PM] update [1355978]120249 plus [12] s1[SuperDragonGem]s2[SuperDragonGem]
2025-06-07 21:51:08 - [Item]DSConquer[PM] update [1355986]130109 plus [12] s1[SuperFuryGem]s2[SuperFuryGem]
2025-06-07 21:51:08 - [Item]DSConquer[PM] update [1355956]160249 plus [12] s1[SuperDragonGem]s2[SuperDragonGem]
2025-06-07 21:51:08 - [Item]DSConquer[PM] update [1355988]118109 plus [12] s1[SuperDragonGem]s2[SuperDragonGem]
2025-06-07 21:51:24 - [Item]DSConquer[PM] update [1355978]120249 plus [12] s1[SuperDragonGem]s2[SuperDragonGem]
2025-06-07 21:51:24 - [Item]DSConquer[PM] update [1355986]130109 plus [12] s1[SuperFuryGem]s2[SuperFuryGem]
2025-06-07 21:51:24 - [Item]DSConquer[PM] update [1355956]160249 plus [12] s1[SuperDragonGem]s2[SuperDragonGem]
2025-06-07 21:51:24 - [Item]DSConquer[PM] update [1355988]118109 plus [12] s1[SuperDragonGem]s2[SuperDragonGem]
2025-06-07 21:51:39 - [Item]DSConquer[PM] update [1355978]120249 plus [12] s1[SuperDragonGem]s2[SuperDragonGem]
2025-06-07 21:51:39 - [Item]DSConquer[PM] update [1355986]130109 plus [12] s1[SuperFuryGem]s2[SuperFuryGem]
2025-06-07 21:51:39 - [Item]DSConquer[PM] update [1355956]160249 plus [12] s1[SuperDragonGem]s2[SuperDragonGem]
2025-06-07 21:51:39 - [Item]DSConquer[PM] update [1355988]118109 plus [12] s1[SuperDragonGem]s2[SuperDragonGem]
2025-06-07 21:51:40 - [Item]DSConquer[PM] update [1355978]120249 plus [12] s1[SuperDragonGem]s2[SuperDragonGem]
2025-06-07 21:51:40 - [Item]DSConquer[PM] update [1355986]130109 plus [12] s1[SuperFuryGem]s2[SuperFuryGem]
2025-06-07 21:51:40 - [Item]DSConquer[PM] update [1355956]160249 plus [12] s1[SuperDragonGem]s2[SuperDragonGem]
2025-06-07 21:51:40 - [Item]DSConquer[PM] update [1355988]118109 plus [12] s1[SuperDragonGem]s2[SuperDragonGem]
2025-06-07 21:51:44 - [Item]DSConquer[PM] update [1355978]120249 plus [12] s1[SuperDragonGem]s2[SuperDragonGem]
2025-06-07 21:51:44 - [Item]DSConquer[PM] update [1355986]130109 plus [12] s1[SuperFuryGem]s2[SuperFuryGem]
2025-06-07 21:51:44 - [Item]DSConquer[PM] update [1355956]160249 plus [12] s1[SuperDragonGem]s2[SuperDragonGem]
2025-06-07 21:51:44 - [Item]DSConquer[PM] update [1355988]118109 plus [12] s1[SuperDragonGem]s2[SuperDragonGem]
2025-06-07 21:52:11 - [Item]DSConquer[PM] update [1355978]120249 plus [12] s1[SuperDragonGem]s2[SuperDragonGem]
2025-06-07 21:52:11 - [Item]DSConquer[PM] update [1355986]130109 plus [12] s1[SuperFuryGem]s2[SuperFuryGem]
2025-06-07 21:52:11 - [Item]DSConquer[PM] update [1355956]160249 plus [12] s1[SuperDragonGem]s2[SuperDragonGem]
2025-06-07 21:52:11 - [Item]DSConquer[PM] update [1355988]118109 plus [12] s1[SuperDragonGem]s2[SuperDragonGem]
2025-06-07 21:52:24 - [Item]DSConquer[PM] update [1355978]120249 plus [12] s1[SuperDragonGem]s2[SuperDragonGem]
2025-06-07 21:52:24 - [Item]DSConquer[PM] update [1355986]130109 plus [12] s1[SuperFuryGem]s2[SuperFuryGem]
2025-06-07 21:52:24 - [Item]DSConquer[PM] update [1355956]160249 plus [12] s1[SuperDragonGem]s2[SuperDragonGem]
2025-06-07 21:52:24 - [Item]DSConquer[PM] update [1355988]118109 plus [12] s1[SuperDragonGem]s2[SuperDragonGem]
2025-06-07 21:52:46 - [Item]DSConquer[PM] update [1355978]120249 plus [12] s1[SuperDragonGem]s2[SuperDragonGem]
2025-06-07 21:52:46 - [Item]DSConquer[PM] update [1355986]130109 plus [12] s1[SuperFuryGem]s2[SuperFuryGem]
2025-06-07 21:52:46 - [Item]DSConquer[PM] update [1355956]160249 plus [12] s1[SuperDragonGem]s2[SuperDragonGem]
2025-06-07 21:52:46 - [Item]DSConquer[PM] update [1355988]118109 plus [12] s1[SuperDragonGem]s2[SuperDragonGem]
2025-06-07 21:52:47 - [Item]DSConquer[PM] update [1355978]120249 plus [12] s1[SuperDragonGem]s2[SuperDragonGem]
2025-06-07 21:52:47 - [Item]DSConquer[PM] update [1355986]130109 plus [12] s1[SuperFuryGem]s2[SuperFuryGem]
2025-06-07 21:52:47 - [Item]DSConquer[PM] update [1355956]160249 plus [12] s1[SuperDragonGem]s2[SuperDragonGem]
2025-06-07 21:52:47 - [Item]DSConquer[PM] update [1355988]118109 plus [12] s1[SuperDragonGem]s2[SuperDragonGem]
2025-06-07 21:53:03 - [Item]DSConquer[PM] update [1355978]120249 plus [12] s1[SuperDragonGem]s2[SuperDragonGem]
2025-06-07 21:53:03 - [Item]DSConquer[PM] update [1355986]130109 plus [12] s1[SuperFuryGem]s2[SuperFuryGem]
2025-06-07 21:53:03 - [Item]DSConquer[PM] update [1355956]160249 plus [12] s1[SuperDragonGem]s2[SuperDragonGem]
2025-06-07 21:53:03 - [Item]DSConquer[PM] update [1355988]118109 plus [12] s1[SuperDragonGem]s2[SuperDragonGem]
2025-06-07 21:53:20 - [Item]DSConquer[PM] update [1355978]120249 plus [12] s1[SuperDragonGem]s2[SuperDragonGem]
2025-06-07 21:53:20 - [Item]DSConquer[PM] update [1355986]130109 plus [12] s1[SuperFuryGem]s2[SuperFuryGem]
2025-06-07 21:53:20 - [Item]DSConquer[PM] update [1355956]160249 plus [12] s1[SuperDragonGem]s2[SuperDragonGem]
2025-06-07 21:53:20 - [Item]DSConquer[PM] update [1355988]118109 plus [12] s1[SuperDragonGem]s2[SuperDragonGem]
2025-06-07 21:53:28 - [Item]DSConquer[PM] update [1355978]120249 plus [12] s1[SuperDragonGem]s2[SuperDragonGem]
2025-06-07 21:53:28 - [Item]DSConquer[PM] update [1355986]130109 plus [12] s1[SuperFuryGem]s2[SuperFuryGem]
2025-06-07 21:53:28 - [Item]DSConquer[PM] update [1355956]160249 plus [12] s1[SuperDragonGem]s2[SuperDragonGem]
2025-06-07 21:53:28 - [Item]DSConquer[PM] update [1355988]118109 plus [12] s1[SuperDragonGem]s2[SuperDragonGem]
2025-06-07 21:53:44 - [Item]DSConquer[PM] update [1355978]120249 plus [12] s1[SuperDragonGem]s2[SuperDragonGem]
2025-06-07 21:53:44 - [Item]DSConquer[PM] update [1355986]130109 plus [12] s1[SuperFuryGem]s2[SuperFuryGem]
2025-06-07 21:53:44 - [Item]DSConquer[PM] update [1355956]160249 plus [12] s1[SuperDragonGem]s2[SuperDragonGem]
2025-06-07 21:53:44 - [Item]DSConquer[PM] update [1355988]118109 plus [12] s1[SuperDragonGem]s2[SuperDragonGem]
2025-06-07 21:53:54 - [Item]DSConquer[PM] update [1355978]120249 plus [12] s1[SuperDragonGem]s2[SuperDragonGem]
2025-06-07 21:53:54 - [Item]DSConquer[PM] update [1355986]130109 plus [12] s1[SuperFuryGem]s2[SuperFuryGem]
2025-06-07 21:53:54 - [Item]DSConquer[PM] update [1355956]160249 plus [12] s1[SuperDragonGem]s2[SuperDragonGem]
2025-06-07 21:53:54 - [Item]DSConquer[PM] update [1355988]118109 plus [12] s1[SuperDragonGem]s2[SuperDragonGem]
2025-06-07 21:53:56 - [Item]DSConquer[PM] update [1355978]120249 plus [12] s1[SuperDragonGem]s2[SuperDragonGem]
2025-06-07 21:53:56 - [Item]DSConquer[PM] update [1355986]130109 plus [12] s1[SuperFuryGem]s2[SuperFuryGem]
2025-06-07 21:53:56 - [Item]DSConquer[PM] update [1355956]160249 plus [12] s1[SuperDragonGem]s2[SuperDragonGem]
2025-06-07 21:53:56 - [Item]DSConquer[PM] update [1355988]118109 plus [12] s1[SuperDragonGem]s2[SuperDragonGem]
2025-06-07 21:54:10 - [Item]DSConquer[PM] update [1355978]120249 plus [12] s1[SuperDragonGem]s2[SuperDragonGem]
2025-06-07 21:54:10 - [Item]DSConquer[PM] update [1355986]130109 plus [12] s1[SuperFuryGem]s2[SuperFuryGem]
2025-06-07 21:54:10 - [Item]DSConquer[PM] update [1355956]160249 plus [12] s1[SuperDragonGem]s2[SuperDragonGem]
2025-06-07 21:54:10 - [Item]DSConquer[PM] update [1355988]118109 plus [12] s1[SuperDragonGem]s2[SuperDragonGem]
2025-06-07 21:54:44 - [Item]DSConquer[PM] update [1355978]120249 plus [12] s1[SuperDragonGem]s2[SuperDragonGem]
2025-06-07 21:54:44 - [Item]DSConquer[PM] update [1355986]130109 plus [12] s1[SuperFuryGem]s2[SuperFuryGem]
2025-06-07 21:54:44 - [Item]DSConquer[PM] update [1355956]160249 plus [12] s1[SuperDragonGem]s2[SuperDragonGem]
2025-06-07 21:54:44 - [Item]DSConquer[PM] update [1355988]118109 plus [12] s1[SuperDragonGem]s2[SuperDragonGem]
2025-06-07 21:54:46 - [Item]DSConquer[PM] update [1355978]120249 plus [12] s1[SuperDragonGem]s2[SuperDragonGem]
2025-06-07 21:54:46 - [Item]DSConquer[PM] update [1355986]130109 plus [12] s1[SuperFuryGem]s2[SuperFuryGem]
2025-06-07 21:54:46 - [Item]DSConquer[PM] update [1355956]160249 plus [12] s1[SuperDragonGem]s2[SuperDragonGem]
2025-06-07 21:54:46 - [Item]DSConquer[PM] update [1355988]118109 plus [12] s1[SuperDragonGem]s2[SuperDragonGem]
2025-06-07 21:54:48 - [Item]DSConquer[PM] update [1355978]120249 plus [12] s1[SuperDragonGem]s2[SuperDragonGem]
2025-06-07 21:54:48 - [Item]DSConquer[PM] update [1355986]130109 plus [12] s1[SuperFuryGem]s2[SuperFuryGem]
2025-06-07 21:54:48 - [Item]DSConquer[PM] update [1355956]160249 plus [12] s1[SuperDragonGem]s2[SuperDragonGem]
2025-06-07 21:54:48 - [Item]DSConquer[PM] update [1355988]118109 plus [12] s1[SuperDragonGem]s2[SuperDragonGem]
2025-06-07 21:54:53 - [Item]DSConquer[PM] update [1355978]120249 plus [12] s1[SuperDragonGem]s2[SuperDragonGem]
2025-06-07 21:54:53 - [Item]DSConquer[PM] update [1355986]130109 plus [12] s1[SuperFuryGem]s2[SuperFuryGem]
2025-06-07 21:54:53 - [Item]DSConquer[PM] update [1355956]160249 plus [12] s1[SuperDragonGem]s2[SuperDragonGem]
2025-06-07 21:54:53 - [Item]DSConquer[PM] update [1355988]118109 plus [12] s1[SuperDragonGem]s2[SuperDragonGem]
