2025-06-19 01:21:10 - [Item]DSConquer[PM] update [1404254]2100025 plus [0] s1[NoSocket]s2[NoSocket]
2025-06-19 01:22:36 - [Item]DSConquer[PM] update [1356371]420015 plus [0] s1[NoSocket]s2[NoSocket]
2025-06-19 18:38:14 - [Item]DSConquer[PM] update [1435354]120009 plus [12] s1[SuperDragonGem]s2[SuperDragonGem]
2025-06-19 18:38:14 - [Item]DSConquer[PM] update [1410616]160019 plus [12] s1[SuperDragonGem]s2[SuperDragonGem]
2025-06-19 18:38:14 - [Item]DSConquer[PM] update [1435355]150019 plus [12] s1[SuperDragonGem]s2[SuperDragonGem]
2025-06-19 18:38:14 - [Item]DSConquer[PM] update [1435357]500019 plus [12] s1[SuperDragonGem]s2[SuperDragonGem]
2025-06-19 18:38:14 - [Item]DSConquer[PM] update [1356371]420015 plus [0] s1[NoSocket]s2[NoSocket]
2025-06-19 18:48:24 - [Item]DSConquer[PM] update [1356371]420015 plus [0] s1[NoSocket]s2[NoSocket]
2025-06-19 18:48:38 - [Item]DSConquer[PM] update [1356371]420015 plus [0] s1[NoSocket]s2[NoSocket]
2025-06-19 18:49:36 - [Item]DSConquer[PM] update [1356371]420015 plus [0] s1[NoSocket]s2[NoSocket]
2025-06-19 18:54:52 - [Item]DSConquer[PM] update [1356396]360526 plus [0] s1[NoSocket]s2[NoSocket]
2025-06-19 19:03:36 - [Item]DSConquer[PM] update [1356396]360526 plus [0] s1[NoSocket]s2[NoSocket]
2025-06-19 19:04:56 - [Item]DSConquer[PM] update [1435356]160249 plus [12] s1[SuperDragonGem]s2[SuperDragonGem]
2025-06-19 23:24:50 - [Item]Archer[Test] update [1356407]500125 plus [0] s1[NoSocket]s2[NoSocket]
2025-06-19 23:24:50 - [Item]Archer[Test] update [1356406]1050002 plus [0] s1[NoSocket]s2[NoSocket]
2025-06-19 23:26:36 - [Item]Archer[Test] update [1356403]133103 plus [0] s1[NoSocket]s2[NoSocket]
2025-06-19 23:26:42 - [Item]Archer[Test] update [1356410]120223 plus [0] s1[NoSocket]s2[NoSocket]
2025-06-19 23:26:43 - [Item]Archer[Test] update [1356409]150223 plus [0] s1[NoSocket]s2[NoSocket]
2025-06-19 23:26:43 - [Item]Archer[Test] update [1356408]160223 plus [0] s1[NoSocket]s2[NoSocket]
2025-06-19 23:26:44 - [Item]Archer[Test] update [1356404]113093 plus [0] s1[NoSocket]s2[NoSocket]
2025-06-19 23:26:44 - [Item]Archer[Test] update [1356406]1050002 plus [0] s1[NoSocket]s2[NoSocket]
2025-06-19 23:27:24 - [Item]EasyMoney update [1435783]150249 plus [2] s1[NoSocket]s2[NoSocket]
2025-06-19 23:27:24 - [Item]EasyMoney update [1458452]500229 plus [3] s1[SuperRainbowGem]s2[SuperDragonGem]
2025-06-19 23:30:41 - [Item]Archer[Test] update [1457560]410003 plus [1] s1[NoSocket]s2[NoSocket]
2025-06-19 23:30:41 - [Item]Archer[Test] update [1356409]150223 plus [0] s1[NoSocket]s2[NoSocket]
2025-06-19 23:43:21 - [Item]EasyMoney update [1435783]150249 plus [2] s1[NoSocket]s2[NoSocket]
2025-06-19 23:43:44 - [Item]EasyMoney update [1435783]150249 plus [2] s1[NoSocket]s2[NoSocket]
2025-06-19 23:43:50 - [Item]Archer[Test] update [1356403]133103 plus [0] s1[NoSocket]s2[NoSocket]
2025-06-19 23:43:50 - [Item]Archer[Test] update [1356404]113093 plus [0] s1[NoSocket]s2[NoSocket]
2025-06-19 23:43:50 - [Item]Archer[Test] update [1356408]160223 plus [0] s1[NoSocket]s2[NoSocket]
2025-06-19 23:43:50 - [Item]Archer[Test] update [1356410]120223 plus [0] s1[NoSocket]s2[NoSocket]
2025-06-19 23:47:13 - [Item]EasyMoney update [1435783]150249 plus [2] s1[NoSocket]s2[NoSocket]
2025-06-19 23:47:13 - [Item]EasyMoney update [1457560]410003 plus [1] s1[NoSocket]s2[NoSocket]
