2025-06-14 02:30:19 - [Item]Fire[PM] update [1398069]152259 plus [0] s1[NoSocket]s2[NoSocket]
2025-06-14 02:30:19 - [Item]Fire[PM] update [1436008]421239 plus [2] s1[NormalPhoenixGem]s2[NoSocket]
2025-06-14 02:37:17 - [Item]EasyMoney update [1435783]150249 plus [2] s1[NoSocket]s2[NoSocket]
2025-06-14 02:37:17 - [Item]EasyMoney update [1458452]500229 plus [3] s1[SuperRainbowGem]s2[SuperDragonGem]
2025-06-14 02:50:18 - [Item]Fire update [1398069]152259 plus [0] s1[NoSocket]s2[NoSocket]
2025-06-14 02:50:49 - [Item]Fire update [1398069]152259 plus [0] s1[NoSocket]s2[NoSocket]
2025-06-14 02:50:49 - [Item]Fire update [1436008]421239 plus [2] s1[NormalPhoenixGem]s2[NoSocket]
2025-06-14 03:00:26 - [Item]EasyMoney update [1435783]150249 plus [2] s1[NoSocket]s2[NoSocket]
2025-06-14 03:00:39 - [Item]DSConquer[PM] update [1435356]160249 plus [12] s1[SuperDragonGem]s2[SuperDragonGem]
2025-06-14 03:00:39 - [Item]DSConquer[PM] update [1435358]133109 plus [12] s1[SuperDragonGem]s2[SuperDragonGem]
2025-06-14 03:00:39 - [Item]DSConquer[PM] update [1410614]120249 plus [12] s1[SuperDragonGem]s2[SuperDragonGem]
2025-06-14 03:02:21 - [Item]Fire update [1398069]152259 plus [0] s1[NoSocket]s2[NoSocket]
2025-06-14 03:02:21 - [Item]Fire update [1436008]421239 plus [2] s1[NormalPhoenixGem]s2[NoSocket]
2025-06-14 03:02:35 - [Item]EasyMoney update [1421746]133109 plus [0] s1[NoSocket]s2[NoSocket]
2025-06-14 03:02:35 - [Item]EasyMoney update [1448658]117109 plus [2] s1[NoSocket]s2[NoSocket]
2025-06-14 03:02:35 - [Item]EasyMoney update [1436876]120249 plus [2] s1[NoSocket]s2[NoSocket]
2025-06-14 03:02:35 - [Item]EasyMoney update [1436880]160249 plus [0] s1[NoSocket]s2[NoSocket]
2025-06-14 03:02:55 - [Item]DSConquer[PM] update [1435356]160249 plus [12] s1[SuperDragonGem]s2[SuperDragonGem]
2025-06-14 03:02:55 - [Item]DSConquer[PM] update [1435358]133109 plus [12] s1[SuperDragonGem]s2[SuperDragonGem]
2025-06-14 03:02:55 - [Item]DSConquer[PM] update [1410614]120249 plus [12] s1[SuperDragonGem]s2[SuperDragonGem]
2025-06-14 03:02:58 - [Item]DSConquer[PM] update [1435356]160249 plus [12] s1[SuperDragonGem]s2[SuperDragonGem]
2025-06-14 03:02:58 - [Item]DSConquer[PM] update [1435358]133109 plus [12] s1[SuperDragonGem]s2[SuperDragonGem]
2025-06-14 03:02:58 - [Item]DSConquer[PM] update [1410614]120249 plus [12] s1[SuperDragonGem]s2[SuperDragonGem]
2025-06-14 03:03:10 - [Item]EasyMoney update [1435783]150249 plus [2] s1[NoSocket]s2[NoSocket]
2025-06-14 03:03:10 - [Item]EasyMoney update [1458452]500229 plus [3] s1[SuperRainbowGem]s2[SuperDragonGem]
2025-06-14 03:04:00 - [Item]Fire update [1398069]152259 plus [0] s1[NoSocket]s2[NoSocket]
2025-06-14 03:04:00 - [Item]Fire update [1436008]421239 plus [2] s1[NormalPhoenixGem]s2[NoSocket]
2025-06-14 03:04:33 - [Item]EasyMoney update [1421746]133109 plus [0] s1[NoSocket]s2[NoSocket]
2025-06-14 03:04:33 - [Item]EasyMoney update [1448658]117109 plus [2] s1[NoSocket]s2[NoSocket]
2025-06-14 03:04:33 - [Item]EasyMoney update [1436876]120249 plus [2] s1[NoSocket]s2[NoSocket]
2025-06-14 03:04:33 - [Item]EasyMoney update [1436880]160249 plus [0] s1[NoSocket]s2[NoSocket]
2025-06-14 03:05:28 - [Item]EasyMoney update [1421746]133109 plus [0] s1[NoSocket]s2[NoSocket]
2025-06-14 03:05:28 - [Item]EasyMoney update [1448658]117109 plus [2] s1[NoSocket]s2[NoSocket]
2025-06-14 03:05:28 - [Item]EasyMoney update [1436876]120249 plus [2] s1[NoSocket]s2[NoSocket]
2025-06-14 03:05:28 - [Item]EasyMoney update [1436880]160249 plus [0] s1[NoSocket]s2[NoSocket]
2025-06-14 03:05:33 - [Item]EasyMoney update [1421746]133109 plus [0] s1[NoSocket]s2[NoSocket]
2025-06-14 03:05:33 - [Item]EasyMoney update [1448658]117109 plus [2] s1[NoSocket]s2[NoSocket]
2025-06-14 03:05:33 - [Item]EasyMoney update [1436876]120249 plus [2] s1[NoSocket]s2[NoSocket]
2025-06-14 03:05:33 - [Item]EasyMoney update [1436880]160249 plus [0] s1[NoSocket]s2[NoSocket]
2025-06-14 03:05:43 - [Item]EasyMoney update [1421746]133109 plus [0] s1[NoSocket]s2[NoSocket]
2025-06-14 03:05:43 - [Item]EasyMoney update [1448658]117109 plus [2] s1[NoSocket]s2[NoSocket]
2025-06-14 03:05:43 - [Item]EasyMoney update [1436876]120249 plus [2] s1[NoSocket]s2[NoSocket]
2025-06-14 03:05:43 - [Item]EasyMoney update [1436880]160249 plus [0] s1[NoSocket]s2[NoSocket]
2025-06-14 03:05:47 - [Item]Fire update [1398069]152259 plus [0] s1[NoSocket]s2[NoSocket]
2025-06-14 03:05:47 - [Item]Fire update [1436008]421239 plus [2] s1[NormalPhoenixGem]s2[NoSocket]
2025-06-14 03:06:09 - [Item]EasyMoney update [1421746]133109 plus [0] s1[NoSocket]s2[NoSocket]
2025-06-14 03:06:09 - [Item]EasyMoney update [1448658]117109 plus [2] s1[NoSocket]s2[NoSocket]
2025-06-14 03:06:09 - [Item]EasyMoney update [1436876]120249 plus [2] s1[NoSocket]s2[NoSocket]
2025-06-14 03:06:09 - [Item]EasyMoney update [1436880]160249 plus [0] s1[NoSocket]s2[NoSocket]
2025-06-14 03:06:10 - [Item]EasyMoney update [1421746]133109 plus [0] s1[NoSocket]s2[NoSocket]
2025-06-14 03:06:10 - [Item]EasyMoney update [1448658]117109 plus [2] s1[NoSocket]s2[NoSocket]
2025-06-14 03:06:10 - [Item]EasyMoney update [1436876]120249 plus [2] s1[NoSocket]s2[NoSocket]
2025-06-14 03:06:10 - [Item]EasyMoney update [1436880]160249 plus [0] s1[NoSocket]s2[NoSocket]
2025-06-14 03:06:12 - [Item]Fire update [1448395]160249 plus [0] s1[NoSocket]s2[NoSocket]
2025-06-14 03:06:12 - [Item]Fire update [1455470]121249 plus [2] s1[NoSocket]s2[NoSocket]
2025-06-14 03:06:12 - [Item]Fire update [1407979]114109 plus [0] s1[NoSocket]s2[NoSocket]
2025-06-14 03:06:12 - [Item]Fire update [1455474]134109 plus [2] s1[NoSocket]s2[NoSocket]
2025-06-14 03:06:17 - [Item]EasyMoney update [1421746]133109 plus [0] s1[NoSocket]s2[NoSocket]
2025-06-14 03:06:17 - [Item]EasyMoney update [1448658]117109 plus [2] s1[NoSocket]s2[NoSocket]
2025-06-14 03:06:17 - [Item]EasyMoney update [1436876]120249 plus [2] s1[NoSocket]s2[NoSocket]
2025-06-14 03:06:17 - [Item]EasyMoney update [1436880]160249 plus [0] s1[NoSocket]s2[NoSocket]
2025-06-14 03:06:21 - [Item]EasyMoney update [1421746]133109 plus [0] s1[NoSocket]s2[NoSocket]
2025-06-14 03:06:21 - [Item]EasyMoney update [1448658]117109 plus [2] s1[NoSocket]s2[NoSocket]
2025-06-14 03:06:21 - [Item]EasyMoney update [1436876]120249 plus [2] s1[NoSocket]s2[NoSocket]
2025-06-14 03:06:21 - [Item]EasyMoney update [1436880]160249 plus [0] s1[NoSocket]s2[NoSocket]
2025-06-14 03:06:27 - [Item]Fire update [1448395]160249 plus [0] s1[NoSocket]s2[NoSocket]
2025-06-14 03:06:27 - [Item]Fire update [1455470]121249 plus [2] s1[NoSocket]s2[NoSocket]
2025-06-14 03:06:27 - [Item]Fire update [1407979]114109 plus [0] s1[NoSocket]s2[NoSocket]
2025-06-14 03:06:27 - [Item]Fire update [1455474]134109 plus [2] s1[NoSocket]s2[NoSocket]
2025-06-14 03:06:29 - [Item]Fire update [1448395]160249 plus [0] s1[NoSocket]s2[NoSocket]
2025-06-14 03:06:29 - [Item]Fire update [1455470]121249 plus [2] s1[NoSocket]s2[NoSocket]
2025-06-14 03:06:29 - [Item]Fire update [1407979]114109 plus [0] s1[NoSocket]s2[NoSocket]
2025-06-14 03:06:29 - [Item]Fire update [1455474]134109 plus [2] s1[NoSocket]s2[NoSocket]
2025-06-14 03:06:33 - [Item]EasyMoney update [1421746]133109 plus [0] s1[NoSocket]s2[NoSocket]
2025-06-14 03:06:33 - [Item]EasyMoney update [1448658]117109 plus [2] s1[NoSocket]s2[NoSocket]
2025-06-14 03:06:33 - [Item]EasyMoney update [1436876]120249 plus [2] s1[NoSocket]s2[NoSocket]
2025-06-14 03:06:33 - [Item]EasyMoney update [1436880]160249 plus [0] s1[NoSocket]s2[NoSocket]
2025-06-14 03:06:42 - [Item]Fire update [1448395]160249 plus [0] s1[NoSocket]s2[NoSocket]
2025-06-14 03:06:42 - [Item]Fire update [1455470]121249 plus [2] s1[NoSocket]s2[NoSocket]
2025-06-14 03:06:42 - [Item]Fire update [1407979]114109 plus [0] s1[NoSocket]s2[NoSocket]
2025-06-14 03:06:42 - [Item]Fire update [1455474]134109 plus [2] s1[NoSocket]s2[NoSocket]
2025-06-14 03:07:09 - [Item]EasyMoney update [1421746]133109 plus [0] s1[NoSocket]s2[NoSocket]
2025-06-14 03:07:09 - [Item]EasyMoney update [1448658]117109 plus [2] s1[NoSocket]s2[NoSocket]
2025-06-14 03:07:09 - [Item]EasyMoney update [1436876]120249 plus [2] s1[NoSocket]s2[NoSocket]
2025-06-14 03:07:09 - [Item]EasyMoney update [1436880]160249 plus [0] s1[NoSocket]s2[NoSocket]
2025-06-14 03:07:15 - [Item]Fire update [1448395]160249 plus [0] s1[NoSocket]s2[NoSocket]
2025-06-14 03:07:15 - [Item]Fire update [1455470]121249 plus [2] s1[NoSocket]s2[NoSocket]
2025-06-14 03:07:15 - [Item]Fire update [1407979]114109 plus [0] s1[NoSocket]s2[NoSocket]
2025-06-14 03:07:15 - [Item]Fire update [1455474]134109 plus [2] s1[NoSocket]s2[NoSocket]
2025-06-14 03:07:18 - [Item]EasyMoney update [1421746]133109 plus [0] s1[NoSocket]s2[NoSocket]
2025-06-14 03:07:18 - [Item]EasyMoney update [1448658]117109 plus [2] s1[NoSocket]s2[NoSocket]
2025-06-14 03:07:18 - [Item]EasyMoney update [1436876]120249 plus [2] s1[NoSocket]s2[NoSocket]
2025-06-14 03:07:18 - [Item]EasyMoney update [1436880]160249 plus [0] s1[NoSocket]s2[NoSocket]
2025-06-14 03:07:20 - [Item]EasyMoney update [1421746]133109 plus [0] s1[NoSocket]s2[NoSocket]
2025-06-14 03:07:20 - [Item]EasyMoney update [1448658]117109 plus [2] s1[NoSocket]s2[NoSocket]
2025-06-14 03:07:20 - [Item]EasyMoney update [1436876]120249 plus [2] s1[NoSocket]s2[NoSocket]
2025-06-14 03:07:20 - [Item]EasyMoney update [1436880]160249 plus [0] s1[NoSocket]s2[NoSocket]
2025-06-14 03:07:24 - [Item]EasyMoney update [1421746]133109 plus [0] s1[NoSocket]s2[NoSocket]
2025-06-14 03:07:24 - [Item]EasyMoney update [1448658]117109 plus [2] s1[NoSocket]s2[NoSocket]
2025-06-14 03:07:24 - [Item]EasyMoney update [1436876]120249 plus [2] s1[NoSocket]s2[NoSocket]
2025-06-14 03:07:24 - [Item]EasyMoney update [1436880]160249 plus [0] s1[NoSocket]s2[NoSocket]
2025-06-14 03:07:27 - [Item]Fire update [1448395]160249 plus [0] s1[NoSocket]s2[NoSocket]
2025-06-14 03:07:27 - [Item]Fire update [1455470]121249 plus [2] s1[NoSocket]s2[NoSocket]
2025-06-14 03:07:27 - [Item]Fire update [1407979]114109 plus [0] s1[NoSocket]s2[NoSocket]
2025-06-14 03:07:27 - [Item]Fire update [1455474]134109 plus [2] s1[NoSocket]s2[NoSocket]
2025-06-14 03:07:31 - [Item]EasyMoney update [1421746]133109 plus [0] s1[NoSocket]s2[NoSocket]
2025-06-14 03:07:31 - [Item]EasyMoney update [1448658]117109 plus [2] s1[NoSocket]s2[NoSocket]
2025-06-14 03:07:31 - [Item]EasyMoney update [1436876]120249 plus [2] s1[NoSocket]s2[NoSocket]
2025-06-14 03:07:31 - [Item]EasyMoney update [1436880]160249 plus [0] s1[NoSocket]s2[NoSocket]
2025-06-14 03:07:34 - [Item]EasyMoney update [1421746]133109 plus [0] s1[NoSocket]s2[NoSocket]
2025-06-14 03:07:34 - [Item]EasyMoney update [1448658]117109 plus [2] s1[NoSocket]s2[NoSocket]
2025-06-14 03:07:34 - [Item]EasyMoney update [1436876]120249 plus [2] s1[NoSocket]s2[NoSocket]
2025-06-14 03:07:34 - [Item]EasyMoney update [1436880]160249 plus [0] s1[NoSocket]s2[NoSocket]
2025-06-14 03:07:53 - [Item]EasyMoney update [1421746]133109 plus [0] s1[NoSocket]s2[NoSocket]
2025-06-14 03:07:53 - [Item]EasyMoney update [1448658]117109 plus [2] s1[NoSocket]s2[NoSocket]
2025-06-14 03:07:53 - [Item]EasyMoney update [1436876]120249 plus [2] s1[NoSocket]s2[NoSocket]
2025-06-14 03:07:53 - [Item]EasyMoney update [1436880]160249 plus [0] s1[NoSocket]s2[NoSocket]
2025-06-14 03:07:56 - [Item]Fire update [1448395]160249 plus [0] s1[NoSocket]s2[NoSocket]
2025-06-14 03:07:56 - [Item]Fire update [1455470]121249 plus [2] s1[NoSocket]s2[NoSocket]
2025-06-14 03:07:56 - [Item]Fire update [1407979]114109 plus [0] s1[NoSocket]s2[NoSocket]
2025-06-14 03:07:56 - [Item]Fire update [1455474]134109 plus [2] s1[NoSocket]s2[NoSocket]
2025-06-14 03:08:10 - [Item]EasyMoney update [1421746]133109 plus [0] s1[NoSocket]s2[NoSocket]
2025-06-14 03:08:10 - [Item]EasyMoney update [1448658]117109 plus [2] s1[NoSocket]s2[NoSocket]
2025-06-14 03:08:10 - [Item]EasyMoney update [1436876]120249 plus [2] s1[NoSocket]s2[NoSocket]
2025-06-14 03:08:10 - [Item]EasyMoney update [1436880]160249 plus [0] s1[NoSocket]s2[NoSocket]
2025-06-14 03:08:26 - [Item]EasyMoney update [1421746]133109 plus [0] s1[NoSocket]s2[NoSocket]
2025-06-14 03:08:26 - [Item]EasyMoney update [1448658]117109 plus [2] s1[NoSocket]s2[NoSocket]
2025-06-14 03:08:26 - [Item]EasyMoney update [1436876]120249 plus [2] s1[NoSocket]s2[NoSocket]
2025-06-14 03:08:26 - [Item]EasyMoney update [1436880]160249 plus [0] s1[NoSocket]s2[NoSocket]
2025-06-14 03:08:29 - [Item]Fire update [1448395]160249 plus [0] s1[NoSocket]s2[NoSocket]
2025-06-14 03:08:29 - [Item]Fire update [1455470]121249 plus [2] s1[NoSocket]s2[NoSocket]
2025-06-14 03:08:29 - [Item]Fire update [1407979]114109 plus [0] s1[NoSocket]s2[NoSocket]
2025-06-14 03:08:29 - [Item]Fire update [1455474]134109 plus [2] s1[NoSocket]s2[NoSocket]
2025-06-14 03:08:31 - [Item]EasyMoney update [1421746]133109 plus [0] s1[NoSocket]s2[NoSocket]
2025-06-14 03:08:31 - [Item]EasyMoney update [1448658]117109 plus [2] s1[NoSocket]s2[NoSocket]
2025-06-14 03:08:31 - [Item]EasyMoney update [1436876]120249 plus [2] s1[NoSocket]s2[NoSocket]
2025-06-14 03:08:31 - [Item]EasyMoney update [1436880]160249 plus [0] s1[NoSocket]s2[NoSocket]
2025-06-14 03:08:32 - [Item]Fire update [1448395]160249 plus [0] s1[NoSocket]s2[NoSocket]
2025-06-14 03:08:32 - [Item]Fire update [1455470]121249 plus [2] s1[NoSocket]s2[NoSocket]
2025-06-14 03:08:32 - [Item]Fire update [1407979]114109 plus [0] s1[NoSocket]s2[NoSocket]
2025-06-14 03:08:32 - [Item]Fire update [1455474]134109 plus [2] s1[NoSocket]s2[NoSocket]
2025-06-14 03:08:33 - [Item]Fire update [1448395]160249 plus [0] s1[NoSocket]s2[NoSocket]
2025-06-14 03:08:33 - [Item]Fire update [1455470]121249 plus [2] s1[NoSocket]s2[NoSocket]
2025-06-14 03:08:33 - [Item]Fire update [1407979]114109 plus [0] s1[NoSocket]s2[NoSocket]
2025-06-14 03:08:33 - [Item]Fire update [1455474]134109 plus [2] s1[NoSocket]s2[NoSocket]
2025-06-14 03:08:34 - [Item]EasyMoney update [1421746]133109 plus [0] s1[NoSocket]s2[NoSocket]
2025-06-14 03:08:34 - [Item]EasyMoney update [1448658]117109 plus [2] s1[NoSocket]s2[NoSocket]
2025-06-14 03:08:34 - [Item]EasyMoney update [1436876]120249 plus [2] s1[NoSocket]s2[NoSocket]
2025-06-14 03:08:34 - [Item]EasyMoney update [1436880]160249 plus [0] s1[NoSocket]s2[NoSocket]
2025-06-14 03:08:38 - [Item]Fire update [1448395]160249 plus [0] s1[NoSocket]s2[NoSocket]
2025-06-14 03:08:38 - [Item]Fire update [1455470]121249 plus [2] s1[NoSocket]s2[NoSocket]
2025-06-14 03:08:38 - [Item]Fire update [1407979]114109 plus [0] s1[NoSocket]s2[NoSocket]
2025-06-14 03:08:38 - [Item]Fire update [1455474]134109 plus [2] s1[NoSocket]s2[NoSocket]
2025-06-14 03:08:38 - [Item]EasyMoney update [1421746]133109 plus [0] s1[NoSocket]s2[NoSocket]
2025-06-14 03:08:38 - [Item]EasyMoney update [1448658]117109 plus [2] s1[NoSocket]s2[NoSocket]
2025-06-14 03:08:38 - [Item]EasyMoney update [1436876]120249 plus [2] s1[NoSocket]s2[NoSocket]
2025-06-14 03:08:38 - [Item]EasyMoney update [1436880]160249 plus [0] s1[NoSocket]s2[NoSocket]
2025-06-14 03:08:44 - [Item]Fire update [1448395]160249 plus [0] s1[NoSocket]s2[NoSocket]
2025-06-14 03:08:44 - [Item]Fire update [1455470]121249 plus [2] s1[NoSocket]s2[NoSocket]
2025-06-14 03:08:44 - [Item]Fire update [1407979]114109 plus [0] s1[NoSocket]s2[NoSocket]
2025-06-14 03:08:44 - [Item]Fire update [1455474]134109 plus [2] s1[NoSocket]s2[NoSocket]
2025-06-14 03:08:44 - [Item]Fire update [1448395]160249 plus [0] s1[NoSocket]s2[NoSocket]
2025-06-14 03:08:44 - [Item]Fire update [1455470]121249 plus [2] s1[NoSocket]s2[NoSocket]
2025-06-14 03:08:44 - [Item]Fire update [1407979]114109 plus [0] s1[NoSocket]s2[NoSocket]
2025-06-14 03:08:44 - [Item]Fire update [1455474]134109 plus [2] s1[NoSocket]s2[NoSocket]
2025-06-14 03:08:48 - [Item]EasyMoney update [1421746]133109 plus [0] s1[NoSocket]s2[NoSocket]
2025-06-14 03:08:48 - [Item]EasyMoney update [1448658]117109 plus [2] s1[NoSocket]s2[NoSocket]
2025-06-14 03:08:48 - [Item]EasyMoney update [1436876]120249 plus [2] s1[NoSocket]s2[NoSocket]
2025-06-14 03:08:48 - [Item]EasyMoney update [1436880]160249 plus [0] s1[NoSocket]s2[NoSocket]
2025-06-14 03:08:49 - [Item]Fire update [1448395]160249 plus [0] s1[NoSocket]s2[NoSocket]
2025-06-14 03:08:49 - [Item]Fire update [1455470]121249 plus [2] s1[NoSocket]s2[NoSocket]
2025-06-14 03:08:49 - [Item]Fire update [1407979]114109 plus [0] s1[NoSocket]s2[NoSocket]
2025-06-14 03:08:49 - [Item]Fire update [1455474]134109 plus [2] s1[NoSocket]s2[NoSocket]
2025-06-14 03:08:51 - [Item]EasyMoney update [1421746]133109 plus [0] s1[NoSocket]s2[NoSocket]
2025-06-14 03:08:51 - [Item]EasyMoney update [1448658]117109 plus [2] s1[NoSocket]s2[NoSocket]
2025-06-14 03:08:51 - [Item]EasyMoney update [1436876]120249 plus [2] s1[NoSocket]s2[NoSocket]
2025-06-14 03:08:51 - [Item]EasyMoney update [1436880]160249 plus [0] s1[NoSocket]s2[NoSocket]
2025-06-14 03:08:53 - [Item]Fire update [1448395]160249 plus [0] s1[NoSocket]s2[NoSocket]
2025-06-14 03:08:53 - [Item]Fire update [1455470]121249 plus [2] s1[NoSocket]s2[NoSocket]
2025-06-14 03:08:53 - [Item]Fire update [1407979]114109 plus [0] s1[NoSocket]s2[NoSocket]
2025-06-14 03:08:53 - [Item]Fire update [1455474]134109 plus [2] s1[NoSocket]s2[NoSocket]
2025-06-14 03:09:20 - [Item]Fire update [1448395]160249 plus [0] s1[NoSocket]s2[NoSocket]
2025-06-14 03:09:20 - [Item]Fire update [1455470]121249 plus [2] s1[NoSocket]s2[NoSocket]
2025-06-14 03:09:20 - [Item]Fire update [1407979]114109 plus [0] s1[NoSocket]s2[NoSocket]
2025-06-14 03:09:20 - [Item]Fire update [1455474]134109 plus [2] s1[NoSocket]s2[NoSocket]
2025-06-14 03:09:28 - [Item]Fire update [1448395]160249 plus [0] s1[NoSocket]s2[NoSocket]
2025-06-14 03:09:28 - [Item]Fire update [1455470]121249 plus [2] s1[NoSocket]s2[NoSocket]
2025-06-14 03:09:28 - [Item]Fire update [1407979]114109 plus [0] s1[NoSocket]s2[NoSocket]
2025-06-14 03:09:28 - [Item]Fire update [1455474]134109 plus [2] s1[NoSocket]s2[NoSocket]
2025-06-14 03:09:30 - [Item]EasyMoney update [1421746]133109 plus [0] s1[NoSocket]s2[NoSocket]
2025-06-14 03:09:30 - [Item]EasyMoney update [1448658]117109 plus [2] s1[NoSocket]s2[NoSocket]
2025-06-14 03:09:30 - [Item]EasyMoney update [1436876]120249 plus [2] s1[NoSocket]s2[NoSocket]
2025-06-14 03:09:30 - [Item]EasyMoney update [1436880]160249 plus [0] s1[NoSocket]s2[NoSocket]
2025-06-14 03:09:34 - [Item]EasyMoney update [1421746]133109 plus [0] s1[NoSocket]s2[NoSocket]
2025-06-14 03:09:34 - [Item]EasyMoney update [1448658]117109 plus [2] s1[NoSocket]s2[NoSocket]
2025-06-14 03:09:34 - [Item]EasyMoney update [1436876]120249 plus [2] s1[NoSocket]s2[NoSocket]
2025-06-14 03:09:34 - [Item]EasyMoney update [1436880]160249 plus [0] s1[NoSocket]s2[NoSocket]
2025-06-14 03:09:41 - [Item]EasyMoney update [1421746]133109 plus [0] s1[NoSocket]s2[NoSocket]
2025-06-14 03:09:41 - [Item]EasyMoney update [1448658]117109 plus [2] s1[NoSocket]s2[NoSocket]
2025-06-14 03:09:41 - [Item]EasyMoney update [1436876]120249 plus [2] s1[NoSocket]s2[NoSocket]
2025-06-14 03:09:41 - [Item]EasyMoney update [1436880]160249 plus [0] s1[NoSocket]s2[NoSocket]
2025-06-14 03:09:44 - [Item]Fire update [1448395]160249 plus [0] s1[NoSocket]s2[NoSocket]
2025-06-14 03:09:44 - [Item]Fire update [1455470]121249 plus [2] s1[NoSocket]s2[NoSocket]
2025-06-14 03:09:44 - [Item]Fire update [1407979]114109 plus [0] s1[NoSocket]s2[NoSocket]
2025-06-14 03:09:44 - [Item]Fire update [1455474]134109 plus [2] s1[NoSocket]s2[NoSocket]
2025-06-14 03:09:46 - [Item]EasyMoney update [1421746]133109 plus [0] s1[NoSocket]s2[NoSocket]
2025-06-14 03:09:46 - [Item]EasyMoney update [1448658]117109 plus [2] s1[NoSocket]s2[NoSocket]
2025-06-14 03:09:46 - [Item]EasyMoney update [1436876]120249 plus [2] s1[NoSocket]s2[NoSocket]
2025-06-14 03:09:46 - [Item]EasyMoney update [1436880]160249 plus [0] s1[NoSocket]s2[NoSocket]
2025-06-14 03:09:47 - [Item]EasyMoney update [1421746]133109 plus [0] s1[NoSocket]s2[NoSocket]
2025-06-14 03:09:47 - [Item]EasyMoney update [1448658]117109 plus [2] s1[NoSocket]s2[NoSocket]
2025-06-14 03:09:47 - [Item]EasyMoney update [1436876]120249 plus [2] s1[NoSocket]s2[NoSocket]
2025-06-14 03:09:47 - [Item]EasyMoney update [1436880]160249 plus [0] s1[NoSocket]s2[NoSocket]
2025-06-14 03:09:53 - [Item]EasyMoney update [1421746]133109 plus [0] s1[NoSocket]s2[NoSocket]
2025-06-14 03:09:53 - [Item]EasyMoney update [1448658]117109 plus [2] s1[NoSocket]s2[NoSocket]
2025-06-14 03:09:53 - [Item]EasyMoney update [1436876]120249 plus [2] s1[NoSocket]s2[NoSocket]
2025-06-14 03:09:53 - [Item]EasyMoney update [1436880]160249 plus [0] s1[NoSocket]s2[NoSocket]
2025-06-14 03:09:57 - [Item]Fire update [1448395]160249 plus [0] s1[NoSocket]s2[NoSocket]
2025-06-14 03:09:57 - [Item]Fire update [1455470]121249 plus [2] s1[NoSocket]s2[NoSocket]
2025-06-14 03:09:57 - [Item]Fire update [1407979]114109 plus [0] s1[NoSocket]s2[NoSocket]
2025-06-14 03:09:57 - [Item]Fire update [1455474]134109 plus [2] s1[NoSocket]s2[NoSocket]
2025-06-14 03:10:12 - [Item]EasyMoney update [1421746]133109 plus [0] s1[NoSocket]s2[NoSocket]
2025-06-14 03:10:12 - [Item]EasyMoney update [1448658]117109 plus [2] s1[NoSocket]s2[NoSocket]
2025-06-14 03:10:12 - [Item]EasyMoney update [1436876]120249 plus [2] s1[NoSocket]s2[NoSocket]
2025-06-14 03:10:12 - [Item]EasyMoney update [1436880]160249 plus [0] s1[NoSocket]s2[NoSocket]
2025-06-14 03:10:15 - [Item]EasyMoney update [1421746]133109 plus [0] s1[NoSocket]s2[NoSocket]
2025-06-14 03:10:15 - [Item]EasyMoney update [1448658]117109 plus [2] s1[NoSocket]s2[NoSocket]
2025-06-14 03:10:15 - [Item]EasyMoney update [1436876]120249 plus [2] s1[NoSocket]s2[NoSocket]
2025-06-14 03:10:15 - [Item]EasyMoney update [1436880]160249 plus [0] s1[NoSocket]s2[NoSocket]
2025-06-14 03:10:18 - [Item]Fire update [1448395]160249 plus [0] s1[NoSocket]s2[NoSocket]
2025-06-14 03:10:18 - [Item]Fire update [1455470]121249 plus [2] s1[NoSocket]s2[NoSocket]
2025-06-14 03:10:18 - [Item]Fire update [1407979]114109 plus [0] s1[NoSocket]s2[NoSocket]
2025-06-14 03:10:18 - [Item]Fire update [1455474]134109 plus [2] s1[NoSocket]s2[NoSocket]
2025-06-14 03:10:18 - [Item]EasyMoney update [1421746]133109 plus [0] s1[NoSocket]s2[NoSocket]
2025-06-14 03:10:18 - [Item]EasyMoney update [1448658]117109 plus [2] s1[NoSocket]s2[NoSocket]
2025-06-14 03:10:18 - [Item]EasyMoney update [1436876]120249 plus [2] s1[NoSocket]s2[NoSocket]
2025-06-14 03:10:18 - [Item]EasyMoney update [1436880]160249 plus [0] s1[NoSocket]s2[NoSocket]
2025-06-14 03:10:22 - [Item]Fire update [1448395]160249 plus [0] s1[NoSocket]s2[NoSocket]
2025-06-14 03:10:22 - [Item]Fire update [1455470]121249 plus [2] s1[NoSocket]s2[NoSocket]
2025-06-14 03:10:22 - [Item]Fire update [1407979]114109 plus [0] s1[NoSocket]s2[NoSocket]
2025-06-14 03:10:22 - [Item]Fire update [1455474]134109 plus [2] s1[NoSocket]s2[NoSocket]
2025-06-14 03:10:23 - [Item]EasyMoney update [1421746]133109 plus [0] s1[NoSocket]s2[NoSocket]
2025-06-14 03:10:23 - [Item]EasyMoney update [1448658]117109 plus [2] s1[NoSocket]s2[NoSocket]
2025-06-14 03:10:23 - [Item]EasyMoney update [1436876]120249 plus [2] s1[NoSocket]s2[NoSocket]
2025-06-14 03:10:23 - [Item]EasyMoney update [1436880]160249 plus [0] s1[NoSocket]s2[NoSocket]
2025-06-14 03:10:27 - [Item]Fire update [1448395]160249 plus [0] s1[NoSocket]s2[NoSocket]
2025-06-14 03:10:27 - [Item]Fire update [1455470]121249 plus [2] s1[NoSocket]s2[NoSocket]
2025-06-14 03:10:27 - [Item]Fire update [1407979]114109 plus [0] s1[NoSocket]s2[NoSocket]
2025-06-14 03:10:27 - [Item]Fire update [1455474]134109 plus [2] s1[NoSocket]s2[NoSocket]
2025-06-14 03:10:32 - [Item]Fire update [1448395]160249 plus [0] s1[NoSocket]s2[NoSocket]
2025-06-14 03:10:32 - [Item]Fire update [1455470]121249 plus [2] s1[NoSocket]s2[NoSocket]
2025-06-14 03:10:32 - [Item]Fire update [1407979]114109 plus [0] s1[NoSocket]s2[NoSocket]
2025-06-14 03:10:32 - [Item]Fire update [1455474]134109 plus [2] s1[NoSocket]s2[NoSocket]
2025-06-14 03:10:33 - [Item]EasyMoney update [1421746]133109 plus [0] s1[NoSocket]s2[NoSocket]
2025-06-14 03:10:33 - [Item]EasyMoney update [1448658]117109 plus [2] s1[NoSocket]s2[NoSocket]
2025-06-14 03:10:33 - [Item]EasyMoney update [1436876]120249 plus [2] s1[NoSocket]s2[NoSocket]
2025-06-14 03:10:33 - [Item]EasyMoney update [1436880]160249 plus [0] s1[NoSocket]s2[NoSocket]
2025-06-14 03:10:35 - [Item]Fire update [1448395]160249 plus [0] s1[NoSocket]s2[NoSocket]
2025-06-14 03:10:35 - [Item]Fire update [1455470]121249 plus [2] s1[NoSocket]s2[NoSocket]
2025-06-14 03:10:35 - [Item]Fire update [1407979]114109 plus [0] s1[NoSocket]s2[NoSocket]
2025-06-14 03:10:35 - [Item]Fire update [1455474]134109 plus [2] s1[NoSocket]s2[NoSocket]
2025-06-14 03:10:37 - [Item]Fire update [1448395]160249 plus [0] s1[NoSocket]s2[NoSocket]
2025-06-14 03:10:37 - [Item]Fire update [1455470]121249 plus [2] s1[NoSocket]s2[NoSocket]
2025-06-14 03:10:37 - [Item]Fire update [1407979]114109 plus [0] s1[NoSocket]s2[NoSocket]
2025-06-14 03:10:37 - [Item]Fire update [1455474]134109 plus [2] s1[NoSocket]s2[NoSocket]
2025-06-14 03:10:40 - [Item]EasyMoney update [1421746]133109 plus [0] s1[NoSocket]s2[NoSocket]
2025-06-14 03:10:40 - [Item]EasyMoney update [1448658]117109 plus [2] s1[NoSocket]s2[NoSocket]
2025-06-14 03:10:40 - [Item]EasyMoney update [1436876]120249 plus [2] s1[NoSocket]s2[NoSocket]
2025-06-14 03:10:40 - [Item]EasyMoney update [1436880]160249 plus [0] s1[NoSocket]s2[NoSocket]
2025-06-14 03:10:48 - [Item]Fire update [1448395]160249 plus [0] s1[NoSocket]s2[NoSocket]
2025-06-14 03:10:48 - [Item]Fire update [1455470]121249 plus [2] s1[NoSocket]s2[NoSocket]
2025-06-14 03:10:48 - [Item]Fire update [1407979]114109 plus [0] s1[NoSocket]s2[NoSocket]
2025-06-14 03:10:48 - [Item]Fire update [1455474]134109 plus [2] s1[NoSocket]s2[NoSocket]
2025-06-14 03:10:51 - [Item]EasyMoney update [1421746]133109 plus [0] s1[NoSocket]s2[NoSocket]
2025-06-14 03:10:51 - [Item]EasyMoney update [1448658]117109 plus [2] s1[NoSocket]s2[NoSocket]
2025-06-14 03:10:51 - [Item]EasyMoney update [1436876]120249 plus [2] s1[NoSocket]s2[NoSocket]
2025-06-14 03:10:51 - [Item]EasyMoney update [1436880]160249 plus [0] s1[NoSocket]s2[NoSocket]
2025-06-14 03:11:07 - [Item]EasyMoney update [1435783]150249 plus [2] s1[NoSocket]s2[NoSocket]
2025-06-14 03:11:07 - [Item]EasyMoney update [1458452]500229 plus [3] s1[SuperRainbowGem]s2[SuperDragonGem]
2025-06-14 03:11:10 - [Item]EasyMoney update [1421746]133109 plus [0] s1[NoSocket]s2[NoSocket]
2025-06-14 03:11:10 - [Item]EasyMoney update [1448658]117109 plus [2] s1[NoSocket]s2[NoSocket]
2025-06-14 03:11:10 - [Item]EasyMoney update [1436876]120249 plus [2] s1[NoSocket]s2[NoSocket]
2025-06-14 03:11:10 - [Item]EasyMoney update [1436880]160249 plus [0] s1[NoSocket]s2[NoSocket]
2025-06-14 03:11:14 - [Item]Fire update [1448395]160249 plus [0] s1[NoSocket]s2[NoSocket]
2025-06-14 03:11:14 - [Item]Fire update [1455470]121249 plus [2] s1[NoSocket]s2[NoSocket]
2025-06-14 03:11:14 - [Item]Fire update [1407979]114109 plus [0] s1[NoSocket]s2[NoSocket]
2025-06-14 03:11:14 - [Item]Fire update [1455474]134109 plus [2] s1[NoSocket]s2[NoSocket]
2025-06-14 03:11:14 - [Item]EasyMoney update [1435783]150249 plus [2] s1[NoSocket]s2[NoSocket]
2025-06-14 03:11:14 - [Item]EasyMoney update [1458452]500229 plus [3] s1[SuperRainbowGem]s2[SuperDragonGem]
2025-06-14 03:11:19 - [Item]EasyMoney update [1421746]133109 plus [0] s1[NoSocket]s2[NoSocket]
2025-06-14 03:11:19 - [Item]EasyMoney update [1448658]117109 plus [2] s1[NoSocket]s2[NoSocket]
2025-06-14 03:11:19 - [Item]EasyMoney update [1436876]120249 plus [2] s1[NoSocket]s2[NoSocket]
2025-06-14 03:11:19 - [Item]EasyMoney update [1436880]160249 plus [0] s1[NoSocket]s2[NoSocket]
2025-06-14 03:11:19 - [Item]EasyMoney update [1435783]150249 plus [2] s1[NoSocket]s2[NoSocket]
2025-06-14 03:11:19 - [Item]EasyMoney update [1458452]500229 plus [3] s1[SuperRainbowGem]s2[SuperDragonGem]
2025-06-14 03:11:19 - [Item]EasyMoney update [1435783]150249 plus [2] s1[NoSocket]s2[NoSocket]
2025-06-14 03:11:19 - [Item]EasyMoney update [1458452]500229 plus [3] s1[SuperRainbowGem]s2[SuperDragonGem]
2025-06-14 03:11:51 - [Item]EasyMoney update [1435783]150249 plus [2] s1[NoSocket]s2[NoSocket]
2025-06-14 03:11:51 - [Item]EasyMoney update [1458452]500229 plus [3] s1[SuperRainbowGem]s2[SuperDragonGem]
2025-06-14 03:12:29 - [Item]DSConquer[PM] update [1435356]160249 plus [12] s1[SuperDragonGem]s2[SuperDragonGem]
2025-06-14 03:12:29 - [Item]DSConquer[PM] update [1435358]133109 plus [12] s1[SuperDragonGem]s2[SuperDragonGem]
2025-06-14 03:12:29 - [Item]DSConquer[PM] update [1410614]120249 plus [12] s1[SuperDragonGem]s2[SuperDragonGem]
2025-06-14 03:12:58 - [Item]DSConquer[PM] update [1435356]160249 plus [12] s1[SuperDragonGem]s2[SuperDragonGem]
2025-06-14 03:12:58 - [Item]DSConquer[PM] update [1435358]133109 plus [12] s1[SuperDragonGem]s2[SuperDragonGem]
2025-06-14 03:12:58 - [Item]DSConquer[PM] update [1410614]120249 plus [12] s1[SuperDragonGem]s2[SuperDragonGem]
2025-06-14 03:13:02 - [Item]EasyMoney update [1486956]1002050 plus [0] s1[NoSocket]s2[NoSocket]
2025-06-14 03:13:03 - [Item]EasyMoney update [1486956]1002050 plus [0] s1[NoSocket]s2[NoSocket]
2025-06-14 03:13:04 - [Item]EasyMoney update [1486956]1002050 plus [0] s1[NoSocket]s2[NoSocket]
2025-06-14 03:13:41 - [Item]EasyMoney update [1421746]133109 plus [0] s1[NoSocket]s2[NoSocket]
2025-06-14 03:13:41 - [Item]EasyMoney update [1448658]117109 plus [2] s1[NoSocket]s2[NoSocket]
2025-06-14 03:13:41 - [Item]EasyMoney update [1436876]120249 plus [2] s1[NoSocket]s2[NoSocket]
2025-06-14 03:13:41 - [Item]EasyMoney update [1436880]160249 plus [0] s1[NoSocket]s2[NoSocket]
2025-06-14 03:13:52 - [Item]EasyMoney update [1421746]133109 plus [0] s1[NoSocket]s2[NoSocket]
2025-06-14 03:13:52 - [Item]EasyMoney update [1448658]117109 plus [2] s1[NoSocket]s2[NoSocket]
2025-06-14 03:13:52 - [Item]EasyMoney update [1436876]120249 plus [2] s1[NoSocket]s2[NoSocket]
2025-06-14 03:13:52 - [Item]EasyMoney update [1436880]160249 plus [0] s1[NoSocket]s2[NoSocket]
2025-06-14 03:13:56 - [Item]EasyMoney update [1421746]133109 plus [0] s1[NoSocket]s2[NoSocket]
2025-06-14 03:13:56 - [Item]EasyMoney update [1448658]117109 plus [2] s1[NoSocket]s2[NoSocket]
2025-06-14 03:13:56 - [Item]EasyMoney update [1436876]120249 plus [2] s1[NoSocket]s2[NoSocket]
2025-06-14 03:13:56 - [Item]EasyMoney update [1436880]160249 plus [0] s1[NoSocket]s2[NoSocket]
2025-06-14 03:13:57 - [Item]DSConquer[PM] update [1435356]160249 plus [12] s1[SuperDragonGem]s2[SuperDragonGem]
2025-06-14 03:13:57 - [Item]DSConquer[PM] update [1435358]133109 plus [12] s1[SuperDragonGem]s2[SuperDragonGem]
2025-06-14 03:13:57 - [Item]DSConquer[PM] update [1410614]120249 plus [12] s1[SuperDragonGem]s2[SuperDragonGem]
2025-06-14 03:14:01 - [Item]EasyMoney update [1421746]133109 plus [0] s1[NoSocket]s2[NoSocket]
2025-06-14 03:14:01 - [Item]EasyMoney update [1448658]117109 plus [2] s1[NoSocket]s2[NoSocket]
2025-06-14 03:14:01 - [Item]EasyMoney update [1436876]120249 plus [2] s1[NoSocket]s2[NoSocket]
2025-06-14 03:14:01 - [Item]EasyMoney update [1436880]160249 plus [0] s1[NoSocket]s2[NoSocket]
2025-06-14 03:14:07 - [Item]EasyMoney update [1421746]133109 plus [0] s1[NoSocket]s2[NoSocket]
2025-06-14 03:14:07 - [Item]EasyMoney update [1448658]117109 plus [2] s1[NoSocket]s2[NoSocket]
2025-06-14 03:14:07 - [Item]EasyMoney update [1436876]120249 plus [2] s1[NoSocket]s2[NoSocket]
2025-06-14 03:14:07 - [Item]EasyMoney update [1436880]160249 plus [0] s1[NoSocket]s2[NoSocket]
2025-06-14 03:14:14 - [Item]EasyMoney update [1480905]1050002 plus [0] s1[NoSocket]s2[NoSocket]
2025-06-14 03:14:24 - [Item]DSConquer[PM] update [1435356]160249 plus [12] s1[SuperDragonGem]s2[SuperDragonGem]
2025-06-14 03:14:24 - [Item]DSConquer[PM] update [1435358]133109 plus [12] s1[SuperDragonGem]s2[SuperDragonGem]
2025-06-14 03:14:24 - [Item]DSConquer[PM] update [1410614]120249 plus [12] s1[SuperDragonGem]s2[SuperDragonGem]
2025-06-14 03:14:29 - [Item]EasyMoney update [1421746]133109 plus [0] s1[NoSocket]s2[NoSocket]
2025-06-14 03:14:29 - [Item]EasyMoney update [1448658]117109 plus [2] s1[NoSocket]s2[NoSocket]
2025-06-14 03:14:29 - [Item]EasyMoney update [1436876]120249 plus [2] s1[NoSocket]s2[NoSocket]
2025-06-14 03:14:29 - [Item]EasyMoney update [1436880]160249 plus [0] s1[NoSocket]s2[NoSocket]
2025-06-14 03:15:35 - [Item]EasyMoney update [1480905]1050002 plus [0] s1[NoSocket]s2[NoSocket]
2025-06-14 03:16:49 - [Item]EasyMoney update [1421746]133109 plus [0] s1[NoSocket]s2[NoSocket]
2025-06-14 03:16:49 - [Item]EasyMoney update [1448658]117109 plus [2] s1[NoSocket]s2[NoSocket]
2025-06-14 03:16:49 - [Item]EasyMoney update [1436876]120249 plus [2] s1[NoSocket]s2[NoSocket]
2025-06-14 03:16:49 - [Item]EasyMoney update [1436880]160249 plus [0] s1[NoSocket]s2[NoSocket]
2025-06-14 03:16:54 - [Item]EasyMoney update [1421746]133109 plus [0] s1[NoSocket]s2[NoSocket]
2025-06-14 03:16:54 - [Item]EasyMoney update [1448658]117109 plus [2] s1[NoSocket]s2[NoSocket]
2025-06-14 03:16:54 - [Item]EasyMoney update [1436876]120249 plus [2] s1[NoSocket]s2[NoSocket]
2025-06-14 03:16:54 - [Item]EasyMoney update [1436880]160249 plus [0] s1[NoSocket]s2[NoSocket]
2025-06-14 03:17:02 - [Item]EasyMoney update [1421746]133109 plus [0] s1[NoSocket]s2[NoSocket]
2025-06-14 03:17:02 - [Item]EasyMoney update [1448658]117109 plus [2] s1[NoSocket]s2[NoSocket]
2025-06-14 03:17:02 - [Item]EasyMoney update [1436876]120249 plus [2] s1[NoSocket]s2[NoSocket]
2025-06-14 03:17:02 - [Item]EasyMoney update [1436880]160249 plus [0] s1[NoSocket]s2[NoSocket]
2025-06-14 03:17:07 - [Item]EasyMoney update [1480905]1050002 plus [0] s1[NoSocket]s2[NoSocket]
2025-06-14 03:17:34 - [Item]EasyMoney update [1435783]150249 plus [2] s1[NoSocket]s2[NoSocket]
2025-06-14 03:17:34 - [Item]EasyMoney update [1356258]500229 plus [3] s1[SuperDragonGem]s2[SuperDragonGem]
2025-06-14 03:17:52 - [Item]EasyMoney update [1480905]1050002 plus [0] s1[NoSocket]s2[NoSocket]
2025-06-14 03:17:58 - [Item]EasyMoney update [1435783]150249 plus [2] s1[NoSocket]s2[NoSocket]
2025-06-14 03:17:58 - [Item]EasyMoney update [1458452]500229 plus [3] s1[SuperRainbowGem]s2[SuperDragonGem]
2025-06-14 03:18:26 - [Item]DSConquer[PM] update [1435356]160249 plus [12] s1[SuperDragonGem]s2[SuperDragonGem]
2025-06-14 03:18:26 - [Item]DSConquer[PM] update [1435358]133109 plus [12] s1[SuperDragonGem]s2[SuperDragonGem]
2025-06-14 03:18:26 - [Item]DSConquer[PM] update [1410614]120249 plus [12] s1[SuperDragonGem]s2[SuperDragonGem]
2025-06-14 03:18:26 - [Item]DSConquer[PM] update [1435356]160249 plus [12] s1[SuperDragonGem]s2[SuperDragonGem]
2025-06-14 03:18:26 - [Item]DSConquer[PM] update [1435358]133109 plus [12] s1[SuperDragonGem]s2[SuperDragonGem]
2025-06-14 03:18:26 - [Item]DSConquer[PM] update [1410614]120249 plus [12] s1[SuperDragonGem]s2[SuperDragonGem]
2025-06-14 03:18:32 - [Item]DSConquer[PM] update [1435356]160249 plus [12] s1[SuperDragonGem]s2[SuperDragonGem]
2025-06-14 03:18:32 - [Item]DSConquer[PM] update [1435358]133109 plus [12] s1[SuperDragonGem]s2[SuperDragonGem]
2025-06-14 03:18:32 - [Item]DSConquer[PM] update [1410614]120249 plus [12] s1[SuperDragonGem]s2[SuperDragonGem]
2025-06-14 03:18:35 - [Item]DSConquer[PM] update [1435356]160249 plus [12] s1[SuperDragonGem]s2[SuperDragonGem]
2025-06-14 03:18:35 - [Item]DSConquer[PM] update [1435358]133109 plus [12] s1[SuperDragonGem]s2[SuperDragonGem]
2025-06-14 03:18:35 - [Item]DSConquer[PM] update [1410614]120249 plus [12] s1[SuperDragonGem]s2[SuperDragonGem]
2025-06-14 03:18:51 - [Item]EasyMoney update [1480905]1050002 plus [0] s1[NoSocket]s2[NoSocket]
2025-06-14 03:19:14 - [Item]EasyMoney update [1435783]150249 plus [2] s1[NoSocket]s2[NoSocket]
2025-06-14 03:19:14 - [Item]EasyMoney update [1356258]500229 plus [3] s1[SuperDragonGem]s2[SuperDragonGem]
2025-06-14 03:19:59 - [Item]EasyMoney update [1421746]133109 plus [0] s1[NoSocket]s2[NoSocket]
2025-06-14 03:19:59 - [Item]EasyMoney update [1448658]117109 plus [2] s1[NoSocket]s2[NoSocket]
2025-06-14 03:19:59 - [Item]EasyMoney update [1436876]120249 plus [2] s1[NoSocket]s2[NoSocket]
2025-06-14 03:19:59 - [Item]EasyMoney update [1436880]160249 plus [0] s1[NoSocket]s2[NoSocket]
2025-06-14 03:20:08 - [Item]EasyMoney update [1421746]133109 plus [0] s1[NoSocket]s2[NoSocket]
2025-06-14 03:20:08 - [Item]EasyMoney update [1448658]117109 plus [2] s1[NoSocket]s2[NoSocket]
2025-06-14 03:20:08 - [Item]EasyMoney update [1436876]120249 plus [2] s1[NoSocket]s2[NoSocket]
2025-06-14 03:20:08 - [Item]EasyMoney update [1436880]160249 plus [0] s1[NoSocket]s2[NoSocket]
2025-06-14 03:20:24 - [Item]EasyMoney update [1421746]133109 plus [0] s1[NoSocket]s2[NoSocket]
2025-06-14 03:20:24 - [Item]EasyMoney update [1448658]117109 plus [2] s1[NoSocket]s2[NoSocket]
2025-06-14 03:20:24 - [Item]EasyMoney update [1436876]120249 plus [2] s1[NoSocket]s2[NoSocket]
2025-06-14 03:20:24 - [Item]EasyMoney update [1436880]160249 plus [0] s1[NoSocket]s2[NoSocket]
2025-06-14 03:20:26 - [Item]EasyMoney update [1421746]133109 plus [0] s1[NoSocket]s2[NoSocket]
2025-06-14 03:20:26 - [Item]EasyMoney update [1448658]117109 plus [2] s1[NoSocket]s2[NoSocket]
2025-06-14 03:20:26 - [Item]EasyMoney update [1436876]120249 plus [2] s1[NoSocket]s2[NoSocket]
2025-06-14 03:20:26 - [Item]EasyMoney update [1436880]160249 plus [0] s1[NoSocket]s2[NoSocket]
2025-06-14 03:21:18 - [Item]EasyMoney update [1421746]133109 plus [0] s1[NoSocket]s2[NoSocket]
2025-06-14 03:21:18 - [Item]EasyMoney update [1448658]117109 plus [2] s1[NoSocket]s2[NoSocket]
2025-06-14 03:21:18 - [Item]EasyMoney update [1436876]120249 plus [2] s1[NoSocket]s2[NoSocket]
2025-06-14 03:21:18 - [Item]EasyMoney update [1436880]160249 plus [0] s1[NoSocket]s2[NoSocket]
2025-06-14 03:21:18 - [Item]EasyMoney update [1421746]133109 plus [0] s1[NoSocket]s2[NoSocket]
2025-06-14 03:21:18 - [Item]EasyMoney update [1448658]117109 plus [2] s1[NoSocket]s2[NoSocket]
2025-06-14 03:21:18 - [Item]EasyMoney update [1436876]120249 plus [2] s1[NoSocket]s2[NoSocket]
2025-06-14 03:21:18 - [Item]EasyMoney update [1436880]160249 plus [0] s1[NoSocket]s2[NoSocket]
2025-06-14 03:22:41 - [Item]EasyMoney update [1421746]133109 plus [0] s1[NoSocket]s2[NoSocket]
2025-06-14 03:22:41 - [Item]EasyMoney update [1448658]117109 plus [2] s1[NoSocket]s2[NoSocket]
2025-06-14 03:22:41 - [Item]EasyMoney update [1436876]120249 plus [2] s1[NoSocket]s2[NoSocket]
2025-06-14 03:22:41 - [Item]EasyMoney update [1436880]160249 plus [0] s1[NoSocket]s2[NoSocket]
2025-06-14 03:22:56 - [Item]EasyMoney update [1421746]133109 plus [0] s1[NoSocket]s2[NoSocket]
2025-06-14 03:22:56 - [Item]EasyMoney update [1448658]117109 plus [2] s1[NoSocket]s2[NoSocket]
2025-06-14 03:22:56 - [Item]EasyMoney update [1436876]120249 plus [2] s1[NoSocket]s2[NoSocket]
2025-06-14 03:22:56 - [Item]EasyMoney update [1436880]160249 plus [0] s1[NoSocket]s2[NoSocket]
2025-06-14 03:23:08 - [Item]EasyMoney update [1421746]133109 plus [0] s1[NoSocket]s2[NoSocket]
2025-06-14 03:23:08 - [Item]EasyMoney update [1448658]117109 plus [2] s1[NoSocket]s2[NoSocket]
2025-06-14 03:23:08 - [Item]EasyMoney update [1436876]120249 plus [2] s1[NoSocket]s2[NoSocket]
2025-06-14 03:23:08 - [Item]EasyMoney update [1436880]160249 plus [0] s1[NoSocket]s2[NoSocket]
2025-06-14 04:09:10 - [Item]Fire update [1448395]160249 plus [0] s1[NoSocket]s2[NoSocket]
2025-06-14 04:09:10 - [Item]Fire update [1455470]121249 plus [2] s1[NoSocket]s2[NoSocket]
2025-06-14 04:09:10 - [Item]Fire update [1407979]114109 plus [0] s1[NoSocket]s2[NoSocket]
2025-06-14 04:09:10 - [Item]Fire update [1455474]134109 plus [2] s1[NoSocket]s2[NoSocket]
2025-06-14 04:10:47 - [Item]Fire update [1448395]160249 plus [0] s1[NoSocket]s2[NoSocket]
2025-06-14 04:10:47 - [Item]Fire update [1455470]121249 plus [2] s1[NoSocket]s2[NoSocket]
2025-06-14 04:10:47 - [Item]Fire update [1407979]114109 plus [0] s1[NoSocket]s2[NoSocket]
2025-06-14 04:10:47 - [Item]Fire update [1455474]134109 plus [2] s1[NoSocket]s2[NoSocket]
2025-06-14 04:11:02 - [Item]Fire update [1448395]160249 plus [0] s1[NoSocket]s2[NoSocket]
2025-06-14 04:11:02 - [Item]Fire update [1455470]121249 plus [2] s1[NoSocket]s2[NoSocket]
2025-06-14 04:11:02 - [Item]Fire update [1407979]114109 plus [0] s1[NoSocket]s2[NoSocket]
2025-06-14 04:11:02 - [Item]Fire update [1455474]134109 plus [2] s1[NoSocket]s2[NoSocket]
2025-06-14 04:12:46 - [Item]Fire update [1356262]1002050 plus [0] s1[NoSocket]s2[NoSocket]
2025-06-14 04:12:46 - [Item]Fire update [1356262]1002050 plus [0] s1[NoSocket]s2[NoSocket]
2025-06-14 04:12:46 - [Item]Fire update [1356262]1002050 plus [0] s1[NoSocket]s2[NoSocket]
2025-06-14 04:12:46 - [Item]Fire update [1356262]1002050 plus [0] s1[NoSocket]s2[NoSocket]
2025-06-14 04:12:46 - [Item]Fire update [1356263]1002050 plus [0] s1[NoSocket]s2[NoSocket]
2025-06-14 04:12:46 - [Item]Fire update [1356263]1002050 plus [0] s1[NoSocket]s2[NoSocket]
2025-06-14 04:12:46 - [Item]Fire update [1356263]1002050 plus [0] s1[NoSocket]s2[NoSocket]
2025-06-14 04:12:46 - [Item]Fire update [1356263]1002050 plus [0] s1[NoSocket]s2[NoSocket]
2025-06-14 04:12:47 - [Item]Fire update [1486143]1002050 plus [0] s1[NoSocket]s2[NoSocket]
2025-06-14 04:12:53 - [Item]Fire update [1356264]1002040 plus [0] s1[NoSocket]s2[NoSocket]
2025-06-14 04:12:53 - [Item]Fire update [1356264]1002040 plus [0] s1[NoSocket]s2[NoSocket]
2025-06-14 04:12:53 - [Item]Fire update [1356264]1002040 plus [0] s1[NoSocket]s2[NoSocket]
2025-06-14 04:12:53 - [Item]Fire update [1356264]1002040 plus [0] s1[NoSocket]s2[NoSocket]
2025-06-14 04:12:53 - [Item]Fire update [1356264]1002040 plus [0] s1[NoSocket]s2[NoSocket]
2025-06-14 04:12:55 - [Item]Fire update [1356264]1002040 plus [0] s1[NoSocket]s2[NoSocket]
2025-06-14 04:14:08 - [Item]Fire update [1448395]160249 plus [0] s1[NoSocket]s2[NoSocket]
2025-06-14 04:14:08 - [Item]Fire update [1455470]121249 plus [2] s1[NoSocket]s2[NoSocket]
2025-06-14 04:14:08 - [Item]Fire update [1407979]114109 plus [0] s1[NoSocket]s2[NoSocket]
2025-06-14 04:14:08 - [Item]Fire update [1455474]134109 plus [2] s1[NoSocket]s2[NoSocket]
2025-06-14 04:14:13 - [Item]Fire update [1448395]160249 plus [0] s1[NoSocket]s2[NoSocket]
2025-06-14 04:14:13 - [Item]Fire update [1455470]121249 plus [2] s1[NoSocket]s2[NoSocket]
2025-06-14 04:14:13 - [Item]Fire update [1407979]114109 plus [0] s1[NoSocket]s2[NoSocket]
2025-06-14 04:14:13 - [Item]Fire update [1455474]134109 plus [2] s1[NoSocket]s2[NoSocket]
2025-06-14 04:14:13 - [Item]Fire update [1448395]160249 plus [0] s1[NoSocket]s2[NoSocket]
2025-06-14 04:14:13 - [Item]Fire update [1455470]121249 plus [2] s1[NoSocket]s2[NoSocket]
2025-06-14 04:14:13 - [Item]Fire update [1407979]114109 plus [0] s1[NoSocket]s2[NoSocket]
2025-06-14 04:14:13 - [Item]Fire update [1455474]134109 plus [2] s1[NoSocket]s2[NoSocket]
2025-06-14 04:15:45 - [Item]Fire update [1448395]160249 plus [0] s1[NoSocket]s2[NoSocket]
2025-06-14 04:15:45 - [Item]Fire update [1455470]121249 plus [2] s1[NoSocket]s2[NoSocket]
2025-06-14 04:15:45 - [Item]Fire update [1407979]114109 plus [0] s1[NoSocket]s2[NoSocket]
2025-06-14 04:15:45 - [Item]Fire update [1455474]134109 plus [2] s1[NoSocket]s2[NoSocket]
2025-06-14 04:16:17 - [Item]Fire update [1448395]160249 plus [0] s1[NoSocket]s2[NoSocket]
2025-06-14 04:16:17 - [Item]Fire update [1455470]121249 plus [2] s1[NoSocket]s2[NoSocket]
2025-06-14 04:16:17 - [Item]Fire update [1407979]114109 plus [0] s1[NoSocket]s2[NoSocket]
2025-06-14 04:16:17 - [Item]Fire update [1455474]134109 plus [2] s1[NoSocket]s2[NoSocket]
2025-06-14 04:16:29 - [Item]Fire update [1448395]160249 plus [0] s1[NoSocket]s2[NoSocket]
2025-06-14 04:16:29 - [Item]Fire update [1455470]121249 plus [2] s1[NoSocket]s2[NoSocket]
2025-06-14 04:16:29 - [Item]Fire update [1407979]114109 plus [0] s1[NoSocket]s2[NoSocket]
2025-06-14 04:16:29 - [Item]Fire update [1455474]134109 plus [2] s1[NoSocket]s2[NoSocket]
2025-06-14 04:16:35 - [Item]Fire update [1448395]160249 plus [0] s1[NoSocket]s2[NoSocket]
2025-06-14 04:16:35 - [Item]Fire update [1455470]121249 plus [2] s1[NoSocket]s2[NoSocket]
2025-06-14 04:16:35 - [Item]Fire update [1407979]114109 plus [0] s1[NoSocket]s2[NoSocket]
2025-06-14 04:16:35 - [Item]Fire update [1455474]134109 plus [2] s1[NoSocket]s2[NoSocket]
2025-06-14 04:17:28 - [Item]Fire update [1448395]160249 plus [0] s1[NoSocket]s2[NoSocket]
2025-06-14 04:17:28 - [Item]Fire update [1455470]121249 plus [2] s1[NoSocket]s2[NoSocket]
2025-06-14 04:17:28 - [Item]Fire update [1407979]114109 plus [0] s1[NoSocket]s2[NoSocket]
2025-06-14 04:17:28 - [Item]Fire update [1455474]134109 plus [2] s1[NoSocket]s2[NoSocket]
2025-06-14 04:17:54 - [Item]Fire update [1448395]160249 plus [0] s1[NoSocket]s2[NoSocket]
2025-06-14 04:17:54 - [Item]Fire update [1455470]121249 plus [2] s1[NoSocket]s2[NoSocket]
2025-06-14 04:17:54 - [Item]Fire update [1407979]114109 plus [0] s1[NoSocket]s2[NoSocket]
2025-06-14 04:17:54 - [Item]Fire update [1455474]134109 plus [2] s1[NoSocket]s2[NoSocket]
2025-06-14 04:18:01 - [Item]Fire update [1448395]160249 plus [0] s1[NoSocket]s2[NoSocket]
2025-06-14 04:18:01 - [Item]Fire update [1455470]121249 plus [2] s1[NoSocket]s2[NoSocket]
2025-06-14 04:18:01 - [Item]Fire update [1407979]114109 plus [0] s1[NoSocket]s2[NoSocket]
2025-06-14 04:18:01 - [Item]Fire update [1455474]134109 plus [2] s1[NoSocket]s2[NoSocket]
2025-06-14 04:18:03 - [Item]Fire update [1448395]160249 plus [0] s1[NoSocket]s2[NoSocket]
2025-06-14 04:18:03 - [Item]Fire update [1455470]121249 plus [2] s1[NoSocket]s2[NoSocket]
2025-06-14 04:18:03 - [Item]Fire update [1407979]114109 plus [0] s1[NoSocket]s2[NoSocket]
2025-06-14 04:18:03 - [Item]Fire update [1455474]134109 plus [2] s1[NoSocket]s2[NoSocket]
2025-06-14 04:18:10 - [Item]Fire update [1448395]160249 plus [0] s1[NoSocket]s2[NoSocket]
2025-06-14 04:18:10 - [Item]Fire update [1455470]121249 plus [2] s1[NoSocket]s2[NoSocket]
2025-06-14 04:18:10 - [Item]Fire update [1407979]114109 plus [0] s1[NoSocket]s2[NoSocket]
2025-06-14 04:18:10 - [Item]Fire update [1455474]134109 plus [2] s1[NoSocket]s2[NoSocket]
2025-06-14 04:19:08 - [Item]Fire update [1448395]160249 plus [0] s1[NoSocket]s2[NoSocket]
2025-06-14 04:19:08 - [Item]Fire update [1455470]121249 plus [2] s1[NoSocket]s2[NoSocket]
2025-06-14 04:19:08 - [Item]Fire update [1407979]114109 plus [0] s1[NoSocket]s2[NoSocket]
2025-06-14 04:19:08 - [Item]Fire update [1455474]134109 plus [2] s1[NoSocket]s2[NoSocket]
2025-06-14 04:19:28 - [Item]Fire update [1448395]160249 plus [0] s1[NoSocket]s2[NoSocket]
2025-06-14 04:19:28 - [Item]Fire update [1455470]121249 plus [2] s1[NoSocket]s2[NoSocket]
2025-06-14 04:19:28 - [Item]Fire update [1407979]114109 plus [0] s1[NoSocket]s2[NoSocket]
2025-06-14 04:19:28 - [Item]Fire update [1455474]134109 plus [2] s1[NoSocket]s2[NoSocket]
2025-06-14 11:14:06 - [Item]DSConquer[PM] update [1435356]160249 plus [12] s1[SuperDragonGem]s2[SuperDragonGem]
2025-06-14 11:14:06 - [Item]DSConquer[PM] update [1435358]133109 plus [12] s1[SuperDragonGem]s2[SuperDragonGem]
2025-06-14 11:14:06 - [Item]DSConquer[PM] update [1410614]120249 plus [12] s1[SuperDragonGem]s2[SuperDragonGem]
2025-06-14 11:17:42 - [Item]EasyMoney update [1435783]150249 plus [2] s1[NoSocket]s2[NoSocket]
2025-06-14 11:17:42 - [Item]EasyMoney update [1356258]500229 plus [3] s1[SuperDragonGem]s2[SuperDragonGem]
2025-06-14 11:17:52 - [Item]EasyMoney update [1421746]133109 plus [0] s1[NoSocket]s2[NoSocket]
2025-06-14 11:17:52 - [Item]EasyMoney update [1448658]117109 plus [2] s1[NoSocket]s2[NoSocket]
2025-06-14 11:17:52 - [Item]EasyMoney update [1436876]120249 plus [2] s1[NoSocket]s2[NoSocket]
2025-06-14 11:17:52 - [Item]EasyMoney update [1436880]160249 plus [0] s1[NoSocket]s2[NoSocket]
2025-06-14 11:18:12 - [Item]Artokz update [1356267]1001000 plus [0] s1[NoSocket]s2[NoSocket]
2025-06-14 11:18:13 - [Item]Artokz update [1356267]1001000 plus [0] s1[NoSocket]s2[NoSocket]
2025-06-14 11:18:14 - [Item]Artokz update [1356267]1001000 plus [0] s1[NoSocket]s2[NoSocket]
2025-06-14 11:18:15 - [Item]Artokz update [1356267]1001000 plus [0] s1[NoSocket]s2[NoSocket]
2025-06-14 11:18:46 - [Item]EasyMoney update [1421746]133109 plus [0] s1[NoSocket]s2[NoSocket]
2025-06-14 11:18:46 - [Item]EasyMoney update [1448658]117109 plus [2] s1[NoSocket]s2[NoSocket]
2025-06-14 11:18:46 - [Item]EasyMoney update [1436876]120249 plus [2] s1[NoSocket]s2[NoSocket]
2025-06-14 11:18:46 - [Item]EasyMoney update [1436880]160249 plus [0] s1[NoSocket]s2[NoSocket]
2025-06-14 11:19:26 - [Item]Artokz update [1356267]1001000 plus [0] s1[NoSocket]s2[NoSocket]
2025-06-14 11:19:29 - [Item]Artokz update [1356267]1001000 plus [0] s1[NoSocket]s2[NoSocket]
2025-06-14 11:19:56 - [Item]EasyMoney update [1421746]133109 plus [0] s1[NoSocket]s2[NoSocket]
2025-06-14 11:19:56 - [Item]EasyMoney update [1448658]117109 plus [2] s1[NoSocket]s2[NoSocket]
2025-06-14 11:19:56 - [Item]EasyMoney update [1436876]120249 plus [2] s1[NoSocket]s2[NoSocket]
2025-06-14 11:19:56 - [Item]EasyMoney update [1436880]160249 plus [0] s1[NoSocket]s2[NoSocket]
2025-06-14 11:20:09 - [Item]Artokz update [1356268]1002040 plus [0] s1[NoSocket]s2[NoSocket]
2025-06-14 11:20:09 - [Item]Artokz update [1356268]1002040 plus [0] s1[NoSocket]s2[NoSocket]
2025-06-14 11:20:09 - [Item]Artokz update [1356268]1002040 plus [0] s1[NoSocket]s2[NoSocket]
2025-06-14 11:20:09 - [Item]Artokz update [1356268]1002040 plus [0] s1[NoSocket]s2[NoSocket]
2025-06-14 11:20:09 - [Item]Artokz update [1356269]1002040 plus [0] s1[NoSocket]s2[NoSocket]
2025-06-14 11:20:09 - [Item]Artokz update [1356269]1002040 plus [0] s1[NoSocket]s2[NoSocket]
2025-06-14 11:20:09 - [Item]Artokz update [1356269]1002040 plus [0] s1[NoSocket]s2[NoSocket]
2025-06-14 11:20:09 - [Item]Artokz update [1356269]1002040 plus [0] s1[NoSocket]s2[NoSocket]
2025-06-14 11:20:09 - [Item]EasyMoney update [1421746]133109 plus [0] s1[NoSocket]s2[NoSocket]
2025-06-14 11:20:09 - [Item]EasyMoney update [1448658]117109 plus [2] s1[NoSocket]s2[NoSocket]
2025-06-14 11:20:09 - [Item]EasyMoney update [1436876]120249 plus [2] s1[NoSocket]s2[NoSocket]
2025-06-14 11:20:09 - [Item]EasyMoney update [1436880]160249 plus [0] s1[NoSocket]s2[NoSocket]
2025-06-14 11:20:13 - [Item]Artokz update [1356270]1002040 plus [0] s1[NoSocket]s2[NoSocket]
2025-06-14 11:20:13 - [Item]Artokz update [1356270]1002040 plus [0] s1[NoSocket]s2[NoSocket]
2025-06-14 11:20:13 - [Item]Artokz update [1356270]1002040 plus [0] s1[NoSocket]s2[NoSocket]
2025-06-14 11:20:13 - [Item]Artokz update [1356270]1002040 plus [0] s1[NoSocket]s2[NoSocket]
2025-06-14 11:20:13 - [Item]Artokz update [1356271]1002040 plus [0] s1[NoSocket]s2[NoSocket]
2025-06-14 11:20:13 - [Item]Artokz update [1356271]1002040 plus [0] s1[NoSocket]s2[NoSocket]
2025-06-14 11:20:13 - [Item]Artokz update [1356271]1002040 plus [0] s1[NoSocket]s2[NoSocket]
2025-06-14 11:20:13 - [Item]Artokz update [1356271]1002040 plus [0] s1[NoSocket]s2[NoSocket]
2025-06-14 11:20:18 - [Item]Artokz update [1356268]1002040 plus [0] s1[NoSocket]s2[NoSocket]
2025-06-14 11:20:39 - [Item]EasyMoney update [1421746]133109 plus [0] s1[NoSocket]s2[NoSocket]
2025-06-14 11:20:39 - [Item]EasyMoney update [1448658]117109 plus [2] s1[NoSocket]s2[NoSocket]
2025-06-14 11:20:39 - [Item]EasyMoney update [1436876]120249 plus [2] s1[NoSocket]s2[NoSocket]
2025-06-14 11:20:39 - [Item]EasyMoney update [1436880]160249 plus [0] s1[NoSocket]s2[NoSocket]
2025-06-14 11:20:45 - [Item]Artokz update [1356268]1002040 plus [0] s1[NoSocket]s2[NoSocket]
2025-06-14 11:20:48 - [Item]EasyMoney update [1435783]150249 plus [2] s1[NoSocket]s2[NoSocket]
2025-06-14 11:20:48 - [Item]EasyMoney update [1356258]500229 plus [3] s1[SuperDragonGem]s2[SuperDragonGem]
2025-06-14 11:20:52 - [Item]Artokz update [1356268]1002040 plus [0] s1[NoSocket]s2[NoSocket]
2025-06-14 11:20:54 - [Item]EasyMoney update [1435783]150249 plus [2] s1[NoSocket]s2[NoSocket]
2025-06-14 11:20:54 - [Item]EasyMoney update [1356258]500229 plus [3] s1[SuperDragonGem]s2[SuperDragonGem]
2025-06-14 11:21:06 - [Item]EasyMoney update [1435783]150249 plus [2] s1[NoSocket]s2[NoSocket]
2025-06-14 11:21:06 - [Item]EasyMoney update [1356258]500229 plus [3] s1[SuperDragonGem]s2[SuperDragonGem]
2025-06-14 11:21:13 - [Item]Artokz update [1356268]1002040 plus [0] s1[NoSocket]s2[NoSocket]
2025-06-14 11:21:33 - [Item]EasyMoney update [1435783]150249 plus [2] s1[NoSocket]s2[NoSocket]
2025-06-14 11:21:33 - [Item]EasyMoney update [1356258]500229 plus [3] s1[SuperDragonGem]s2[SuperDragonGem]
2025-06-14 11:22:03 - [Item]Artokz update [1461288]160219 plus [0] s1[NoSocket]s2[NoSocket]
2025-06-14 11:22:03 - [Item]Artokz update [1461257]111099 plus [0] s1[NoSocket]s2[NoSocket]
2025-06-14 11:22:03 - [Item]Artokz update [1461261]131099 plus [0] s1[NoSocket]s2[NoSocket]
2025-06-14 11:22:09 - [Item]Artokz update [1461288]160219 plus [0] s1[NoSocket]s2[NoSocket]
2025-06-14 11:22:09 - [Item]Artokz update [1461257]111099 plus [0] s1[NoSocket]s2[NoSocket]
2025-06-14 11:22:09 - [Item]Artokz update [1461261]131099 plus [0] s1[NoSocket]s2[NoSocket]
2025-06-14 11:22:50 - [Item]Artokz update [1461288]160219 plus [0] s1[NoSocket]s2[NoSocket]
2025-06-14 11:22:50 - [Item]Artokz update [1461257]111099 plus [0] s1[NoSocket]s2[NoSocket]
2025-06-14 11:22:50 - [Item]Artokz update [1461261]131099 plus [0] s1[NoSocket]s2[NoSocket]
2025-06-14 11:22:58 - [Item]Artokz update [1461288]160219 plus [0] s1[NoSocket]s2[NoSocket]
2025-06-14 11:22:58 - [Item]Artokz update [1461257]111099 plus [0] s1[NoSocket]s2[NoSocket]
2025-06-14 11:22:58 - [Item]Artokz update [1461261]131099 plus [0] s1[NoSocket]s2[NoSocket]
2025-06-14 11:23:07 - [Item]Artokz update [1461288]160219 plus [0] s1[NoSocket]s2[NoSocket]
2025-06-14 11:23:07 - [Item]Artokz update [1461257]111099 plus [0] s1[NoSocket]s2[NoSocket]
2025-06-14 11:23:07 - [Item]Artokz update [1461261]131099 plus [0] s1[NoSocket]s2[NoSocket]
2025-06-14 11:23:11 - [Item]Artokz update [1461288]160219 plus [0] s1[NoSocket]s2[NoSocket]
2025-06-14 11:23:11 - [Item]Artokz update [1461257]111099 plus [0] s1[NoSocket]s2[NoSocket]
2025-06-14 11:23:11 - [Item]Artokz update [1461261]131099 plus [0] s1[NoSocket]s2[NoSocket]
2025-06-14 11:23:12 - [Item]Artokz update [1461288]160219 plus [0] s1[NoSocket]s2[NoSocket]
2025-06-14 11:23:12 - [Item]Artokz update [1461257]111099 plus [0] s1[NoSocket]s2[NoSocket]
2025-06-14 11:23:12 - [Item]Artokz update [1461261]131099 plus [0] s1[NoSocket]s2[NoSocket]
2025-06-14 11:23:21 - [Item]Artokz update [1461288]160219 plus [0] s1[NoSocket]s2[NoSocket]
2025-06-14 11:23:21 - [Item]Artokz update [1461257]111099 plus [0] s1[NoSocket]s2[NoSocket]
2025-06-14 11:23:21 - [Item]Artokz update [1461261]131099 plus [0] s1[NoSocket]s2[NoSocket]
2025-06-14 11:23:32 - [Item]Artokz update [1461288]160219 plus [0] s1[NoSocket]s2[NoSocket]
2025-06-14 11:23:32 - [Item]Artokz update [1461257]111099 plus [0] s1[NoSocket]s2[NoSocket]
2025-06-14 11:23:32 - [Item]Artokz update [1461261]131099 plus [0] s1[NoSocket]s2[NoSocket]
2025-06-14 11:23:36 - [Item]Artokz update [1461288]160219 plus [0] s1[NoSocket]s2[NoSocket]
2025-06-14 11:23:36 - [Item]Artokz update [1461257]111099 plus [0] s1[NoSocket]s2[NoSocket]
2025-06-14 11:23:36 - [Item]Artokz update [1461261]131099 plus [0] s1[NoSocket]s2[NoSocket]
2025-06-14 11:23:47 - [Item]Artokz update [1461288]160219 plus [0] s1[NoSocket]s2[NoSocket]
2025-06-14 11:23:47 - [Item]Artokz update [1461257]111099 plus [0] s1[NoSocket]s2[NoSocket]
2025-06-14 11:23:47 - [Item]Artokz update [1461261]131099 plus [0] s1[NoSocket]s2[NoSocket]
2025-06-14 11:23:49 - [Item]EasyMoney update [1421746]133109 plus [0] s1[NoSocket]s2[NoSocket]
2025-06-14 11:23:49 - [Item]EasyMoney update [1448658]117109 plus [2] s1[NoSocket]s2[NoSocket]
2025-06-14 11:23:49 - [Item]EasyMoney update [1436876]120249 plus [2] s1[NoSocket]s2[NoSocket]
2025-06-14 11:23:49 - [Item]EasyMoney update [1436880]160249 plus [0] s1[NoSocket]s2[NoSocket]
2025-06-14 11:23:49 - [Item]EasyMoney update [1421746]133109 plus [0] s1[NoSocket]s2[NoSocket]
2025-06-14 11:23:49 - [Item]EasyMoney update [1448658]117109 plus [2] s1[NoSocket]s2[NoSocket]
2025-06-14 11:23:49 - [Item]EasyMoney update [1436876]120249 plus [2] s1[NoSocket]s2[NoSocket]
2025-06-14 11:23:49 - [Item]EasyMoney update [1436880]160249 plus [0] s1[NoSocket]s2[NoSocket]
2025-06-14 11:23:51 - [Item]Artokz update [1461288]160219 plus [0] s1[NoSocket]s2[NoSocket]
2025-06-14 11:23:51 - [Item]Artokz update [1461257]111099 plus [0] s1[NoSocket]s2[NoSocket]
2025-06-14 11:23:51 - [Item]Artokz update [1461261]131099 plus [0] s1[NoSocket]s2[NoSocket]
2025-06-14 11:23:56 - [Item]EasyMoney update [1421746]133109 plus [0] s1[NoSocket]s2[NoSocket]
2025-06-14 11:23:56 - [Item]EasyMoney update [1448658]117109 plus [2] s1[NoSocket]s2[NoSocket]
2025-06-14 11:23:56 - [Item]EasyMoney update [1436876]120249 plus [2] s1[NoSocket]s2[NoSocket]
2025-06-14 11:23:56 - [Item]EasyMoney update [1436880]160249 plus [0] s1[NoSocket]s2[NoSocket]
2025-06-14 11:23:59 - [Item]Artokz update [1461288]160219 plus [0] s1[NoSocket]s2[NoSocket]
2025-06-14 11:23:59 - [Item]Artokz update [1461257]111099 plus [0] s1[NoSocket]s2[NoSocket]
2025-06-14 11:23:59 - [Item]Artokz update [1461261]131099 plus [0] s1[NoSocket]s2[NoSocket]
2025-06-14 11:24:04 - [Item]Artokz update [1461288]160219 plus [0] s1[NoSocket]s2[NoSocket]
2025-06-14 11:24:04 - [Item]Artokz update [1461257]111099 plus [0] s1[NoSocket]s2[NoSocket]
2025-06-14 11:24:04 - [Item]Artokz update [1461261]131099 plus [0] s1[NoSocket]s2[NoSocket]
2025-06-14 11:24:19 - [Item]EasyMoney update [1421746]133109 plus [0] s1[NoSocket]s2[NoSocket]
2025-06-14 11:24:19 - [Item]EasyMoney update [1448658]117109 plus [2] s1[NoSocket]s2[NoSocket]
2025-06-14 11:24:19 - [Item]EasyMoney update [1436876]120249 plus [2] s1[NoSocket]s2[NoSocket]
2025-06-14 11:24:19 - [Item]EasyMoney update [1436880]160249 plus [0] s1[NoSocket]s2[NoSocket]
2025-06-14 11:24:27 - [Item]EasyMoney update [1421746]133109 plus [0] s1[NoSocket]s2[NoSocket]
2025-06-14 11:24:27 - [Item]EasyMoney update [1448658]117109 plus [2] s1[NoSocket]s2[NoSocket]
2025-06-14 11:24:27 - [Item]EasyMoney update [1436876]120249 plus [2] s1[NoSocket]s2[NoSocket]
2025-06-14 11:24:27 - [Item]EasyMoney update [1436880]160249 plus [0] s1[NoSocket]s2[NoSocket]
2025-06-14 11:24:35 - [Item]EasyMoney update [1421746]133109 plus [0] s1[NoSocket]s2[NoSocket]
2025-06-14 11:24:35 - [Item]EasyMoney update [1448658]117109 plus [2] s1[NoSocket]s2[NoSocket]
2025-06-14 11:24:35 - [Item]EasyMoney update [1436876]120249 plus [2] s1[NoSocket]s2[NoSocket]
2025-06-14 11:24:35 - [Item]EasyMoney update [1436880]160249 plus [0] s1[NoSocket]s2[NoSocket]
2025-06-14 11:24:51 - [Item]EasyMoney update [1421746]133109 plus [0] s1[NoSocket]s2[NoSocket]
2025-06-14 11:24:51 - [Item]EasyMoney update [1448658]117109 plus [2] s1[NoSocket]s2[NoSocket]
2025-06-14 11:24:51 - [Item]EasyMoney update [1436876]120249 plus [2] s1[NoSocket]s2[NoSocket]
2025-06-14 11:24:51 - [Item]EasyMoney update [1436880]160249 plus [0] s1[NoSocket]s2[NoSocket]
2025-06-14 12:42:54 - [Item]DSConquer[PM] update [1435356]160249 plus [12] s1[SuperDragonGem]s2[SuperDragonGem]
2025-06-14 12:42:54 - [Item]DSConquer[PM] update [1435358]133109 plus [12] s1[SuperDragonGem]s2[SuperDragonGem]
2025-06-14 12:42:54 - [Item]DSConquer[PM] update [1410614]120249 plus [12] s1[SuperDragonGem]s2[SuperDragonGem]
2025-06-14 12:45:19 - [Item]DSConquer[PM] update [1435356]160249 plus [12] s1[SuperDragonGem]s2[SuperDragonGem]
2025-06-14 12:45:19 - [Item]DSConquer[PM] update [1435358]133109 plus [12] s1[SuperDragonGem]s2[SuperDragonGem]
2025-06-14 12:45:19 - [Item]DSConquer[PM] update [1410614]120249 plus [12] s1[SuperDragonGem]s2[SuperDragonGem]
2025-06-14 12:45:24 - [Item]DSConquer[PM] update [1435356]160249 plus [12] s1[SuperDragonGem]s2[SuperDragonGem]
2025-06-14 12:45:24 - [Item]DSConquer[PM] update [1435358]133109 plus [12] s1[SuperDragonGem]s2[SuperDragonGem]
2025-06-14 12:45:24 - [Item]DSConquer[PM] update [1410614]120249 plus [12] s1[SuperDragonGem]s2[SuperDragonGem]
2025-06-14 12:46:00 - [Item]DSConquer[PM] update [1435356]160249 plus [12] s1[SuperDragonGem]s2[SuperDragonGem]
2025-06-14 12:46:00 - [Item]DSConquer[PM] update [1435358]133109 plus [12] s1[SuperDragonGem]s2[SuperDragonGem]
2025-06-14 12:46:00 - [Item]DSConquer[PM] update [1410614]120249 plus [12] s1[SuperDragonGem]s2[SuperDragonGem]
2025-06-14 12:46:02 - [Item]DSConquer[PM] update [1435356]160249 plus [12] s1[SuperDragonGem]s2[SuperDragonGem]
2025-06-14 12:46:02 - [Item]DSConquer[PM] update [1435358]133109 plus [12] s1[SuperDragonGem]s2[SuperDragonGem]
2025-06-14 12:46:02 - [Item]DSConquer[PM] update [1410614]120249 plus [12] s1[SuperDragonGem]s2[SuperDragonGem]
2025-06-14 12:46:31 - [Item]DSConquer[PM] update [1435356]160249 plus [12] s1[SuperDragonGem]s2[SuperDragonGem]
2025-06-14 12:46:31 - [Item]DSConquer[PM] update [1435358]133109 plus [12] s1[SuperDragonGem]s2[SuperDragonGem]
2025-06-14 12:46:31 - [Item]DSConquer[PM] update [1410614]120249 plus [12] s1[SuperDragonGem]s2[SuperDragonGem]
2025-06-14 12:46:35 - [Item]DSConquer[PM] update [1435356]160249 plus [12] s1[SuperDragonGem]s2[SuperDragonGem]
2025-06-14 12:46:35 - [Item]DSConquer[PM] update [1435358]133109 plus [12] s1[SuperDragonGem]s2[SuperDragonGem]
2025-06-14 12:46:35 - [Item]DSConquer[PM] update [1410614]120249 plus [12] s1[SuperDragonGem]s2[SuperDragonGem]
2025-06-14 12:46:38 - [Item]DSConquer[PM] update [1435356]160249 plus [12] s1[SuperDragonGem]s2[SuperDragonGem]
2025-06-14 12:46:38 - [Item]DSConquer[PM] update [1435358]133109 plus [12] s1[SuperDragonGem]s2[SuperDragonGem]
2025-06-14 12:46:38 - [Item]DSConquer[PM] update [1410614]120249 plus [12] s1[SuperDragonGem]s2[SuperDragonGem]
2025-06-14 12:46:49 - [Item]DSConquer[PM] update [1435356]160249 plus [12] s1[SuperDragonGem]s2[SuperDragonGem]
2025-06-14 12:46:49 - [Item]DSConquer[PM] update [1435358]133109 plus [12] s1[SuperDragonGem]s2[SuperDragonGem]
2025-06-14 12:46:49 - [Item]DSConquer[PM] update [1410614]120249 plus [12] s1[SuperDragonGem]s2[SuperDragonGem]
2025-06-14 12:46:59 - [Item]DSConquer[PM] update [1435356]160249 plus [12] s1[SuperDragonGem]s2[SuperDragonGem]
2025-06-14 12:46:59 - [Item]DSConquer[PM] update [1435358]133109 plus [12] s1[SuperDragonGem]s2[SuperDragonGem]
2025-06-14 12:46:59 - [Item]DSConquer[PM] update [1410614]120249 plus [12] s1[SuperDragonGem]s2[SuperDragonGem]
2025-06-14 12:47:48 - [Item]DSConquer[PM] update [1435356]160249 plus [12] s1[SuperDragonGem]s2[SuperDragonGem]
2025-06-14 12:47:48 - [Item]DSConquer[PM] update [1435358]133109 plus [12] s1[SuperDragonGem]s2[SuperDragonGem]
2025-06-14 12:47:48 - [Item]DSConquer[PM] update [1410614]120249 plus [12] s1[SuperDragonGem]s2[SuperDragonGem]
2025-06-14 12:48:37 - [Item]DSConquer[PM] update [1435356]160249 plus [12] s1[SuperDragonGem]s2[SuperDragonGem]
2025-06-14 12:48:37 - [Item]DSConquer[PM] update [1435358]133109 plus [12] s1[SuperDragonGem]s2[SuperDragonGem]
2025-06-14 12:48:37 - [Item]DSConquer[PM] update [1410614]120249 plus [12] s1[SuperDragonGem]s2[SuperDragonGem]
2025-06-14 12:49:39 - [Item]EasyMoney update [1421746]133109 plus [0] s1[NoSocket]s2[NoSocket]
2025-06-14 12:49:39 - [Item]EasyMoney update [1448658]117109 plus [2] s1[NoSocket]s2[NoSocket]
2025-06-14 12:49:39 - [Item]EasyMoney update [1436876]120249 plus [2] s1[NoSocket]s2[NoSocket]
2025-06-14 12:49:39 - [Item]EasyMoney update [1436880]160249 plus [0] s1[NoSocket]s2[NoSocket]
2025-06-14 12:49:40 - [Item]EasyMoney update [1421746]133109 plus [0] s1[NoSocket]s2[NoSocket]
2025-06-14 12:49:40 - [Item]EasyMoney update [1448658]117109 plus [2] s1[NoSocket]s2[NoSocket]
2025-06-14 12:49:40 - [Item]EasyMoney update [1436876]120249 plus [2] s1[NoSocket]s2[NoSocket]
2025-06-14 12:49:40 - [Item]EasyMoney update [1436880]160249 plus [0] s1[NoSocket]s2[NoSocket]
2025-06-14 12:49:55 - [Item]EasyMoney update [1421746]133109 plus [0] s1[NoSocket]s2[NoSocket]
2025-06-14 12:49:55 - [Item]EasyMoney update [1448658]117109 plus [2] s1[NoSocket]s2[NoSocket]
2025-06-14 12:49:55 - [Item]EasyMoney update [1436876]120249 plus [2] s1[NoSocket]s2[NoSocket]
2025-06-14 12:49:55 - [Item]EasyMoney update [1436880]160249 plus [0] s1[NoSocket]s2[NoSocket]
2025-06-14 12:50:57 - [Item]EasyMoney update [1421746]133109 plus [0] s1[NoSocket]s2[NoSocket]
2025-06-14 12:50:57 - [Item]EasyMoney update [1448658]117109 plus [2] s1[NoSocket]s2[NoSocket]
2025-06-14 12:50:57 - [Item]EasyMoney update [1436876]120249 plus [2] s1[NoSocket]s2[NoSocket]
2025-06-14 12:50:57 - [Item]EasyMoney update [1436880]160249 plus [0] s1[NoSocket]s2[NoSocket]
2025-06-14 12:56:07 - [Item]DSConquer[PM] update [1435356]160249 plus [12] s1[SuperDragonGem]s2[SuperDragonGem]
2025-06-14 12:56:07 - [Item]DSConquer[PM] update [1435358]133109 plus [12] s1[SuperDragonGem]s2[SuperDragonGem]
2025-06-14 12:56:07 - [Item]DSConquer[PM] update [1410614]120249 plus [12] s1[SuperDragonGem]s2[SuperDragonGem]
2025-06-14 13:05:57 - [Item]DSConquer[PM] update [1356284]150223 plus [0] s1[NoSocket]s2[NoSocket]
2025-06-14 13:11:42 - [Item]DSConquer[PM] update [1472082]530009 plus [0] s1[NoSocket]s2[NoSocket]
2025-06-14 13:11:42 - [Item]DSConquer[PM] update [1410615]150249 plus [12] s1[SuperDragonGem]s2[SuperDragonGem]
2025-06-14 13:11:43 - [Item]DSConquer[PM] update [1472082]530009 plus [0] s1[NoSocket]s2[NoSocket]
2025-06-14 13:11:43 - [Item]DSConquer[PM] update [1410615]150249 plus [12] s1[SuperDragonGem]s2[SuperDragonGem]
2025-06-14 13:31:51 - [Item]EasyMoney update [1435783]150249 plus [2] s1[NoSocket]s2[NoSocket]
2025-06-14 13:31:51 - [Item]EasyMoney update [1356258]500229 plus [3] s1[SuperDragonGem]s2[SuperDragonGem]
2025-06-14 13:32:45 - [Item]EasyMoney update [1435783]150249 plus [2] s1[NoSocket]s2[NoSocket]
2025-06-14 13:32:45 - [Item]EasyMoney update [1356258]500229 plus [3] s1[SuperDragonGem]s2[SuperDragonGem]
2025-06-14 13:33:59 - [Item]EasyMoney update [1435783]150249 plus [2] s1[NoSocket]s2[NoSocket]
2025-06-14 13:33:59 - [Item]EasyMoney update [1356258]500229 plus [3] s1[SuperDragonGem]s2[SuperDragonGem]
2025-06-14 13:35:12 - [Item]EasyMoney update [1435783]150249 plus [2] s1[NoSocket]s2[NoSocket]
2025-06-14 13:35:12 - [Item]EasyMoney update [1356258]500229 plus [3] s1[SuperDragonGem]s2[SuperDragonGem]
2025-06-14 13:35:14 - [Item]EasyMoney update [1435783]150249 plus [2] s1[NoSocket]s2[NoSocket]
2025-06-14 13:35:14 - [Item]EasyMoney update [1356258]500229 plus [3] s1[SuperDragonGem]s2[SuperDragonGem]
2025-06-14 13:35:24 - [Item]EasyMoney update [1435783]150249 plus [2] s1[NoSocket]s2[NoSocket]
2025-06-14 13:35:24 - [Item]EasyMoney update [1356258]500229 plus [3] s1[SuperDragonGem]s2[SuperDragonGem]
2025-06-14 13:35:30 - [Item]EasyMoney update [1435783]150249 plus [2] s1[NoSocket]s2[NoSocket]
2025-06-14 13:35:30 - [Item]EasyMoney update [1356258]500229 plus [3] s1[SuperDragonGem]s2[SuperDragonGem]
2025-06-14 13:35:49 - [Item]EasyMoney update [1435783]150249 plus [2] s1[NoSocket]s2[NoSocket]
2025-06-14 13:35:49 - [Item]EasyMoney update [1356258]500229 plus [3] s1[SuperDragonGem]s2[SuperDragonGem]
2025-06-14 13:36:00 - [Item]EasyMoney update [1435783]150249 plus [2] s1[NoSocket]s2[NoSocket]
2025-06-14 13:36:00 - [Item]EasyMoney update [1356258]500229 plus [3] s1[SuperDragonGem]s2[SuperDragonGem]
2025-06-14 13:36:00 - [Item]EasyMoney update [1435783]150249 plus [2] s1[NoSocket]s2[NoSocket]
2025-06-14 13:36:00 - [Item]EasyMoney update [1356258]500229 plus [3] s1[SuperDragonGem]s2[SuperDragonGem]
2025-06-14 13:38:25 - [Item]EasyMoney update [1435783]150249 plus [2] s1[NoSocket]s2[NoSocket]
2025-06-14 13:38:25 - [Item]EasyMoney update [1356258]500229 plus [3] s1[SuperDragonGem]s2[SuperDragonGem]
2025-06-14 13:38:27 - [Item]EasyMoney update [1435783]150249 plus [2] s1[NoSocket]s2[NoSocket]
2025-06-14 13:38:27 - [Item]EasyMoney update [1356258]500229 plus [3] s1[SuperDragonGem]s2[SuperDragonGem]
2025-06-14 13:38:38 - [Item]EasyMoney update [1435783]150249 plus [2] s1[NoSocket]s2[NoSocket]
2025-06-14 13:38:38 - [Item]EasyMoney update [1356258]500229 plus [3] s1[SuperDragonGem]s2[SuperDragonGem]
2025-06-14 13:38:40 - [Item]EasyMoney update [1435783]150249 plus [2] s1[NoSocket]s2[NoSocket]
2025-06-14 13:38:40 - [Item]EasyMoney update [1356258]500229 plus [3] s1[SuperDragonGem]s2[SuperDragonGem]
2025-06-14 13:43:40 - [Item]Artokz update [1356269]1002040 plus [0] s1[NoSocket]s2[NoSocket]
2025-06-14 13:44:22 - [Item]Artokz update [1356269]1002040 plus [0] s1[NoSocket]s2[NoSocket]
2025-06-14 13:44:37 - [Item]Artokz update [1461257]111099 plus [0] s1[NoSocket]s2[NoSocket]
2025-06-14 13:44:37 - [Item]Artokz update [1461288]160219 plus [0] s1[NoSocket]s2[NoSocket]
2025-06-14 13:44:37 - [Item]Artokz update [1461261]131099 plus [0] s1[NoSocket]s2[NoSocket]
2025-06-14 13:44:48 - [Item]EasyMoney update [1435783]150249 plus [2] s1[NoSocket]s2[NoSocket]
2025-06-14 13:44:48 - [Item]EasyMoney update [1356258]500229 plus [3] s1[SuperDragonGem]s2[SuperDragonGem]
2025-06-14 13:45:03 - [Item]EasyMoney update [1435783]150249 plus [2] s1[NoSocket]s2[NoSocket]
2025-06-14 13:45:03 - [Item]EasyMoney update [1356258]500229 plus [3] s1[SuperDragonGem]s2[SuperDragonGem]
2025-06-14 13:45:10 - [Item]Artokz update [1356269]1002040 plus [0] s1[NoSocket]s2[NoSocket]
2025-06-14 13:45:22 - [Item]Artokz update [1356269]1002040 plus [0] s1[NoSocket]s2[NoSocket]
2025-06-14 13:45:32 - [Item]EasyMoney update [1421746]133109 plus [0] s1[NoSocket]s2[NoSocket]
2025-06-14 13:45:32 - [Item]EasyMoney update [1448658]117109 plus [2] s1[NoSocket]s2[NoSocket]
2025-06-14 13:45:32 - [Item]EasyMoney update [1436876]120249 plus [2] s1[NoSocket]s2[NoSocket]
2025-06-14 13:45:32 - [Item]EasyMoney update [1436880]160249 plus [0] s1[NoSocket]s2[NoSocket]
2025-06-14 13:45:38 - [Item]EasyMoney update [1421746]133109 plus [0] s1[NoSocket]s2[NoSocket]
2025-06-14 13:45:38 - [Item]EasyMoney update [1448658]117109 plus [2] s1[NoSocket]s2[NoSocket]
2025-06-14 13:45:38 - [Item]EasyMoney update [1436876]120249 plus [2] s1[NoSocket]s2[NoSocket]
2025-06-14 13:45:38 - [Item]EasyMoney update [1436880]160249 plus [0] s1[NoSocket]s2[NoSocket]
2025-06-14 13:45:49 - [Item]EasyMoney update [1421746]133109 plus [0] s1[NoSocket]s2[NoSocket]
2025-06-14 13:45:49 - [Item]EasyMoney update [1448658]117109 plus [2] s1[NoSocket]s2[NoSocket]
2025-06-14 13:45:49 - [Item]EasyMoney update [1436876]120249 plus [2] s1[NoSocket]s2[NoSocket]
2025-06-14 13:45:49 - [Item]EasyMoney update [1436880]160249 plus [0] s1[NoSocket]s2[NoSocket]
2025-06-14 13:46:01 - [Item]EasyMoney update [1421746]133109 plus [0] s1[NoSocket]s2[NoSocket]
2025-06-14 13:46:01 - [Item]EasyMoney update [1448658]117109 plus [2] s1[NoSocket]s2[NoSocket]
2025-06-14 13:46:01 - [Item]EasyMoney update [1436876]120249 plus [2] s1[NoSocket]s2[NoSocket]
2025-06-14 13:46:01 - [Item]EasyMoney update [1436880]160249 plus [0] s1[NoSocket]s2[NoSocket]
2025-06-14 13:46:04 - [Item]EasyMoney update [1421746]133109 plus [0] s1[NoSocket]s2[NoSocket]
2025-06-14 13:46:04 - [Item]EasyMoney update [1448658]117109 plus [2] s1[NoSocket]s2[NoSocket]
2025-06-14 13:46:04 - [Item]EasyMoney update [1436876]120249 plus [2] s1[NoSocket]s2[NoSocket]
2025-06-14 13:46:04 - [Item]EasyMoney update [1436880]160249 plus [0] s1[NoSocket]s2[NoSocket]
2025-06-14 13:47:46 - [Item]EasyMoney update [1421746]133109 plus [0] s1[NoSocket]s2[NoSocket]
2025-06-14 13:47:46 - [Item]EasyMoney update [1448658]117109 plus [2] s1[NoSocket]s2[NoSocket]
2025-06-14 13:47:46 - [Item]EasyMoney update [1436876]120249 plus [2] s1[NoSocket]s2[NoSocket]
2025-06-14 13:47:46 - [Item]EasyMoney update [1436880]160249 plus [0] s1[NoSocket]s2[NoSocket]
2025-06-14 13:49:07 - [Item]EasyMoney update [1421746]133109 plus [0] s1[NoSocket]s2[NoSocket]
2025-06-14 13:49:07 - [Item]EasyMoney update [1448658]117109 plus [2] s1[NoSocket]s2[NoSocket]
2025-06-14 13:49:07 - [Item]EasyMoney update [1436876]120249 plus [2] s1[NoSocket]s2[NoSocket]
2025-06-14 13:49:07 - [Item]EasyMoney update [1436880]160249 plus [0] s1[NoSocket]s2[NoSocket]
2025-06-14 13:50:41 - [Item]EasyMoney update [1421746]133109 plus [0] s1[NoSocket]s2[NoSocket]
2025-06-14 13:50:41 - [Item]EasyMoney update [1448658]117109 plus [2] s1[NoSocket]s2[NoSocket]
2025-06-14 13:50:41 - [Item]EasyMoney update [1436876]120249 plus [2] s1[NoSocket]s2[NoSocket]
2025-06-14 13:50:41 - [Item]EasyMoney update [1436880]160249 plus [0] s1[NoSocket]s2[NoSocket]
2025-06-14 13:50:52 - [Item]EasyMoney update [1421746]133109 plus [0] s1[NoSocket]s2[NoSocket]
2025-06-14 13:50:52 - [Item]EasyMoney update [1448658]117109 plus [2] s1[NoSocket]s2[NoSocket]
2025-06-14 13:50:52 - [Item]EasyMoney update [1436876]120249 plus [2] s1[NoSocket]s2[NoSocket]
2025-06-14 13:50:52 - [Item]EasyMoney update [1436880]160249 plus [0] s1[NoSocket]s2[NoSocket]
2025-06-14 13:51:32 - [Item]EasyMoney update [1421746]133109 plus [0] s1[NoSocket]s2[NoSocket]
2025-06-14 13:51:32 - [Item]EasyMoney update [1448658]117109 plus [2] s1[NoSocket]s2[NoSocket]
2025-06-14 13:51:32 - [Item]EasyMoney update [1436876]120249 plus [2] s1[NoSocket]s2[NoSocket]
2025-06-14 13:51:32 - [Item]EasyMoney update [1436880]160249 plus [0] s1[NoSocket]s2[NoSocket]
2025-06-14 13:51:35 - [Item]EasyMoney update [1421746]133109 plus [0] s1[NoSocket]s2[NoSocket]
2025-06-14 13:51:35 - [Item]EasyMoney update [1448658]117109 plus [2] s1[NoSocket]s2[NoSocket]
2025-06-14 13:51:35 - [Item]EasyMoney update [1436876]120249 plus [2] s1[NoSocket]s2[NoSocket]
2025-06-14 13:51:35 - [Item]EasyMoney update [1436880]160249 plus [0] s1[NoSocket]s2[NoSocket]
2025-06-14 13:51:43 - [Item]EasyMoney update [1421746]133109 plus [0] s1[NoSocket]s2[NoSocket]
2025-06-14 13:51:43 - [Item]EasyMoney update [1448658]117109 plus [2] s1[NoSocket]s2[NoSocket]
2025-06-14 13:51:43 - [Item]EasyMoney update [1436876]120249 plus [2] s1[NoSocket]s2[NoSocket]
2025-06-14 13:51:43 - [Item]EasyMoney update [1436880]160249 plus [0] s1[NoSocket]s2[NoSocket]
2025-06-14 13:51:45 - [Item]EasyMoney update [1421746]133109 plus [0] s1[NoSocket]s2[NoSocket]
2025-06-14 13:51:45 - [Item]EasyMoney update [1448658]117109 plus [2] s1[NoSocket]s2[NoSocket]
2025-06-14 13:51:45 - [Item]EasyMoney update [1436876]120249 plus [2] s1[NoSocket]s2[NoSocket]
2025-06-14 13:51:45 - [Item]EasyMoney update [1436880]160249 plus [0] s1[NoSocket]s2[NoSocket]
2025-06-14 13:51:46 - [Item]EasyMoney update [1421746]133109 plus [0] s1[NoSocket]s2[NoSocket]
2025-06-14 13:51:46 - [Item]EasyMoney update [1448658]117109 plus [2] s1[NoSocket]s2[NoSocket]
2025-06-14 13:51:46 - [Item]EasyMoney update [1436876]120249 plus [2] s1[NoSocket]s2[NoSocket]
2025-06-14 13:51:46 - [Item]EasyMoney update [1436880]160249 plus [0] s1[NoSocket]s2[NoSocket]
2025-06-14 13:51:48 - [Item]EasyMoney update [1421746]133109 plus [0] s1[NoSocket]s2[NoSocket]
2025-06-14 13:51:48 - [Item]EasyMoney update [1448658]117109 plus [2] s1[NoSocket]s2[NoSocket]
2025-06-14 13:51:48 - [Item]EasyMoney update [1436876]120249 plus [2] s1[NoSocket]s2[NoSocket]
2025-06-14 13:51:48 - [Item]EasyMoney update [1436880]160249 plus [0] s1[NoSocket]s2[NoSocket]
2025-06-14 13:52:09 - [Item]EasyMoney update [1421746]133109 plus [0] s1[NoSocket]s2[NoSocket]
2025-06-14 13:52:09 - [Item]EasyMoney update [1448658]117109 plus [2] s1[NoSocket]s2[NoSocket]
2025-06-14 13:52:09 - [Item]EasyMoney update [1436876]120249 plus [2] s1[NoSocket]s2[NoSocket]
2025-06-14 13:52:09 - [Item]EasyMoney update [1436880]160249 plus [0] s1[NoSocket]s2[NoSocket]
2025-06-14 13:52:11 - [Item]EasyMoney update [1421746]133109 plus [0] s1[NoSocket]s2[NoSocket]
2025-06-14 13:52:11 - [Item]EasyMoney update [1448658]117109 plus [2] s1[NoSocket]s2[NoSocket]
2025-06-14 13:52:11 - [Item]EasyMoney update [1436876]120249 plus [2] s1[NoSocket]s2[NoSocket]
2025-06-14 13:52:11 - [Item]EasyMoney update [1436880]160249 plus [0] s1[NoSocket]s2[NoSocket]
2025-06-14 13:52:14 - [Item]EasyMoney update [1421746]133109 plus [0] s1[NoSocket]s2[NoSocket]
2025-06-14 13:52:14 - [Item]EasyMoney update [1448658]117109 plus [2] s1[NoSocket]s2[NoSocket]
2025-06-14 13:52:14 - [Item]EasyMoney update [1436876]120249 plus [2] s1[NoSocket]s2[NoSocket]
2025-06-14 13:52:14 - [Item]EasyMoney update [1436880]160249 plus [0] s1[NoSocket]s2[NoSocket]
2025-06-14 13:52:17 - [Item]EasyMoney update [1421746]133109 plus [0] s1[NoSocket]s2[NoSocket]
2025-06-14 13:52:17 - [Item]EasyMoney update [1448658]117109 plus [2] s1[NoSocket]s2[NoSocket]
2025-06-14 13:52:17 - [Item]EasyMoney update [1436876]120249 plus [2] s1[NoSocket]s2[NoSocket]
2025-06-14 13:52:17 - [Item]EasyMoney update [1436880]160249 plus [0] s1[NoSocket]s2[NoSocket]
2025-06-14 13:52:42 - [Item]EasyMoney update [1421746]133109 plus [0] s1[NoSocket]s2[NoSocket]
2025-06-14 13:52:42 - [Item]EasyMoney update [1448658]117109 plus [2] s1[NoSocket]s2[NoSocket]
2025-06-14 13:52:42 - [Item]EasyMoney update [1436876]120249 plus [2] s1[NoSocket]s2[NoSocket]
2025-06-14 13:52:42 - [Item]EasyMoney update [1436880]160249 plus [0] s1[NoSocket]s2[NoSocket]
2025-06-14 13:52:57 - [Item]EasyMoney update [1421746]133109 plus [0] s1[NoSocket]s2[NoSocket]
2025-06-14 13:52:57 - [Item]EasyMoney update [1448658]117109 plus [2] s1[NoSocket]s2[NoSocket]
2025-06-14 13:52:57 - [Item]EasyMoney update [1436876]120249 plus [2] s1[NoSocket]s2[NoSocket]
2025-06-14 13:52:57 - [Item]EasyMoney update [1436880]160249 plus [0] s1[NoSocket]s2[NoSocket]
2025-06-14 13:53:28 - [Item]EasyMoney update [1421746]133109 plus [0] s1[NoSocket]s2[NoSocket]
2025-06-14 13:53:28 - [Item]EasyMoney update [1448658]117109 plus [2] s1[NoSocket]s2[NoSocket]
2025-06-14 13:53:28 - [Item]EasyMoney update [1436876]120249 plus [2] s1[NoSocket]s2[NoSocket]
2025-06-14 13:53:28 - [Item]EasyMoney update [1436880]160249 plus [0] s1[NoSocket]s2[NoSocket]
2025-06-14 13:53:30 - [Item]EasyMoney update [1421746]133109 plus [0] s1[NoSocket]s2[NoSocket]
2025-06-14 13:53:30 - [Item]EasyMoney update [1448658]117109 plus [2] s1[NoSocket]s2[NoSocket]
2025-06-14 13:53:30 - [Item]EasyMoney update [1436876]120249 plus [2] s1[NoSocket]s2[NoSocket]
2025-06-14 13:53:30 - [Item]EasyMoney update [1436880]160249 plus [0] s1[NoSocket]s2[NoSocket]
2025-06-14 13:53:39 - [Item]EasyMoney update [1421746]133109 plus [0] s1[NoSocket]s2[NoSocket]
2025-06-14 13:53:39 - [Item]EasyMoney update [1448658]117109 plus [2] s1[NoSocket]s2[NoSocket]
2025-06-14 13:53:39 - [Item]EasyMoney update [1436876]120249 plus [2] s1[NoSocket]s2[NoSocket]
2025-06-14 13:53:39 - [Item]EasyMoney update [1436880]160249 plus [0] s1[NoSocket]s2[NoSocket]
2025-06-14 13:53:41 - [Item]EasyMoney update [1421746]133109 plus [0] s1[NoSocket]s2[NoSocket]
2025-06-14 13:53:41 - [Item]EasyMoney update [1448658]117109 plus [2] s1[NoSocket]s2[NoSocket]
2025-06-14 13:53:41 - [Item]EasyMoney update [1436876]120249 plus [2] s1[NoSocket]s2[NoSocket]
2025-06-14 13:53:41 - [Item]EasyMoney update [1436880]160249 plus [0] s1[NoSocket]s2[NoSocket]
2025-06-14 13:53:44 - [Item]EasyMoney update [1421746]133109 plus [0] s1[NoSocket]s2[NoSocket]
2025-06-14 13:53:44 - [Item]EasyMoney update [1448658]117109 plus [2] s1[NoSocket]s2[NoSocket]
2025-06-14 13:53:44 - [Item]EasyMoney update [1436876]120249 plus [2] s1[NoSocket]s2[NoSocket]
2025-06-14 13:53:44 - [Item]EasyMoney update [1436880]160249 plus [0] s1[NoSocket]s2[NoSocket]
2025-06-14 13:54:09 - [Item]EasyMoney update [1421746]133109 plus [0] s1[NoSocket]s2[NoSocket]
2025-06-14 13:54:09 - [Item]EasyMoney update [1448658]117109 plus [2] s1[NoSocket]s2[NoSocket]
2025-06-14 13:54:09 - [Item]EasyMoney update [1436876]120249 plus [2] s1[NoSocket]s2[NoSocket]
2025-06-14 13:54:09 - [Item]EasyMoney update [1436880]160249 plus [0] s1[NoSocket]s2[NoSocket]
2025-06-14 13:54:25 - [Item]EasyMoney update [1421746]133109 plus [0] s1[NoSocket]s2[NoSocket]
2025-06-14 13:54:25 - [Item]EasyMoney update [1448658]117109 plus [2] s1[NoSocket]s2[NoSocket]
2025-06-14 13:54:25 - [Item]EasyMoney update [1436876]120249 plus [2] s1[NoSocket]s2[NoSocket]
2025-06-14 13:54:25 - [Item]EasyMoney update [1436880]160249 plus [0] s1[NoSocket]s2[NoSocket]
2025-06-14 13:54:45 - [Item]EasyMoney update [1421746]133109 plus [0] s1[NoSocket]s2[NoSocket]
2025-06-14 13:54:45 - [Item]EasyMoney update [1448658]117109 plus [2] s1[NoSocket]s2[NoSocket]
2025-06-14 13:54:45 - [Item]EasyMoney update [1436876]120249 plus [2] s1[NoSocket]s2[NoSocket]
2025-06-14 13:54:45 - [Item]EasyMoney update [1436880]160249 plus [0] s1[NoSocket]s2[NoSocket]
2025-06-14 14:15:53 - [Item]Fire update [1398069]152259 plus [0] s1[NoSocket]s2[NoSocket]
2025-06-14 14:15:53 - [Item]Fire update [1436008]421239 plus [2] s1[NormalPhoenixGem]s2[NoSocket]
2025-06-14 14:16:05 - [Item]Fire update [1476007]1002050 plus [0] s1[NoSocket]s2[NoSocket]
2025-06-14 14:16:08 - [Item]Fire update [1356264]1002040 plus [0] s1[NoSocket]s2[NoSocket]
2025-06-14 14:17:01 - [Item]Fire update [1398069]152259 plus [0] s1[NoSocket]s2[NoSocket]
2025-06-14 14:17:01 - [Item]Fire update [1436008]421239 plus [2] s1[NormalPhoenixGem]s2[NoSocket]
2025-06-14 14:17:07 - [Item]Fire update [1398069]152259 plus [0] s1[NoSocket]s2[NoSocket]
2025-06-14 14:17:07 - [Item]Fire update [1436008]421239 plus [2] s1[NormalPhoenixGem]s2[NoSocket]
2025-06-14 16:51:20 - [Item]EasyMoney update [1421746]133109 plus [0] s1[NoSocket]s2[NoSocket]
2025-06-14 16:51:20 - [Item]EasyMoney update [1448658]117109 plus [2] s1[NoSocket]s2[NoSocket]
2025-06-14 16:51:21 - [Item]EasyMoney update [1436876]120249 plus [2] s1[NoSocket]s2[NoSocket]
2025-06-14 16:51:21 - [Item]EasyMoney update [1436880]160249 plus [0] s1[NoSocket]s2[NoSocket]
2025-06-14 16:51:36 - [Item]EasyMoney update [1421746]133109 plus [0] s1[NoSocket]s2[NoSocket]
2025-06-14 16:51:36 - [Item]EasyMoney update [1448658]117109 plus [2] s1[NoSocket]s2[NoSocket]
2025-06-14 16:51:36 - [Item]EasyMoney update [1436876]120249 plus [2] s1[NoSocket]s2[NoSocket]
2025-06-14 16:51:36 - [Item]EasyMoney update [1436880]160249 plus [0] s1[NoSocket]s2[NoSocket]
2025-06-14 16:52:39 - [Item]EasyMoney update [1421746]133109 plus [0] s1[NoSocket]s2[NoSocket]
2025-06-14 16:52:39 - [Item]EasyMoney update [1448658]117109 plus [2] s1[NoSocket]s2[NoSocket]
2025-06-14 16:52:39 - [Item]EasyMoney update [1436876]120249 plus [2] s1[NoSocket]s2[NoSocket]
2025-06-14 16:52:39 - [Item]EasyMoney update [1436880]160249 plus [0] s1[NoSocket]s2[NoSocket]
2025-06-14 16:52:51 - [Item]EasyMoney update [1421746]133109 plus [0] s1[NoSocket]s2[NoSocket]
2025-06-14 16:52:51 - [Item]EasyMoney update [1448658]117109 plus [2] s1[NoSocket]s2[NoSocket]
2025-06-14 16:52:51 - [Item]EasyMoney update [1436876]120249 plus [2] s1[NoSocket]s2[NoSocket]
2025-06-14 16:52:51 - [Item]EasyMoney update [1436880]160249 plus [0] s1[NoSocket]s2[NoSocket]
2025-06-14 16:52:57 - [Item]EasyMoney update [1421746]133109 plus [0] s1[NoSocket]s2[NoSocket]
2025-06-14 16:52:57 - [Item]EasyMoney update [1448658]117109 plus [2] s1[NoSocket]s2[NoSocket]
2025-06-14 16:52:57 - [Item]EasyMoney update [1436876]120249 plus [2] s1[NoSocket]s2[NoSocket]
2025-06-14 16:52:57 - [Item]EasyMoney update [1436880]160249 plus [0] s1[NoSocket]s2[NoSocket]
2025-06-14 16:53:25 - [Item]Fire update [1476007]1002050 plus [0] s1[NoSocket]s2[NoSocket]
2025-06-14 16:53:26 - [Item]Fire update [1476007]1002050 plus [0] s1[NoSocket]s2[NoSocket]
2025-06-14 16:54:54 - [Item]EasyMoney update [1486962]1002050 plus [0] s1[NoSocket]s2[NoSocket]
2025-06-14 16:55:02 - [Item]EasyMoney update [1435783]150249 plus [2] s1[NoSocket]s2[NoSocket]
2025-06-14 16:55:02 - [Item]EasyMoney update [1356258]500229 plus [3] s1[SuperDragonGem]s2[SuperDragonGem]
2025-06-14 16:55:27 - [Item]EasyMoney update [1421746]133109 plus [0] s1[NoSocket]s2[NoSocket]
2025-06-14 16:55:27 - [Item]EasyMoney update [1448658]117109 plus [2] s1[NoSocket]s2[NoSocket]
2025-06-14 16:55:27 - [Item]EasyMoney update [1436876]120249 plus [2] s1[NoSocket]s2[NoSocket]
2025-06-14 16:55:27 - [Item]EasyMoney update [1436880]160249 plus [0] s1[NoSocket]s2[NoSocket]
2025-06-14 16:56:03 - [Item]EasyMoney update [1421746]133109 plus [0] s1[NoSocket]s2[NoSocket]
2025-06-14 16:56:03 - [Item]EasyMoney update [1448658]117109 plus [2] s1[NoSocket]s2[NoSocket]
2025-06-14 16:56:03 - [Item]EasyMoney update [1436876]120249 plus [2] s1[NoSocket]s2[NoSocket]
2025-06-14 16:56:03 - [Item]EasyMoney update [1436880]160249 plus [0] s1[NoSocket]s2[NoSocket]
2025-06-14 16:56:16 - [Item]EasyMoney update [1421746]133109 plus [0] s1[NoSocket]s2[NoSocket]
2025-06-14 16:56:16 - [Item]EasyMoney update [1448658]117109 plus [2] s1[NoSocket]s2[NoSocket]
2025-06-14 16:56:16 - [Item]EasyMoney update [1436876]120249 plus [2] s1[NoSocket]s2[NoSocket]
2025-06-14 16:56:16 - [Item]EasyMoney update [1436880]160249 plus [0] s1[NoSocket]s2[NoSocket]
2025-06-14 23:56:06 - [Item]EasyMoney update [1486962]1002050 plus [0] s1[NoSocket]s2[NoSocket]
2025-06-14 23:58:46 - [Item]Archer[TEST] update [1486963]1002050 plus [0] s1[NoSocket]s2[NoSocket]
2025-06-14 23:58:47 - [Item]Archer[TEST] update [1486963]1002050 plus [0] s1[NoSocket]s2[NoSocket]
2025-06-14 23:59:29 - [Item]Archer[TEST] update [1356295]150249 plus [12] s1[SuperDragonGem]s2[SuperDragonGem]
2025-06-14 23:59:29 - [Item]Archer[TEST] update [1356258]500229 plus [3] s1[SuperDragonGem]s2[SuperDragonGem]
2025-06-14 23:59:45 - [Item]Archer[TEST] update [1356294]120249 plus [12] s1[SuperDragonGem]s2[SuperDragonGem]
2025-06-14 23:59:45 - [Item]Archer[TEST] update [1356296]160249 plus [12] s1[SuperDragonGem]s2[SuperDragonGem]
2025-06-14 23:59:45 - [Item]Archer[TEST] update [1356298]133109 plus [12] s1[SuperDragonGem]s2[SuperDragonGem]
2025-06-14 23:59:45 - [Item]Archer[TEST] update [1356299]113109 plus [12] s1[SuperDragonGem]s2[SuperDragonGem]
