2025-06-23 09:12:03 - [Item]DSConquer[PM] update [1356480]410279 plus [4] s1[SuperDragonGem]s2[SuperDragonGem]
2025-06-23 09:12:03 - [Item]DSConquer[PM] update [1356435]150019 plus [12] s1[SuperDragonGem]s2[SuperDragonGem]
2025-06-23 09:12:10 - [Item]DSConquer[PM] update [1356480]410279 plus [4] s1[SuperDragonGem]s2[SuperDragonGem]
2025-06-23 09:12:10 - [Item]DSConquer[PM] update [1356435]150019 plus [12] s1[SuperDragonGem]s2[SuperDragonGem]
2025-06-23 09:12:22 - [Item]DSConquer[PM] update [1356480]410279 plus [4] s1[SuperDragonGem]s2[SuperDragonGem]
2025-06-23 09:12:22 - [Item]DSConquer[PM] update [1356435]150019 plus [12] s1[SuperDragonGem]s2[SuperDragonGem]
2025-06-23 09:16:07 - [Item]DSConquer[PM] update [1356482]2100105 plus [0] s1[NoSocket]s2[NoSocket]
2025-06-23 09:16:20 - [Item]DSConquer[PM] update [1356480]410279 plus [4] s1[SuperDragonGem]s2[SuperDragonGem]
2025-06-23 09:16:20 - [Item]DSConquer[PM] update [1356435]150019 plus [12] s1[SuperDragonGem]s2[SuperDragonGem]
2025-06-23 09:17:01 - [Item]DSConquer[PM] update [1356480]410279 plus [4] s1[SuperDragonGem]s2[SuperDragonGem]
2025-06-23 09:17:01 - [Item]DSConquer[PM] update [1356435]150019 plus [12] s1[SuperDragonGem]s2[SuperDragonGem]
2025-06-23 09:17:55 - [Item]DSConquer[PM] update [1356480]410279 plus [4] s1[SuperDragonGem]s2[SuperDragonGem]
2025-06-23 09:17:55 - [Item]DSConquer[PM] update [1356435]150019 plus [12] s1[SuperDragonGem]s2[SuperDragonGem]
2025-06-23 09:18:57 - [Item]DSConquer[PM] update [1356480]410279 plus [4] s1[SuperDragonGem]s2[SuperDragonGem]
2025-06-23 09:18:57 - [Item]DSConquer[PM] update [1356435]150019 plus [12] s1[SuperDragonGem]s2[SuperDragonGem]
2025-06-23 09:19:12 - [Item]DSConquer[PM] update [1356480]410279 plus [4] s1[SuperDragonGem]s2[SuperDragonGem]
2025-06-23 09:19:12 - [Item]DSConquer[PM] update [1356435]150019 plus [12] s1[SuperDragonGem]s2[SuperDragonGem]
2025-06-23 09:19:27 - [Item]DSConquer[PM] update [1356480]410279 plus [4] s1[SuperDragonGem]s2[SuperDragonGem]
2025-06-23 09:19:27 - [Item]DSConquer[PM] update [1356435]150019 plus [12] s1[SuperDragonGem]s2[SuperDragonGem]
2025-06-23 09:23:46 - [Item]DSConquer[PM] update [1356480]410279 plus [4] s1[SuperDragonGem]s2[SuperDragonGem]
2025-06-23 09:23:46 - [Item]DSConquer[PM] update [1356435]150019 plus [12] s1[SuperDragonGem]s2[SuperDragonGem]
2025-06-23 09:23:46 - [Item]DSConquer[PM] update [1356436]160019 plus [12] s1[SuperDragonGem]s2[SuperDragonGem]
2025-06-23 09:23:46 - [Item]DSConquer[PM] update [1356440]130009 plus [12] s1[SuperDragonGem]s2[SuperDragonGem]
2025-06-23 09:23:46 - [Item]DSConquer[PM] update [1356441]118009 plus [12] s1[SuperDragonGem]s2[SuperDragonGem]
2025-06-23 09:23:46 - [Item]DSConquer[PM] update [1356434]120009 plus [12] s1[SuperDragonGem]s2[SuperDragonGem]
2025-06-23 09:24:52 - [Item]DSConquer[PM] update [1356435]150019 plus [12] s1[SuperDragonGem]s2[SuperDragonGem]
2025-06-23 09:30:31 - [Item]DSConquer[PM] update [1356480]410279 plus [4] s1[SuperDragonGem]s2[SuperDragonGem]
2025-06-23 09:30:31 - [Item]DSConquer[PM] update [1356435]150019 plus [12] s1[SuperDragonGem]s2[SuperDragonGem]
2025-06-23 09:32:29 - [Item]DSConquer[PM] update [1356480]410279 plus [4] s1[SuperDragonGem]s2[SuperDragonGem]
2025-06-23 09:32:29 - [Item]DSConquer[PM] update [1356435]150019 plus [12] s1[SuperDragonGem]s2[SuperDragonGem]
2025-06-23 09:36:16 - [Item]DSConquer[PM] update [1356480]410279 plus [4] s1[SuperDragonGem]s2[SuperDragonGem]
2025-06-23 09:36:16 - [Item]DSConquer[PM] update [1356435]150019 plus [12] s1[SuperDragonGem]s2[SuperDragonGem]
2025-06-23 09:38:19 - [Item]DSConquer[PM] update [1356480]410279 plus [4] s1[SuperDragonGem]s2[SuperDragonGem]
2025-06-23 09:38:19 - [Item]DSConquer[PM] update [1356435]150019 plus [12] s1[SuperDragonGem]s2[SuperDragonGem]
2025-06-23 09:38:33 - [Item]DSConquer[PM] update [1356480]410279 plus [4] s1[SuperDragonGem]s2[SuperDragonGem]
2025-06-23 09:38:33 - [Item]DSConquer[PM] update [1356435]150019 plus [12] s1[SuperDragonGem]s2[SuperDragonGem]
2025-06-23 09:41:58 - [Item]DSConquer[PM] update [1356480]410279 plus [4] s1[SuperDragonGem]s2[SuperDragonGem]
2025-06-23 09:41:58 - [Item]DSConquer[PM] update [1356435]150019 plus [12] s1[SuperDragonGem]s2[SuperDragonGem]
2025-06-23 09:43:40 - [Item]DSConquer[PM] update [1356480]410279 plus [4] s1[SuperDragonGem]s2[SuperDragonGem]
2025-06-23 09:43:40 - [Item]DSConquer[PM] update [1356435]150019 plus [12] s1[SuperDragonGem]s2[SuperDragonGem]
2025-06-23 09:43:54 - [Item]DSConquer[PM] update [1356480]410279 plus [4] s1[SuperDragonGem]s2[SuperDragonGem]
2025-06-23 09:43:54 - [Item]DSConquer[PM] update [1356435]150019 plus [12] s1[SuperDragonGem]s2[SuperDragonGem]
2025-06-23 09:44:00 - [Item]DSConquer[PM] update [1356480]410279 plus [4] s1[SuperDragonGem]s2[SuperDragonGem]
2025-06-23 09:44:00 - [Item]DSConquer[PM] update [1356435]150019 plus [12] s1[SuperDragonGem]s2[SuperDragonGem]
2025-06-23 10:31:49 - [Item]DSConquer[PM] update [1356436]160019 plus [12] s1[SuperDragonGem]s2[SuperDragonGem]
2025-06-23 10:31:49 - [Item]DSConquer[PM] update [1356440]130009 plus [12] s1[SuperDragonGem]s2[SuperDragonGem]
2025-06-23 10:31:49 - [Item]DSConquer[PM] update [1356441]118009 plus [12] s1[SuperDragonGem]s2[SuperDragonGem]
2025-06-23 10:31:49 - [Item]DSConquer[PM] update [1356434]120009 plus [12] s1[SuperDragonGem]s2[SuperDragonGem]
2025-06-23 10:32:07 - [Item]EasyMoney update [1421746]133109 plus [0] s1[NoSocket]s2[NoSocket]
2025-06-23 10:32:07 - [Item]EasyMoney update [1448658]117109 plus [2] s1[NoSocket]s2[NoSocket]
2025-06-23 10:32:07 - [Item]EasyMoney update [1436876]120249 plus [2] s1[NoSocket]s2[NoSocket]
2025-06-23 10:32:07 - [Item]EasyMoney update [1436880]160249 plus [0] s1[NoSocket]s2[NoSocket]
2025-06-23 10:32:08 - [Item]DSConquer[PM] update [1356436]160019 plus [12] s1[SuperDragonGem]s2[SuperDragonGem]
2025-06-23 10:32:08 - [Item]DSConquer[PM] update [1356440]130009 plus [12] s1[SuperDragonGem]s2[SuperDragonGem]
2025-06-23 10:32:08 - [Item]DSConquer[PM] update [1356441]118009 plus [12] s1[SuperDragonGem]s2[SuperDragonGem]
2025-06-23 10:32:08 - [Item]DSConquer[PM] update [1356434]120009 plus [12] s1[SuperDragonGem]s2[SuperDragonGem]
2025-06-23 10:32:10 - [Item]EasyMoney update [1421746]133109 plus [0] s1[NoSocket]s2[NoSocket]
2025-06-23 10:32:10 - [Item]EasyMoney update [1448658]117109 plus [2] s1[NoSocket]s2[NoSocket]
2025-06-23 10:32:10 - [Item]EasyMoney update [1436876]120249 plus [2] s1[NoSocket]s2[NoSocket]
2025-06-23 10:32:10 - [Item]EasyMoney update [1436880]160249 plus [0] s1[NoSocket]s2[NoSocket]
2025-06-23 10:32:17 - [Item]EasyMoney update [1421746]133109 plus [0] s1[NoSocket]s2[NoSocket]
2025-06-23 10:32:17 - [Item]EasyMoney update [1448658]117109 plus [2] s1[NoSocket]s2[NoSocket]
2025-06-23 10:32:17 - [Item]EasyMoney update [1436876]120249 plus [2] s1[NoSocket]s2[NoSocket]
2025-06-23 10:32:17 - [Item]EasyMoney update [1436880]160249 plus [0] s1[NoSocket]s2[NoSocket]
2025-06-23 10:32:22 - [Item]DSConquer[PM] update [1356436]160019 plus [12] s1[SuperDragonGem]s2[SuperDragonGem]
2025-06-23 10:32:22 - [Item]DSConquer[PM] update [1356440]130009 plus [12] s1[SuperDragonGem]s2[SuperDragonGem]
2025-06-23 10:32:22 - [Item]DSConquer[PM] update [1356441]118009 plus [12] s1[SuperDragonGem]s2[SuperDragonGem]
2025-06-23 10:32:22 - [Item]DSConquer[PM] update [1356434]120009 plus [12] s1[SuperDragonGem]s2[SuperDragonGem]
2025-06-23 10:32:28 - [Item]EasyMoney update [1421746]133109 plus [0] s1[NoSocket]s2[NoSocket]
2025-06-23 10:32:28 - [Item]EasyMoney update [1448658]117109 plus [2] s1[NoSocket]s2[NoSocket]
2025-06-23 10:32:28 - [Item]EasyMoney update [1436876]120249 plus [2] s1[NoSocket]s2[NoSocket]
2025-06-23 10:32:28 - [Item]EasyMoney update [1436880]160249 plus [0] s1[NoSocket]s2[NoSocket]
2025-06-23 10:32:29 - [Item]EasyMoney update [1421746]133109 plus [0] s1[NoSocket]s2[NoSocket]
2025-06-23 10:32:29 - [Item]EasyMoney update [1448658]117109 plus [2] s1[NoSocket]s2[NoSocket]
2025-06-23 10:32:29 - [Item]EasyMoney update [1436876]120249 plus [2] s1[NoSocket]s2[NoSocket]
2025-06-23 10:32:29 - [Item]EasyMoney update [1436880]160249 plus [0] s1[NoSocket]s2[NoSocket]
2025-06-23 10:32:30 - [Item]EasyMoney update [1421746]133109 plus [0] s1[NoSocket]s2[NoSocket]
2025-06-23 10:32:30 - [Item]EasyMoney update [1448658]117109 plus [2] s1[NoSocket]s2[NoSocket]
2025-06-23 10:32:30 - [Item]EasyMoney update [1436876]120249 plus [2] s1[NoSocket]s2[NoSocket]
2025-06-23 10:32:30 - [Item]EasyMoney update [1436880]160249 plus [0] s1[NoSocket]s2[NoSocket]
2025-06-23 10:32:38 - [Item]DSConquer[PM] update [1356436]160019 plus [12] s1[SuperDragonGem]s2[SuperDragonGem]
2025-06-23 10:32:38 - [Item]DSConquer[PM] update [1356440]130009 plus [12] s1[SuperDragonGem]s2[SuperDragonGem]
2025-06-23 10:32:38 - [Item]DSConquer[PM] update [1356441]118009 plus [12] s1[SuperDragonGem]s2[SuperDragonGem]
2025-06-23 10:32:38 - [Item]DSConquer[PM] update [1356434]120009 plus [12] s1[SuperDragonGem]s2[SuperDragonGem]
2025-06-23 10:32:50 - [Item]EasyMoney update [1421746]133109 plus [0] s1[NoSocket]s2[NoSocket]
2025-06-23 10:32:50 - [Item]EasyMoney update [1448658]117109 plus [2] s1[NoSocket]s2[NoSocket]
2025-06-23 10:32:50 - [Item]EasyMoney update [1436876]120249 plus [2] s1[NoSocket]s2[NoSocket]
2025-06-23 10:32:50 - [Item]EasyMoney update [1436880]160249 plus [0] s1[NoSocket]s2[NoSocket]
2025-06-23 10:32:58 - [Item]EasyMoney update [1421746]133109 plus [0] s1[NoSocket]s2[NoSocket]
2025-06-23 10:32:58 - [Item]EasyMoney update [1448658]117109 plus [2] s1[NoSocket]s2[NoSocket]
2025-06-23 10:32:58 - [Item]EasyMoney update [1436876]120249 plus [2] s1[NoSocket]s2[NoSocket]
2025-06-23 10:32:58 - [Item]EasyMoney update [1436880]160249 plus [0] s1[NoSocket]s2[NoSocket]
2025-06-23 10:33:00 - [Item]DSConquer[PM] update [1356436]160019 plus [12] s1[SuperDragonGem]s2[SuperDragonGem]
2025-06-23 10:33:00 - [Item]DSConquer[PM] update [1356440]130009 plus [12] s1[SuperDragonGem]s2[SuperDragonGem]
2025-06-23 10:33:00 - [Item]DSConquer[PM] update [1356441]118009 plus [12] s1[SuperDragonGem]s2[SuperDragonGem]
2025-06-23 10:33:00 - [Item]DSConquer[PM] update [1356434]120009 plus [12] s1[SuperDragonGem]s2[SuperDragonGem]
2025-06-23 10:33:06 - [Item]EasyMoney update [1421746]133109 plus [0] s1[NoSocket]s2[NoSocket]
2025-06-23 10:33:06 - [Item]EasyMoney update [1448658]117109 plus [2] s1[NoSocket]s2[NoSocket]
2025-06-23 10:33:06 - [Item]EasyMoney update [1436876]120249 plus [2] s1[NoSocket]s2[NoSocket]
2025-06-23 10:33:06 - [Item]EasyMoney update [1436880]160249 plus [0] s1[NoSocket]s2[NoSocket]
2025-06-23 10:33:15 - [Item]EasyMoney update [1421746]133109 plus [0] s1[NoSocket]s2[NoSocket]
2025-06-23 10:33:15 - [Item]EasyMoney update [1448658]117109 plus [2] s1[NoSocket]s2[NoSocket]
2025-06-23 10:33:15 - [Item]EasyMoney update [1436876]120249 plus [2] s1[NoSocket]s2[NoSocket]
2025-06-23 10:33:15 - [Item]EasyMoney update [1436880]160249 plus [0] s1[NoSocket]s2[NoSocket]
2025-06-23 10:34:30 - [Item]EasyMoney update [1421746]133109 plus [0] s1[NoSocket]s2[NoSocket]
2025-06-23 10:34:30 - [Item]EasyMoney update [1448658]117109 plus [2] s1[NoSocket]s2[NoSocket]
2025-06-23 10:34:30 - [Item]EasyMoney update [1436876]120249 plus [2] s1[NoSocket]s2[NoSocket]
2025-06-23 10:34:30 - [Item]EasyMoney update [1436880]160249 plus [0] s1[NoSocket]s2[NoSocket]
2025-06-23 14:06:29 - [Item]Paris update [1564763]500129 plus [0] s1[SuperDragonGem]s2[SuperDragonGem]
2025-06-23 14:06:29 - [Item]Paris update [1558595]150139 plus [0] s1[NoSocket]s2[NoSocket]
2025-06-23 14:21:26 - [Item]Paris update [1564763]500129 plus [0] s1[SuperDragonGem]s2[SuperDragonGem]
2025-06-23 14:21:26 - [Item]Paris update [1558595]150139 plus [0] s1[NoSocket]s2[NoSocket]
2025-06-23 14:22:08 - [Item]Paris update [1564763]500129 plus [0] s1[SuperDragonGem]s2[SuperDragonGem]
2025-06-23 14:22:08 - [Item]Paris update [1558595]150139 plus [0] s1[NoSocket]s2[NoSocket]
2025-06-23 14:42:50 - [Item]Paris update [1565097]133003 plus [0] s1[NoSocket]s2[NoSocket]
2025-06-23 14:42:50 - [Item]Paris update [1564763]500019 plus [0] s1[SuperDragonGem]s2[SuperDragonGem]
2025-06-23 14:42:50 - [Item]Paris update [1558595]150019 plus [0] s1[NoSocket]s2[NoSocket]
2025-06-23 14:42:50 - [Item]Paris update [1559160]160017 plus [0] s1[NoSocket]s2[NoSocket]
2025-06-23 14:42:50 - [Item]Paris update [1398799]113008 plus [0] s1[NoSocket]s2[NoSocket]
2025-06-23 14:42:50 - [Item]Paris update [1565181]1050002 plus [0] s1[NoSocket]s2[NoSocket]
2025-06-23 14:42:50 - [Item]Paris update [1565093]120005 plus [0] s1[NoSocket]s2[NoSocket]
2025-06-23 14:44:16 - [Item]DSConquer[PM] update [1356436]160019 plus [12] s1[SuperDragonGem]s2[SuperDragonGem]
2025-06-23 14:44:16 - [Item]DSConquer[PM] update [1356440]130009 plus [12] s1[SuperDragonGem]s2[SuperDragonGem]
2025-06-23 14:44:16 - [Item]DSConquer[PM] update [1356441]118009 plus [12] s1[SuperDragonGem]s2[SuperDragonGem]
2025-06-23 14:44:16 - [Item]DSConquer[PM] update [1356480]410029 plus [4] s1[SuperDragonGem]s2[SuperDragonGem]
2025-06-23 14:44:16 - [Item]DSConquer[PM] update [1410616]160019 plus [12] s1[SuperDragonGem]s2[SuperDragonGem]
2025-06-23 14:44:16 - [Item]DSConquer[PM] update [1435354]120009 plus [12] s1[SuperDragonGem]s2[SuperDragonGem]
2025-06-23 14:44:16 - [Item]DSConquer[PM] update [1435355]150019 plus [12] s1[SuperDragonGem]s2[SuperDragonGem]
2025-06-23 14:44:16 - [Item]DSConquer[PM] update [1435357]500019 plus [12] s1[SuperDragonGem]s2[SuperDragonGem]
2025-06-23 14:44:16 - [Item]DSConquer[PM] update [1356434]120009 plus [12] s1[SuperDragonGem]s2[SuperDragonGem]
2025-06-23 14:44:16 - [Item]DSConquer[PM] update [1356435]150019 plus [12] s1[SuperDragonGem]s2[SuperDragonGem]
2025-06-23 14:49:13 - [Item]Paris update [1564763]500019 plus [0] s1[SuperDragonGem]s2[SuperDragonGem]
2025-06-23 14:49:13 - [Item]Paris update [1558595]150019 plus [0] s1[NoSocket]s2[NoSocket]
2025-06-23 16:59:42 - [Item]DSConquer[PM] update [1356543]722723 plus [0] s1[NoSocket]s2[NoSocket]
2025-06-23 16:59:48 - [Item]DSConquer[PM] update [1356543]722723 plus [0] s1[NoSocket]s2[NoSocket]
2025-06-23 16:59:55 - [Item]DSConquer[PM] update [1356546]722723 plus [0] s1[NoSocket]s2[NoSocket]
2025-06-23 17:00:05 - [Item]DSConquer[PM] update [1356546]722723 plus [0] s1[NoSocket]s2[NoSocket]
2025-06-23 17:00:11 - [Item]DSConquer[PM] update [1356546]722723 plus [0] s1[NoSocket]s2[NoSocket]
2025-06-23 17:01:36 - [Item]DSConquer[PM] update [1356559]722724 plus [0] s1[NoSocket]s2[NoSocket]
2025-06-23 17:01:37 - [Item]DSConquer[PM] update [1356554]722724 plus [0] s1[NoSocket]s2[NoSocket]
2025-06-23 17:01:38 - [Item]DSConquer[PM] update [1356554]722724 plus [0] s1[NoSocket]s2[NoSocket]
2025-06-23 17:01:38 - [Item]DSConquer[PM] update [1356554]722724 plus [0] s1[NoSocket]s2[NoSocket]
2025-06-23 17:01:39 - [Item]DSConquer[PM] update [1356554]722724 plus [0] s1[NoSocket]s2[NoSocket]
2025-06-23 17:01:40 - [Item]DSConquer[PM] update [1356554]722724 plus [0] s1[NoSocket]s2[NoSocket]
2025-06-23 17:01:40 - [Item]DSConquer[PM] update [1356554]722724 plus [0] s1[NoSocket]s2[NoSocket]
2025-06-23 17:01:42 - [Item]DSConquer[PM] update [1356554]722724 plus [0] s1[NoSocket]s2[NoSocket]
2025-06-23 17:01:42 - [Item]DSConquer[PM] update [1356553]722724 plus [0] s1[NoSocket]s2[NoSocket]
2025-06-23 17:02:01 - [Item]DSConquer[PM] update [1356564]722725 plus [0] s1[NoSocket]s2[NoSocket]
2025-06-23 17:02:02 - [Item]DSConquer[PM] update [1356561]722725 plus [0] s1[NoSocket]s2[NoSocket]
2025-06-23 17:02:02 - [Item]DSConquer[PM] update [1356562]722725 plus [0] s1[NoSocket]s2[NoSocket]
2025-06-23 17:02:03 - [Item]DSConquer[PM] update [1356562]722725 plus [0] s1[NoSocket]s2[NoSocket]
2025-06-23 17:02:27 - [Item]DSConquer[PM] update [1356546]722723 plus [0] s1[NoSocket]s2[NoSocket]
2025-06-23 17:02:27 - [Item]DSConquer[PM] update [1356562]722725 plus [0] s1[NoSocket]s2[NoSocket]
2025-06-23 17:02:27 - [Item]DSConquer[PM] update [1356553]722724 plus [0] s1[NoSocket]s2[NoSocket]
2025-06-23 17:05:29 - [Item]DSConquer[PM] update [1356546]722723 plus [0] s1[NoSocket]s2[NoSocket]
2025-06-23 17:05:29 - [Item]DSConquer[PM] update [1356562]722725 plus [0] s1[NoSocket]s2[NoSocket]
2025-06-23 17:05:29 - [Item]DSConquer[PM] update [1356553]722724 plus [0] s1[NoSocket]s2[NoSocket]
2025-06-23 17:06:07 - [Item]DSConquer[PM] update [1356546]722723 plus [0] s1[NoSocket]s2[NoSocket]
2025-06-23 17:06:07 - [Item]DSConquer[PM] update [1356562]722725 plus [0] s1[NoSocket]s2[NoSocket]
2025-06-23 17:06:07 - [Item]DSConquer[PM] update [1356553]722724 plus [0] s1[NoSocket]s2[NoSocket]
2025-06-23 17:06:46 - [Item]DSConquer[PM] update [1356546]722723 plus [0] s1[NoSocket]s2[NoSocket]
2025-06-23 17:06:46 - [Item]DSConquer[PM] update [1356562]722725 plus [0] s1[NoSocket]s2[NoSocket]
2025-06-23 17:06:46 - [Item]DSConquer[PM] update [1356553]722724 plus [0] s1[NoSocket]s2[NoSocket]
2025-06-23 17:06:47 - [Item]DSConquer[PM] update [1547444]120249 plus [12] s1[SuperDragonGem]s2[SuperDragonGem]
2025-06-23 17:06:47 - [Item]DSConquer[PM] update [1547446]160249 plus [12] s1[SuperDragonGem]s2[SuperDragonGem]
2025-06-23 17:06:47 - [Item]DSConquer[PM] update [1547450]130109 plus [12] s1[SuperDragonGem]s2[SuperDragonGem]
2025-06-23 17:06:47 - [Item]DSConquer[PM] update [1547451]118109 plus [12] s1[SuperDragonGem]s2[SuperDragonGem]
2025-06-23 17:07:33 - [Item]DSConquer[PM] update [1356546]722723 plus [0] s1[NoSocket]s2[NoSocket]
2025-06-23 17:07:33 - [Item]DSConquer[PM] update [1356553]722724 plus [0] s1[NoSocket]s2[NoSocket]
